2025-05-01 15:00:42,025 - arxml_tool - ERROR - Error initializing packages: Invalid role name: SystemDesign
2025-05-01 15:00:42,025 - arxml_tool - INFO - Loading ARXML file for editing: /home/adarsh/autosar_arxml-parser_editor/tests/../examples/sample.arxml
2025-05-01 15:00:42,025 - arxml_tool - INFO - Loading ARXML file for editing: /home/adarsh/autosar_arxml-parser_editor/tests/../examples/sample.arxml
2025-05-01 15:00:42,026 - arxml_tool - INFO - Loading ARXML file: /home/adarsh/autosar_arxml-parser_editor/tests/../examples/sample.arxml
2025-05-01 15:00:42,026 - arxml_tool - INFO - Loading ARXML file: /home/adarsh/autosar_arxml-parser_editor/tests/../examples/sample.arxml
2025-05-01 15:00:42,234 - arxml_tool - WARNING - Failed to download schema: HTTP 404
2025-05-01 15:00:42,234 - arxml_tool - WARNING - Failed to download schema: HTTP 404
2025-05-01 15:00:42,236 - arxml_tool - WARNING - Could not load schema, skipping validation
2025-05-01 15:00:42,236 - arxml_tool - WARNING - Could not load schema, skipping validation
2025-05-01 15:00:42,239 - arxml_tool - INFO - Successfully loaded ARXML file
2025-05-01 15:00:42,239 - arxml_tool - INFO - Successfully loaded ARXML file
2025-05-01 15:00:42,242 - arxml_tool - INFO - Added software component: TestReloadComponent
2025-05-01 15:00:42,242 - arxml_tool - INFO - Added software component: TestReloadComponent
2025-05-01 15:00:42,245 - arxml_tool - INFO - Added software component: TestReloadComponent
2025-05-01 15:00:42,245 - arxml_tool - INFO - Added software component: TestReloadComponent
2025-05-01 15:00:42,248 - arxml_tool - INFO - Created backup: /tmp/.arxml_backups/tmp79rr6yrr.arxml.20250501_150042.bak
2025-05-01 15:00:42,248 - arxml_tool - INFO - Created backup: /tmp/.arxml_backups/tmp79rr6yrr.arxml.20250501_150042.bak
2025-05-01 15:00:42,250 - arxml_tool - INFO - Saved ARXML file to: /tmp/tmp79rr6yrr.arxml
2025-05-01 15:00:42,250 - arxml_tool - INFO - Saved ARXML file to: /tmp/tmp79rr6yrr.arxml
2025-05-01 15:00:42,252 - arxml_tool - ERROR - Error initializing packages: Invalid role name: SystemDesign
2025-05-01 15:00:42,252 - arxml_tool - ERROR - Error initializing packages: Invalid role name: SystemDesign
2025-05-01 15:00:42,252 - arxml_tool - ERROR - Error initializing packages: Invalid role name: SystemDesign
2025-05-01 15:00:42,253 - arxml_tool - INFO - Loading ARXML file for editing: /tmp/tmp79rr6yrr.arxml
2025-05-01 15:00:42,253 - arxml_tool - INFO - Loading ARXML file for editing: /tmp/tmp79rr6yrr.arxml
2025-05-01 15:00:42,253 - arxml_tool - INFO - Loading ARXML file for editing: /tmp/tmp79rr6yrr.arxml
2025-05-01 15:00:42,253 - arxml_tool - INFO - Loading ARXML file for editing: /tmp/tmp79rr6yrr.arxml
2025-05-01 15:00:42,254 - arxml_tool - INFO - Loading ARXML file: /tmp/tmp79rr6yrr.arxml
2025-05-01 15:00:42,254 - arxml_tool - INFO - Loading ARXML file: /tmp/tmp79rr6yrr.arxml
2025-05-01 15:00:42,254 - arxml_tool - INFO - Loading ARXML file: /tmp/tmp79rr6yrr.arxml
2025-05-01 15:00:42,254 - arxml_tool - INFO - Loading ARXML file: /tmp/tmp79rr6yrr.arxml
2025-05-01 15:00:42,473 - arxml_tool - WARNING - Failed to download schema: HTTP 404
2025-05-01 15:00:42,473 - arxml_tool - WARNING - Failed to download schema: HTTP 404
2025-05-01 15:00:42,473 - arxml_tool - WARNING - Failed to download schema: HTTP 404
2025-05-01 15:00:42,473 - arxml_tool - WARNING - Failed to download schema: HTTP 404
2025-05-01 15:00:42,477 - arxml_tool - WARNING - Could not load schema, skipping validation
2025-05-01 15:00:42,477 - arxml_tool - WARNING - Could not load schema, skipping validation
2025-05-01 15:00:42,477 - arxml_tool - WARNING - Could not load schema, skipping validation
2025-05-01 15:00:42,477 - arxml_tool - WARNING - Could not load schema, skipping validation
2025-05-01 15:00:42,480 - arxml_tool - INFO - Successfully loaded ARXML file
2025-05-01 15:00:42,480 - arxml_tool - INFO - Successfully loaded ARXML file
2025-05-01 15:00:42,480 - arxml_tool - INFO - Successfully loaded ARXML file
2025-05-01 15:00:42,480 - arxml_tool - INFO - Successfully loaded ARXML file
2025-05-01 15:00:42,486 - arxml_tool - ERROR - Error initializing packages: Invalid role name: SystemDesign
2025-05-01 15:00:42,486 - arxml_tool - ERROR - Error initializing packages: Invalid role name: SystemDesign
2025-05-01 15:00:42,486 - arxml_tool - ERROR - Error initializing packages: Invalid role name: SystemDesign
2025-05-01 15:00:42,486 - arxml_tool - ERROR - Error initializing packages: Invalid role name: SystemDesign
2025-05-01 15:00:42,486 - arxml_tool - ERROR - Error initializing packages: Invalid role name: SystemDesign
2025-05-01 15:00:42,490 - arxml_tool - INFO - Loading ARXML file for editing: /home/adarsh/autosar_arxml-parser_editor/tests/../examples/sample.arxml
2025-05-01 15:00:42,490 - arxml_tool - INFO - Loading ARXML file for editing: /home/adarsh/autosar_arxml-parser_editor/tests/../examples/sample.arxml
2025-05-01 15:00:42,490 - arxml_tool - INFO - Loading ARXML file for editing: /home/adarsh/autosar_arxml-parser_editor/tests/../examples/sample.arxml
2025-05-01 15:00:42,490 - arxml_tool - INFO - Loading ARXML file for editing: /home/adarsh/autosar_arxml-parser_editor/tests/../examples/sample.arxml
2025-05-01 15:00:42,490 - arxml_tool - INFO - Loading ARXML file for editing: /home/adarsh/autosar_arxml-parser_editor/tests/../examples/sample.arxml
2025-05-01 15:00:42,490 - arxml_tool - INFO - Loading ARXML file for editing: /home/adarsh/autosar_arxml-parser_editor/tests/../examples/sample.arxml
2025-05-01 15:00:42,493 - arxml_tool - INFO - Loading ARXML file: /home/adarsh/autosar_arxml-parser_editor/tests/../examples/sample.arxml
2025-05-01 15:00:42,493 - arxml_tool - INFO - Loading ARXML file: /home/adarsh/autosar_arxml-parser_editor/tests/../examples/sample.arxml
2025-05-01 15:00:42,493 - arxml_tool - INFO - Loading ARXML file: /home/adarsh/autosar_arxml-parser_editor/tests/../examples/sample.arxml
2025-05-01 15:00:42,493 - arxml_tool - INFO - Loading ARXML file: /home/adarsh/autosar_arxml-parser_editor/tests/../examples/sample.arxml
2025-05-01 15:00:42,493 - arxml_tool - INFO - Loading ARXML file: /home/adarsh/autosar_arxml-parser_editor/tests/../examples/sample.arxml
2025-05-01 15:00:42,493 - arxml_tool - INFO - Loading ARXML file: /home/adarsh/autosar_arxml-parser_editor/tests/../examples/sample.arxml
2025-05-01 15:00:42,702 - arxml_tool - WARNING - Failed to download schema: HTTP 404
2025-05-01 15:00:42,702 - arxml_tool - WARNING - Failed to download schema: HTTP 404
2025-05-01 15:00:42,702 - arxml_tool - WARNING - Failed to download schema: HTTP 404
2025-05-01 15:00:42,702 - arxml_tool - WARNING - Failed to download schema: HTTP 404
2025-05-01 15:00:42,702 - arxml_tool - WARNING - Failed to download schema: HTTP 404
2025-05-01 15:00:42,702 - arxml_tool - WARNING - Failed to download schema: HTTP 404
2025-05-01 15:00:42,706 - arxml_tool - WARNING - Could not load schema, skipping validation
2025-05-01 15:00:42,706 - arxml_tool - WARNING - Could not load schema, skipping validation
2025-05-01 15:00:42,706 - arxml_tool - WARNING - Could not load schema, skipping validation
2025-05-01 15:00:42,706 - arxml_tool - WARNING - Could not load schema, skipping validation
2025-05-01 15:00:42,706 - arxml_tool - WARNING - Could not load schema, skipping validation
2025-05-01 15:00:42,706 - arxml_tool - WARNING - Could not load schema, skipping validation
2025-05-01 15:00:42,708 - arxml_tool - INFO - Successfully loaded ARXML file
2025-05-01 15:00:42,708 - arxml_tool - INFO - Successfully loaded ARXML file
2025-05-01 15:00:42,708 - arxml_tool - INFO - Successfully loaded ARXML file
2025-05-01 15:00:42,708 - arxml_tool - INFO - Successfully loaded ARXML file
2025-05-01 15:00:42,708 - arxml_tool - INFO - Successfully loaded ARXML file
2025-05-01 15:00:42,708 - arxml_tool - INFO - Successfully loaded ARXML file
2025-05-01 15:00:42,711 - arxml_tool - INFO - Created backup: /tmp/.arxml_backups/tmp3rsuoq9c.arxml.20250501_150042.bak
2025-05-01 15:00:42,711 - arxml_tool - INFO - Created backup: /tmp/.arxml_backups/tmp3rsuoq9c.arxml.20250501_150042.bak
2025-05-01 15:00:42,711 - arxml_tool - INFO - Created backup: /tmp/.arxml_backups/tmp3rsuoq9c.arxml.20250501_150042.bak
2025-05-01 15:00:42,711 - arxml_tool - INFO - Created backup: /tmp/.arxml_backups/tmp3rsuoq9c.arxml.20250501_150042.bak
2025-05-01 15:00:42,711 - arxml_tool - INFO - Created backup: /tmp/.arxml_backups/tmp3rsuoq9c.arxml.20250501_150042.bak
2025-05-01 15:00:42,711 - arxml_tool - INFO - Created backup: /tmp/.arxml_backups/tmp3rsuoq9c.arxml.20250501_150042.bak
2025-05-01 15:00:42,713 - arxml_tool - INFO - Saved ARXML file to: /tmp/tmp3rsuoq9c.arxml
2025-05-01 15:00:42,713 - arxml_tool - INFO - Saved ARXML file to: /tmp/tmp3rsuoq9c.arxml
2025-05-01 15:00:42,713 - arxml_tool - INFO - Saved ARXML file to: /tmp/tmp3rsuoq9c.arxml
2025-05-01 15:00:42,713 - arxml_tool - INFO - Saved ARXML file to: /tmp/tmp3rsuoq9c.arxml
2025-05-01 15:00:42,713 - arxml_tool - INFO - Saved ARXML file to: /tmp/tmp3rsuoq9c.arxml
2025-05-01 15:00:42,713 - arxml_tool - INFO - Saved ARXML file to: /tmp/tmp3rsuoq9c.arxml
2025-05-01 15:00:42,715 - arxml_tool - ERROR - Error initializing packages: Invalid role name: SystemDesign
2025-05-01 15:00:42,715 - arxml_tool - ERROR - Error initializing packages: Invalid role name: SystemDesign
2025-05-01 15:00:42,715 - arxml_tool - ERROR - Error initializing packages: Invalid role name: SystemDesign
2025-05-01 15:00:42,715 - arxml_tool - ERROR - Error initializing packages: Invalid role name: SystemDesign
2025-05-01 15:00:42,715 - arxml_tool - ERROR - Error initializing packages: Invalid role name: SystemDesign
2025-05-01 15:00:42,715 - arxml_tool - ERROR - Error initializing packages: Invalid role name: SystemDesign
2025-05-01 15:00:42,715 - arxml_tool - ERROR - Error initializing packages: Invalid role name: SystemDesign
2025-05-01 15:00:42,717 - arxml_tool - INFO - Loading ARXML file: /home/adarsh/autosar_arxml-parser_editor/tests/../examples/sample.arxml
2025-05-01 15:00:42,717 - arxml_tool - INFO - Loading ARXML file: /home/adarsh/autosar_arxml-parser_editor/tests/../examples/sample.arxml
2025-05-01 15:00:42,717 - arxml_tool - INFO - Loading ARXML file: /home/adarsh/autosar_arxml-parser_editor/tests/../examples/sample.arxml
2025-05-01 15:00:42,717 - arxml_tool - INFO - Loading ARXML file: /home/adarsh/autosar_arxml-parser_editor/tests/../examples/sample.arxml
2025-05-01 15:00:42,717 - arxml_tool - INFO - Loading ARXML file: /home/adarsh/autosar_arxml-parser_editor/tests/../examples/sample.arxml
2025-05-01 15:00:42,717 - arxml_tool - INFO - Loading ARXML file: /home/adarsh/autosar_arxml-parser_editor/tests/../examples/sample.arxml
2025-05-01 15:00:42,717 - arxml_tool - INFO - Loading ARXML file: /home/adarsh/autosar_arxml-parser_editor/tests/../examples/sample.arxml
2025-05-01 15:00:42,915 - arxml_tool - WARNING - Failed to download schema: HTTP 404
2025-05-01 15:00:42,915 - arxml_tool - WARNING - Failed to download schema: HTTP 404
2025-05-01 15:00:42,915 - arxml_tool - WARNING - Failed to download schema: HTTP 404
2025-05-01 15:00:42,915 - arxml_tool - WARNING - Failed to download schema: HTTP 404
2025-05-01 15:00:42,915 - arxml_tool - WARNING - Failed to download schema: HTTP 404
2025-05-01 15:00:42,915 - arxml_tool - WARNING - Failed to download schema: HTTP 404
2025-05-01 15:00:42,915 - arxml_tool - WARNING - Failed to download schema: HTTP 404
2025-05-01 15:00:42,920 - arxml_tool - WARNING - Could not load schema, skipping validation
2025-05-01 15:00:42,920 - arxml_tool - WARNING - Could not load schema, skipping validation
2025-05-01 15:00:42,920 - arxml_tool - WARNING - Could not load schema, skipping validation
2025-05-01 15:00:42,920 - arxml_tool - WARNING - Could not load schema, skipping validation
2025-05-01 15:00:42,920 - arxml_tool - WARNING - Could not load schema, skipping validation
2025-05-01 15:00:42,920 - arxml_tool - WARNING - Could not load schema, skipping validation
2025-05-01 15:00:42,920 - arxml_tool - WARNING - Could not load schema, skipping validation
2025-05-01 15:00:42,925 - arxml_tool - INFO - Successfully loaded ARXML file
2025-05-01 15:00:42,925 - arxml_tool - INFO - Successfully loaded ARXML file
2025-05-01 15:00:42,925 - arxml_tool - INFO - Successfully loaded ARXML file
2025-05-01 15:00:42,925 - arxml_tool - INFO - Successfully loaded ARXML file
2025-05-01 15:00:42,925 - arxml_tool - INFO - Successfully loaded ARXML file
2025-05-01 15:00:42,925 - arxml_tool - INFO - Successfully loaded ARXML file
2025-05-01 15:00:42,925 - arxml_tool - INFO - Successfully loaded ARXML file
2025-05-01 15:00:42,931 - arxml_tool - ERROR - Error initializing packages: Invalid role name: SystemDesign
2025-05-01 15:00:42,931 - arxml_tool - ERROR - Error initializing packages: Invalid role name: SystemDesign
2025-05-01 15:00:42,931 - arxml_tool - ERROR - Error initializing packages: Invalid role name: SystemDesign
2025-05-01 15:00:42,931 - arxml_tool - ERROR - Error initializing packages: Invalid role name: SystemDesign
2025-05-01 15:00:42,931 - arxml_tool - ERROR - Error initializing packages: Invalid role name: SystemDesign
2025-05-01 15:00:42,931 - arxml_tool - ERROR - Error initializing packages: Invalid role name: SystemDesign
2025-05-01 15:00:42,931 - arxml_tool - ERROR - Error initializing packages: Invalid role name: SystemDesign
2025-05-01 15:00:42,931 - arxml_tool - ERROR - Error initializing packages: Invalid role name: SystemDesign
2025-05-01 15:00:42,935 - arxml_tool - INFO - Loading ARXML file: /home/adarsh/autosar_arxml-parser_editor/tests/../examples/sample.arxml
2025-05-01 15:00:42,935 - arxml_tool - INFO - Loading ARXML file: /home/adarsh/autosar_arxml-parser_editor/tests/../examples/sample.arxml
2025-05-01 15:00:42,935 - arxml_tool - INFO - Loading ARXML file: /home/adarsh/autosar_arxml-parser_editor/tests/../examples/sample.arxml
2025-05-01 15:00:42,935 - arxml_tool - INFO - Loading ARXML file: /home/adarsh/autosar_arxml-parser_editor/tests/../examples/sample.arxml
2025-05-01 15:00:42,935 - arxml_tool - INFO - Loading ARXML file: /home/adarsh/autosar_arxml-parser_editor/tests/../examples/sample.arxml
2025-05-01 15:00:42,935 - arxml_tool - INFO - Loading ARXML file: /home/adarsh/autosar_arxml-parser_editor/tests/../examples/sample.arxml
2025-05-01 15:00:42,935 - arxml_tool - INFO - Loading ARXML file: /home/adarsh/autosar_arxml-parser_editor/tests/../examples/sample.arxml
2025-05-01 15:00:42,935 - arxml_tool - INFO - Loading ARXML file: /home/adarsh/autosar_arxml-parser_editor/tests/../examples/sample.arxml
2025-05-01 15:00:43,126 - arxml_tool - WARNING - Failed to download schema: HTTP 404
2025-05-01 15:00:43,126 - arxml_tool - WARNING - Failed to download schema: HTTP 404
2025-05-01 15:00:43,126 - arxml_tool - WARNING - Failed to download schema: HTTP 404
2025-05-01 15:00:43,126 - arxml_tool - WARNING - Failed to download schema: HTTP 404
2025-05-01 15:00:43,126 - arxml_tool - WARNING - Failed to download schema: HTTP 404
2025-05-01 15:00:43,126 - arxml_tool - WARNING - Failed to download schema: HTTP 404
2025-05-01 15:00:43,126 - arxml_tool - WARNING - Failed to download schema: HTTP 404
2025-05-01 15:00:43,126 - arxml_tool - WARNING - Failed to download schema: HTTP 404
2025-05-01 15:00:43,128 - arxml_tool - WARNING - Could not load schema, skipping validation
2025-05-01 15:00:43,128 - arxml_tool - WARNING - Could not load schema, skipping validation
2025-05-01 15:00:43,128 - arxml_tool - WARNING - Could not load schema, skipping validation
2025-05-01 15:00:43,128 - arxml_tool - WARNING - Could not load schema, skipping validation
2025-05-01 15:00:43,128 - arxml_tool - WARNING - Could not load schema, skipping validation
2025-05-01 15:00:43,128 - arxml_tool - WARNING - Could not load schema, skipping validation
2025-05-01 15:00:43,128 - arxml_tool - WARNING - Could not load schema, skipping validation
2025-05-01 15:00:43,128 - arxml_tool - WARNING - Could not load schema, skipping validation
2025-05-01 15:00:43,130 - arxml_tool - INFO - Successfully loaded ARXML file
2025-05-01 15:00:43,130 - arxml_tool - INFO - Successfully loaded ARXML file
2025-05-01 15:00:43,130 - arxml_tool - INFO - Successfully loaded ARXML file
2025-05-01 15:00:43,130 - arxml_tool - INFO - Successfully loaded ARXML file
2025-05-01 15:00:43,130 - arxml_tool - INFO - Successfully loaded ARXML file
2025-05-01 15:00:43,130 - arxml_tool - INFO - Successfully loaded ARXML file
2025-05-01 15:00:43,130 - arxml_tool - INFO - Successfully loaded ARXML file
2025-05-01 15:00:43,130 - arxml_tool - INFO - Successfully loaded ARXML file
2025-05-01 15:00:43,131 - arxml_tool - ERROR - Error initializing packages: Invalid role name: SystemDesign
2025-05-01 15:00:43,131 - arxml_tool - ERROR - Error initializing packages: Invalid role name: SystemDesign
2025-05-01 15:00:43,131 - arxml_tool - ERROR - Error initializing packages: Invalid role name: SystemDesign
2025-05-01 15:00:43,131 - arxml_tool - ERROR - Error initializing packages: Invalid role name: SystemDesign
2025-05-01 15:00:43,131 - arxml_tool - ERROR - Error initializing packages: Invalid role name: SystemDesign
2025-05-01 15:00:43,131 - arxml_tool - ERROR - Error initializing packages: Invalid role name: SystemDesign
2025-05-01 15:00:43,131 - arxml_tool - ERROR - Error initializing packages: Invalid role name: SystemDesign
2025-05-01 15:00:43,131 - arxml_tool - ERROR - Error initializing packages: Invalid role name: SystemDesign
2025-05-01 15:00:43,133 - arxml_tool - ERROR - ARXML file not found: non_existent_file.arxml
2025-05-01 15:00:43,133 - arxml_tool - ERROR - ARXML file not found: non_existent_file.arxml
2025-05-01 15:00:43,133 - arxml_tool - ERROR - ARXML file not found: non_existent_file.arxml
2025-05-01 15:00:43,133 - arxml_tool - ERROR - ARXML file not found: non_existent_file.arxml
2025-05-01 15:00:43,133 - arxml_tool - ERROR - ARXML file not found: non_existent_file.arxml
2025-05-01 15:00:43,133 - arxml_tool - ERROR - ARXML file not found: non_existent_file.arxml
2025-05-01 15:00:43,133 - arxml_tool - ERROR - ARXML file not found: non_existent_file.arxml
2025-05-01 15:00:43,133 - arxml_tool - ERROR - ARXML file not found: non_existent_file.arxml
2025-05-01 15:00:43,135 - arxml_tool - ERROR - Error initializing packages: Invalid role name: SystemDesign
2025-05-01 15:00:43,135 - arxml_tool - ERROR - Error initializing packages: Invalid role name: SystemDesign
2025-05-01 15:00:43,135 - arxml_tool - ERROR - Error initializing packages: Invalid role name: SystemDesign
2025-05-01 15:00:43,135 - arxml_tool - ERROR - Error initializing packages: Invalid role name: SystemDesign
2025-05-01 15:00:43,135 - arxml_tool - ERROR - Error initializing packages: Invalid role name: SystemDesign
2025-05-01 15:00:43,135 - arxml_tool - ERROR - Error initializing packages: Invalid role name: SystemDesign
2025-05-01 15:00:43,135 - arxml_tool - ERROR - Error initializing packages: Invalid role name: SystemDesign
2025-05-01 15:00:43,135 - arxml_tool - ERROR - Error initializing packages: Invalid role name: SystemDesign
2025-05-01 15:00:43,135 - arxml_tool - INFO - Loading ARXML file: /home/adarsh/autosar_arxml-parser_editor/tests/../examples/sample.arxml
2025-05-01 15:00:43,135 - arxml_tool - INFO - Loading ARXML file: /home/adarsh/autosar_arxml-parser_editor/tests/../examples/sample.arxml
2025-05-01 15:00:43,135 - arxml_tool - INFO - Loading ARXML file: /home/adarsh/autosar_arxml-parser_editor/tests/../examples/sample.arxml
2025-05-01 15:00:43,135 - arxml_tool - INFO - Loading ARXML file: /home/adarsh/autosar_arxml-parser_editor/tests/../examples/sample.arxml
2025-05-01 15:00:43,135 - arxml_tool - INFO - Loading ARXML file: /home/adarsh/autosar_arxml-parser_editor/tests/../examples/sample.arxml
2025-05-01 15:00:43,135 - arxml_tool - INFO - Loading ARXML file: /home/adarsh/autosar_arxml-parser_editor/tests/../examples/sample.arxml
2025-05-01 15:00:43,135 - arxml_tool - INFO - Loading ARXML file: /home/adarsh/autosar_arxml-parser_editor/tests/../examples/sample.arxml
2025-05-01 15:00:43,135 - arxml_tool - INFO - Loading ARXML file: /home/adarsh/autosar_arxml-parser_editor/tests/../examples/sample.arxml
2025-05-01 15:00:43,321 - arxml_tool - WARNING - Failed to download schema: HTTP 404
2025-05-01 15:00:43,321 - arxml_tool - WARNING - Failed to download schema: HTTP 404
2025-05-01 15:00:43,321 - arxml_tool - WARNING - Failed to download schema: HTTP 404
2025-05-01 15:00:43,321 - arxml_tool - WARNING - Failed to download schema: HTTP 404
2025-05-01 15:00:43,321 - arxml_tool - WARNING - Failed to download schema: HTTP 404
2025-05-01 15:00:43,321 - arxml_tool - WARNING - Failed to download schema: HTTP 404
2025-05-01 15:00:43,321 - arxml_tool - WARNING - Failed to download schema: HTTP 404
2025-05-01 15:00:43,321 - arxml_tool - WARNING - Failed to download schema: HTTP 404
2025-05-01 15:00:43,323 - arxml_tool - WARNING - Could not load schema, skipping validation
2025-05-01 15:00:43,323 - arxml_tool - WARNING - Could not load schema, skipping validation
2025-05-01 15:00:43,323 - arxml_tool - WARNING - Could not load schema, skipping validation
2025-05-01 15:00:43,323 - arxml_tool - WARNING - Could not load schema, skipping validation
2025-05-01 15:00:43,323 - arxml_tool - WARNING - Could not load schema, skipping validation
2025-05-01 15:00:43,323 - arxml_tool - WARNING - Could not load schema, skipping validation
2025-05-01 15:00:43,323 - arxml_tool - WARNING - Could not load schema, skipping validation
2025-05-01 15:00:43,323 - arxml_tool - WARNING - Could not load schema, skipping validation
2025-05-01 15:00:43,325 - arxml_tool - INFO - Successfully loaded ARXML file
2025-05-01 15:00:43,325 - arxml_tool - INFO - Successfully loaded ARXML file
2025-05-01 15:00:43,325 - arxml_tool - INFO - Successfully loaded ARXML file
2025-05-01 15:00:43,325 - arxml_tool - INFO - Successfully loaded ARXML file
2025-05-01 15:00:43,325 - arxml_tool - INFO - Successfully loaded ARXML file
2025-05-01 15:00:43,325 - arxml_tool - INFO - Successfully loaded ARXML file
2025-05-01 15:00:43,325 - arxml_tool - INFO - Successfully loaded ARXML file
2025-05-01 15:00:43,325 - arxml_tool - INFO - Successfully loaded ARXML file
2025-05-01 15:00:43,327 - arxml_tool - ERROR - Error initializing packages: Invalid role name: SystemDesign
2025-05-01 15:00:43,327 - arxml_tool - ERROR - Error initializing packages: Invalid role name: SystemDesign
2025-05-01 15:00:43,327 - arxml_tool - ERROR - Error initializing packages: Invalid role name: SystemDesign
2025-05-01 15:00:43,327 - arxml_tool - ERROR - Error initializing packages: Invalid role name: SystemDesign
2025-05-01 15:00:43,327 - arxml_tool - ERROR - Error initializing packages: Invalid role name: SystemDesign
2025-05-01 15:00:43,327 - arxml_tool - ERROR - Error initializing packages: Invalid role name: SystemDesign
2025-05-01 15:00:43,327 - arxml_tool - ERROR - Error initializing packages: Invalid role name: SystemDesign
2025-05-01 15:00:43,327 - arxml_tool - ERROR - Error initializing packages: Invalid role name: SystemDesign
2025-05-01 15:00:43,328 - arxml_tool - INFO - Loading ARXML file: /tmp/tmpce0bmxye.arxml
2025-05-01 15:00:43,328 - arxml_tool - INFO - Loading ARXML file: /tmp/tmpce0bmxye.arxml
2025-05-01 15:00:43,328 - arxml_tool - INFO - Loading ARXML file: /tmp/tmpce0bmxye.arxml
2025-05-01 15:00:43,328 - arxml_tool - INFO - Loading ARXML file: /tmp/tmpce0bmxye.arxml
2025-05-01 15:00:43,328 - arxml_tool - INFO - Loading ARXML file: /tmp/tmpce0bmxye.arxml
2025-05-01 15:00:43,328 - arxml_tool - INFO - Loading ARXML file: /tmp/tmpce0bmxye.arxml
2025-05-01 15:00:43,328 - arxml_tool - INFO - Loading ARXML file: /tmp/tmpce0bmxye.arxml
2025-05-01 15:00:43,328 - arxml_tool - INFO - Loading ARXML file: /tmp/tmpce0bmxye.arxml
2025-05-01 15:00:43,330 - arxml_tool - ERROR - Error loading XML content: 
2025-05-01 15:00:43,330 - arxml_tool - ERROR - Error loading XML content: 
2025-05-01 15:00:43,330 - arxml_tool - ERROR - Error loading XML content: 
2025-05-01 15:00:43,330 - arxml_tool - ERROR - Error loading XML content: 
2025-05-01 15:00:43,330 - arxml_tool - ERROR - Error loading XML content: 
2025-05-01 15:00:43,330 - arxml_tool - ERROR - Error loading XML content: 
2025-05-01 15:00:43,330 - arxml_tool - ERROR - Error loading XML content: 
2025-05-01 15:00:43,330 - arxml_tool - ERROR - Error loading XML content: 
2025-05-01 15:00:43,332 - arxml_tool - ERROR - Error initializing packages: Invalid role name: SystemDesign
2025-05-01 15:00:43,332 - arxml_tool - ERROR - Error initializing packages: Invalid role name: SystemDesign
2025-05-01 15:00:43,332 - arxml_tool - ERROR - Error initializing packages: Invalid role name: SystemDesign
2025-05-01 15:00:43,332 - arxml_tool - ERROR - Error initializing packages: Invalid role name: SystemDesign
2025-05-01 15:00:43,332 - arxml_tool - ERROR - Error initializing packages: Invalid role name: SystemDesign
2025-05-01 15:00:43,332 - arxml_tool - ERROR - Error initializing packages: Invalid role name: SystemDesign
2025-05-01 15:00:43,332 - arxml_tool - ERROR - Error initializing packages: Invalid role name: SystemDesign
2025-05-01 15:00:43,332 - arxml_tool - ERROR - Error initializing packages: Invalid role name: SystemDesign
2025-05-01 15:00:43,334 - arxml_tool - INFO - Loading ARXML file: /home/adarsh/autosar_arxml-parser_editor/tests/../examples/sample.arxml
2025-05-01 15:00:43,334 - arxml_tool - INFO - Loading ARXML file: /home/adarsh/autosar_arxml-parser_editor/tests/../examples/sample.arxml
2025-05-01 15:00:43,334 - arxml_tool - INFO - Loading ARXML file: /home/adarsh/autosar_arxml-parser_editor/tests/../examples/sample.arxml
2025-05-01 15:00:43,334 - arxml_tool - INFO - Loading ARXML file: /home/adarsh/autosar_arxml-parser_editor/tests/../examples/sample.arxml
2025-05-01 15:00:43,334 - arxml_tool - INFO - Loading ARXML file: /home/adarsh/autosar_arxml-parser_editor/tests/../examples/sample.arxml
2025-05-01 15:00:43,334 - arxml_tool - INFO - Loading ARXML file: /home/adarsh/autosar_arxml-parser_editor/tests/../examples/sample.arxml
2025-05-01 15:00:43,334 - arxml_tool - INFO - Loading ARXML file: /home/adarsh/autosar_arxml-parser_editor/tests/../examples/sample.arxml
2025-05-01 15:00:43,334 - arxml_tool - INFO - Loading ARXML file: /home/adarsh/autosar_arxml-parser_editor/tests/../examples/sample.arxml
2025-05-01 15:00:43,530 - arxml_tool - WARNING - Failed to download schema: HTTP 404
2025-05-01 15:00:43,530 - arxml_tool - WARNING - Failed to download schema: HTTP 404
2025-05-01 15:00:43,530 - arxml_tool - WARNING - Failed to download schema: HTTP 404
2025-05-01 15:00:43,530 - arxml_tool - WARNING - Failed to download schema: HTTP 404
2025-05-01 15:00:43,530 - arxml_tool - WARNING - Failed to download schema: HTTP 404
2025-05-01 15:00:43,530 - arxml_tool - WARNING - Failed to download schema: HTTP 404
2025-05-01 15:00:43,530 - arxml_tool - WARNING - Failed to download schema: HTTP 404
2025-05-01 15:00:43,530 - arxml_tool - WARNING - Failed to download schema: HTTP 404
2025-05-01 15:00:43,534 - arxml_tool - WARNING - Could not load schema, skipping validation
2025-05-01 15:00:43,534 - arxml_tool - WARNING - Could not load schema, skipping validation
2025-05-01 15:00:43,534 - arxml_tool - WARNING - Could not load schema, skipping validation
2025-05-01 15:00:43,534 - arxml_tool - WARNING - Could not load schema, skipping validation
2025-05-01 15:00:43,534 - arxml_tool - WARNING - Could not load schema, skipping validation
2025-05-01 15:00:43,534 - arxml_tool - WARNING - Could not load schema, skipping validation
2025-05-01 15:00:43,534 - arxml_tool - WARNING - Could not load schema, skipping validation
2025-05-01 15:00:43,534 - arxml_tool - WARNING - Could not load schema, skipping validation
2025-05-01 15:00:43,535 - arxml_tool - INFO - Successfully loaded ARXML file
2025-05-01 15:00:43,535 - arxml_tool - INFO - Successfully loaded ARXML file
2025-05-01 15:00:43,535 - arxml_tool - INFO - Successfully loaded ARXML file
2025-05-01 15:00:43,535 - arxml_tool - INFO - Successfully loaded ARXML file
2025-05-01 15:00:43,535 - arxml_tool - INFO - Successfully loaded ARXML file
2025-05-01 15:00:43,535 - arxml_tool - INFO - Successfully loaded ARXML file
2025-05-01 15:00:43,535 - arxml_tool - INFO - Successfully loaded ARXML file
2025-05-01 15:00:43,535 - arxml_tool - INFO - Successfully loaded ARXML file
