2025-04-26 14:29:25,180 - arxml_tool - ERROR - Error initializing packages: Invalid role name: SystemDesign
2025-04-26 14:29:25,181 - arxml_tool - INFO - Loading ARXML file for editing: /home/adarsh/autosar_arxml-parser_editor/tests/../examples/sample.arxml
2025-04-26 14:29:25,181 - arxml_tool - INFO - Loading ARXML file for editing: /home/adarsh/autosar_arxml-parser_editor/tests/../examples/sample.arxml
2025-04-26 14:29:25,181 - arxml_tool - INFO - Loading ARXML file: /home/adarsh/autosar_arxml-parser_editor/tests/../examples/sample.arxml
2025-04-26 14:29:25,181 - arxml_tool - INFO - Loading ARXML file: /home/adarsh/autosar_arxml-parser_editor/tests/../examples/sample.arxml
2025-04-26 14:29:25,427 - arxml_tool - WARNING - Failed to download schema: HTTP 404
2025-04-26 14:29:25,427 - arxml_tool - WARNING - Failed to download schema: HTTP 404
2025-04-26 14:29:25,428 - arxml_tool - WARNING - Could not load schema, skipping validation
2025-04-26 14:29:25,428 - arxml_tool - WARNING - Could not load schema, skipping validation
2025-04-26 14:29:25,428 - arxml_tool - INFO - Successfully loaded ARXML file
2025-04-26 14:29:25,428 - arxml_tool - INFO - Successfully loaded ARXML file
2025-04-26 14:29:25,429 - arxml_tool - INFO - Created backup: /tmp/.arxml_backups/tmp48djr5rt.arxml.20250426_142925.bak
2025-04-26 14:29:25,429 - arxml_tool - INFO - Created backup: /tmp/.arxml_backups/tmp48djr5rt.arxml.20250426_142925.bak
2025-04-26 14:29:25,431 - arxml_tool - INFO - Saved ARXML file to: /tmp/tmp48djr5rt.arxml
2025-04-26 14:29:25,431 - arxml_tool - INFO - Saved ARXML file to: /tmp/tmp48djr5rt.arxml
2025-04-26 14:29:25,433 - arxml_tool - ERROR - Error initializing packages: Invalid role name: SystemDesign
2025-04-26 14:29:25,433 - arxml_tool - ERROR - Error initializing packages: Invalid role name: SystemDesign
2025-04-26 14:29:25,433 - arxml_tool - ERROR - Error initializing packages: Invalid role name: SystemDesign
2025-04-26 14:29:25,434 - arxml_tool - INFO - Loading ARXML file: /home/adarsh/autosar_arxml-parser_editor/tests/../examples/sample.arxml
2025-04-26 14:29:25,434 - arxml_tool - INFO - Loading ARXML file: /home/adarsh/autosar_arxml-parser_editor/tests/../examples/sample.arxml
2025-04-26 14:29:25,434 - arxml_tool - INFO - Loading ARXML file: /home/adarsh/autosar_arxml-parser_editor/tests/../examples/sample.arxml
2025-04-26 14:29:25,711 - arxml_tool - WARNING - Failed to download schema: HTTP 404
2025-04-26 14:29:25,711 - arxml_tool - WARNING - Failed to download schema: HTTP 404
2025-04-26 14:29:25,711 - arxml_tool - WARNING - Failed to download schema: HTTP 404
2025-04-26 14:29:25,712 - arxml_tool - WARNING - Could not load schema, skipping validation
2025-04-26 14:29:25,712 - arxml_tool - WARNING - Could not load schema, skipping validation
2025-04-26 14:29:25,712 - arxml_tool - WARNING - Could not load schema, skipping validation
2025-04-26 14:29:25,712 - arxml_tool - INFO - Successfully loaded ARXML file
2025-04-26 14:29:25,712 - arxml_tool - INFO - Successfully loaded ARXML file
2025-04-26 14:29:25,712 - arxml_tool - INFO - Successfully loaded ARXML file
2025-04-26 14:29:25,714 - arxml_tool - ERROR - Error initializing packages: Invalid role name: SystemDesign
2025-04-26 14:29:25,714 - arxml_tool - ERROR - Error initializing packages: Invalid role name: SystemDesign
2025-04-26 14:29:25,714 - arxml_tool - ERROR - Error initializing packages: Invalid role name: SystemDesign
2025-04-26 14:29:25,714 - arxml_tool - ERROR - Error initializing packages: Invalid role name: SystemDesign
2025-04-26 14:29:25,714 - arxml_tool - INFO - Loading ARXML file: /home/adarsh/autosar_arxml-parser_editor/tests/../examples/sample.arxml
2025-04-26 14:29:25,714 - arxml_tool - INFO - Loading ARXML file: /home/adarsh/autosar_arxml-parser_editor/tests/../examples/sample.arxml
2025-04-26 14:29:25,714 - arxml_tool - INFO - Loading ARXML file: /home/adarsh/autosar_arxml-parser_editor/tests/../examples/sample.arxml
2025-04-26 14:29:25,714 - arxml_tool - INFO - Loading ARXML file: /home/adarsh/autosar_arxml-parser_editor/tests/../examples/sample.arxml
2025-04-26 14:29:25,896 - arxml_tool - WARNING - Failed to download schema: HTTP 404
2025-04-26 14:29:25,896 - arxml_tool - WARNING - Failed to download schema: HTTP 404
2025-04-26 14:29:25,896 - arxml_tool - WARNING - Failed to download schema: HTTP 404
2025-04-26 14:29:25,896 - arxml_tool - WARNING - Failed to download schema: HTTP 404
2025-04-26 14:29:25,897 - arxml_tool - WARNING - Could not load schema, skipping validation
2025-04-26 14:29:25,897 - arxml_tool - WARNING - Could not load schema, skipping validation
2025-04-26 14:29:25,897 - arxml_tool - WARNING - Could not load schema, skipping validation
2025-04-26 14:29:25,897 - arxml_tool - WARNING - Could not load schema, skipping validation
2025-04-26 14:29:25,898 - arxml_tool - INFO - Successfully loaded ARXML file
2025-04-26 14:29:25,898 - arxml_tool - INFO - Successfully loaded ARXML file
2025-04-26 14:29:25,898 - arxml_tool - INFO - Successfully loaded ARXML file
2025-04-26 14:29:25,898 - arxml_tool - INFO - Successfully loaded ARXML file
2025-04-26 14:29:25,900 - arxml_tool - ERROR - Error initializing packages: Invalid role name: SystemDesign
2025-04-26 14:29:25,900 - arxml_tool - ERROR - Error initializing packages: Invalid role name: SystemDesign
2025-04-26 14:29:25,900 - arxml_tool - ERROR - Error initializing packages: Invalid role name: SystemDesign
2025-04-26 14:29:25,900 - arxml_tool - ERROR - Error initializing packages: Invalid role name: SystemDesign
2025-04-26 14:29:25,900 - arxml_tool - ERROR - Error initializing packages: Invalid role name: SystemDesign
2025-04-26 14:29:25,901 - arxml_tool - ERROR - ARXML file not found: non_existent_file.arxml
2025-04-26 14:29:25,901 - arxml_tool - ERROR - ARXML file not found: non_existent_file.arxml
2025-04-26 14:29:25,901 - arxml_tool - ERROR - ARXML file not found: non_existent_file.arxml
2025-04-26 14:29:25,901 - arxml_tool - ERROR - ARXML file not found: non_existent_file.arxml
2025-04-26 14:29:25,901 - arxml_tool - ERROR - ARXML file not found: non_existent_file.arxml
2025-04-26 14:29:25,903 - arxml_tool - ERROR - Error initializing packages: Invalid role name: SystemDesign
2025-04-26 14:29:25,903 - arxml_tool - ERROR - Error initializing packages: Invalid role name: SystemDesign
2025-04-26 14:29:25,903 - arxml_tool - ERROR - Error initializing packages: Invalid role name: SystemDesign
2025-04-26 14:29:25,903 - arxml_tool - ERROR - Error initializing packages: Invalid role name: SystemDesign
2025-04-26 14:29:25,903 - arxml_tool - ERROR - Error initializing packages: Invalid role name: SystemDesign
2025-04-26 14:29:25,903 - arxml_tool - ERROR - Error initializing packages: Invalid role name: SystemDesign
2025-04-26 14:29:25,904 - arxml_tool - INFO - Loading ARXML file: /home/adarsh/autosar_arxml-parser_editor/tests/../examples/sample.arxml
2025-04-26 14:29:25,904 - arxml_tool - INFO - Loading ARXML file: /home/adarsh/autosar_arxml-parser_editor/tests/../examples/sample.arxml
2025-04-26 14:29:25,904 - arxml_tool - INFO - Loading ARXML file: /home/adarsh/autosar_arxml-parser_editor/tests/../examples/sample.arxml
2025-04-26 14:29:25,904 - arxml_tool - INFO - Loading ARXML file: /home/adarsh/autosar_arxml-parser_editor/tests/../examples/sample.arxml
2025-04-26 14:29:25,904 - arxml_tool - INFO - Loading ARXML file: /home/adarsh/autosar_arxml-parser_editor/tests/../examples/sample.arxml
2025-04-26 14:29:25,904 - arxml_tool - INFO - Loading ARXML file: /home/adarsh/autosar_arxml-parser_editor/tests/../examples/sample.arxml
2025-04-26 14:29:26,097 - arxml_tool - WARNING - Failed to download schema: HTTP 404
2025-04-26 14:29:26,097 - arxml_tool - WARNING - Failed to download schema: HTTP 404
2025-04-26 14:29:26,097 - arxml_tool - WARNING - Failed to download schema: HTTP 404
2025-04-26 14:29:26,097 - arxml_tool - WARNING - Failed to download schema: HTTP 404
2025-04-26 14:29:26,097 - arxml_tool - WARNING - Failed to download schema: HTTP 404
2025-04-26 14:29:26,097 - arxml_tool - WARNING - Failed to download schema: HTTP 404
2025-04-26 14:29:26,098 - arxml_tool - WARNING - Could not load schema, skipping validation
2025-04-26 14:29:26,098 - arxml_tool - WARNING - Could not load schema, skipping validation
2025-04-26 14:29:26,098 - arxml_tool - WARNING - Could not load schema, skipping validation
2025-04-26 14:29:26,098 - arxml_tool - WARNING - Could not load schema, skipping validation
2025-04-26 14:29:26,098 - arxml_tool - WARNING - Could not load schema, skipping validation
2025-04-26 14:29:26,098 - arxml_tool - WARNING - Could not load schema, skipping validation
2025-04-26 14:29:26,099 - arxml_tool - INFO - Successfully loaded ARXML file
2025-04-26 14:29:26,099 - arxml_tool - INFO - Successfully loaded ARXML file
2025-04-26 14:29:26,099 - arxml_tool - INFO - Successfully loaded ARXML file
2025-04-26 14:29:26,099 - arxml_tool - INFO - Successfully loaded ARXML file
2025-04-26 14:29:26,099 - arxml_tool - INFO - Successfully loaded ARXML file
2025-04-26 14:29:26,099 - arxml_tool - INFO - Successfully loaded ARXML file
2025-04-26 14:29:26,101 - arxml_tool - ERROR - Error initializing packages: Invalid role name: SystemDesign
2025-04-26 14:29:26,101 - arxml_tool - ERROR - Error initializing packages: Invalid role name: SystemDesign
2025-04-26 14:29:26,101 - arxml_tool - ERROR - Error initializing packages: Invalid role name: SystemDesign
2025-04-26 14:29:26,101 - arxml_tool - ERROR - Error initializing packages: Invalid role name: SystemDesign
2025-04-26 14:29:26,101 - arxml_tool - ERROR - Error initializing packages: Invalid role name: SystemDesign
2025-04-26 14:29:26,101 - arxml_tool - ERROR - Error initializing packages: Invalid role name: SystemDesign
2025-04-26 14:29:26,102 - arxml_tool - INFO - Loading ARXML file: /tmp/tmp45j4_r49.arxml
2025-04-26 14:29:26,102 - arxml_tool - INFO - Loading ARXML file: /tmp/tmp45j4_r49.arxml
2025-04-26 14:29:26,102 - arxml_tool - INFO - Loading ARXML file: /tmp/tmp45j4_r49.arxml
2025-04-26 14:29:26,102 - arxml_tool - INFO - Loading ARXML file: /tmp/tmp45j4_r49.arxml
2025-04-26 14:29:26,102 - arxml_tool - INFO - Loading ARXML file: /tmp/tmp45j4_r49.arxml
2025-04-26 14:29:26,102 - arxml_tool - INFO - Loading ARXML file: /tmp/tmp45j4_r49.arxml
2025-04-26 14:29:26,103 - arxml_tool - ERROR - Error loading XML content: 
2025-04-26 14:29:26,103 - arxml_tool - ERROR - Error loading XML content: 
2025-04-26 14:29:26,103 - arxml_tool - ERROR - Error loading XML content: 
2025-04-26 14:29:26,103 - arxml_tool - ERROR - Error loading XML content: 
2025-04-26 14:29:26,103 - arxml_tool - ERROR - Error loading XML content: 
2025-04-26 14:29:26,103 - arxml_tool - ERROR - Error loading XML content: 
2025-04-26 14:29:26,105 - arxml_tool - ERROR - Error initializing packages: Invalid role name: SystemDesign
2025-04-26 14:29:26,105 - arxml_tool - ERROR - Error initializing packages: Invalid role name: SystemDesign
2025-04-26 14:29:26,105 - arxml_tool - ERROR - Error initializing packages: Invalid role name: SystemDesign
2025-04-26 14:29:26,105 - arxml_tool - ERROR - Error initializing packages: Invalid role name: SystemDesign
2025-04-26 14:29:26,105 - arxml_tool - ERROR - Error initializing packages: Invalid role name: SystemDesign
2025-04-26 14:29:26,105 - arxml_tool - ERROR - Error initializing packages: Invalid role name: SystemDesign
2025-04-26 14:29:26,106 - arxml_tool - INFO - Loading ARXML file: /home/adarsh/autosar_arxml-parser_editor/tests/../examples/sample.arxml
2025-04-26 14:29:26,106 - arxml_tool - INFO - Loading ARXML file: /home/adarsh/autosar_arxml-parser_editor/tests/../examples/sample.arxml
2025-04-26 14:29:26,106 - arxml_tool - INFO - Loading ARXML file: /home/adarsh/autosar_arxml-parser_editor/tests/../examples/sample.arxml
2025-04-26 14:29:26,106 - arxml_tool - INFO - Loading ARXML file: /home/adarsh/autosar_arxml-parser_editor/tests/../examples/sample.arxml
2025-04-26 14:29:26,106 - arxml_tool - INFO - Loading ARXML file: /home/adarsh/autosar_arxml-parser_editor/tests/../examples/sample.arxml
2025-04-26 14:29:26,106 - arxml_tool - INFO - Loading ARXML file: /home/adarsh/autosar_arxml-parser_editor/tests/../examples/sample.arxml
2025-04-26 14:29:26,307 - arxml_tool - WARNING - Failed to download schema: HTTP 404
2025-04-26 14:29:26,307 - arxml_tool - WARNING - Failed to download schema: HTTP 404
2025-04-26 14:29:26,307 - arxml_tool - WARNING - Failed to download schema: HTTP 404
2025-04-26 14:29:26,307 - arxml_tool - WARNING - Failed to download schema: HTTP 404
2025-04-26 14:29:26,307 - arxml_tool - WARNING - Failed to download schema: HTTP 404
2025-04-26 14:29:26,307 - arxml_tool - WARNING - Failed to download schema: HTTP 404
2025-04-26 14:29:26,308 - arxml_tool - WARNING - Could not load schema, skipping validation
2025-04-26 14:29:26,308 - arxml_tool - WARNING - Could not load schema, skipping validation
2025-04-26 14:29:26,308 - arxml_tool - WARNING - Could not load schema, skipping validation
2025-04-26 14:29:26,308 - arxml_tool - WARNING - Could not load schema, skipping validation
2025-04-26 14:29:26,308 - arxml_tool - WARNING - Could not load schema, skipping validation
2025-04-26 14:29:26,308 - arxml_tool - WARNING - Could not load schema, skipping validation
2025-04-26 14:29:26,310 - arxml_tool - INFO - Successfully loaded ARXML file
2025-04-26 14:29:26,310 - arxml_tool - INFO - Successfully loaded ARXML file
2025-04-26 14:29:26,310 - arxml_tool - INFO - Successfully loaded ARXML file
2025-04-26 14:29:26,310 - arxml_tool - INFO - Successfully loaded ARXML file
2025-04-26 14:29:26,310 - arxml_tool - INFO - Successfully loaded ARXML file
2025-04-26 14:29:26,310 - arxml_tool - INFO - Successfully loaded ARXML file
