2025-04-26 14:44:48,102 - arxml_tool - ERROR - Error initializing packages: Invalid role name: SystemDesign
2025-04-26 14:44:48,103 - arxml_tool - INFO - Loading ARXML file: /home/adarsh/autosar_arxml-parser_editor/tests/../examples/sample.arxml
2025-04-26 14:44:48,283 - arxml_tool - WARNING - Failed to download schema: HTTP 404
2025-04-26 14:44:48,285 - arxml_tool - WARNING - Could not load schema, skipping validation
2025-04-26 14:44:48,286 - arxml_tool - INFO - Successfully loaded ARXML file
2025-04-26 14:44:48,287 - arxml_tool - ERROR - Error initializing packages: Invalid role name: SystemDesign
2025-04-26 14:44:48,287 - arxml_tool - ERROR - Error initializing packages: Invalid role name: SystemDesign
2025-04-26 14:44:48,289 - arxml_tool - ERROR - ARXML file not found: non_existent_file.arxml
2025-04-26 14:44:48,289 - arxml_tool - ERROR - ARXML file not found: non_existent_file.arxml
2025-04-26 14:44:48,290 - arxml_tool - ERROR - Error initializing packages: Invalid role name: SystemDesign
2025-04-26 14:44:48,290 - arxml_tool - ERROR - Error initializing packages: Invalid role name: SystemDesign
2025-04-26 14:44:48,290 - arxml_tool - ERROR - Error initializing packages: Invalid role name: SystemDesign
2025-04-26 14:44:48,292 - arxml_tool - INFO - Loading ARXML file: /home/adarsh/autosar_arxml-parser_editor/tests/../examples/sample.arxml
2025-04-26 14:44:48,292 - arxml_tool - INFO - Loading ARXML file: /home/adarsh/autosar_arxml-parser_editor/tests/../examples/sample.arxml
2025-04-26 14:44:48,292 - arxml_tool - INFO - Loading ARXML file: /home/adarsh/autosar_arxml-parser_editor/tests/../examples/sample.arxml
2025-04-26 14:44:48,514 - arxml_tool - WARNING - Failed to download schema: HTTP 404
2025-04-26 14:44:48,514 - arxml_tool - WARNING - Failed to download schema: HTTP 404
2025-04-26 14:44:48,514 - arxml_tool - WARNING - Failed to download schema: HTTP 404
2025-04-26 14:44:48,517 - arxml_tool - WARNING - Could not load schema, skipping validation
2025-04-26 14:44:48,517 - arxml_tool - WARNING - Could not load schema, skipping validation
2025-04-26 14:44:48,517 - arxml_tool - WARNING - Could not load schema, skipping validation
2025-04-26 14:44:48,519 - arxml_tool - INFO - Successfully loaded ARXML file
2025-04-26 14:44:48,519 - arxml_tool - INFO - Successfully loaded ARXML file
2025-04-26 14:44:48,519 - arxml_tool - INFO - Successfully loaded ARXML file
2025-04-26 14:44:48,521 - arxml_tool - ERROR - Error initializing packages: Invalid role name: SystemDesign
2025-04-26 14:44:48,521 - arxml_tool - ERROR - Error initializing packages: Invalid role name: SystemDesign
2025-04-26 14:44:48,521 - arxml_tool - ERROR - Error initializing packages: Invalid role name: SystemDesign
2025-04-26 14:44:48,521 - arxml_tool - ERROR - Error initializing packages: Invalid role name: SystemDesign
2025-04-26 14:44:48,524 - arxml_tool - INFO - Loading ARXML file: /tmp/tmpr4lljx2o.arxml
2025-04-26 14:44:48,524 - arxml_tool - INFO - Loading ARXML file: /tmp/tmpr4lljx2o.arxml
2025-04-26 14:44:48,524 - arxml_tool - INFO - Loading ARXML file: /tmp/tmpr4lljx2o.arxml
2025-04-26 14:44:48,524 - arxml_tool - INFO - Loading ARXML file: /tmp/tmpr4lljx2o.arxml
2025-04-26 14:44:48,526 - arxml_tool - ERROR - Error loading XML content: 
2025-04-26 14:44:48,526 - arxml_tool - ERROR - Error loading XML content: 
2025-04-26 14:44:48,526 - arxml_tool - ERROR - Error loading XML content: 
2025-04-26 14:44:48,526 - arxml_tool - ERROR - Error loading XML content: 
2025-04-26 14:44:48,529 - arxml_tool - ERROR - Error initializing packages: Invalid role name: SystemDesign
2025-04-26 14:44:48,529 - arxml_tool - ERROR - Error initializing packages: Invalid role name: SystemDesign
2025-04-26 14:44:48,529 - arxml_tool - ERROR - Error initializing packages: Invalid role name: SystemDesign
2025-04-26 14:44:48,529 - arxml_tool - ERROR - Error initializing packages: Invalid role name: SystemDesign
2025-04-26 14:44:48,529 - arxml_tool - ERROR - Error initializing packages: Invalid role name: SystemDesign
2025-04-26 14:44:48,532 - arxml_tool - INFO - Loading ARXML file: /home/adarsh/autosar_arxml-parser_editor/tests/../examples/sample.arxml
2025-04-26 14:44:48,532 - arxml_tool - INFO - Loading ARXML file: /home/adarsh/autosar_arxml-parser_editor/tests/../examples/sample.arxml
2025-04-26 14:44:48,532 - arxml_tool - INFO - Loading ARXML file: /home/adarsh/autosar_arxml-parser_editor/tests/../examples/sample.arxml
2025-04-26 14:44:48,532 - arxml_tool - INFO - Loading ARXML file: /home/adarsh/autosar_arxml-parser_editor/tests/../examples/sample.arxml
2025-04-26 14:44:48,532 - arxml_tool - INFO - Loading ARXML file: /home/adarsh/autosar_arxml-parser_editor/tests/../examples/sample.arxml
2025-04-26 14:44:48,717 - arxml_tool - WARNING - Failed to download schema: HTTP 404
2025-04-26 14:44:48,717 - arxml_tool - WARNING - Failed to download schema: HTTP 404
2025-04-26 14:44:48,717 - arxml_tool - WARNING - Failed to download schema: HTTP 404
2025-04-26 14:44:48,717 - arxml_tool - WARNING - Failed to download schema: HTTP 404
2025-04-26 14:44:48,717 - arxml_tool - WARNING - Failed to download schema: HTTP 404
2025-04-26 14:44:48,722 - arxml_tool - WARNING - Could not load schema, skipping validation
2025-04-26 14:44:48,722 - arxml_tool - WARNING - Could not load schema, skipping validation
2025-04-26 14:44:48,722 - arxml_tool - WARNING - Could not load schema, skipping validation
2025-04-26 14:44:48,722 - arxml_tool - WARNING - Could not load schema, skipping validation
2025-04-26 14:44:48,722 - arxml_tool - WARNING - Could not load schema, skipping validation
2025-04-26 14:44:48,723 - arxml_tool - INFO - Successfully loaded ARXML file
2025-04-26 14:44:48,723 - arxml_tool - INFO - Successfully loaded ARXML file
2025-04-26 14:44:48,723 - arxml_tool - INFO - Successfully loaded ARXML file
2025-04-26 14:44:48,723 - arxml_tool - INFO - Successfully loaded ARXML file
2025-04-26 14:44:48,723 - arxml_tool - INFO - Successfully loaded ARXML file
