2025-04-26 14:13:37,945 - arxml_tool - INFO - Loading ARXML file for editing: /home/adarsh/autosar_arxml-parser_editor/tests/../examples/sample.arxml
2025-04-26 14:13:37,945 - arxml_tool - INFO - Loading ARXML file for editing: /home/adarsh/autosar_arxml-parser_editor/tests/../examples/sample.arxml
2025-04-26 14:13:37,945 - arxml_tool - INFO - Loading ARXML file: /home/adarsh/autosar_arxml-parser_editor/tests/../examples/sample.arxml
2025-04-26 14:13:37,945 - arxml_tool - INFO - Loading ARXML file: /home/adarsh/autosar_arxml-parser_editor/tests/../examples/sample.arxml
2025-04-26 14:13:38,143 - arxml_tool - WARNING - Failed to download schema: HTTP 404
2025-04-26 14:13:38,143 - arxml_tool - WARNING - Failed to download schema: HTTP 404
2025-04-26 14:13:38,144 - arxml_tool - WARNING - Could not load schema, skipping validation
2025-04-26 14:13:38,144 - arxml_tool - WARNING - Could not load schema, skipping validation
2025-04-26 14:13:38,145 - arxml_tool - INFO - Successfully loaded ARXML file
2025-04-26 14:13:38,145 - arxml_tool - INFO - Successfully loaded ARXML file
2025-04-26 14:13:38,147 - arxml_tool - INFO - Added software component: TestComponent
2025-04-26 14:13:38,147 - arxml_tool - INFO - Added software component: TestComponent
2025-04-26 14:13:38,149 - arxml_tool - INFO - Loading ARXML file for editing: /home/adarsh/autosar_arxml-parser_editor/tests/../examples/sample.arxml
2025-04-26 14:13:38,149 - arxml_tool - INFO - Loading ARXML file for editing: /home/adarsh/autosar_arxml-parser_editor/tests/../examples/sample.arxml
2025-04-26 14:13:38,150 - arxml_tool - INFO - Loading ARXML file: /home/adarsh/autosar_arxml-parser_editor/tests/../examples/sample.arxml
2025-04-26 14:13:38,150 - arxml_tool - INFO - Loading ARXML file: /home/adarsh/autosar_arxml-parser_editor/tests/../examples/sample.arxml
2025-04-26 14:13:38,335 - arxml_tool - WARNING - Failed to download schema: HTTP 404
2025-04-26 14:13:38,335 - arxml_tool - WARNING - Failed to download schema: HTTP 404
2025-04-26 14:13:38,336 - arxml_tool - WARNING - Could not load schema, skipping validation
2025-04-26 14:13:38,336 - arxml_tool - WARNING - Could not load schema, skipping validation
2025-04-26 14:13:38,336 - arxml_tool - INFO - Successfully loaded ARXML file
2025-04-26 14:13:38,336 - arxml_tool - INFO - Successfully loaded ARXML file
2025-04-26 14:13:38,337 - arxml_tool - INFO - Added software component: BackupTest
2025-04-26 14:13:38,337 - arxml_tool - INFO - Added software component: BackupTest
2025-04-26 14:13:38,337 - arxml_tool - INFO - Created backup: /tmp/.arxml_backups/tmpzt5swxor.arxml.20250426_141338.bak
2025-04-26 14:13:38,337 - arxml_tool - INFO - Created backup: /tmp/.arxml_backups/tmpzt5swxor.arxml.20250426_141338.bak
2025-04-26 14:13:38,339 - arxml_tool - ERROR - Error saving ARXML file: Invalid reference: /ComponentTypes/EngineManagement
2025-04-26 14:13:38,339 - arxml_tool - ERROR - Error saving ARXML file: Invalid reference: /ComponentTypes/EngineManagement
2025-04-26 14:13:38,339 - arxml_tool - INFO - Loading ARXML file for editing: /home/adarsh/autosar_arxml-parser_editor/tests/../examples/sample.arxml
2025-04-26 14:13:38,339 - arxml_tool - INFO - Loading ARXML file for editing: /home/adarsh/autosar_arxml-parser_editor/tests/../examples/sample.arxml
2025-04-26 14:13:38,340 - arxml_tool - INFO - Loading ARXML file: /home/adarsh/autosar_arxml-parser_editor/tests/../examples/sample.arxml
2025-04-26 14:13:38,340 - arxml_tool - INFO - Loading ARXML file: /home/adarsh/autosar_arxml-parser_editor/tests/../examples/sample.arxml
2025-04-26 14:13:38,532 - arxml_tool - WARNING - Failed to download schema: HTTP 404
2025-04-26 14:13:38,532 - arxml_tool - WARNING - Failed to download schema: HTTP 404
2025-04-26 14:13:38,533 - arxml_tool - WARNING - Could not load schema, skipping validation
2025-04-26 14:13:38,533 - arxml_tool - WARNING - Could not load schema, skipping validation
2025-04-26 14:13:38,533 - arxml_tool - INFO - Successfully loaded ARXML file
2025-04-26 14:13:38,533 - arxml_tool - INFO - Successfully loaded ARXML file
2025-04-26 14:13:38,533 - arxml_tool - INFO - Added software component: OriginalComponent
2025-04-26 14:13:38,533 - arxml_tool - INFO - Added software component: OriginalComponent
2025-04-26 14:13:38,534 - arxml_tool - INFO - Created backup: /tmp/.arxml_backups/tmp6fsz6bc1.arxml.20250426_141338.bak
2025-04-26 14:13:38,534 - arxml_tool - INFO - Created backup: /tmp/.arxml_backups/tmp6fsz6bc1.arxml.20250426_141338.bak
2025-04-26 14:13:38,535 - arxml_tool - ERROR - Error saving ARXML file: Invalid reference: /ComponentTypes/EngineManagement
2025-04-26 14:13:38,535 - arxml_tool - ERROR - Error saving ARXML file: Invalid reference: /ComponentTypes/EngineManagement
2025-04-26 14:13:38,535 - arxml_tool - INFO - Added software component: NewComponent
2025-04-26 14:13:38,535 - arxml_tool - INFO - Added software component: NewComponent
2025-04-26 14:13:38,535 - arxml_tool - INFO - Created backup: /tmp/.arxml_backups/tmp6fsz6bc1.arxml.20250426_141338.bak
2025-04-26 14:13:38,535 - arxml_tool - INFO - Created backup: /tmp/.arxml_backups/tmp6fsz6bc1.arxml.20250426_141338.bak
2025-04-26 14:13:38,536 - arxml_tool - ERROR - Error saving ARXML file: Invalid reference: /ComponentTypes/EngineManagement
2025-04-26 14:13:38,536 - arxml_tool - ERROR - Error saving ARXML file: Invalid reference: /ComponentTypes/EngineManagement
2025-04-26 14:13:38,537 - arxml_tool - INFO - Loading ARXML file for editing: /home/adarsh/autosar_arxml-parser_editor/tests/../examples/sample.arxml
2025-04-26 14:13:38,537 - arxml_tool - INFO - Loading ARXML file for editing: /home/adarsh/autosar_arxml-parser_editor/tests/../examples/sample.arxml
2025-04-26 14:13:38,538 - arxml_tool - INFO - Loading ARXML file: /home/adarsh/autosar_arxml-parser_editor/tests/../examples/sample.arxml
2025-04-26 14:13:38,538 - arxml_tool - INFO - Loading ARXML file: /home/adarsh/autosar_arxml-parser_editor/tests/../examples/sample.arxml
2025-04-26 14:13:38,745 - arxml_tool - WARNING - Failed to download schema: HTTP 404
2025-04-26 14:13:38,745 - arxml_tool - WARNING - Failed to download schema: HTTP 404
2025-04-26 14:13:38,746 - arxml_tool - WARNING - Could not load schema, skipping validation
2025-04-26 14:13:38,746 - arxml_tool - WARNING - Could not load schema, skipping validation
2025-04-26 14:13:38,747 - arxml_tool - INFO - Successfully loaded ARXML file
2025-04-26 14:13:38,747 - arxml_tool - INFO - Successfully loaded ARXML file
2025-04-26 14:13:38,748 - arxml_tool - INFO - Added software component: TestReloadComponent
2025-04-26 14:13:38,748 - arxml_tool - INFO - Added software component: TestReloadComponent
2025-04-26 14:13:38,749 - arxml_tool - INFO - Created backup: /tmp/.arxml_backups/tmph1p_sb2i.arxml.20250426_141338.bak
2025-04-26 14:13:38,749 - arxml_tool - INFO - Created backup: /tmp/.arxml_backups/tmph1p_sb2i.arxml.20250426_141338.bak
2025-04-26 14:13:38,751 - arxml_tool - ERROR - Error saving ARXML file: Invalid reference: /ComponentTypes/EngineManagement
2025-04-26 14:13:38,751 - arxml_tool - ERROR - Error saving ARXML file: Invalid reference: /ComponentTypes/EngineManagement
2025-04-26 14:13:38,752 - arxml_tool - INFO - Loading ARXML file for editing: /tmp/tmph1p_sb2i.arxml
2025-04-26 14:13:38,752 - arxml_tool - INFO - Loading ARXML file for editing: /tmp/tmph1p_sb2i.arxml
2025-04-26 14:13:38,752 - arxml_tool - INFO - Loading ARXML file: /tmp/tmph1p_sb2i.arxml
2025-04-26 14:13:38,752 - arxml_tool - INFO - Loading ARXML file: /tmp/tmph1p_sb2i.arxml
2025-04-26 14:13:38,753 - arxml_tool - ERROR - Error parsing ARXML file: no element found: line 1, column 0
2025-04-26 14:13:38,753 - arxml_tool - ERROR - Error parsing ARXML file: no element found: line 1, column 0
2025-04-26 14:13:38,754 - arxml_tool - INFO - Loading ARXML file for editing: /home/adarsh/autosar_arxml-parser_editor/tests/../examples/sample.arxml
2025-04-26 14:13:38,754 - arxml_tool - INFO - Loading ARXML file for editing: /home/adarsh/autosar_arxml-parser_editor/tests/../examples/sample.arxml
2025-04-26 14:13:38,756 - arxml_tool - INFO - Loading ARXML file: /home/adarsh/autosar_arxml-parser_editor/tests/../examples/sample.arxml
2025-04-26 14:13:38,756 - arxml_tool - INFO - Loading ARXML file: /home/adarsh/autosar_arxml-parser_editor/tests/../examples/sample.arxml
2025-04-26 14:13:38,937 - arxml_tool - WARNING - Failed to download schema: HTTP 404
2025-04-26 14:13:38,937 - arxml_tool - WARNING - Failed to download schema: HTTP 404
2025-04-26 14:13:38,938 - arxml_tool - WARNING - Could not load schema, skipping validation
2025-04-26 14:13:38,938 - arxml_tool - WARNING - Could not load schema, skipping validation
2025-04-26 14:13:38,938 - arxml_tool - INFO - Successfully loaded ARXML file
2025-04-26 14:13:38,938 - arxml_tool - INFO - Successfully loaded ARXML file
2025-04-26 14:13:38,939 - arxml_tool - INFO - Created backup: /tmp/.arxml_backups/tmpnotglx6x.arxml.20250426_141338.bak
2025-04-26 14:13:38,939 - arxml_tool - INFO - Created backup: /tmp/.arxml_backups/tmpnotglx6x.arxml.20250426_141338.bak
2025-04-26 14:13:38,940 - arxml_tool - ERROR - Error saving ARXML file: Invalid reference: /ComponentTypes/EngineManagement
2025-04-26 14:13:38,940 - arxml_tool - ERROR - Error saving ARXML file: Invalid reference: /ComponentTypes/EngineManagement
2025-04-26 14:13:38,941 - arxml_tool - INFO - Loading ARXML file: /home/adarsh/autosar_arxml-parser_editor/tests/../examples/sample.arxml
2025-04-26 14:13:38,941 - arxml_tool - INFO - Loading ARXML file: /home/adarsh/autosar_arxml-parser_editor/tests/../examples/sample.arxml
2025-04-26 14:13:39,137 - arxml_tool - WARNING - Failed to download schema: HTTP 404
2025-04-26 14:13:39,137 - arxml_tool - WARNING - Failed to download schema: HTTP 404
2025-04-26 14:13:39,138 - arxml_tool - WARNING - Could not load schema, skipping validation
2025-04-26 14:13:39,138 - arxml_tool - WARNING - Could not load schema, skipping validation
2025-04-26 14:13:39,138 - arxml_tool - INFO - Successfully loaded ARXML file
2025-04-26 14:13:39,138 - arxml_tool - INFO - Successfully loaded ARXML file
2025-04-26 14:13:39,139 - arxml_tool - INFO - Loading ARXML file: /home/adarsh/autosar_arxml-parser_editor/tests/../examples/sample.arxml
2025-04-26 14:13:39,139 - arxml_tool - INFO - Loading ARXML file: /home/adarsh/autosar_arxml-parser_editor/tests/../examples/sample.arxml
2025-04-26 14:13:39,341 - arxml_tool - WARNING - Failed to download schema: HTTP 404
2025-04-26 14:13:39,341 - arxml_tool - WARNING - Failed to download schema: HTTP 404
2025-04-26 14:13:39,343 - arxml_tool - WARNING - Could not load schema, skipping validation
2025-04-26 14:13:39,343 - arxml_tool - WARNING - Could not load schema, skipping validation
2025-04-26 14:13:39,344 - arxml_tool - INFO - Successfully loaded ARXML file
2025-04-26 14:13:39,344 - arxml_tool - INFO - Successfully loaded ARXML file
2025-04-26 14:13:39,346 - arxml_tool - ERROR - ARXML file not found: non_existent_file.arxml
2025-04-26 14:13:39,346 - arxml_tool - ERROR - ARXML file not found: non_existent_file.arxml
2025-04-26 14:13:39,348 - arxml_tool - INFO - Loading ARXML file: /home/adarsh/autosar_arxml-parser_editor/tests/../examples/sample.arxml
2025-04-26 14:13:39,348 - arxml_tool - INFO - Loading ARXML file: /home/adarsh/autosar_arxml-parser_editor/tests/../examples/sample.arxml
2025-04-26 14:13:39,581 - arxml_tool - WARNING - Failed to download schema: HTTP 404
2025-04-26 14:13:39,581 - arxml_tool - WARNING - Failed to download schema: HTTP 404
2025-04-26 14:13:39,582 - arxml_tool - WARNING - Could not load schema, skipping validation
2025-04-26 14:13:39,582 - arxml_tool - WARNING - Could not load schema, skipping validation
2025-04-26 14:13:39,584 - arxml_tool - INFO - Successfully loaded ARXML file
2025-04-26 14:13:39,584 - arxml_tool - INFO - Successfully loaded ARXML file
2025-04-26 14:13:39,586 - arxml_tool - INFO - Loading ARXML file: /tmp/tmprqrlo0sg.arxml
2025-04-26 14:13:39,586 - arxml_tool - INFO - Loading ARXML file: /tmp/tmprqrlo0sg.arxml
2025-04-26 14:13:39,588 - arxml_tool - ERROR - Error parsing ARXML file: 
2025-04-26 14:13:39,588 - arxml_tool - ERROR - Error parsing ARXML file: 
2025-04-26 14:13:39,590 - arxml_tool - INFO - Loading ARXML file: /home/adarsh/autosar_arxml-parser_editor/tests/../examples/sample.arxml
2025-04-26 14:13:39,590 - arxml_tool - INFO - Loading ARXML file: /home/adarsh/autosar_arxml-parser_editor/tests/../examples/sample.arxml
2025-04-26 14:13:39,826 - arxml_tool - WARNING - Failed to download schema: HTTP 404
2025-04-26 14:13:39,826 - arxml_tool - WARNING - Failed to download schema: HTTP 404
2025-04-26 14:13:39,827 - arxml_tool - WARNING - Could not load schema, skipping validation
2025-04-26 14:13:39,827 - arxml_tool - WARNING - Could not load schema, skipping validation
2025-04-26 14:13:39,829 - arxml_tool - INFO - Successfully loaded ARXML file
2025-04-26 14:13:39,829 - arxml_tool - INFO - Successfully loaded ARXML file
