2025-04-26 14:24:43,195 - arxml_tool - ERROR - Error initializing packages: Invalid role name: SystemDesign
2025-04-26 14:24:43,197 - arxml_tool - INFO - Loading ARXML file for editing: /home/adarsh/autosar_arxml-parser_editor/tests/../examples/sample.arxml
2025-04-26 14:24:43,197 - arxml_tool - INFO - Loading ARXML file for editing: /home/adarsh/autosar_arxml-parser_editor/tests/../examples/sample.arxml
2025-04-26 14:24:43,198 - arxml_tool - INFO - Loading ARXML file: /home/adarsh/autosar_arxml-parser_editor/tests/../examples/sample.arxml
2025-04-26 14:24:43,198 - arxml_tool - INFO - Loading ARXML file: /home/adarsh/autosar_arxml-parser_editor/tests/../examples/sample.arxml
2025-04-26 14:24:43,415 - arxml_tool - WARNING - Failed to download schema: HTTP 404
2025-04-26 14:24:43,415 - arxml_tool - WARNING - Failed to download schema: HTTP 404
2025-04-26 14:24:43,416 - arxml_tool - WARNING - Could not load schema, skipping validation
2025-04-26 14:24:43,416 - arxml_tool - WARNING - Could not load schema, skipping validation
2025-04-26 14:24:43,416 - arxml_tool - INFO - Successfully loaded ARXML file
2025-04-26 14:24:43,416 - arxml_tool - INFO - Successfully loaded ARXML file
2025-04-26 14:24:43,417 - arxml_tool - INFO - Created backup: /tmp/.arxml_backups/tmp3q7aa7hj.arxml.20250426_142443.bak
2025-04-26 14:24:43,417 - arxml_tool - INFO - Created backup: /tmp/.arxml_backups/tmp3q7aa7hj.arxml.20250426_142443.bak
2025-04-26 14:24:43,418 - arxml_tool - INFO - Saved ARXML file to: /tmp/tmp3q7aa7hj.arxml
2025-04-26 14:24:43,418 - arxml_tool - INFO - Saved ARXML file to: /tmp/tmp3q7aa7hj.arxml
2025-04-26 14:24:43,421 - arxml_tool - ERROR - Error initializing packages: Invalid role name: SystemDesign
2025-04-26 14:24:43,421 - arxml_tool - ERROR - Error initializing packages: Invalid role name: SystemDesign
2025-04-26 14:24:43,421 - arxml_tool - ERROR - Error initializing packages: Invalid role name: SystemDesign
2025-04-26 14:24:43,422 - arxml_tool - INFO - Loading ARXML file: /home/adarsh/autosar_arxml-parser_editor/tests/../examples/sample.arxml
2025-04-26 14:24:43,422 - arxml_tool - INFO - Loading ARXML file: /home/adarsh/autosar_arxml-parser_editor/tests/../examples/sample.arxml
2025-04-26 14:24:43,422 - arxml_tool - INFO - Loading ARXML file: /home/adarsh/autosar_arxml-parser_editor/tests/../examples/sample.arxml
2025-04-26 14:24:43,607 - arxml_tool - WARNING - Failed to download schema: HTTP 404
2025-04-26 14:24:43,607 - arxml_tool - WARNING - Failed to download schema: HTTP 404
2025-04-26 14:24:43,607 - arxml_tool - WARNING - Failed to download schema: HTTP 404
2025-04-26 14:24:43,608 - arxml_tool - WARNING - Could not load schema, skipping validation
2025-04-26 14:24:43,608 - arxml_tool - WARNING - Could not load schema, skipping validation
2025-04-26 14:24:43,608 - arxml_tool - WARNING - Could not load schema, skipping validation
2025-04-26 14:24:43,609 - arxml_tool - INFO - Successfully loaded ARXML file
2025-04-26 14:24:43,609 - arxml_tool - INFO - Successfully loaded ARXML file
2025-04-26 14:24:43,609 - arxml_tool - INFO - Successfully loaded ARXML file
2025-04-26 14:24:43,611 - arxml_tool - ERROR - Error initializing packages: Invalid role name: SystemDesign
2025-04-26 14:24:43,611 - arxml_tool - ERROR - Error initializing packages: Invalid role name: SystemDesign
2025-04-26 14:24:43,611 - arxml_tool - ERROR - Error initializing packages: Invalid role name: SystemDesign
2025-04-26 14:24:43,611 - arxml_tool - ERROR - Error initializing packages: Invalid role name: SystemDesign
2025-04-26 14:24:43,612 - arxml_tool - INFO - Loading ARXML file: /home/adarsh/autosar_arxml-parser_editor/tests/../examples/sample.arxml
2025-04-26 14:24:43,612 - arxml_tool - INFO - Loading ARXML file: /home/adarsh/autosar_arxml-parser_editor/tests/../examples/sample.arxml
2025-04-26 14:24:43,612 - arxml_tool - INFO - Loading ARXML file: /home/adarsh/autosar_arxml-parser_editor/tests/../examples/sample.arxml
2025-04-26 14:24:43,612 - arxml_tool - INFO - Loading ARXML file: /home/adarsh/autosar_arxml-parser_editor/tests/../examples/sample.arxml
2025-04-26 14:24:43,815 - arxml_tool - WARNING - Failed to download schema: HTTP 404
2025-04-26 14:24:43,815 - arxml_tool - WARNING - Failed to download schema: HTTP 404
2025-04-26 14:24:43,815 - arxml_tool - WARNING - Failed to download schema: HTTP 404
2025-04-26 14:24:43,815 - arxml_tool - WARNING - Failed to download schema: HTTP 404
2025-04-26 14:24:43,817 - arxml_tool - WARNING - Could not load schema, skipping validation
2025-04-26 14:24:43,817 - arxml_tool - WARNING - Could not load schema, skipping validation
2025-04-26 14:24:43,817 - arxml_tool - WARNING - Could not load schema, skipping validation
2025-04-26 14:24:43,817 - arxml_tool - WARNING - Could not load schema, skipping validation
2025-04-26 14:24:43,818 - arxml_tool - INFO - Successfully loaded ARXML file
2025-04-26 14:24:43,818 - arxml_tool - INFO - Successfully loaded ARXML file
2025-04-26 14:24:43,818 - arxml_tool - INFO - Successfully loaded ARXML file
2025-04-26 14:24:43,818 - arxml_tool - INFO - Successfully loaded ARXML file
2025-04-26 14:24:43,820 - arxml_tool - ERROR - Error initializing packages: Invalid role name: SystemDesign
2025-04-26 14:24:43,820 - arxml_tool - ERROR - Error initializing packages: Invalid role name: SystemDesign
2025-04-26 14:24:43,820 - arxml_tool - ERROR - Error initializing packages: Invalid role name: SystemDesign
2025-04-26 14:24:43,820 - arxml_tool - ERROR - Error initializing packages: Invalid role name: SystemDesign
2025-04-26 14:24:43,820 - arxml_tool - ERROR - Error initializing packages: Invalid role name: SystemDesign
2025-04-26 14:24:43,821 - arxml_tool - ERROR - ARXML file not found: non_existent_file.arxml
2025-04-26 14:24:43,821 - arxml_tool - ERROR - ARXML file not found: non_existent_file.arxml
2025-04-26 14:24:43,821 - arxml_tool - ERROR - ARXML file not found: non_existent_file.arxml
2025-04-26 14:24:43,821 - arxml_tool - ERROR - ARXML file not found: non_existent_file.arxml
2025-04-26 14:24:43,821 - arxml_tool - ERROR - ARXML file not found: non_existent_file.arxml
2025-04-26 14:24:43,823 - arxml_tool - ERROR - Error initializing packages: Invalid role name: SystemDesign
2025-04-26 14:24:43,823 - arxml_tool - ERROR - Error initializing packages: Invalid role name: SystemDesign
2025-04-26 14:24:43,823 - arxml_tool - ERROR - Error initializing packages: Invalid role name: SystemDesign
2025-04-26 14:24:43,823 - arxml_tool - ERROR - Error initializing packages: Invalid role name: SystemDesign
2025-04-26 14:24:43,823 - arxml_tool - ERROR - Error initializing packages: Invalid role name: SystemDesign
2025-04-26 14:24:43,823 - arxml_tool - ERROR - Error initializing packages: Invalid role name: SystemDesign
2025-04-26 14:24:43,825 - arxml_tool - INFO - Loading ARXML file: /home/adarsh/autosar_arxml-parser_editor/tests/../examples/sample.arxml
2025-04-26 14:24:43,825 - arxml_tool - INFO - Loading ARXML file: /home/adarsh/autosar_arxml-parser_editor/tests/../examples/sample.arxml
2025-04-26 14:24:43,825 - arxml_tool - INFO - Loading ARXML file: /home/adarsh/autosar_arxml-parser_editor/tests/../examples/sample.arxml
2025-04-26 14:24:43,825 - arxml_tool - INFO - Loading ARXML file: /home/adarsh/autosar_arxml-parser_editor/tests/../examples/sample.arxml
2025-04-26 14:24:43,825 - arxml_tool - INFO - Loading ARXML file: /home/adarsh/autosar_arxml-parser_editor/tests/../examples/sample.arxml
2025-04-26 14:24:43,825 - arxml_tool - INFO - Loading ARXML file: /home/adarsh/autosar_arxml-parser_editor/tests/../examples/sample.arxml
2025-04-26 14:24:44,036 - arxml_tool - WARNING - Failed to download schema: HTTP 404
2025-04-26 14:24:44,036 - arxml_tool - WARNING - Failed to download schema: HTTP 404
2025-04-26 14:24:44,036 - arxml_tool - WARNING - Failed to download schema: HTTP 404
2025-04-26 14:24:44,036 - arxml_tool - WARNING - Failed to download schema: HTTP 404
2025-04-26 14:24:44,036 - arxml_tool - WARNING - Failed to download schema: HTTP 404
2025-04-26 14:24:44,036 - arxml_tool - WARNING - Failed to download schema: HTTP 404
2025-04-26 14:24:44,037 - arxml_tool - WARNING - Could not load schema, skipping validation
2025-04-26 14:24:44,037 - arxml_tool - WARNING - Could not load schema, skipping validation
2025-04-26 14:24:44,037 - arxml_tool - WARNING - Could not load schema, skipping validation
2025-04-26 14:24:44,037 - arxml_tool - WARNING - Could not load schema, skipping validation
2025-04-26 14:24:44,037 - arxml_tool - WARNING - Could not load schema, skipping validation
2025-04-26 14:24:44,037 - arxml_tool - WARNING - Could not load schema, skipping validation
2025-04-26 14:24:44,038 - arxml_tool - INFO - Successfully loaded ARXML file
2025-04-26 14:24:44,038 - arxml_tool - INFO - Successfully loaded ARXML file
2025-04-26 14:24:44,038 - arxml_tool - INFO - Successfully loaded ARXML file
2025-04-26 14:24:44,038 - arxml_tool - INFO - Successfully loaded ARXML file
2025-04-26 14:24:44,038 - arxml_tool - INFO - Successfully loaded ARXML file
2025-04-26 14:24:44,038 - arxml_tool - INFO - Successfully loaded ARXML file
2025-04-26 14:24:44,040 - arxml_tool - ERROR - Error initializing packages: Invalid role name: SystemDesign
2025-04-26 14:24:44,040 - arxml_tool - ERROR - Error initializing packages: Invalid role name: SystemDesign
2025-04-26 14:24:44,040 - arxml_tool - ERROR - Error initializing packages: Invalid role name: SystemDesign
2025-04-26 14:24:44,040 - arxml_tool - ERROR - Error initializing packages: Invalid role name: SystemDesign
2025-04-26 14:24:44,040 - arxml_tool - ERROR - Error initializing packages: Invalid role name: SystemDesign
2025-04-26 14:24:44,040 - arxml_tool - ERROR - Error initializing packages: Invalid role name: SystemDesign
2025-04-26 14:24:44,041 - arxml_tool - INFO - Loading ARXML file: /tmp/tmp8b9shewg.arxml
2025-04-26 14:24:44,041 - arxml_tool - INFO - Loading ARXML file: /tmp/tmp8b9shewg.arxml
2025-04-26 14:24:44,041 - arxml_tool - INFO - Loading ARXML file: /tmp/tmp8b9shewg.arxml
2025-04-26 14:24:44,041 - arxml_tool - INFO - Loading ARXML file: /tmp/tmp8b9shewg.arxml
2025-04-26 14:24:44,041 - arxml_tool - INFO - Loading ARXML file: /tmp/tmp8b9shewg.arxml
2025-04-26 14:24:44,041 - arxml_tool - INFO - Loading ARXML file: /tmp/tmp8b9shewg.arxml
2025-04-26 14:24:44,042 - arxml_tool - ERROR - Error loading XML content: 
2025-04-26 14:24:44,042 - arxml_tool - ERROR - Error loading XML content: 
2025-04-26 14:24:44,042 - arxml_tool - ERROR - Error loading XML content: 
2025-04-26 14:24:44,042 - arxml_tool - ERROR - Error loading XML content: 
2025-04-26 14:24:44,042 - arxml_tool - ERROR - Error loading XML content: 
2025-04-26 14:24:44,042 - arxml_tool - ERROR - Error loading XML content: 
2025-04-26 14:24:44,043 - arxml_tool - ERROR - Error initializing packages: Invalid role name: SystemDesign
2025-04-26 14:24:44,043 - arxml_tool - ERROR - Error initializing packages: Invalid role name: SystemDesign
2025-04-26 14:24:44,043 - arxml_tool - ERROR - Error initializing packages: Invalid role name: SystemDesign
2025-04-26 14:24:44,043 - arxml_tool - ERROR - Error initializing packages: Invalid role name: SystemDesign
2025-04-26 14:24:44,043 - arxml_tool - ERROR - Error initializing packages: Invalid role name: SystemDesign
2025-04-26 14:24:44,043 - arxml_tool - ERROR - Error initializing packages: Invalid role name: SystemDesign
2025-04-26 14:24:44,044 - arxml_tool - INFO - Loading ARXML file: /home/adarsh/autosar_arxml-parser_editor/tests/../examples/sample.arxml
2025-04-26 14:24:44,044 - arxml_tool - INFO - Loading ARXML file: /home/adarsh/autosar_arxml-parser_editor/tests/../examples/sample.arxml
2025-04-26 14:24:44,044 - arxml_tool - INFO - Loading ARXML file: /home/adarsh/autosar_arxml-parser_editor/tests/../examples/sample.arxml
2025-04-26 14:24:44,044 - arxml_tool - INFO - Loading ARXML file: /home/adarsh/autosar_arxml-parser_editor/tests/../examples/sample.arxml
2025-04-26 14:24:44,044 - arxml_tool - INFO - Loading ARXML file: /home/adarsh/autosar_arxml-parser_editor/tests/../examples/sample.arxml
2025-04-26 14:24:44,044 - arxml_tool - INFO - Loading ARXML file: /home/adarsh/autosar_arxml-parser_editor/tests/../examples/sample.arxml
2025-04-26 14:24:44,231 - arxml_tool - WARNING - Failed to download schema: HTTP 404
2025-04-26 14:24:44,231 - arxml_tool - WARNING - Failed to download schema: HTTP 404
2025-04-26 14:24:44,231 - arxml_tool - WARNING - Failed to download schema: HTTP 404
2025-04-26 14:24:44,231 - arxml_tool - WARNING - Failed to download schema: HTTP 404
2025-04-26 14:24:44,231 - arxml_tool - WARNING - Failed to download schema: HTTP 404
2025-04-26 14:24:44,231 - arxml_tool - WARNING - Failed to download schema: HTTP 404
2025-04-26 14:24:44,234 - arxml_tool - WARNING - Could not load schema, skipping validation
2025-04-26 14:24:44,234 - arxml_tool - WARNING - Could not load schema, skipping validation
2025-04-26 14:24:44,234 - arxml_tool - WARNING - Could not load schema, skipping validation
2025-04-26 14:24:44,234 - arxml_tool - WARNING - Could not load schema, skipping validation
2025-04-26 14:24:44,234 - arxml_tool - WARNING - Could not load schema, skipping validation
2025-04-26 14:24:44,234 - arxml_tool - WARNING - Could not load schema, skipping validation
2025-04-26 14:24:44,235 - arxml_tool - INFO - Successfully loaded ARXML file
2025-04-26 14:24:44,235 - arxml_tool - INFO - Successfully loaded ARXML file
2025-04-26 14:24:44,235 - arxml_tool - INFO - Successfully loaded ARXML file
2025-04-26 14:24:44,235 - arxml_tool - INFO - Successfully loaded ARXML file
2025-04-26 14:24:44,235 - arxml_tool - INFO - Successfully loaded ARXML file
2025-04-26 14:24:44,235 - arxml_tool - INFO - Successfully loaded ARXML file
