2025-05-01 14:59:13,031 - arxml_tool - ERROR - Error initializing packages: Invalid role name: SystemDesign
2025-05-01 14:59:13,033 - arxml_tool - INFO - Loading ARXML file for editing: /tmp/tmpg_4l5s0u.arxml
2025-05-01 14:59:13,033 - arxml_tool - INFO - Loading ARXML file for editing: /tmp/tmpg_4l5s0u.arxml
2025-05-01 14:59:13,034 - arxml_tool - INFO - Loading ARXML file: /tmp/tmpg_4l5s0u.arxml
2025-05-01 14:59:13,034 - arxml_tool - INFO - Loading ARXML file: /tmp/tmpg_4l5s0u.arxml
2025-05-01 14:59:13,277 - arxml_tool - WARNING - Failed to download schema: HTTP 404
2025-05-01 14:59:13,277 - arxml_tool - WARNING - Failed to download schema: HTTP 404
2025-05-01 14:59:13,278 - arxml_tool - WARNING - Could not load schema, skipping validation
2025-05-01 14:59:13,278 - arxml_tool - WARNING - Could not load schema, skipping validation
2025-05-01 14:59:13,279 - arxml_tool - INFO - Successfully loaded ARXML file
2025-05-01 14:59:13,279 - arxml_tool - INFO - Successfully loaded ARXML file
2025-05-01 14:59:13,279 - arxml_tool - ERROR - Error initializing packages: Invalid role name: SystemDesign
2025-05-01 14:59:13,279 - arxml_tool - ERROR - Error initializing packages: Invalid role name: SystemDesign
2025-05-01 14:59:13,279 - arxml_tool - ERROR - Error initializing packages: Invalid role name: SystemDesign
2025-05-01 14:59:13,280 - arxml_tool - INFO - Loading ARXML file for editing: /home/adarsh/autosar_arxml-parser_editor/tests/../examples/sample.arxml
2025-05-01 14:59:13,280 - arxml_tool - INFO - Loading ARXML file for editing: /home/adarsh/autosar_arxml-parser_editor/tests/../examples/sample.arxml
2025-05-01 14:59:13,280 - arxml_tool - INFO - Loading ARXML file for editing: /home/adarsh/autosar_arxml-parser_editor/tests/../examples/sample.arxml
2025-05-01 14:59:13,280 - arxml_tool - INFO - Loading ARXML file for editing: /home/adarsh/autosar_arxml-parser_editor/tests/../examples/sample.arxml
2025-05-01 14:59:13,281 - arxml_tool - INFO - Loading ARXML file: /home/adarsh/autosar_arxml-parser_editor/tests/../examples/sample.arxml
2025-05-01 14:59:13,281 - arxml_tool - INFO - Loading ARXML file: /home/adarsh/autosar_arxml-parser_editor/tests/../examples/sample.arxml
2025-05-01 14:59:13,281 - arxml_tool - INFO - Loading ARXML file: /home/adarsh/autosar_arxml-parser_editor/tests/../examples/sample.arxml
2025-05-01 14:59:13,281 - arxml_tool - INFO - Loading ARXML file: /home/adarsh/autosar_arxml-parser_editor/tests/../examples/sample.arxml
2025-05-01 14:59:13,509 - arxml_tool - WARNING - Failed to download schema: HTTP 404
2025-05-01 14:59:13,509 - arxml_tool - WARNING - Failed to download schema: HTTP 404
2025-05-01 14:59:13,509 - arxml_tool - WARNING - Failed to download schema: HTTP 404
2025-05-01 14:59:13,509 - arxml_tool - WARNING - Failed to download schema: HTTP 404
2025-05-01 14:59:13,514 - arxml_tool - WARNING - Could not load schema, skipping validation
2025-05-01 14:59:13,514 - arxml_tool - WARNING - Could not load schema, skipping validation
2025-05-01 14:59:13,514 - arxml_tool - WARNING - Could not load schema, skipping validation
2025-05-01 14:59:13,514 - arxml_tool - WARNING - Could not load schema, skipping validation
2025-05-01 14:59:13,517 - arxml_tool - INFO - Successfully loaded ARXML file
2025-05-01 14:59:13,517 - arxml_tool - INFO - Successfully loaded ARXML file
2025-05-01 14:59:13,517 - arxml_tool - INFO - Successfully loaded ARXML file
2025-05-01 14:59:13,517 - arxml_tool - INFO - Successfully loaded ARXML file
2025-05-01 14:59:13,523 - arxml_tool - INFO - Created backup: /tmp/.arxml_backups/tmp7w19mrvy.arxml.20250501_145913.bak
2025-05-01 14:59:13,523 - arxml_tool - INFO - Created backup: /tmp/.arxml_backups/tmp7w19mrvy.arxml.20250501_145913.bak
2025-05-01 14:59:13,523 - arxml_tool - INFO - Created backup: /tmp/.arxml_backups/tmp7w19mrvy.arxml.20250501_145913.bak
2025-05-01 14:59:13,523 - arxml_tool - INFO - Created backup: /tmp/.arxml_backups/tmp7w19mrvy.arxml.20250501_145913.bak
2025-05-01 14:59:13,527 - arxml_tool - INFO - Saved ARXML file to: /tmp/tmp7w19mrvy.arxml
2025-05-01 14:59:13,527 - arxml_tool - INFO - Saved ARXML file to: /tmp/tmp7w19mrvy.arxml
2025-05-01 14:59:13,527 - arxml_tool - INFO - Saved ARXML file to: /tmp/tmp7w19mrvy.arxml
2025-05-01 14:59:13,527 - arxml_tool - INFO - Saved ARXML file to: /tmp/tmp7w19mrvy.arxml
2025-05-01 14:59:13,532 - arxml_tool - ERROR - Error initializing packages: Invalid role name: SystemDesign
2025-05-01 14:59:13,532 - arxml_tool - ERROR - Error initializing packages: Invalid role name: SystemDesign
2025-05-01 14:59:13,532 - arxml_tool - ERROR - Error initializing packages: Invalid role name: SystemDesign
2025-05-01 14:59:13,532 - arxml_tool - ERROR - Error initializing packages: Invalid role name: SystemDesign
2025-05-01 14:59:13,532 - arxml_tool - ERROR - Error initializing packages: Invalid role name: SystemDesign
2025-05-01 14:59:13,534 - arxml_tool - INFO - Loading ARXML file: /home/adarsh/autosar_arxml-parser_editor/tests/../examples/sample.arxml
2025-05-01 14:59:13,534 - arxml_tool - INFO - Loading ARXML file: /home/adarsh/autosar_arxml-parser_editor/tests/../examples/sample.arxml
2025-05-01 14:59:13,534 - arxml_tool - INFO - Loading ARXML file: /home/adarsh/autosar_arxml-parser_editor/tests/../examples/sample.arxml
2025-05-01 14:59:13,534 - arxml_tool - INFO - Loading ARXML file: /home/adarsh/autosar_arxml-parser_editor/tests/../examples/sample.arxml
2025-05-01 14:59:13,534 - arxml_tool - INFO - Loading ARXML file: /home/adarsh/autosar_arxml-parser_editor/tests/../examples/sample.arxml
2025-05-01 14:59:13,748 - arxml_tool - WARNING - Failed to download schema: HTTP 404
2025-05-01 14:59:13,748 - arxml_tool - WARNING - Failed to download schema: HTTP 404
2025-05-01 14:59:13,748 - arxml_tool - WARNING - Failed to download schema: HTTP 404
2025-05-01 14:59:13,748 - arxml_tool - WARNING - Failed to download schema: HTTP 404
2025-05-01 14:59:13,748 - arxml_tool - WARNING - Failed to download schema: HTTP 404
2025-05-01 14:59:13,752 - arxml_tool - WARNING - Could not load schema, skipping validation
2025-05-01 14:59:13,752 - arxml_tool - WARNING - Could not load schema, skipping validation
2025-05-01 14:59:13,752 - arxml_tool - WARNING - Could not load schema, skipping validation
2025-05-01 14:59:13,752 - arxml_tool - WARNING - Could not load schema, skipping validation
2025-05-01 14:59:13,752 - arxml_tool - WARNING - Could not load schema, skipping validation
2025-05-01 14:59:13,756 - arxml_tool - INFO - Successfully loaded ARXML file
2025-05-01 14:59:13,756 - arxml_tool - INFO - Successfully loaded ARXML file
2025-05-01 14:59:13,756 - arxml_tool - INFO - Successfully loaded ARXML file
2025-05-01 14:59:13,756 - arxml_tool - INFO - Successfully loaded ARXML file
2025-05-01 14:59:13,756 - arxml_tool - INFO - Successfully loaded ARXML file
2025-05-01 14:59:13,760 - arxml_tool - ERROR - Error initializing packages: Invalid role name: SystemDesign
2025-05-01 14:59:13,760 - arxml_tool - ERROR - Error initializing packages: Invalid role name: SystemDesign
2025-05-01 14:59:13,760 - arxml_tool - ERROR - Error initializing packages: Invalid role name: SystemDesign
2025-05-01 14:59:13,760 - arxml_tool - ERROR - Error initializing packages: Invalid role name: SystemDesign
2025-05-01 14:59:13,760 - arxml_tool - ERROR - Error initializing packages: Invalid role name: SystemDesign
2025-05-01 14:59:13,760 - arxml_tool - ERROR - Error initializing packages: Invalid role name: SystemDesign
2025-05-01 14:59:13,762 - arxml_tool - INFO - Loading ARXML file: /home/adarsh/autosar_arxml-parser_editor/tests/../examples/sample.arxml
2025-05-01 14:59:13,762 - arxml_tool - INFO - Loading ARXML file: /home/adarsh/autosar_arxml-parser_editor/tests/../examples/sample.arxml
2025-05-01 14:59:13,762 - arxml_tool - INFO - Loading ARXML file: /home/adarsh/autosar_arxml-parser_editor/tests/../examples/sample.arxml
2025-05-01 14:59:13,762 - arxml_tool - INFO - Loading ARXML file: /home/adarsh/autosar_arxml-parser_editor/tests/../examples/sample.arxml
2025-05-01 14:59:13,762 - arxml_tool - INFO - Loading ARXML file: /home/adarsh/autosar_arxml-parser_editor/tests/../examples/sample.arxml
2025-05-01 14:59:13,762 - arxml_tool - INFO - Loading ARXML file: /home/adarsh/autosar_arxml-parser_editor/tests/../examples/sample.arxml
2025-05-01 14:59:13,957 - arxml_tool - WARNING - Failed to download schema: HTTP 404
2025-05-01 14:59:13,957 - arxml_tool - WARNING - Failed to download schema: HTTP 404
2025-05-01 14:59:13,957 - arxml_tool - WARNING - Failed to download schema: HTTP 404
2025-05-01 14:59:13,957 - arxml_tool - WARNING - Failed to download schema: HTTP 404
2025-05-01 14:59:13,957 - arxml_tool - WARNING - Failed to download schema: HTTP 404
2025-05-01 14:59:13,957 - arxml_tool - WARNING - Failed to download schema: HTTP 404
2025-05-01 14:59:13,958 - arxml_tool - WARNING - Could not load schema, skipping validation
2025-05-01 14:59:13,958 - arxml_tool - WARNING - Could not load schema, skipping validation
2025-05-01 14:59:13,958 - arxml_tool - WARNING - Could not load schema, skipping validation
2025-05-01 14:59:13,958 - arxml_tool - WARNING - Could not load schema, skipping validation
2025-05-01 14:59:13,958 - arxml_tool - WARNING - Could not load schema, skipping validation
2025-05-01 14:59:13,958 - arxml_tool - WARNING - Could not load schema, skipping validation
2025-05-01 14:59:13,960 - arxml_tool - INFO - Successfully loaded ARXML file
2025-05-01 14:59:13,960 - arxml_tool - INFO - Successfully loaded ARXML file
2025-05-01 14:59:13,960 - arxml_tool - INFO - Successfully loaded ARXML file
2025-05-01 14:59:13,960 - arxml_tool - INFO - Successfully loaded ARXML file
2025-05-01 14:59:13,960 - arxml_tool - INFO - Successfully loaded ARXML file
2025-05-01 14:59:13,960 - arxml_tool - INFO - Successfully loaded ARXML file
2025-05-01 14:59:13,962 - arxml_tool - ERROR - Error initializing packages: Invalid role name: SystemDesign
2025-05-01 14:59:13,962 - arxml_tool - ERROR - Error initializing packages: Invalid role name: SystemDesign
2025-05-01 14:59:13,962 - arxml_tool - ERROR - Error initializing packages: Invalid role name: SystemDesign
2025-05-01 14:59:13,962 - arxml_tool - ERROR - Error initializing packages: Invalid role name: SystemDesign
2025-05-01 14:59:13,962 - arxml_tool - ERROR - Error initializing packages: Invalid role name: SystemDesign
2025-05-01 14:59:13,962 - arxml_tool - ERROR - Error initializing packages: Invalid role name: SystemDesign
2025-05-01 14:59:13,962 - arxml_tool - ERROR - Error initializing packages: Invalid role name: SystemDesign
2025-05-01 14:59:13,964 - arxml_tool - ERROR - ARXML file not found: non_existent_file.arxml
2025-05-01 14:59:13,964 - arxml_tool - ERROR - ARXML file not found: non_existent_file.arxml
2025-05-01 14:59:13,964 - arxml_tool - ERROR - ARXML file not found: non_existent_file.arxml
2025-05-01 14:59:13,964 - arxml_tool - ERROR - ARXML file not found: non_existent_file.arxml
2025-05-01 14:59:13,964 - arxml_tool - ERROR - ARXML file not found: non_existent_file.arxml
2025-05-01 14:59:13,964 - arxml_tool - ERROR - ARXML file not found: non_existent_file.arxml
2025-05-01 14:59:13,964 - arxml_tool - ERROR - ARXML file not found: non_existent_file.arxml
2025-05-01 14:59:13,966 - arxml_tool - ERROR - Error initializing packages: Invalid role name: SystemDesign
2025-05-01 14:59:13,966 - arxml_tool - ERROR - Error initializing packages: Invalid role name: SystemDesign
2025-05-01 14:59:13,966 - arxml_tool - ERROR - Error initializing packages: Invalid role name: SystemDesign
2025-05-01 14:59:13,966 - arxml_tool - ERROR - Error initializing packages: Invalid role name: SystemDesign
2025-05-01 14:59:13,966 - arxml_tool - ERROR - Error initializing packages: Invalid role name: SystemDesign
2025-05-01 14:59:13,966 - arxml_tool - ERROR - Error initializing packages: Invalid role name: SystemDesign
2025-05-01 14:59:13,966 - arxml_tool - ERROR - Error initializing packages: Invalid role name: SystemDesign
2025-05-01 14:59:13,966 - arxml_tool - ERROR - Error initializing packages: Invalid role name: SystemDesign
2025-05-01 14:59:13,968 - arxml_tool - INFO - Loading ARXML file: /home/adarsh/autosar_arxml-parser_editor/tests/../examples/sample.arxml
2025-05-01 14:59:13,968 - arxml_tool - INFO - Loading ARXML file: /home/adarsh/autosar_arxml-parser_editor/tests/../examples/sample.arxml
2025-05-01 14:59:13,968 - arxml_tool - INFO - Loading ARXML file: /home/adarsh/autosar_arxml-parser_editor/tests/../examples/sample.arxml
2025-05-01 14:59:13,968 - arxml_tool - INFO - Loading ARXML file: /home/adarsh/autosar_arxml-parser_editor/tests/../examples/sample.arxml
2025-05-01 14:59:13,968 - arxml_tool - INFO - Loading ARXML file: /home/adarsh/autosar_arxml-parser_editor/tests/../examples/sample.arxml
2025-05-01 14:59:13,968 - arxml_tool - INFO - Loading ARXML file: /home/adarsh/autosar_arxml-parser_editor/tests/../examples/sample.arxml
2025-05-01 14:59:13,968 - arxml_tool - INFO - Loading ARXML file: /home/adarsh/autosar_arxml-parser_editor/tests/../examples/sample.arxml
2025-05-01 14:59:13,968 - arxml_tool - INFO - Loading ARXML file: /home/adarsh/autosar_arxml-parser_editor/tests/../examples/sample.arxml
2025-05-01 14:59:14,168 - arxml_tool - WARNING - Failed to download schema: HTTP 404
2025-05-01 14:59:14,168 - arxml_tool - WARNING - Failed to download schema: HTTP 404
2025-05-01 14:59:14,168 - arxml_tool - WARNING - Failed to download schema: HTTP 404
2025-05-01 14:59:14,168 - arxml_tool - WARNING - Failed to download schema: HTTP 404
2025-05-01 14:59:14,168 - arxml_tool - WARNING - Failed to download schema: HTTP 404
2025-05-01 14:59:14,168 - arxml_tool - WARNING - Failed to download schema: HTTP 404
2025-05-01 14:59:14,168 - arxml_tool - WARNING - Failed to download schema: HTTP 404
2025-05-01 14:59:14,168 - arxml_tool - WARNING - Failed to download schema: HTTP 404
2025-05-01 14:59:14,172 - arxml_tool - WARNING - Could not load schema, skipping validation
2025-05-01 14:59:14,172 - arxml_tool - WARNING - Could not load schema, skipping validation
2025-05-01 14:59:14,172 - arxml_tool - WARNING - Could not load schema, skipping validation
2025-05-01 14:59:14,172 - arxml_tool - WARNING - Could not load schema, skipping validation
2025-05-01 14:59:14,172 - arxml_tool - WARNING - Could not load schema, skipping validation
2025-05-01 14:59:14,172 - arxml_tool - WARNING - Could not load schema, skipping validation
2025-05-01 14:59:14,172 - arxml_tool - WARNING - Could not load schema, skipping validation
2025-05-01 14:59:14,172 - arxml_tool - WARNING - Could not load schema, skipping validation
2025-05-01 14:59:14,175 - arxml_tool - INFO - Successfully loaded ARXML file
2025-05-01 14:59:14,175 - arxml_tool - INFO - Successfully loaded ARXML file
2025-05-01 14:59:14,175 - arxml_tool - INFO - Successfully loaded ARXML file
2025-05-01 14:59:14,175 - arxml_tool - INFO - Successfully loaded ARXML file
2025-05-01 14:59:14,175 - arxml_tool - INFO - Successfully loaded ARXML file
2025-05-01 14:59:14,175 - arxml_tool - INFO - Successfully loaded ARXML file
2025-05-01 14:59:14,175 - arxml_tool - INFO - Successfully loaded ARXML file
2025-05-01 14:59:14,175 - arxml_tool - INFO - Successfully loaded ARXML file
2025-05-01 14:59:14,180 - arxml_tool - ERROR - Error initializing packages: Invalid role name: SystemDesign
2025-05-01 14:59:14,180 - arxml_tool - ERROR - Error initializing packages: Invalid role name: SystemDesign
2025-05-01 14:59:14,180 - arxml_tool - ERROR - Error initializing packages: Invalid role name: SystemDesign
2025-05-01 14:59:14,180 - arxml_tool - ERROR - Error initializing packages: Invalid role name: SystemDesign
2025-05-01 14:59:14,180 - arxml_tool - ERROR - Error initializing packages: Invalid role name: SystemDesign
2025-05-01 14:59:14,180 - arxml_tool - ERROR - Error initializing packages: Invalid role name: SystemDesign
2025-05-01 14:59:14,180 - arxml_tool - ERROR - Error initializing packages: Invalid role name: SystemDesign
2025-05-01 14:59:14,180 - arxml_tool - ERROR - Error initializing packages: Invalid role name: SystemDesign
2025-05-01 14:59:14,183 - arxml_tool - INFO - Loading ARXML file: /tmp/tmp3txxadut.arxml
2025-05-01 14:59:14,183 - arxml_tool - INFO - Loading ARXML file: /tmp/tmp3txxadut.arxml
2025-05-01 14:59:14,183 - arxml_tool - INFO - Loading ARXML file: /tmp/tmp3txxadut.arxml
2025-05-01 14:59:14,183 - arxml_tool - INFO - Loading ARXML file: /tmp/tmp3txxadut.arxml
2025-05-01 14:59:14,183 - arxml_tool - INFO - Loading ARXML file: /tmp/tmp3txxadut.arxml
2025-05-01 14:59:14,183 - arxml_tool - INFO - Loading ARXML file: /tmp/tmp3txxadut.arxml
2025-05-01 14:59:14,183 - arxml_tool - INFO - Loading ARXML file: /tmp/tmp3txxadut.arxml
2025-05-01 14:59:14,183 - arxml_tool - INFO - Loading ARXML file: /tmp/tmp3txxadut.arxml
2025-05-01 14:59:14,186 - arxml_tool - ERROR - Error loading XML content: 
2025-05-01 14:59:14,186 - arxml_tool - ERROR - Error loading XML content: 
2025-05-01 14:59:14,186 - arxml_tool - ERROR - Error loading XML content: 
2025-05-01 14:59:14,186 - arxml_tool - ERROR - Error loading XML content: 
2025-05-01 14:59:14,186 - arxml_tool - ERROR - Error loading XML content: 
2025-05-01 14:59:14,186 - arxml_tool - ERROR - Error loading XML content: 
2025-05-01 14:59:14,186 - arxml_tool - ERROR - Error loading XML content: 
2025-05-01 14:59:14,186 - arxml_tool - ERROR - Error loading XML content: 
2025-05-01 14:59:14,188 - arxml_tool - ERROR - Error initializing packages: Invalid role name: SystemDesign
2025-05-01 14:59:14,188 - arxml_tool - ERROR - Error initializing packages: Invalid role name: SystemDesign
2025-05-01 14:59:14,188 - arxml_tool - ERROR - Error initializing packages: Invalid role name: SystemDesign
2025-05-01 14:59:14,188 - arxml_tool - ERROR - Error initializing packages: Invalid role name: SystemDesign
2025-05-01 14:59:14,188 - arxml_tool - ERROR - Error initializing packages: Invalid role name: SystemDesign
2025-05-01 14:59:14,188 - arxml_tool - ERROR - Error initializing packages: Invalid role name: SystemDesign
2025-05-01 14:59:14,188 - arxml_tool - ERROR - Error initializing packages: Invalid role name: SystemDesign
2025-05-01 14:59:14,188 - arxml_tool - ERROR - Error initializing packages: Invalid role name: SystemDesign
2025-05-01 14:59:14,190 - arxml_tool - INFO - Loading ARXML file: /home/adarsh/autosar_arxml-parser_editor/tests/../examples/sample.arxml
2025-05-01 14:59:14,190 - arxml_tool - INFO - Loading ARXML file: /home/adarsh/autosar_arxml-parser_editor/tests/../examples/sample.arxml
2025-05-01 14:59:14,190 - arxml_tool - INFO - Loading ARXML file: /home/adarsh/autosar_arxml-parser_editor/tests/../examples/sample.arxml
2025-05-01 14:59:14,190 - arxml_tool - INFO - Loading ARXML file: /home/adarsh/autosar_arxml-parser_editor/tests/../examples/sample.arxml
2025-05-01 14:59:14,190 - arxml_tool - INFO - Loading ARXML file: /home/adarsh/autosar_arxml-parser_editor/tests/../examples/sample.arxml
2025-05-01 14:59:14,190 - arxml_tool - INFO - Loading ARXML file: /home/adarsh/autosar_arxml-parser_editor/tests/../examples/sample.arxml
2025-05-01 14:59:14,190 - arxml_tool - INFO - Loading ARXML file: /home/adarsh/autosar_arxml-parser_editor/tests/../examples/sample.arxml
2025-05-01 14:59:14,190 - arxml_tool - INFO - Loading ARXML file: /home/adarsh/autosar_arxml-parser_editor/tests/../examples/sample.arxml
2025-05-01 14:59:14,374 - arxml_tool - WARNING - Failed to download schema: HTTP 404
2025-05-01 14:59:14,374 - arxml_tool - WARNING - Failed to download schema: HTTP 404
2025-05-01 14:59:14,374 - arxml_tool - WARNING - Failed to download schema: HTTP 404
2025-05-01 14:59:14,374 - arxml_tool - WARNING - Failed to download schema: HTTP 404
2025-05-01 14:59:14,374 - arxml_tool - WARNING - Failed to download schema: HTTP 404
2025-05-01 14:59:14,374 - arxml_tool - WARNING - Failed to download schema: HTTP 404
2025-05-01 14:59:14,374 - arxml_tool - WARNING - Failed to download schema: HTTP 404
2025-05-01 14:59:14,374 - arxml_tool - WARNING - Failed to download schema: HTTP 404
2025-05-01 14:59:14,376 - arxml_tool - WARNING - Could not load schema, skipping validation
2025-05-01 14:59:14,376 - arxml_tool - WARNING - Could not load schema, skipping validation
2025-05-01 14:59:14,376 - arxml_tool - WARNING - Could not load schema, skipping validation
2025-05-01 14:59:14,376 - arxml_tool - WARNING - Could not load schema, skipping validation
2025-05-01 14:59:14,376 - arxml_tool - WARNING - Could not load schema, skipping validation
2025-05-01 14:59:14,376 - arxml_tool - WARNING - Could not load schema, skipping validation
2025-05-01 14:59:14,376 - arxml_tool - WARNING - Could not load schema, skipping validation
2025-05-01 14:59:14,376 - arxml_tool - WARNING - Could not load schema, skipping validation
2025-05-01 14:59:14,377 - arxml_tool - INFO - Successfully loaded ARXML file
2025-05-01 14:59:14,377 - arxml_tool - INFO - Successfully loaded ARXML file
2025-05-01 14:59:14,377 - arxml_tool - INFO - Successfully loaded ARXML file
2025-05-01 14:59:14,377 - arxml_tool - INFO - Successfully loaded ARXML file
2025-05-01 14:59:14,377 - arxml_tool - INFO - Successfully loaded ARXML file
2025-05-01 14:59:14,377 - arxml_tool - INFO - Successfully loaded ARXML file
2025-05-01 14:59:14,377 - arxml_tool - INFO - Successfully loaded ARXML file
2025-05-01 14:59:14,377 - arxml_tool - INFO - Successfully loaded ARXML file
