2025-04-26 14:31:19,194 - arxml_tool - ERROR - Error initializing packages: Invalid role name: SystemDesign
2025-04-26 14:31:19,195 - arxml_tool - INFO - Loading ARXML file: /home/adarsh/autosar_arxml-parser_editor/tests/../examples/sample.arxml
2025-04-26 14:31:19,387 - arxml_tool - WARNING - Failed to download schema: HTTP 404
2025-04-26 14:31:19,390 - arxml_tool - WARNING - Could not load schema, skipping validation
2025-04-26 14:31:19,391 - arxml_tool - INFO - Successfully loaded ARXML file
2025-04-26 14:31:19,392 - arxml_tool - ERROR - Error initializing packages: Invalid role name: SystemDesign
2025-04-26 14:31:19,392 - arxml_tool - ERROR - Error initializing packages: Invalid role name: SystemDesign
2025-04-26 14:31:19,392 - arxml_tool - INFO - Loading ARXML file: /home/adarsh/autosar_arxml-parser_editor/tests/../examples/sample.arxml
2025-04-26 14:31:19,392 - arxml_tool - INFO - Loading ARXML file: /home/adarsh/autosar_arxml-parser_editor/tests/../examples/sample.arxml
2025-04-26 14:31:19,599 - arxml_tool - WARNING - Failed to download schema: HTTP 404
2025-04-26 14:31:19,599 - arxml_tool - WARNING - Failed to download schema: HTTP 404
2025-04-26 14:31:19,600 - arxml_tool - WARNING - Could not load schema, skipping validation
2025-04-26 14:31:19,600 - arxml_tool - WARNING - Could not load schema, skipping validation
2025-04-26 14:31:19,601 - arxml_tool - INFO - Successfully loaded ARXML file
2025-04-26 14:31:19,601 - arxml_tool - INFO - Successfully loaded ARXML file
2025-04-26 14:31:19,603 - arxml_tool - ERROR - Error initializing packages: Invalid role name: SystemDesign
2025-04-26 14:31:19,603 - arxml_tool - ERROR - Error initializing packages: Invalid role name: SystemDesign
2025-04-26 14:31:19,603 - arxml_tool - ERROR - Error initializing packages: Invalid role name: SystemDesign
2025-04-26 14:31:19,604 - arxml_tool - ERROR - ARXML file not found: non_existent_file.arxml
2025-04-26 14:31:19,604 - arxml_tool - ERROR - ARXML file not found: non_existent_file.arxml
2025-04-26 14:31:19,604 - arxml_tool - ERROR - ARXML file not found: non_existent_file.arxml
2025-04-26 14:31:19,606 - arxml_tool - ERROR - Error initializing packages: Invalid role name: SystemDesign
2025-04-26 14:31:19,606 - arxml_tool - ERROR - Error initializing packages: Invalid role name: SystemDesign
2025-04-26 14:31:19,606 - arxml_tool - ERROR - Error initializing packages: Invalid role name: SystemDesign
2025-04-26 14:31:19,606 - arxml_tool - ERROR - Error initializing packages: Invalid role name: SystemDesign
2025-04-26 14:31:19,607 - arxml_tool - INFO - Loading ARXML file: /home/adarsh/autosar_arxml-parser_editor/tests/../examples/sample.arxml
2025-04-26 14:31:19,607 - arxml_tool - INFO - Loading ARXML file: /home/adarsh/autosar_arxml-parser_editor/tests/../examples/sample.arxml
2025-04-26 14:31:19,607 - arxml_tool - INFO - Loading ARXML file: /home/adarsh/autosar_arxml-parser_editor/tests/../examples/sample.arxml
2025-04-26 14:31:19,607 - arxml_tool - INFO - Loading ARXML file: /home/adarsh/autosar_arxml-parser_editor/tests/../examples/sample.arxml
2025-04-26 14:31:19,797 - arxml_tool - WARNING - Failed to download schema: HTTP 404
2025-04-26 14:31:19,797 - arxml_tool - WARNING - Failed to download schema: HTTP 404
2025-04-26 14:31:19,797 - arxml_tool - WARNING - Failed to download schema: HTTP 404
2025-04-26 14:31:19,797 - arxml_tool - WARNING - Failed to download schema: HTTP 404
2025-04-26 14:31:19,799 - arxml_tool - WARNING - Could not load schema, skipping validation
2025-04-26 14:31:19,799 - arxml_tool - WARNING - Could not load schema, skipping validation
2025-04-26 14:31:19,799 - arxml_tool - WARNING - Could not load schema, skipping validation
2025-04-26 14:31:19,799 - arxml_tool - WARNING - Could not load schema, skipping validation
2025-04-26 14:31:19,799 - arxml_tool - INFO - Successfully loaded ARXML file
2025-04-26 14:31:19,799 - arxml_tool - INFO - Successfully loaded ARXML file
2025-04-26 14:31:19,799 - arxml_tool - INFO - Successfully loaded ARXML file
2025-04-26 14:31:19,799 - arxml_tool - INFO - Successfully loaded ARXML file
2025-04-26 14:31:19,801 - arxml_tool - ERROR - Error initializing packages: Invalid role name: SystemDesign
2025-04-26 14:31:19,801 - arxml_tool - ERROR - Error initializing packages: Invalid role name: SystemDesign
2025-04-26 14:31:19,801 - arxml_tool - ERROR - Error initializing packages: Invalid role name: SystemDesign
2025-04-26 14:31:19,801 - arxml_tool - ERROR - Error initializing packages: Invalid role name: SystemDesign
2025-04-26 14:31:19,801 - arxml_tool - ERROR - Error initializing packages: Invalid role name: SystemDesign
2025-04-26 14:31:19,802 - arxml_tool - INFO - Loading ARXML file: /tmp/tmpk_jwwhmm.arxml
2025-04-26 14:31:19,802 - arxml_tool - INFO - Loading ARXML file: /tmp/tmpk_jwwhmm.arxml
2025-04-26 14:31:19,802 - arxml_tool - INFO - Loading ARXML file: /tmp/tmpk_jwwhmm.arxml
2025-04-26 14:31:19,802 - arxml_tool - INFO - Loading ARXML file: /tmp/tmpk_jwwhmm.arxml
2025-04-26 14:31:19,802 - arxml_tool - INFO - Loading ARXML file: /tmp/tmpk_jwwhmm.arxml
2025-04-26 14:31:19,804 - arxml_tool - ERROR - Error loading XML content: 
2025-04-26 14:31:19,804 - arxml_tool - ERROR - Error loading XML content: 
2025-04-26 14:31:19,804 - arxml_tool - ERROR - Error loading XML content: 
2025-04-26 14:31:19,804 - arxml_tool - ERROR - Error loading XML content: 
2025-04-26 14:31:19,804 - arxml_tool - ERROR - Error loading XML content: 
2025-04-26 14:31:19,805 - arxml_tool - ERROR - Error initializing packages: Invalid role name: SystemDesign
2025-04-26 14:31:19,805 - arxml_tool - ERROR - Error initializing packages: Invalid role name: SystemDesign
2025-04-26 14:31:19,805 - arxml_tool - ERROR - Error initializing packages: Invalid role name: SystemDesign
2025-04-26 14:31:19,805 - arxml_tool - ERROR - Error initializing packages: Invalid role name: SystemDesign
2025-04-26 14:31:19,805 - arxml_tool - ERROR - Error initializing packages: Invalid role name: SystemDesign
2025-04-26 14:31:19,805 - arxml_tool - ERROR - Error initializing packages: Invalid role name: SystemDesign
2025-04-26 14:31:19,807 - arxml_tool - INFO - Loading ARXML file: /home/adarsh/autosar_arxml-parser_editor/tests/../examples/sample.arxml
2025-04-26 14:31:19,807 - arxml_tool - INFO - Loading ARXML file: /home/adarsh/autosar_arxml-parser_editor/tests/../examples/sample.arxml
2025-04-26 14:31:19,807 - arxml_tool - INFO - Loading ARXML file: /home/adarsh/autosar_arxml-parser_editor/tests/../examples/sample.arxml
2025-04-26 14:31:19,807 - arxml_tool - INFO - Loading ARXML file: /home/adarsh/autosar_arxml-parser_editor/tests/../examples/sample.arxml
2025-04-26 14:31:19,807 - arxml_tool - INFO - Loading ARXML file: /home/adarsh/autosar_arxml-parser_editor/tests/../examples/sample.arxml
2025-04-26 14:31:19,807 - arxml_tool - INFO - Loading ARXML file: /home/adarsh/autosar_arxml-parser_editor/tests/../examples/sample.arxml
2025-04-26 14:31:20,009 - arxml_tool - WARNING - Failed to download schema: HTTP 404
2025-04-26 14:31:20,009 - arxml_tool - WARNING - Failed to download schema: HTTP 404
2025-04-26 14:31:20,009 - arxml_tool - WARNING - Failed to download schema: HTTP 404
2025-04-26 14:31:20,009 - arxml_tool - WARNING - Failed to download schema: HTTP 404
2025-04-26 14:31:20,009 - arxml_tool - WARNING - Failed to download schema: HTTP 404
2025-04-26 14:31:20,009 - arxml_tool - WARNING - Failed to download schema: HTTP 404
2025-04-26 14:31:20,010 - arxml_tool - WARNING - Could not load schema, skipping validation
2025-04-26 14:31:20,010 - arxml_tool - WARNING - Could not load schema, skipping validation
2025-04-26 14:31:20,010 - arxml_tool - WARNING - Could not load schema, skipping validation
2025-04-26 14:31:20,010 - arxml_tool - WARNING - Could not load schema, skipping validation
2025-04-26 14:31:20,010 - arxml_tool - WARNING - Could not load schema, skipping validation
2025-04-26 14:31:20,010 - arxml_tool - WARNING - Could not load schema, skipping validation
2025-04-26 14:31:20,012 - arxml_tool - INFO - Successfully loaded ARXML file
2025-04-26 14:31:20,012 - arxml_tool - INFO - Successfully loaded ARXML file
2025-04-26 14:31:20,012 - arxml_tool - INFO - Successfully loaded ARXML file
2025-04-26 14:31:20,012 - arxml_tool - INFO - Successfully loaded ARXML file
2025-04-26 14:31:20,012 - arxml_tool - INFO - Successfully loaded ARXML file
2025-04-26 14:31:20,012 - arxml_tool - INFO - Successfully loaded ARXML file
