2025-04-26 14:08:39,186 - arxml_tool - INFO - Loading ARXML file for editing: /home/adarsh/autosar_arxml-parser_editor/tests/../examples/sample.arxml
2025-04-26 14:08:39,186 - arxml_tool - INFO - Loading ARXML file for editing: /home/adarsh/autosar_arxml-parser_editor/tests/../examples/sample.arxml
2025-04-26 14:08:39,187 - arxml_tool - INFO - Loading ARXML file: /home/adarsh/autosar_arxml-parser_editor/tests/../examples/sample.arxml
2025-04-26 14:08:39,187 - arxml_tool - INFO - Loading ARXML file: /home/adarsh/autosar_arxml-parser_editor/tests/../examples/sample.arxml
2025-04-26 14:08:39,397 - arxml_tool - WARNING - Failed to download schema: HTTP 404
2025-04-26 14:08:39,397 - arxml_tool - WARNING - Failed to download schema: HTTP 404
2025-04-26 14:08:39,397 - arxml_tool - WARNING - Could not load schema, skipping validation
2025-04-26 14:08:39,397 - arxml_tool - WARNING - Could not load schema, skipping validation
2025-04-26 14:08:39,398 - arxml_tool - INFO - Successfully loaded ARXML file
2025-04-26 14:08:39,398 - arxml_tool - INFO - Successfully loaded ARXML file
2025-04-26 14:08:39,400 - arxml_tool - INFO - Created backup: /tmp/.arxml_backups/tmpcb7ap3w5.arxml.20250426_140839.bak
2025-04-26 14:08:39,400 - arxml_tool - INFO - Created backup: /tmp/.arxml_backups/tmpcb7ap3w5.arxml.20250426_140839.bak
2025-04-26 14:08:39,401 - arxml_tool - INFO - Saved ARXML file to: /tmp/tmpcb7ap3w5.arxml
2025-04-26 14:08:39,401 - arxml_tool - INFO - Saved ARXML file to: /tmp/tmpcb7ap3w5.arxml
2025-04-26 14:08:39,401 - arxml_tool - INFO - Created backup: /tmp/.arxml_backups/tmpcb7ap3w5.arxml.20250426_140839.bak
2025-04-26 14:08:39,401 - arxml_tool - INFO - Created backup: /tmp/.arxml_backups/tmpcb7ap3w5.arxml.20250426_140839.bak
2025-04-26 14:08:39,402 - arxml_tool - INFO - Saved ARXML file to: /tmp/tmpcb7ap3w5.arxml
2025-04-26 14:08:39,402 - arxml_tool - INFO - Saved ARXML file to: /tmp/tmpcb7ap3w5.arxml
2025-04-26 14:08:39,404 - arxml_tool - INFO - Loading ARXML file for editing: /home/adarsh/autosar_arxml-parser_editor/tests/../examples/sample.arxml
2025-04-26 14:08:39,404 - arxml_tool - INFO - Loading ARXML file for editing: /home/adarsh/autosar_arxml-parser_editor/tests/../examples/sample.arxml
2025-04-26 14:08:39,404 - arxml_tool - INFO - Loading ARXML file for editing: /home/adarsh/autosar_arxml-parser_editor/tests/../examples/sample.arxml
2025-04-26 14:08:39,404 - arxml_tool - INFO - Loading ARXML file for editing: /home/adarsh/autosar_arxml-parser_editor/tests/../examples/sample.arxml
2025-04-26 14:08:39,405 - arxml_tool - INFO - Loading ARXML file: /home/adarsh/autosar_arxml-parser_editor/tests/../examples/sample.arxml
2025-04-26 14:08:39,405 - arxml_tool - INFO - Loading ARXML file: /home/adarsh/autosar_arxml-parser_editor/tests/../examples/sample.arxml
2025-04-26 14:08:39,405 - arxml_tool - INFO - Loading ARXML file: /home/adarsh/autosar_arxml-parser_editor/tests/../examples/sample.arxml
2025-04-26 14:08:39,405 - arxml_tool - INFO - Loading ARXML file: /home/adarsh/autosar_arxml-parser_editor/tests/../examples/sample.arxml
2025-04-26 14:08:39,600 - arxml_tool - WARNING - Failed to download schema: HTTP 404
2025-04-26 14:08:39,600 - arxml_tool - WARNING - Failed to download schema: HTTP 404
2025-04-26 14:08:39,600 - arxml_tool - WARNING - Failed to download schema: HTTP 404
2025-04-26 14:08:39,600 - arxml_tool - WARNING - Failed to download schema: HTTP 404
2025-04-26 14:08:39,601 - arxml_tool - WARNING - Could not load schema, skipping validation
2025-04-26 14:08:39,601 - arxml_tool - WARNING - Could not load schema, skipping validation
2025-04-26 14:08:39,601 - arxml_tool - WARNING - Could not load schema, skipping validation
2025-04-26 14:08:39,601 - arxml_tool - WARNING - Could not load schema, skipping validation
2025-04-26 14:08:39,602 - arxml_tool - INFO - Successfully loaded ARXML file
2025-04-26 14:08:39,602 - arxml_tool - INFO - Successfully loaded ARXML file
2025-04-26 14:08:39,602 - arxml_tool - INFO - Successfully loaded ARXML file
2025-04-26 14:08:39,602 - arxml_tool - INFO - Successfully loaded ARXML file
2025-04-26 14:08:39,603 - arxml_tool - INFO - Created backup: /tmp/.arxml_backups/tmpqnwhbbbu.arxml.20250426_140839.bak
2025-04-26 14:08:39,603 - arxml_tool - INFO - Created backup: /tmp/.arxml_backups/tmpqnwhbbbu.arxml.20250426_140839.bak
2025-04-26 14:08:39,603 - arxml_tool - INFO - Created backup: /tmp/.arxml_backups/tmpqnwhbbbu.arxml.20250426_140839.bak
2025-04-26 14:08:39,603 - arxml_tool - INFO - Created backup: /tmp/.arxml_backups/tmpqnwhbbbu.arxml.20250426_140839.bak
2025-04-26 14:08:39,605 - arxml_tool - INFO - Saved ARXML file to: /tmp/tmpqnwhbbbu.arxml
2025-04-26 14:08:39,605 - arxml_tool - INFO - Saved ARXML file to: /tmp/tmpqnwhbbbu.arxml
2025-04-26 14:08:39,605 - arxml_tool - INFO - Saved ARXML file to: /tmp/tmpqnwhbbbu.arxml
2025-04-26 14:08:39,605 - arxml_tool - INFO - Saved ARXML file to: /tmp/tmpqnwhbbbu.arxml
2025-04-26 14:08:39,606 - arxml_tool - INFO - Loading ARXML file for editing: /tmp/tmpqnwhbbbu.arxml
2025-04-26 14:08:39,606 - arxml_tool - INFO - Loading ARXML file for editing: /tmp/tmpqnwhbbbu.arxml
2025-04-26 14:08:39,606 - arxml_tool - INFO - Loading ARXML file for editing: /tmp/tmpqnwhbbbu.arxml
2025-04-26 14:08:39,606 - arxml_tool - INFO - Loading ARXML file for editing: /tmp/tmpqnwhbbbu.arxml
2025-04-26 14:08:39,606 - arxml_tool - INFO - Loading ARXML file for editing: /tmp/tmpqnwhbbbu.arxml
2025-04-26 14:08:39,606 - arxml_tool - INFO - Loading ARXML file for editing: /tmp/tmpqnwhbbbu.arxml
2025-04-26 14:08:39,606 - arxml_tool - INFO - Loading ARXML file: /tmp/tmpqnwhbbbu.arxml
2025-04-26 14:08:39,606 - arxml_tool - INFO - Loading ARXML file: /tmp/tmpqnwhbbbu.arxml
2025-04-26 14:08:39,606 - arxml_tool - INFO - Loading ARXML file: /tmp/tmpqnwhbbbu.arxml
2025-04-26 14:08:39,606 - arxml_tool - INFO - Loading ARXML file: /tmp/tmpqnwhbbbu.arxml
2025-04-26 14:08:39,606 - arxml_tool - INFO - Loading ARXML file: /tmp/tmpqnwhbbbu.arxml
2025-04-26 14:08:39,606 - arxml_tool - INFO - Loading ARXML file: /tmp/tmpqnwhbbbu.arxml
2025-04-26 14:08:39,799 - arxml_tool - WARNING - Failed to download schema: HTTP 404
2025-04-26 14:08:39,799 - arxml_tool - WARNING - Failed to download schema: HTTP 404
2025-04-26 14:08:39,799 - arxml_tool - WARNING - Failed to download schema: HTTP 404
2025-04-26 14:08:39,799 - arxml_tool - WARNING - Failed to download schema: HTTP 404
2025-04-26 14:08:39,799 - arxml_tool - WARNING - Failed to download schema: HTTP 404
2025-04-26 14:08:39,799 - arxml_tool - WARNING - Failed to download schema: HTTP 404
2025-04-26 14:08:39,801 - arxml_tool - WARNING - Could not load schema, skipping validation
2025-04-26 14:08:39,801 - arxml_tool - WARNING - Could not load schema, skipping validation
2025-04-26 14:08:39,801 - arxml_tool - WARNING - Could not load schema, skipping validation
2025-04-26 14:08:39,801 - arxml_tool - WARNING - Could not load schema, skipping validation
2025-04-26 14:08:39,801 - arxml_tool - WARNING - Could not load schema, skipping validation
2025-04-26 14:08:39,801 - arxml_tool - WARNING - Could not load schema, skipping validation
2025-04-26 14:08:39,802 - arxml_tool - INFO - Successfully loaded ARXML file
2025-04-26 14:08:39,802 - arxml_tool - INFO - Successfully loaded ARXML file
2025-04-26 14:08:39,802 - arxml_tool - INFO - Successfully loaded ARXML file
2025-04-26 14:08:39,802 - arxml_tool - INFO - Successfully loaded ARXML file
2025-04-26 14:08:39,802 - arxml_tool - INFO - Successfully loaded ARXML file
2025-04-26 14:08:39,802 - arxml_tool - INFO - Successfully loaded ARXML file
2025-04-26 14:08:39,805 - arxml_tool - INFO - Loading ARXML file for editing: /home/adarsh/autosar_arxml-parser_editor/tests/../examples/sample.arxml
2025-04-26 14:08:39,805 - arxml_tool - INFO - Loading ARXML file for editing: /home/adarsh/autosar_arxml-parser_editor/tests/../examples/sample.arxml
2025-04-26 14:08:39,805 - arxml_tool - INFO - Loading ARXML file for editing: /home/adarsh/autosar_arxml-parser_editor/tests/../examples/sample.arxml
2025-04-26 14:08:39,805 - arxml_tool - INFO - Loading ARXML file for editing: /home/adarsh/autosar_arxml-parser_editor/tests/../examples/sample.arxml
2025-04-26 14:08:39,805 - arxml_tool - INFO - Loading ARXML file for editing: /home/adarsh/autosar_arxml-parser_editor/tests/../examples/sample.arxml
2025-04-26 14:08:39,805 - arxml_tool - INFO - Loading ARXML file for editing: /home/adarsh/autosar_arxml-parser_editor/tests/../examples/sample.arxml
2025-04-26 14:08:39,805 - arxml_tool - INFO - Loading ARXML file for editing: /home/adarsh/autosar_arxml-parser_editor/tests/../examples/sample.arxml
2025-04-26 14:08:39,805 - arxml_tool - INFO - Loading ARXML file for editing: /home/adarsh/autosar_arxml-parser_editor/tests/../examples/sample.arxml
2025-04-26 14:08:39,807 - arxml_tool - INFO - Loading ARXML file: /home/adarsh/autosar_arxml-parser_editor/tests/../examples/sample.arxml
2025-04-26 14:08:39,807 - arxml_tool - INFO - Loading ARXML file: /home/adarsh/autosar_arxml-parser_editor/tests/../examples/sample.arxml
2025-04-26 14:08:39,807 - arxml_tool - INFO - Loading ARXML file: /home/adarsh/autosar_arxml-parser_editor/tests/../examples/sample.arxml
2025-04-26 14:08:39,807 - arxml_tool - INFO - Loading ARXML file: /home/adarsh/autosar_arxml-parser_editor/tests/../examples/sample.arxml
2025-04-26 14:08:39,807 - arxml_tool - INFO - Loading ARXML file: /home/adarsh/autosar_arxml-parser_editor/tests/../examples/sample.arxml
2025-04-26 14:08:39,807 - arxml_tool - INFO - Loading ARXML file: /home/adarsh/autosar_arxml-parser_editor/tests/../examples/sample.arxml
2025-04-26 14:08:39,807 - arxml_tool - INFO - Loading ARXML file: /home/adarsh/autosar_arxml-parser_editor/tests/../examples/sample.arxml
2025-04-26 14:08:39,807 - arxml_tool - INFO - Loading ARXML file: /home/adarsh/autosar_arxml-parser_editor/tests/../examples/sample.arxml
2025-04-26 14:08:40,012 - arxml_tool - WARNING - Failed to download schema: HTTP 404
2025-04-26 14:08:40,012 - arxml_tool - WARNING - Failed to download schema: HTTP 404
2025-04-26 14:08:40,012 - arxml_tool - WARNING - Failed to download schema: HTTP 404
2025-04-26 14:08:40,012 - arxml_tool - WARNING - Failed to download schema: HTTP 404
2025-04-26 14:08:40,012 - arxml_tool - WARNING - Failed to download schema: HTTP 404
2025-04-26 14:08:40,012 - arxml_tool - WARNING - Failed to download schema: HTTP 404
2025-04-26 14:08:40,012 - arxml_tool - WARNING - Failed to download schema: HTTP 404
2025-04-26 14:08:40,012 - arxml_tool - WARNING - Failed to download schema: HTTP 404
2025-04-26 14:08:40,013 - arxml_tool - WARNING - Could not load schema, skipping validation
2025-04-26 14:08:40,013 - arxml_tool - WARNING - Could not load schema, skipping validation
2025-04-26 14:08:40,013 - arxml_tool - WARNING - Could not load schema, skipping validation
2025-04-26 14:08:40,013 - arxml_tool - WARNING - Could not load schema, skipping validation
2025-04-26 14:08:40,013 - arxml_tool - WARNING - Could not load schema, skipping validation
2025-04-26 14:08:40,013 - arxml_tool - WARNING - Could not load schema, skipping validation
2025-04-26 14:08:40,013 - arxml_tool - WARNING - Could not load schema, skipping validation
2025-04-26 14:08:40,013 - arxml_tool - WARNING - Could not load schema, skipping validation
2025-04-26 14:08:40,014 - arxml_tool - INFO - Successfully loaded ARXML file
2025-04-26 14:08:40,014 - arxml_tool - INFO - Successfully loaded ARXML file
2025-04-26 14:08:40,014 - arxml_tool - INFO - Successfully loaded ARXML file
2025-04-26 14:08:40,014 - arxml_tool - INFO - Successfully loaded ARXML file
2025-04-26 14:08:40,014 - arxml_tool - INFO - Successfully loaded ARXML file
2025-04-26 14:08:40,014 - arxml_tool - INFO - Successfully loaded ARXML file
2025-04-26 14:08:40,014 - arxml_tool - INFO - Successfully loaded ARXML file
2025-04-26 14:08:40,014 - arxml_tool - INFO - Successfully loaded ARXML file
2025-04-26 14:08:40,015 - arxml_tool - INFO - Created backup: /tmp/.arxml_backups/tmprwvnfjuy.arxml.20250426_140840.bak
2025-04-26 14:08:40,015 - arxml_tool - INFO - Created backup: /tmp/.arxml_backups/tmprwvnfjuy.arxml.20250426_140840.bak
2025-04-26 14:08:40,015 - arxml_tool - INFO - Created backup: /tmp/.arxml_backups/tmprwvnfjuy.arxml.20250426_140840.bak
2025-04-26 14:08:40,015 - arxml_tool - INFO - Created backup: /tmp/.arxml_backups/tmprwvnfjuy.arxml.20250426_140840.bak
2025-04-26 14:08:40,015 - arxml_tool - INFO - Created backup: /tmp/.arxml_backups/tmprwvnfjuy.arxml.20250426_140840.bak
2025-04-26 14:08:40,015 - arxml_tool - INFO - Created backup: /tmp/.arxml_backups/tmprwvnfjuy.arxml.20250426_140840.bak
2025-04-26 14:08:40,015 - arxml_tool - INFO - Created backup: /tmp/.arxml_backups/tmprwvnfjuy.arxml.20250426_140840.bak
2025-04-26 14:08:40,015 - arxml_tool - INFO - Created backup: /tmp/.arxml_backups/tmprwvnfjuy.arxml.20250426_140840.bak
2025-04-26 14:08:40,016 - arxml_tool - INFO - Saved ARXML file to: /tmp/tmprwvnfjuy.arxml
2025-04-26 14:08:40,016 - arxml_tool - INFO - Saved ARXML file to: /tmp/tmprwvnfjuy.arxml
2025-04-26 14:08:40,016 - arxml_tool - INFO - Saved ARXML file to: /tmp/tmprwvnfjuy.arxml
2025-04-26 14:08:40,016 - arxml_tool - INFO - Saved ARXML file to: /tmp/tmprwvnfjuy.arxml
2025-04-26 14:08:40,016 - arxml_tool - INFO - Saved ARXML file to: /tmp/tmprwvnfjuy.arxml
2025-04-26 14:08:40,016 - arxml_tool - INFO - Saved ARXML file to: /tmp/tmprwvnfjuy.arxml
2025-04-26 14:08:40,016 - arxml_tool - INFO - Saved ARXML file to: /tmp/tmprwvnfjuy.arxml
2025-04-26 14:08:40,016 - arxml_tool - INFO - Saved ARXML file to: /tmp/tmprwvnfjuy.arxml
2025-04-26 14:08:40,018 - arxml_tool - INFO - Loading ARXML file: /home/adarsh/autosar_arxml-parser_editor/tests/../examples/sample.arxml
2025-04-26 14:08:40,018 - arxml_tool - INFO - Loading ARXML file: /home/adarsh/autosar_arxml-parser_editor/tests/../examples/sample.arxml
2025-04-26 14:08:40,018 - arxml_tool - INFO - Loading ARXML file: /home/adarsh/autosar_arxml-parser_editor/tests/../examples/sample.arxml
2025-04-26 14:08:40,018 - arxml_tool - INFO - Loading ARXML file: /home/adarsh/autosar_arxml-parser_editor/tests/../examples/sample.arxml
2025-04-26 14:08:40,018 - arxml_tool - INFO - Loading ARXML file: /home/adarsh/autosar_arxml-parser_editor/tests/../examples/sample.arxml
2025-04-26 14:08:40,018 - arxml_tool - INFO - Loading ARXML file: /home/adarsh/autosar_arxml-parser_editor/tests/../examples/sample.arxml
2025-04-26 14:08:40,018 - arxml_tool - INFO - Loading ARXML file: /home/adarsh/autosar_arxml-parser_editor/tests/../examples/sample.arxml
2025-04-26 14:08:40,018 - arxml_tool - INFO - Loading ARXML file: /home/adarsh/autosar_arxml-parser_editor/tests/../examples/sample.arxml
2025-04-26 14:08:40,229 - arxml_tool - WARNING - Failed to download schema: HTTP 404
2025-04-26 14:08:40,229 - arxml_tool - WARNING - Failed to download schema: HTTP 404
2025-04-26 14:08:40,229 - arxml_tool - WARNING - Failed to download schema: HTTP 404
2025-04-26 14:08:40,229 - arxml_tool - WARNING - Failed to download schema: HTTP 404
2025-04-26 14:08:40,229 - arxml_tool - WARNING - Failed to download schema: HTTP 404
2025-04-26 14:08:40,229 - arxml_tool - WARNING - Failed to download schema: HTTP 404
2025-04-26 14:08:40,229 - arxml_tool - WARNING - Failed to download schema: HTTP 404
2025-04-26 14:08:40,229 - arxml_tool - WARNING - Failed to download schema: HTTP 404
2025-04-26 14:08:40,232 - arxml_tool - WARNING - Could not load schema, skipping validation
2025-04-26 14:08:40,232 - arxml_tool - WARNING - Could not load schema, skipping validation
2025-04-26 14:08:40,232 - arxml_tool - WARNING - Could not load schema, skipping validation
2025-04-26 14:08:40,232 - arxml_tool - WARNING - Could not load schema, skipping validation
2025-04-26 14:08:40,232 - arxml_tool - WARNING - Could not load schema, skipping validation
2025-04-26 14:08:40,232 - arxml_tool - WARNING - Could not load schema, skipping validation
2025-04-26 14:08:40,232 - arxml_tool - WARNING - Could not load schema, skipping validation
2025-04-26 14:08:40,232 - arxml_tool - WARNING - Could not load schema, skipping validation
2025-04-26 14:08:40,233 - arxml_tool - INFO - Successfully loaded ARXML file
2025-04-26 14:08:40,233 - arxml_tool - INFO - Successfully loaded ARXML file
2025-04-26 14:08:40,233 - arxml_tool - INFO - Successfully loaded ARXML file
2025-04-26 14:08:40,233 - arxml_tool - INFO - Successfully loaded ARXML file
2025-04-26 14:08:40,233 - arxml_tool - INFO - Successfully loaded ARXML file
2025-04-26 14:08:40,233 - arxml_tool - INFO - Successfully loaded ARXML file
2025-04-26 14:08:40,233 - arxml_tool - INFO - Successfully loaded ARXML file
2025-04-26 14:08:40,233 - arxml_tool - INFO - Successfully loaded ARXML file
2025-04-26 14:08:40,236 - arxml_tool - INFO - Loading ARXML file: /home/adarsh/autosar_arxml-parser_editor/tests/../examples/sample.arxml
2025-04-26 14:08:40,236 - arxml_tool - INFO - Loading ARXML file: /home/adarsh/autosar_arxml-parser_editor/tests/../examples/sample.arxml
2025-04-26 14:08:40,236 - arxml_tool - INFO - Loading ARXML file: /home/adarsh/autosar_arxml-parser_editor/tests/../examples/sample.arxml
2025-04-26 14:08:40,236 - arxml_tool - INFO - Loading ARXML file: /home/adarsh/autosar_arxml-parser_editor/tests/../examples/sample.arxml
2025-04-26 14:08:40,236 - arxml_tool - INFO - Loading ARXML file: /home/adarsh/autosar_arxml-parser_editor/tests/../examples/sample.arxml
2025-04-26 14:08:40,236 - arxml_tool - INFO - Loading ARXML file: /home/adarsh/autosar_arxml-parser_editor/tests/../examples/sample.arxml
2025-04-26 14:08:40,236 - arxml_tool - INFO - Loading ARXML file: /home/adarsh/autosar_arxml-parser_editor/tests/../examples/sample.arxml
2025-04-26 14:08:40,236 - arxml_tool - INFO - Loading ARXML file: /home/adarsh/autosar_arxml-parser_editor/tests/../examples/sample.arxml
2025-04-26 14:08:40,449 - arxml_tool - WARNING - Failed to download schema: HTTP 404
2025-04-26 14:08:40,449 - arxml_tool - WARNING - Failed to download schema: HTTP 404
2025-04-26 14:08:40,449 - arxml_tool - WARNING - Failed to download schema: HTTP 404
2025-04-26 14:08:40,449 - arxml_tool - WARNING - Failed to download schema: HTTP 404
2025-04-26 14:08:40,449 - arxml_tool - WARNING - Failed to download schema: HTTP 404
2025-04-26 14:08:40,449 - arxml_tool - WARNING - Failed to download schema: HTTP 404
2025-04-26 14:08:40,449 - arxml_tool - WARNING - Failed to download schema: HTTP 404
2025-04-26 14:08:40,449 - arxml_tool - WARNING - Failed to download schema: HTTP 404
2025-04-26 14:08:40,450 - arxml_tool - WARNING - Could not load schema, skipping validation
2025-04-26 14:08:40,450 - arxml_tool - WARNING - Could not load schema, skipping validation
2025-04-26 14:08:40,450 - arxml_tool - WARNING - Could not load schema, skipping validation
2025-04-26 14:08:40,450 - arxml_tool - WARNING - Could not load schema, skipping validation
2025-04-26 14:08:40,450 - arxml_tool - WARNING - Could not load schema, skipping validation
2025-04-26 14:08:40,450 - arxml_tool - WARNING - Could not load schema, skipping validation
2025-04-26 14:08:40,450 - arxml_tool - WARNING - Could not load schema, skipping validation
2025-04-26 14:08:40,450 - arxml_tool - WARNING - Could not load schema, skipping validation
2025-04-26 14:08:40,451 - arxml_tool - INFO - Successfully loaded ARXML file
2025-04-26 14:08:40,451 - arxml_tool - INFO - Successfully loaded ARXML file
2025-04-26 14:08:40,451 - arxml_tool - INFO - Successfully loaded ARXML file
2025-04-26 14:08:40,451 - arxml_tool - INFO - Successfully loaded ARXML file
2025-04-26 14:08:40,451 - arxml_tool - INFO - Successfully loaded ARXML file
2025-04-26 14:08:40,451 - arxml_tool - INFO - Successfully loaded ARXML file
2025-04-26 14:08:40,451 - arxml_tool - INFO - Successfully loaded ARXML file
2025-04-26 14:08:40,451 - arxml_tool - INFO - Successfully loaded ARXML file
2025-04-26 14:08:40,452 - arxml_tool - ERROR - ARXML file not found: non_existent_file.arxml
2025-04-26 14:08:40,452 - arxml_tool - ERROR - ARXML file not found: non_existent_file.arxml
2025-04-26 14:08:40,452 - arxml_tool - ERROR - ARXML file not found: non_existent_file.arxml
2025-04-26 14:08:40,452 - arxml_tool - ERROR - ARXML file not found: non_existent_file.arxml
2025-04-26 14:08:40,452 - arxml_tool - ERROR - ARXML file not found: non_existent_file.arxml
2025-04-26 14:08:40,452 - arxml_tool - ERROR - ARXML file not found: non_existent_file.arxml
2025-04-26 14:08:40,452 - arxml_tool - ERROR - ARXML file not found: non_existent_file.arxml
2025-04-26 14:08:40,452 - arxml_tool - ERROR - ARXML file not found: non_existent_file.arxml
2025-04-26 14:08:40,453 - arxml_tool - INFO - Loading ARXML file: /home/adarsh/autosar_arxml-parser_editor/tests/../examples/sample.arxml
2025-04-26 14:08:40,453 - arxml_tool - INFO - Loading ARXML file: /home/adarsh/autosar_arxml-parser_editor/tests/../examples/sample.arxml
2025-04-26 14:08:40,453 - arxml_tool - INFO - Loading ARXML file: /home/adarsh/autosar_arxml-parser_editor/tests/../examples/sample.arxml
2025-04-26 14:08:40,453 - arxml_tool - INFO - Loading ARXML file: /home/adarsh/autosar_arxml-parser_editor/tests/../examples/sample.arxml
2025-04-26 14:08:40,453 - arxml_tool - INFO - Loading ARXML file: /home/adarsh/autosar_arxml-parser_editor/tests/../examples/sample.arxml
2025-04-26 14:08:40,453 - arxml_tool - INFO - Loading ARXML file: /home/adarsh/autosar_arxml-parser_editor/tests/../examples/sample.arxml
2025-04-26 14:08:40,453 - arxml_tool - INFO - Loading ARXML file: /home/adarsh/autosar_arxml-parser_editor/tests/../examples/sample.arxml
2025-04-26 14:08:40,453 - arxml_tool - INFO - Loading ARXML file: /home/adarsh/autosar_arxml-parser_editor/tests/../examples/sample.arxml
2025-04-26 14:08:40,674 - arxml_tool - WARNING - Failed to download schema: HTTP 404
2025-04-26 14:08:40,674 - arxml_tool - WARNING - Failed to download schema: HTTP 404
2025-04-26 14:08:40,674 - arxml_tool - WARNING - Failed to download schema: HTTP 404
2025-04-26 14:08:40,674 - arxml_tool - WARNING - Failed to download schema: HTTP 404
2025-04-26 14:08:40,674 - arxml_tool - WARNING - Failed to download schema: HTTP 404
2025-04-26 14:08:40,674 - arxml_tool - WARNING - Failed to download schema: HTTP 404
2025-04-26 14:08:40,674 - arxml_tool - WARNING - Failed to download schema: HTTP 404
2025-04-26 14:08:40,674 - arxml_tool - WARNING - Failed to download schema: HTTP 404
2025-04-26 14:08:40,676 - arxml_tool - WARNING - Could not load schema, skipping validation
2025-04-26 14:08:40,676 - arxml_tool - WARNING - Could not load schema, skipping validation
2025-04-26 14:08:40,676 - arxml_tool - WARNING - Could not load schema, skipping validation
2025-04-26 14:08:40,676 - arxml_tool - WARNING - Could not load schema, skipping validation
2025-04-26 14:08:40,676 - arxml_tool - WARNING - Could not load schema, skipping validation
2025-04-26 14:08:40,676 - arxml_tool - WARNING - Could not load schema, skipping validation
2025-04-26 14:08:40,676 - arxml_tool - WARNING - Could not load schema, skipping validation
2025-04-26 14:08:40,676 - arxml_tool - WARNING - Could not load schema, skipping validation
2025-04-26 14:08:40,677 - arxml_tool - INFO - Successfully loaded ARXML file
2025-04-26 14:08:40,677 - arxml_tool - INFO - Successfully loaded ARXML file
2025-04-26 14:08:40,677 - arxml_tool - INFO - Successfully loaded ARXML file
2025-04-26 14:08:40,677 - arxml_tool - INFO - Successfully loaded ARXML file
2025-04-26 14:08:40,677 - arxml_tool - INFO - Successfully loaded ARXML file
2025-04-26 14:08:40,677 - arxml_tool - INFO - Successfully loaded ARXML file
2025-04-26 14:08:40,677 - arxml_tool - INFO - Successfully loaded ARXML file
2025-04-26 14:08:40,677 - arxml_tool - INFO - Successfully loaded ARXML file
2025-04-26 14:08:40,679 - arxml_tool - INFO - Loading ARXML file: /tmp/tmpoisz9ilt.arxml
2025-04-26 14:08:40,679 - arxml_tool - INFO - Loading ARXML file: /tmp/tmpoisz9ilt.arxml
2025-04-26 14:08:40,679 - arxml_tool - INFO - Loading ARXML file: /tmp/tmpoisz9ilt.arxml
2025-04-26 14:08:40,679 - arxml_tool - INFO - Loading ARXML file: /tmp/tmpoisz9ilt.arxml
2025-04-26 14:08:40,679 - arxml_tool - INFO - Loading ARXML file: /tmp/tmpoisz9ilt.arxml
2025-04-26 14:08:40,679 - arxml_tool - INFO - Loading ARXML file: /tmp/tmpoisz9ilt.arxml
2025-04-26 14:08:40,679 - arxml_tool - INFO - Loading ARXML file: /tmp/tmpoisz9ilt.arxml
2025-04-26 14:08:40,679 - arxml_tool - INFO - Loading ARXML file: /tmp/tmpoisz9ilt.arxml
2025-04-26 14:08:40,680 - arxml_tool - ERROR - Error parsing ARXML file: 
2025-04-26 14:08:40,680 - arxml_tool - ERROR - Error parsing ARXML file: 
2025-04-26 14:08:40,680 - arxml_tool - ERROR - Error parsing ARXML file: 
2025-04-26 14:08:40,680 - arxml_tool - ERROR - Error parsing ARXML file: 
2025-04-26 14:08:40,680 - arxml_tool - ERROR - Error parsing ARXML file: 
2025-04-26 14:08:40,680 - arxml_tool - ERROR - Error parsing ARXML file: 
2025-04-26 14:08:40,680 - arxml_tool - ERROR - Error parsing ARXML file: 
2025-04-26 14:08:40,680 - arxml_tool - ERROR - Error parsing ARXML file: 
2025-04-26 14:08:40,682 - arxml_tool - INFO - Loading ARXML file: /home/adarsh/autosar_arxml-parser_editor/tests/../examples/sample.arxml
2025-04-26 14:08:40,682 - arxml_tool - INFO - Loading ARXML file: /home/adarsh/autosar_arxml-parser_editor/tests/../examples/sample.arxml
2025-04-26 14:08:40,682 - arxml_tool - INFO - Loading ARXML file: /home/adarsh/autosar_arxml-parser_editor/tests/../examples/sample.arxml
2025-04-26 14:08:40,682 - arxml_tool - INFO - Loading ARXML file: /home/adarsh/autosar_arxml-parser_editor/tests/../examples/sample.arxml
2025-04-26 14:08:40,682 - arxml_tool - INFO - Loading ARXML file: /home/adarsh/autosar_arxml-parser_editor/tests/../examples/sample.arxml
2025-04-26 14:08:40,682 - arxml_tool - INFO - Loading ARXML file: /home/adarsh/autosar_arxml-parser_editor/tests/../examples/sample.arxml
2025-04-26 14:08:40,682 - arxml_tool - INFO - Loading ARXML file: /home/adarsh/autosar_arxml-parser_editor/tests/../examples/sample.arxml
2025-04-26 14:08:40,682 - arxml_tool - INFO - Loading ARXML file: /home/adarsh/autosar_arxml-parser_editor/tests/../examples/sample.arxml
2025-04-26 14:08:40,873 - arxml_tool - WARNING - Failed to download schema: HTTP 404
2025-04-26 14:08:40,873 - arxml_tool - WARNING - Failed to download schema: HTTP 404
2025-04-26 14:08:40,873 - arxml_tool - WARNING - Failed to download schema: HTTP 404
2025-04-26 14:08:40,873 - arxml_tool - WARNING - Failed to download schema: HTTP 404
2025-04-26 14:08:40,873 - arxml_tool - WARNING - Failed to download schema: HTTP 404
2025-04-26 14:08:40,873 - arxml_tool - WARNING - Failed to download schema: HTTP 404
2025-04-26 14:08:40,873 - arxml_tool - WARNING - Failed to download schema: HTTP 404
2025-04-26 14:08:40,873 - arxml_tool - WARNING - Failed to download schema: HTTP 404
2025-04-26 14:08:40,879 - arxml_tool - WARNING - Could not load schema, skipping validation
2025-04-26 14:08:40,879 - arxml_tool - WARNING - Could not load schema, skipping validation
2025-04-26 14:08:40,879 - arxml_tool - WARNING - Could not load schema, skipping validation
2025-04-26 14:08:40,879 - arxml_tool - WARNING - Could not load schema, skipping validation
2025-04-26 14:08:40,879 - arxml_tool - WARNING - Could not load schema, skipping validation
2025-04-26 14:08:40,879 - arxml_tool - WARNING - Could not load schema, skipping validation
2025-04-26 14:08:40,879 - arxml_tool - WARNING - Could not load schema, skipping validation
2025-04-26 14:08:40,879 - arxml_tool - WARNING - Could not load schema, skipping validation
2025-04-26 14:08:40,886 - arxml_tool - INFO - Successfully loaded ARXML file
2025-04-26 14:08:40,886 - arxml_tool - INFO - Successfully loaded ARXML file
2025-04-26 14:08:40,886 - arxml_tool - INFO - Successfully loaded ARXML file
2025-04-26 14:08:40,886 - arxml_tool - INFO - Successfully loaded ARXML file
2025-04-26 14:08:40,886 - arxml_tool - INFO - Successfully loaded ARXML file
2025-04-26 14:08:40,886 - arxml_tool - INFO - Successfully loaded ARXML file
2025-04-26 14:08:40,886 - arxml_tool - INFO - Successfully loaded ARXML file
2025-04-26 14:08:40,886 - arxml_tool - INFO - Successfully loaded ARXML file
