2025-04-26 14:44:47,154 - arxml_tool - ERROR - Error initializing packages: Invalid role name: SystemDesign
2025-04-26 14:44:47,154 - arxml_tool - INFO - Loading ARXML file for editing: /tmp/tmpex551nfz.arxml
2025-04-26 14:44:47,155 - arxml_tool - INFO - Loading ARXML file: /tmp/tmpex551nfz.arxml
2025-04-26 14:44:47,325 - arxml_tool - WARNING - Failed to download schema: HTTP 404
2025-04-26 14:44:47,328 - arxml_tool - WARNING - Could not load schema, skipping validation
2025-04-26 14:44:47,330 - arxml_tool - INFO - Successfully loaded ARXML file
2025-04-26 14:44:47,335 - arxml_tool - ERROR - Error initializing packages: Invalid role name: SystemDesign
2025-04-26 14:44:47,335 - arxml_tool - ERROR - Error initializing packages: Invalid role name: SystemDesign
2025-04-26 14:44:47,339 - arxml_tool - INFO - Loading ARXML file for editing: /home/adarsh/autosar_arxml-parser_editor/tests/../examples/sample.arxml
2025-04-26 14:44:47,339 - arxml_tool - INFO - Loading ARXML file for editing: /home/adarsh/autosar_arxml-parser_editor/tests/../examples/sample.arxml
2025-04-26 14:44:47,339 - arxml_tool - INFO - Loading ARXML file for editing: /home/adarsh/autosar_arxml-parser_editor/tests/../examples/sample.arxml
2025-04-26 14:44:47,341 - arxml_tool - INFO - Loading ARXML file: /home/adarsh/autosar_arxml-parser_editor/tests/../examples/sample.arxml
2025-04-26 14:44:47,341 - arxml_tool - INFO - Loading ARXML file: /home/adarsh/autosar_arxml-parser_editor/tests/../examples/sample.arxml
2025-04-26 14:44:47,341 - arxml_tool - INFO - Loading ARXML file: /home/adarsh/autosar_arxml-parser_editor/tests/../examples/sample.arxml
2025-04-26 14:44:47,517 - arxml_tool - WARNING - Failed to download schema: HTTP 404
2025-04-26 14:44:47,517 - arxml_tool - WARNING - Failed to download schema: HTTP 404
2025-04-26 14:44:47,517 - arxml_tool - WARNING - Failed to download schema: HTTP 404
2025-04-26 14:44:47,518 - arxml_tool - WARNING - Could not load schema, skipping validation
2025-04-26 14:44:47,518 - arxml_tool - WARNING - Could not load schema, skipping validation
2025-04-26 14:44:47,518 - arxml_tool - WARNING - Could not load schema, skipping validation
2025-04-26 14:44:47,519 - arxml_tool - INFO - Successfully loaded ARXML file
2025-04-26 14:44:47,519 - arxml_tool - INFO - Successfully loaded ARXML file
2025-04-26 14:44:47,519 - arxml_tool - INFO - Successfully loaded ARXML file
2025-04-26 14:44:47,520 - arxml_tool - INFO - Added software component: TestReloadComponent
2025-04-26 14:44:47,520 - arxml_tool - INFO - Added software component: TestReloadComponent
2025-04-26 14:44:47,520 - arxml_tool - INFO - Added software component: TestReloadComponent
2025-04-26 14:44:47,521 - arxml_tool - INFO - Added software component: TestReloadComponent
2025-04-26 14:44:47,521 - arxml_tool - INFO - Added software component: TestReloadComponent
2025-04-26 14:44:47,521 - arxml_tool - INFO - Added software component: TestReloadComponent
2025-04-26 14:44:47,522 - arxml_tool - INFO - Created backup: /tmp/.arxml_backups/tmpra0q6il8.arxml.20250426_144447.bak
2025-04-26 14:44:47,522 - arxml_tool - INFO - Created backup: /tmp/.arxml_backups/tmpra0q6il8.arxml.20250426_144447.bak
2025-04-26 14:44:47,522 - arxml_tool - INFO - Created backup: /tmp/.arxml_backups/tmpra0q6il8.arxml.20250426_144447.bak
2025-04-26 14:44:47,523 - arxml_tool - INFO - Saved ARXML file to: /tmp/tmpra0q6il8.arxml
2025-04-26 14:44:47,523 - arxml_tool - INFO - Saved ARXML file to: /tmp/tmpra0q6il8.arxml
2025-04-26 14:44:47,523 - arxml_tool - INFO - Saved ARXML file to: /tmp/tmpra0q6il8.arxml
2025-04-26 14:44:47,524 - arxml_tool - ERROR - Error initializing packages: Invalid role name: SystemDesign
2025-04-26 14:44:47,524 - arxml_tool - ERROR - Error initializing packages: Invalid role name: SystemDesign
2025-04-26 14:44:47,524 - arxml_tool - ERROR - Error initializing packages: Invalid role name: SystemDesign
2025-04-26 14:44:47,524 - arxml_tool - ERROR - Error initializing packages: Invalid role name: SystemDesign
2025-04-26 14:44:47,526 - arxml_tool - INFO - Loading ARXML file for editing: /tmp/tmpra0q6il8.arxml
2025-04-26 14:44:47,526 - arxml_tool - INFO - Loading ARXML file for editing: /tmp/tmpra0q6il8.arxml
2025-04-26 14:44:47,526 - arxml_tool - INFO - Loading ARXML file for editing: /tmp/tmpra0q6il8.arxml
2025-04-26 14:44:47,526 - arxml_tool - INFO - Loading ARXML file for editing: /tmp/tmpra0q6il8.arxml
2025-04-26 14:44:47,526 - arxml_tool - INFO - Loading ARXML file for editing: /tmp/tmpra0q6il8.arxml
2025-04-26 14:44:47,527 - arxml_tool - INFO - Loading ARXML file: /tmp/tmpra0q6il8.arxml
2025-04-26 14:44:47,527 - arxml_tool - INFO - Loading ARXML file: /tmp/tmpra0q6il8.arxml
2025-04-26 14:44:47,527 - arxml_tool - INFO - Loading ARXML file: /tmp/tmpra0q6il8.arxml
2025-04-26 14:44:47,527 - arxml_tool - INFO - Loading ARXML file: /tmp/tmpra0q6il8.arxml
2025-04-26 14:44:47,527 - arxml_tool - INFO - Loading ARXML file: /tmp/tmpra0q6il8.arxml
2025-04-26 14:44:47,702 - arxml_tool - WARNING - Failed to download schema: HTTP 404
2025-04-26 14:44:47,702 - arxml_tool - WARNING - Failed to download schema: HTTP 404
2025-04-26 14:44:47,702 - arxml_tool - WARNING - Failed to download schema: HTTP 404
2025-04-26 14:44:47,702 - arxml_tool - WARNING - Failed to download schema: HTTP 404
2025-04-26 14:44:47,702 - arxml_tool - WARNING - Failed to download schema: HTTP 404
2025-04-26 14:44:47,704 - arxml_tool - WARNING - Could not load schema, skipping validation
2025-04-26 14:44:47,704 - arxml_tool - WARNING - Could not load schema, skipping validation
2025-04-26 14:44:47,704 - arxml_tool - WARNING - Could not load schema, skipping validation
2025-04-26 14:44:47,704 - arxml_tool - WARNING - Could not load schema, skipping validation
2025-04-26 14:44:47,704 - arxml_tool - WARNING - Could not load schema, skipping validation
2025-04-26 14:44:47,706 - arxml_tool - INFO - Successfully loaded ARXML file
2025-04-26 14:44:47,706 - arxml_tool - INFO - Successfully loaded ARXML file
2025-04-26 14:44:47,706 - arxml_tool - INFO - Successfully loaded ARXML file
2025-04-26 14:44:47,706 - arxml_tool - INFO - Successfully loaded ARXML file
2025-04-26 14:44:47,706 - arxml_tool - INFO - Successfully loaded ARXML file
2025-04-26 14:44:47,708 - arxml_tool - ERROR - Error initializing packages: Invalid role name: SystemDesign
2025-04-26 14:44:47,708 - arxml_tool - ERROR - Error initializing packages: Invalid role name: SystemDesign
2025-04-26 14:44:47,708 - arxml_tool - ERROR - Error initializing packages: Invalid role name: SystemDesign
2025-04-26 14:44:47,708 - arxml_tool - ERROR - Error initializing packages: Invalid role name: SystemDesign
2025-04-26 14:44:47,708 - arxml_tool - ERROR - Error initializing packages: Invalid role name: SystemDesign
2025-04-26 14:44:47,708 - arxml_tool - ERROR - Error initializing packages: Invalid role name: SystemDesign
2025-04-26 14:44:47,709 - arxml_tool - INFO - Loading ARXML file for editing: /home/adarsh/autosar_arxml-parser_editor/tests/../examples/sample.arxml
2025-04-26 14:44:47,709 - arxml_tool - INFO - Loading ARXML file for editing: /home/adarsh/autosar_arxml-parser_editor/tests/../examples/sample.arxml
2025-04-26 14:44:47,709 - arxml_tool - INFO - Loading ARXML file for editing: /home/adarsh/autosar_arxml-parser_editor/tests/../examples/sample.arxml
2025-04-26 14:44:47,709 - arxml_tool - INFO - Loading ARXML file for editing: /home/adarsh/autosar_arxml-parser_editor/tests/../examples/sample.arxml
2025-04-26 14:44:47,709 - arxml_tool - INFO - Loading ARXML file for editing: /home/adarsh/autosar_arxml-parser_editor/tests/../examples/sample.arxml
2025-04-26 14:44:47,709 - arxml_tool - INFO - Loading ARXML file for editing: /home/adarsh/autosar_arxml-parser_editor/tests/../examples/sample.arxml
2025-04-26 14:44:47,709 - arxml_tool - INFO - Loading ARXML file for editing: /home/adarsh/autosar_arxml-parser_editor/tests/../examples/sample.arxml
2025-04-26 14:44:47,711 - arxml_tool - INFO - Loading ARXML file: /home/adarsh/autosar_arxml-parser_editor/tests/../examples/sample.arxml
2025-04-26 14:44:47,711 - arxml_tool - INFO - Loading ARXML file: /home/adarsh/autosar_arxml-parser_editor/tests/../examples/sample.arxml
2025-04-26 14:44:47,711 - arxml_tool - INFO - Loading ARXML file: /home/adarsh/autosar_arxml-parser_editor/tests/../examples/sample.arxml
2025-04-26 14:44:47,711 - arxml_tool - INFO - Loading ARXML file: /home/adarsh/autosar_arxml-parser_editor/tests/../examples/sample.arxml
2025-04-26 14:44:47,711 - arxml_tool - INFO - Loading ARXML file: /home/adarsh/autosar_arxml-parser_editor/tests/../examples/sample.arxml
2025-04-26 14:44:47,711 - arxml_tool - INFO - Loading ARXML file: /home/adarsh/autosar_arxml-parser_editor/tests/../examples/sample.arxml
2025-04-26 14:44:47,711 - arxml_tool - INFO - Loading ARXML file: /home/adarsh/autosar_arxml-parser_editor/tests/../examples/sample.arxml
2025-04-26 14:44:47,893 - arxml_tool - WARNING - Failed to download schema: HTTP 404
2025-04-26 14:44:47,893 - arxml_tool - WARNING - Failed to download schema: HTTP 404
2025-04-26 14:44:47,893 - arxml_tool - WARNING - Failed to download schema: HTTP 404
2025-04-26 14:44:47,893 - arxml_tool - WARNING - Failed to download schema: HTTP 404
2025-04-26 14:44:47,893 - arxml_tool - WARNING - Failed to download schema: HTTP 404
2025-04-26 14:44:47,893 - arxml_tool - WARNING - Failed to download schema: HTTP 404
2025-04-26 14:44:47,893 - arxml_tool - WARNING - Failed to download schema: HTTP 404
2025-04-26 14:44:47,897 - arxml_tool - WARNING - Could not load schema, skipping validation
2025-04-26 14:44:47,897 - arxml_tool - WARNING - Could not load schema, skipping validation
2025-04-26 14:44:47,897 - arxml_tool - WARNING - Could not load schema, skipping validation
2025-04-26 14:44:47,897 - arxml_tool - WARNING - Could not load schema, skipping validation
2025-04-26 14:44:47,897 - arxml_tool - WARNING - Could not load schema, skipping validation
2025-04-26 14:44:47,897 - arxml_tool - WARNING - Could not load schema, skipping validation
2025-04-26 14:44:47,897 - arxml_tool - WARNING - Could not load schema, skipping validation
2025-04-26 14:44:47,898 - arxml_tool - INFO - Successfully loaded ARXML file
2025-04-26 14:44:47,898 - arxml_tool - INFO - Successfully loaded ARXML file
2025-04-26 14:44:47,898 - arxml_tool - INFO - Successfully loaded ARXML file
2025-04-26 14:44:47,898 - arxml_tool - INFO - Successfully loaded ARXML file
2025-04-26 14:44:47,898 - arxml_tool - INFO - Successfully loaded ARXML file
2025-04-26 14:44:47,898 - arxml_tool - INFO - Successfully loaded ARXML file
2025-04-26 14:44:47,898 - arxml_tool - INFO - Successfully loaded ARXML file
2025-04-26 14:44:47,900 - arxml_tool - INFO - Created backup: /tmp/.arxml_backups/tmp__d3s8x_.arxml.20250426_144447.bak
2025-04-26 14:44:47,900 - arxml_tool - INFO - Created backup: /tmp/.arxml_backups/tmp__d3s8x_.arxml.20250426_144447.bak
2025-04-26 14:44:47,900 - arxml_tool - INFO - Created backup: /tmp/.arxml_backups/tmp__d3s8x_.arxml.20250426_144447.bak
2025-04-26 14:44:47,900 - arxml_tool - INFO - Created backup: /tmp/.arxml_backups/tmp__d3s8x_.arxml.20250426_144447.bak
2025-04-26 14:44:47,900 - arxml_tool - INFO - Created backup: /tmp/.arxml_backups/tmp__d3s8x_.arxml.20250426_144447.bak
2025-04-26 14:44:47,900 - arxml_tool - INFO - Created backup: /tmp/.arxml_backups/tmp__d3s8x_.arxml.20250426_144447.bak
2025-04-26 14:44:47,900 - arxml_tool - INFO - Created backup: /tmp/.arxml_backups/tmp__d3s8x_.arxml.20250426_144447.bak
2025-04-26 14:44:47,902 - arxml_tool - INFO - Saved ARXML file to: /tmp/tmp__d3s8x_.arxml
2025-04-26 14:44:47,902 - arxml_tool - INFO - Saved ARXML file to: /tmp/tmp__d3s8x_.arxml
2025-04-26 14:44:47,902 - arxml_tool - INFO - Saved ARXML file to: /tmp/tmp__d3s8x_.arxml
2025-04-26 14:44:47,902 - arxml_tool - INFO - Saved ARXML file to: /tmp/tmp__d3s8x_.arxml
2025-04-26 14:44:47,902 - arxml_tool - INFO - Saved ARXML file to: /tmp/tmp__d3s8x_.arxml
2025-04-26 14:44:47,902 - arxml_tool - INFO - Saved ARXML file to: /tmp/tmp__d3s8x_.arxml
2025-04-26 14:44:47,902 - arxml_tool - INFO - Saved ARXML file to: /tmp/tmp__d3s8x_.arxml
2025-04-26 14:44:47,903 - arxml_tool - ERROR - Error initializing packages: Invalid role name: SystemDesign
2025-04-26 14:44:47,903 - arxml_tool - ERROR - Error initializing packages: Invalid role name: SystemDesign
2025-04-26 14:44:47,903 - arxml_tool - ERROR - Error initializing packages: Invalid role name: SystemDesign
2025-04-26 14:44:47,903 - arxml_tool - ERROR - Error initializing packages: Invalid role name: SystemDesign
2025-04-26 14:44:47,903 - arxml_tool - ERROR - Error initializing packages: Invalid role name: SystemDesign
2025-04-26 14:44:47,903 - arxml_tool - ERROR - Error initializing packages: Invalid role name: SystemDesign
2025-04-26 14:44:47,903 - arxml_tool - ERROR - Error initializing packages: Invalid role name: SystemDesign
2025-04-26 14:44:47,903 - arxml_tool - ERROR - Error initializing packages: Invalid role name: SystemDesign
2025-04-26 14:44:47,904 - arxml_tool - INFO - Loading ARXML file: /home/adarsh/autosar_arxml-parser_editor/tests/../examples/sample.arxml
2025-04-26 14:44:47,904 - arxml_tool - INFO - Loading ARXML file: /home/adarsh/autosar_arxml-parser_editor/tests/../examples/sample.arxml
2025-04-26 14:44:47,904 - arxml_tool - INFO - Loading ARXML file: /home/adarsh/autosar_arxml-parser_editor/tests/../examples/sample.arxml
2025-04-26 14:44:47,904 - arxml_tool - INFO - Loading ARXML file: /home/adarsh/autosar_arxml-parser_editor/tests/../examples/sample.arxml
2025-04-26 14:44:47,904 - arxml_tool - INFO - Loading ARXML file: /home/adarsh/autosar_arxml-parser_editor/tests/../examples/sample.arxml
2025-04-26 14:44:47,904 - arxml_tool - INFO - Loading ARXML file: /home/adarsh/autosar_arxml-parser_editor/tests/../examples/sample.arxml
2025-04-26 14:44:47,904 - arxml_tool - INFO - Loading ARXML file: /home/adarsh/autosar_arxml-parser_editor/tests/../examples/sample.arxml
2025-04-26 14:44:47,904 - arxml_tool - INFO - Loading ARXML file: /home/adarsh/autosar_arxml-parser_editor/tests/../examples/sample.arxml
2025-04-26 14:44:48,091 - arxml_tool - WARNING - Failed to download schema: HTTP 404
2025-04-26 14:44:48,091 - arxml_tool - WARNING - Failed to download schema: HTTP 404
2025-04-26 14:44:48,091 - arxml_tool - WARNING - Failed to download schema: HTTP 404
2025-04-26 14:44:48,091 - arxml_tool - WARNING - Failed to download schema: HTTP 404
2025-04-26 14:44:48,091 - arxml_tool - WARNING - Failed to download schema: HTTP 404
2025-04-26 14:44:48,091 - arxml_tool - WARNING - Failed to download schema: HTTP 404
2025-04-26 14:44:48,091 - arxml_tool - WARNING - Failed to download schema: HTTP 404
2025-04-26 14:44:48,091 - arxml_tool - WARNING - Failed to download schema: HTTP 404
2025-04-26 14:44:48,096 - arxml_tool - WARNING - Could not load schema, skipping validation
2025-04-26 14:44:48,096 - arxml_tool - WARNING - Could not load schema, skipping validation
2025-04-26 14:44:48,096 - arxml_tool - WARNING - Could not load schema, skipping validation
2025-04-26 14:44:48,096 - arxml_tool - WARNING - Could not load schema, skipping validation
2025-04-26 14:44:48,096 - arxml_tool - WARNING - Could not load schema, skipping validation
2025-04-26 14:44:48,096 - arxml_tool - WARNING - Could not load schema, skipping validation
2025-04-26 14:44:48,096 - arxml_tool - WARNING - Could not load schema, skipping validation
2025-04-26 14:44:48,096 - arxml_tool - WARNING - Could not load schema, skipping validation
2025-04-26 14:44:48,100 - arxml_tool - INFO - Successfully loaded ARXML file
2025-04-26 14:44:48,100 - arxml_tool - INFO - Successfully loaded ARXML file
2025-04-26 14:44:48,100 - arxml_tool - INFO - Successfully loaded ARXML file
2025-04-26 14:44:48,100 - arxml_tool - INFO - Successfully loaded ARXML file
2025-04-26 14:44:48,100 - arxml_tool - INFO - Successfully loaded ARXML file
2025-04-26 14:44:48,100 - arxml_tool - INFO - Successfully loaded ARXML file
2025-04-26 14:44:48,100 - arxml_tool - INFO - Successfully loaded ARXML file
2025-04-26 14:44:48,100 - arxml_tool - INFO - Successfully loaded ARXML file
2025-04-26 14:44:48,102 - arxml_tool - ERROR - Error initializing packages: Invalid role name: SystemDesign
2025-04-26 14:44:48,102 - arxml_tool - ERROR - Error initializing packages: Invalid role name: SystemDesign
2025-04-26 14:44:48,102 - arxml_tool - ERROR - Error initializing packages: Invalid role name: SystemDesign
2025-04-26 14:44:48,102 - arxml_tool - ERROR - Error initializing packages: Invalid role name: SystemDesign
2025-04-26 14:44:48,102 - arxml_tool - ERROR - Error initializing packages: Invalid role name: SystemDesign
2025-04-26 14:44:48,102 - arxml_tool - ERROR - Error initializing packages: Invalid role name: SystemDesign
2025-04-26 14:44:48,102 - arxml_tool - ERROR - Error initializing packages: Invalid role name: SystemDesign
2025-04-26 14:44:48,102 - arxml_tool - ERROR - Error initializing packages: Invalid role name: SystemDesign
2025-04-26 14:44:48,103 - arxml_tool - INFO - Loading ARXML file: /home/adarsh/autosar_arxml-parser_editor/tests/../examples/sample.arxml
2025-04-26 14:44:48,103 - arxml_tool - INFO - Loading ARXML file: /home/adarsh/autosar_arxml-parser_editor/tests/../examples/sample.arxml
2025-04-26 14:44:48,103 - arxml_tool - INFO - Loading ARXML file: /home/adarsh/autosar_arxml-parser_editor/tests/../examples/sample.arxml
2025-04-26 14:44:48,103 - arxml_tool - INFO - Loading ARXML file: /home/adarsh/autosar_arxml-parser_editor/tests/../examples/sample.arxml
2025-04-26 14:44:48,103 - arxml_tool - INFO - Loading ARXML file: /home/adarsh/autosar_arxml-parser_editor/tests/../examples/sample.arxml
2025-04-26 14:44:48,103 - arxml_tool - INFO - Loading ARXML file: /home/adarsh/autosar_arxml-parser_editor/tests/../examples/sample.arxml
2025-04-26 14:44:48,103 - arxml_tool - INFO - Loading ARXML file: /home/adarsh/autosar_arxml-parser_editor/tests/../examples/sample.arxml
2025-04-26 14:44:48,103 - arxml_tool - INFO - Loading ARXML file: /home/adarsh/autosar_arxml-parser_editor/tests/../examples/sample.arxml
2025-04-26 14:44:48,283 - arxml_tool - WARNING - Failed to download schema: HTTP 404
2025-04-26 14:44:48,283 - arxml_tool - WARNING - Failed to download schema: HTTP 404
2025-04-26 14:44:48,283 - arxml_tool - WARNING - Failed to download schema: HTTP 404
2025-04-26 14:44:48,283 - arxml_tool - WARNING - Failed to download schema: HTTP 404
2025-04-26 14:44:48,283 - arxml_tool - WARNING - Failed to download schema: HTTP 404
2025-04-26 14:44:48,283 - arxml_tool - WARNING - Failed to download schema: HTTP 404
2025-04-26 14:44:48,283 - arxml_tool - WARNING - Failed to download schema: HTTP 404
2025-04-26 14:44:48,283 - arxml_tool - WARNING - Failed to download schema: HTTP 404
2025-04-26 14:44:48,285 - arxml_tool - WARNING - Could not load schema, skipping validation
2025-04-26 14:44:48,285 - arxml_tool - WARNING - Could not load schema, skipping validation
2025-04-26 14:44:48,285 - arxml_tool - WARNING - Could not load schema, skipping validation
2025-04-26 14:44:48,285 - arxml_tool - WARNING - Could not load schema, skipping validation
2025-04-26 14:44:48,285 - arxml_tool - WARNING - Could not load schema, skipping validation
2025-04-26 14:44:48,285 - arxml_tool - WARNING - Could not load schema, skipping validation
2025-04-26 14:44:48,285 - arxml_tool - WARNING - Could not load schema, skipping validation
2025-04-26 14:44:48,285 - arxml_tool - WARNING - Could not load schema, skipping validation
2025-04-26 14:44:48,286 - arxml_tool - INFO - Successfully loaded ARXML file
2025-04-26 14:44:48,286 - arxml_tool - INFO - Successfully loaded ARXML file
2025-04-26 14:44:48,286 - arxml_tool - INFO - Successfully loaded ARXML file
2025-04-26 14:44:48,286 - arxml_tool - INFO - Successfully loaded ARXML file
2025-04-26 14:44:48,286 - arxml_tool - INFO - Successfully loaded ARXML file
2025-04-26 14:44:48,286 - arxml_tool - INFO - Successfully loaded ARXML file
2025-04-26 14:44:48,286 - arxml_tool - INFO - Successfully loaded ARXML file
2025-04-26 14:44:48,286 - arxml_tool - INFO - Successfully loaded ARXML file
2025-04-26 14:44:48,287 - arxml_tool - ERROR - Error initializing packages: Invalid role name: SystemDesign
2025-04-26 14:44:48,287 - arxml_tool - ERROR - Error initializing packages: Invalid role name: SystemDesign
2025-04-26 14:44:48,287 - arxml_tool - ERROR - Error initializing packages: Invalid role name: SystemDesign
2025-04-26 14:44:48,287 - arxml_tool - ERROR - Error initializing packages: Invalid role name: SystemDesign
2025-04-26 14:44:48,287 - arxml_tool - ERROR - Error initializing packages: Invalid role name: SystemDesign
2025-04-26 14:44:48,287 - arxml_tool - ERROR - Error initializing packages: Invalid role name: SystemDesign
2025-04-26 14:44:48,287 - arxml_tool - ERROR - Error initializing packages: Invalid role name: SystemDesign
2025-04-26 14:44:48,287 - arxml_tool - ERROR - Error initializing packages: Invalid role name: SystemDesign
2025-04-26 14:44:48,289 - arxml_tool - ERROR - ARXML file not found: non_existent_file.arxml
2025-04-26 14:44:48,289 - arxml_tool - ERROR - ARXML file not found: non_existent_file.arxml
2025-04-26 14:44:48,289 - arxml_tool - ERROR - ARXML file not found: non_existent_file.arxml
2025-04-26 14:44:48,289 - arxml_tool - ERROR - ARXML file not found: non_existent_file.arxml
2025-04-26 14:44:48,289 - arxml_tool - ERROR - ARXML file not found: non_existent_file.arxml
2025-04-26 14:44:48,289 - arxml_tool - ERROR - ARXML file not found: non_existent_file.arxml
2025-04-26 14:44:48,289 - arxml_tool - ERROR - ARXML file not found: non_existent_file.arxml
2025-04-26 14:44:48,289 - arxml_tool - ERROR - ARXML file not found: non_existent_file.arxml
2025-04-26 14:44:48,290 - arxml_tool - ERROR - Error initializing packages: Invalid role name: SystemDesign
2025-04-26 14:44:48,290 - arxml_tool - ERROR - Error initializing packages: Invalid role name: SystemDesign
2025-04-26 14:44:48,290 - arxml_tool - ERROR - Error initializing packages: Invalid role name: SystemDesign
2025-04-26 14:44:48,290 - arxml_tool - ERROR - Error initializing packages: Invalid role name: SystemDesign
2025-04-26 14:44:48,290 - arxml_tool - ERROR - Error initializing packages: Invalid role name: SystemDesign
2025-04-26 14:44:48,290 - arxml_tool - ERROR - Error initializing packages: Invalid role name: SystemDesign
2025-04-26 14:44:48,290 - arxml_tool - ERROR - Error initializing packages: Invalid role name: SystemDesign
2025-04-26 14:44:48,290 - arxml_tool - ERROR - Error initializing packages: Invalid role name: SystemDesign
2025-04-26 14:44:48,292 - arxml_tool - INFO - Loading ARXML file: /home/adarsh/autosar_arxml-parser_editor/tests/../examples/sample.arxml
2025-04-26 14:44:48,292 - arxml_tool - INFO - Loading ARXML file: /home/adarsh/autosar_arxml-parser_editor/tests/../examples/sample.arxml
2025-04-26 14:44:48,292 - arxml_tool - INFO - Loading ARXML file: /home/adarsh/autosar_arxml-parser_editor/tests/../examples/sample.arxml
2025-04-26 14:44:48,292 - arxml_tool - INFO - Loading ARXML file: /home/adarsh/autosar_arxml-parser_editor/tests/../examples/sample.arxml
2025-04-26 14:44:48,292 - arxml_tool - INFO - Loading ARXML file: /home/adarsh/autosar_arxml-parser_editor/tests/../examples/sample.arxml
2025-04-26 14:44:48,292 - arxml_tool - INFO - Loading ARXML file: /home/adarsh/autosar_arxml-parser_editor/tests/../examples/sample.arxml
2025-04-26 14:44:48,292 - arxml_tool - INFO - Loading ARXML file: /home/adarsh/autosar_arxml-parser_editor/tests/../examples/sample.arxml
2025-04-26 14:44:48,292 - arxml_tool - INFO - Loading ARXML file: /home/adarsh/autosar_arxml-parser_editor/tests/../examples/sample.arxml
2025-04-26 14:44:48,514 - arxml_tool - WARNING - Failed to download schema: HTTP 404
2025-04-26 14:44:48,514 - arxml_tool - WARNING - Failed to download schema: HTTP 404
2025-04-26 14:44:48,514 - arxml_tool - WARNING - Failed to download schema: HTTP 404
2025-04-26 14:44:48,514 - arxml_tool - WARNING - Failed to download schema: HTTP 404
2025-04-26 14:44:48,514 - arxml_tool - WARNING - Failed to download schema: HTTP 404
2025-04-26 14:44:48,514 - arxml_tool - WARNING - Failed to download schema: HTTP 404
2025-04-26 14:44:48,514 - arxml_tool - WARNING - Failed to download schema: HTTP 404
2025-04-26 14:44:48,514 - arxml_tool - WARNING - Failed to download schema: HTTP 404
2025-04-26 14:44:48,517 - arxml_tool - WARNING - Could not load schema, skipping validation
2025-04-26 14:44:48,517 - arxml_tool - WARNING - Could not load schema, skipping validation
2025-04-26 14:44:48,517 - arxml_tool - WARNING - Could not load schema, skipping validation
2025-04-26 14:44:48,517 - arxml_tool - WARNING - Could not load schema, skipping validation
2025-04-26 14:44:48,517 - arxml_tool - WARNING - Could not load schema, skipping validation
2025-04-26 14:44:48,517 - arxml_tool - WARNING - Could not load schema, skipping validation
2025-04-26 14:44:48,517 - arxml_tool - WARNING - Could not load schema, skipping validation
2025-04-26 14:44:48,517 - arxml_tool - WARNING - Could not load schema, skipping validation
2025-04-26 14:44:48,519 - arxml_tool - INFO - Successfully loaded ARXML file
2025-04-26 14:44:48,519 - arxml_tool - INFO - Successfully loaded ARXML file
2025-04-26 14:44:48,519 - arxml_tool - INFO - Successfully loaded ARXML file
2025-04-26 14:44:48,519 - arxml_tool - INFO - Successfully loaded ARXML file
2025-04-26 14:44:48,519 - arxml_tool - INFO - Successfully loaded ARXML file
2025-04-26 14:44:48,519 - arxml_tool - INFO - Successfully loaded ARXML file
2025-04-26 14:44:48,519 - arxml_tool - INFO - Successfully loaded ARXML file
2025-04-26 14:44:48,519 - arxml_tool - INFO - Successfully loaded ARXML file
2025-04-26 14:44:48,521 - arxml_tool - ERROR - Error initializing packages: Invalid role name: SystemDesign
2025-04-26 14:44:48,521 - arxml_tool - ERROR - Error initializing packages: Invalid role name: SystemDesign
2025-04-26 14:44:48,521 - arxml_tool - ERROR - Error initializing packages: Invalid role name: SystemDesign
2025-04-26 14:44:48,521 - arxml_tool - ERROR - Error initializing packages: Invalid role name: SystemDesign
2025-04-26 14:44:48,521 - arxml_tool - ERROR - Error initializing packages: Invalid role name: SystemDesign
2025-04-26 14:44:48,521 - arxml_tool - ERROR - Error initializing packages: Invalid role name: SystemDesign
2025-04-26 14:44:48,521 - arxml_tool - ERROR - Error initializing packages: Invalid role name: SystemDesign
2025-04-26 14:44:48,521 - arxml_tool - ERROR - Error initializing packages: Invalid role name: SystemDesign
2025-04-26 14:44:48,524 - arxml_tool - INFO - Loading ARXML file: /tmp/tmpr4lljx2o.arxml
2025-04-26 14:44:48,524 - arxml_tool - INFO - Loading ARXML file: /tmp/tmpr4lljx2o.arxml
2025-04-26 14:44:48,524 - arxml_tool - INFO - Loading ARXML file: /tmp/tmpr4lljx2o.arxml
2025-04-26 14:44:48,524 - arxml_tool - INFO - Loading ARXML file: /tmp/tmpr4lljx2o.arxml
2025-04-26 14:44:48,524 - arxml_tool - INFO - Loading ARXML file: /tmp/tmpr4lljx2o.arxml
2025-04-26 14:44:48,524 - arxml_tool - INFO - Loading ARXML file: /tmp/tmpr4lljx2o.arxml
2025-04-26 14:44:48,524 - arxml_tool - INFO - Loading ARXML file: /tmp/tmpr4lljx2o.arxml
2025-04-26 14:44:48,524 - arxml_tool - INFO - Loading ARXML file: /tmp/tmpr4lljx2o.arxml
2025-04-26 14:44:48,526 - arxml_tool - ERROR - Error loading XML content: 
2025-04-26 14:44:48,526 - arxml_tool - ERROR - Error loading XML content: 
2025-04-26 14:44:48,526 - arxml_tool - ERROR - Error loading XML content: 
2025-04-26 14:44:48,526 - arxml_tool - ERROR - Error loading XML content: 
2025-04-26 14:44:48,526 - arxml_tool - ERROR - Error loading XML content: 
2025-04-26 14:44:48,526 - arxml_tool - ERROR - Error loading XML content: 
2025-04-26 14:44:48,526 - arxml_tool - ERROR - Error loading XML content: 
2025-04-26 14:44:48,526 - arxml_tool - ERROR - Error loading XML content: 
2025-04-26 14:44:48,529 - arxml_tool - ERROR - Error initializing packages: Invalid role name: SystemDesign
2025-04-26 14:44:48,529 - arxml_tool - ERROR - Error initializing packages: Invalid role name: SystemDesign
2025-04-26 14:44:48,529 - arxml_tool - ERROR - Error initializing packages: Invalid role name: SystemDesign
2025-04-26 14:44:48,529 - arxml_tool - ERROR - Error initializing packages: Invalid role name: SystemDesign
2025-04-26 14:44:48,529 - arxml_tool - ERROR - Error initializing packages: Invalid role name: SystemDesign
2025-04-26 14:44:48,529 - arxml_tool - ERROR - Error initializing packages: Invalid role name: SystemDesign
2025-04-26 14:44:48,529 - arxml_tool - ERROR - Error initializing packages: Invalid role name: SystemDesign
2025-04-26 14:44:48,529 - arxml_tool - ERROR - Error initializing packages: Invalid role name: SystemDesign
2025-04-26 14:44:48,532 - arxml_tool - INFO - Loading ARXML file: /home/adarsh/autosar_arxml-parser_editor/tests/../examples/sample.arxml
2025-04-26 14:44:48,532 - arxml_tool - INFO - Loading ARXML file: /home/adarsh/autosar_arxml-parser_editor/tests/../examples/sample.arxml
2025-04-26 14:44:48,532 - arxml_tool - INFO - Loading ARXML file: /home/adarsh/autosar_arxml-parser_editor/tests/../examples/sample.arxml
2025-04-26 14:44:48,532 - arxml_tool - INFO - Loading ARXML file: /home/adarsh/autosar_arxml-parser_editor/tests/../examples/sample.arxml
2025-04-26 14:44:48,532 - arxml_tool - INFO - Loading ARXML file: /home/adarsh/autosar_arxml-parser_editor/tests/../examples/sample.arxml
2025-04-26 14:44:48,532 - arxml_tool - INFO - Loading ARXML file: /home/adarsh/autosar_arxml-parser_editor/tests/../examples/sample.arxml
2025-04-26 14:44:48,532 - arxml_tool - INFO - Loading ARXML file: /home/adarsh/autosar_arxml-parser_editor/tests/../examples/sample.arxml
2025-04-26 14:44:48,532 - arxml_tool - INFO - Loading ARXML file: /home/adarsh/autosar_arxml-parser_editor/tests/../examples/sample.arxml
2025-04-26 14:44:48,717 - arxml_tool - WARNING - Failed to download schema: HTTP 404
2025-04-26 14:44:48,717 - arxml_tool - WARNING - Failed to download schema: HTTP 404
2025-04-26 14:44:48,717 - arxml_tool - WARNING - Failed to download schema: HTTP 404
2025-04-26 14:44:48,717 - arxml_tool - WARNING - Failed to download schema: HTTP 404
2025-04-26 14:44:48,717 - arxml_tool - WARNING - Failed to download schema: HTTP 404
2025-04-26 14:44:48,717 - arxml_tool - WARNING - Failed to download schema: HTTP 404
2025-04-26 14:44:48,717 - arxml_tool - WARNING - Failed to download schema: HTTP 404
2025-04-26 14:44:48,717 - arxml_tool - WARNING - Failed to download schema: HTTP 404
2025-04-26 14:44:48,722 - arxml_tool - WARNING - Could not load schema, skipping validation
2025-04-26 14:44:48,722 - arxml_tool - WARNING - Could not load schema, skipping validation
2025-04-26 14:44:48,722 - arxml_tool - WARNING - Could not load schema, skipping validation
2025-04-26 14:44:48,722 - arxml_tool - WARNING - Could not load schema, skipping validation
2025-04-26 14:44:48,722 - arxml_tool - WARNING - Could not load schema, skipping validation
2025-04-26 14:44:48,722 - arxml_tool - WARNING - Could not load schema, skipping validation
2025-04-26 14:44:48,722 - arxml_tool - WARNING - Could not load schema, skipping validation
2025-04-26 14:44:48,722 - arxml_tool - WARNING - Could not load schema, skipping validation
2025-04-26 14:44:48,723 - arxml_tool - INFO - Successfully loaded ARXML file
2025-04-26 14:44:48,723 - arxml_tool - INFO - Successfully loaded ARXML file
2025-04-26 14:44:48,723 - arxml_tool - INFO - Successfully loaded ARXML file
2025-04-26 14:44:48,723 - arxml_tool - INFO - Successfully loaded ARXML file
2025-04-26 14:44:48,723 - arxml_tool - INFO - Successfully loaded ARXML file
2025-04-26 14:44:48,723 - arxml_tool - INFO - Successfully loaded ARXML file
2025-04-26 14:44:48,723 - arxml_tool - INFO - Successfully loaded ARXML file
2025-04-26 14:44:48,723 - arxml_tool - INFO - Successfully loaded ARXML file
