2025-04-26 14:07:37,092 - arxml_tool - ERROR - ARXML file not found: non_existent_file.arxml
2025-04-26 14:07:37,099 - arxml_tool - INFO - Loading ARXML file: /home/adarsh/autosar_arxml-parser_editor/tests/../examples/sample.arxml
2025-04-26 14:07:37,099 - arxml_tool - INFO - Loading ARXML file: /home/adarsh/autosar_arxml-parser_editor/tests/../examples/sample.arxml
2025-04-26 14:07:37,306 - arxml_tool - WARNING - Failed to download schema: HTTP 404
2025-04-26 14:07:37,306 - arxml_tool - WARNING - Failed to download schema: HTTP 404
2025-04-26 14:07:37,310 - arxml_tool - WARNING - Could not load schema, skipping validation
2025-04-26 14:07:37,310 - arxml_tool - WARNING - Could not load schema, skipping validation
2025-04-26 14:07:37,315 - arxml_tool - INFO - Successfully loaded ARXML file
2025-04-26 14:07:37,315 - arxml_tool - INFO - Successfully loaded ARXML file
2025-04-26 14:07:37,320 - arxml_tool - INFO - Loading ARXML file: /tmp/tmpwg3ov6z1.arxml
2025-04-26 14:07:37,320 - arxml_tool - INFO - Loading ARXML file: /tmp/tmpwg3ov6z1.arxml
2025-04-26 14:07:37,320 - arxml_tool - INFO - Loading ARXML file: /tmp/tmpwg3ov6z1.arxml
2025-04-26 14:07:37,328 - arxml_tool - ERROR - Error parsing ARXML file: 
2025-04-26 14:07:37,328 - arxml_tool - ERROR - Error parsing ARXML file: 
2025-04-26 14:07:37,328 - arxml_tool - ERROR - Error parsing ARXML file: 
2025-04-26 14:07:37,336 - arxml_tool - INFO - Loading ARXML file: /home/adarsh/autosar_arxml-parser_editor/tests/../examples/sample.arxml
2025-04-26 14:07:37,336 - arxml_tool - INFO - Loading ARXML file: /home/adarsh/autosar_arxml-parser_editor/tests/../examples/sample.arxml
2025-04-26 14:07:37,336 - arxml_tool - INFO - Loading ARXML file: /home/adarsh/autosar_arxml-parser_editor/tests/../examples/sample.arxml
2025-04-26 14:07:37,336 - arxml_tool - INFO - Loading ARXML file: /home/adarsh/autosar_arxml-parser_editor/tests/../examples/sample.arxml
2025-04-26 14:07:37,631 - arxml_tool - WARNING - Failed to download schema: HTTP 404
2025-04-26 14:07:37,631 - arxml_tool - WARNING - Failed to download schema: HTTP 404
2025-04-26 14:07:37,631 - arxml_tool - WARNING - Failed to download schema: HTTP 404
2025-04-26 14:07:37,631 - arxml_tool - WARNING - Failed to download schema: HTTP 404
2025-04-26 14:07:37,638 - arxml_tool - WARNING - Could not load schema, skipping validation
2025-04-26 14:07:37,638 - arxml_tool - WARNING - Could not load schema, skipping validation
2025-04-26 14:07:37,638 - arxml_tool - WARNING - Could not load schema, skipping validation
2025-04-26 14:07:37,638 - arxml_tool - WARNING - Could not load schema, skipping validation
2025-04-26 14:07:37,646 - arxml_tool - INFO - Successfully loaded ARXML file
2025-04-26 14:07:37,646 - arxml_tool - INFO - Successfully loaded ARXML file
2025-04-26 14:07:37,646 - arxml_tool - INFO - Successfully loaded ARXML file
2025-04-26 14:07:37,646 - arxml_tool - INFO - Successfully loaded ARXML file
