2025-04-26 14:23:24,140 - arxml_tool - ERROR - Error initializing packages: Invalid role name: SystemDesign
2025-04-26 14:23:24,140 - arxml_tool - INFO - Loading ARXML file for editing: /home/adarsh/autosar_arxml-parser_editor/tests/../examples/sample.arxml
2025-04-26 14:23:24,140 - arxml_tool - INFO - Loading ARXML file for editing: /home/adarsh/autosar_arxml-parser_editor/tests/../examples/sample.arxml
2025-04-26 14:23:24,141 - arxml_tool - INFO - Loading ARXML file: /home/adarsh/autosar_arxml-parser_editor/tests/../examples/sample.arxml
2025-04-26 14:23:24,141 - arxml_tool - INFO - Loading ARXML file: /home/adarsh/autosar_arxml-parser_editor/tests/../examples/sample.arxml
2025-04-26 14:23:24,322 - arxml_tool - WARNING - Failed to download schema: HTTP 404
2025-04-26 14:23:24,322 - arxml_tool - WARNING - Failed to download schema: HTTP 404
2025-04-26 14:23:24,322 - arxml_tool - WARNING - Could not load schema, skipping validation
2025-04-26 14:23:24,322 - arxml_tool - WARNING - Could not load schema, skipping validation
2025-04-26 14:23:24,323 - arxml_tool - INFO - Successfully loaded ARXML file
2025-04-26 14:23:24,323 - arxml_tool - INFO - Successfully loaded ARXML file
2025-04-26 14:23:24,324 - arxml_tool - INFO - Loading ARXML file for editing: /home/adarsh/autosar_arxml-parser_editor/tests/../examples/sample.arxml
2025-04-26 14:23:24,324 - arxml_tool - INFO - Loading ARXML file for editing: /home/adarsh/autosar_arxml-parser_editor/tests/../examples/sample.arxml
2025-04-26 14:23:24,324 - arxml_tool - INFO - Loading ARXML file: /home/adarsh/autosar_arxml-parser_editor/tests/../examples/sample.arxml
2025-04-26 14:23:24,324 - arxml_tool - INFO - Loading ARXML file: /home/adarsh/autosar_arxml-parser_editor/tests/../examples/sample.arxml
2025-04-26 14:23:24,519 - arxml_tool - WARNING - Failed to download schema: HTTP 404
2025-04-26 14:23:24,519 - arxml_tool - WARNING - Failed to download schema: HTTP 404
2025-04-26 14:23:24,519 - arxml_tool - WARNING - Could not load schema, skipping validation
2025-04-26 14:23:24,519 - arxml_tool - WARNING - Could not load schema, skipping validation
2025-04-26 14:23:24,520 - arxml_tool - INFO - Successfully loaded ARXML file
2025-04-26 14:23:24,520 - arxml_tool - INFO - Successfully loaded ARXML file
2025-04-26 14:23:24,520 - arxml_tool - INFO - Added software component: OriginalComponent
2025-04-26 14:23:24,520 - arxml_tool - INFO - Added software component: OriginalComponent
2025-04-26 14:23:24,521 - arxml_tool - INFO - Added software component: OriginalComponent
2025-04-26 14:23:24,521 - arxml_tool - INFO - Added software component: OriginalComponent
2025-04-26 14:23:24,521 - arxml_tool - INFO - Created backup: /tmp/.arxml_backups/tmpfz1_4lyx.arxml.20250426_142324.bak
2025-04-26 14:23:24,521 - arxml_tool - INFO - Created backup: /tmp/.arxml_backups/tmpfz1_4lyx.arxml.20250426_142324.bak
2025-04-26 14:23:24,523 - arxml_tool - INFO - Saved ARXML file to: /tmp/tmpfz1_4lyx.arxml
2025-04-26 14:23:24,523 - arxml_tool - INFO - Saved ARXML file to: /tmp/tmpfz1_4lyx.arxml
2025-04-26 14:23:24,524 - arxml_tool - INFO - Added software component: NewComponent
2025-04-26 14:23:24,524 - arxml_tool - INFO - Added software component: NewComponent
2025-04-26 14:23:24,524 - arxml_tool - INFO - Added software component: NewComponent
2025-04-26 14:23:24,524 - arxml_tool - INFO - Added software component: NewComponent
2025-04-26 14:23:24,525 - arxml_tool - INFO - Created backup: /tmp/.arxml_backups/tmpfz1_4lyx.arxml.20250426_142324.bak
2025-04-26 14:23:24,525 - arxml_tool - INFO - Created backup: /tmp/.arxml_backups/tmpfz1_4lyx.arxml.20250426_142324.bak
2025-04-26 14:23:24,526 - arxml_tool - INFO - Saved ARXML file to: /tmp/tmpfz1_4lyx.arxml
2025-04-26 14:23:24,526 - arxml_tool - INFO - Saved ARXML file to: /tmp/tmpfz1_4lyx.arxml
2025-04-26 14:23:24,528 - arxml_tool - INFO - Loading ARXML file: /tmp/tmpfz1_4lyx.arxml
2025-04-26 14:23:24,528 - arxml_tool - INFO - Loading ARXML file: /tmp/tmpfz1_4lyx.arxml
2025-04-26 14:23:24,728 - arxml_tool - WARNING - Failed to download schema: HTTP 404
2025-04-26 14:23:24,728 - arxml_tool - WARNING - Failed to download schema: HTTP 404
2025-04-26 14:23:24,729 - arxml_tool - WARNING - Could not load schema, skipping validation
2025-04-26 14:23:24,729 - arxml_tool - WARNING - Could not load schema, skipping validation
2025-04-26 14:23:24,730 - arxml_tool - INFO - Successfully loaded ARXML file
2025-04-26 14:23:24,730 - arxml_tool - INFO - Successfully loaded ARXML file
2025-04-26 14:23:24,731 - arxml_tool - ERROR - Error initializing packages: Invalid role name: SystemDesign
2025-04-26 14:23:24,731 - arxml_tool - ERROR - Error initializing packages: Invalid role name: SystemDesign
2025-04-26 14:23:24,731 - arxml_tool - ERROR - Error initializing packages: Invalid role name: SystemDesign
2025-04-26 14:23:24,731 - arxml_tool - INFO - Loading ARXML file for editing: /home/adarsh/autosar_arxml-parser_editor/tests/../examples/sample.arxml
2025-04-26 14:23:24,731 - arxml_tool - INFO - Loading ARXML file for editing: /home/adarsh/autosar_arxml-parser_editor/tests/../examples/sample.arxml
2025-04-26 14:23:24,731 - arxml_tool - INFO - Loading ARXML file for editing: /home/adarsh/autosar_arxml-parser_editor/tests/../examples/sample.arxml
2025-04-26 14:23:24,731 - arxml_tool - INFO - Loading ARXML file for editing: /home/adarsh/autosar_arxml-parser_editor/tests/../examples/sample.arxml
2025-04-26 14:23:24,732 - arxml_tool - INFO - Loading ARXML file: /home/adarsh/autosar_arxml-parser_editor/tests/../examples/sample.arxml
2025-04-26 14:23:24,732 - arxml_tool - INFO - Loading ARXML file: /home/adarsh/autosar_arxml-parser_editor/tests/../examples/sample.arxml
2025-04-26 14:23:24,732 - arxml_tool - INFO - Loading ARXML file: /home/adarsh/autosar_arxml-parser_editor/tests/../examples/sample.arxml
2025-04-26 14:23:24,732 - arxml_tool - INFO - Loading ARXML file: /home/adarsh/autosar_arxml-parser_editor/tests/../examples/sample.arxml
2025-04-26 14:23:24,919 - arxml_tool - WARNING - Failed to download schema: HTTP 404
2025-04-26 14:23:24,919 - arxml_tool - WARNING - Failed to download schema: HTTP 404
2025-04-26 14:23:24,919 - arxml_tool - WARNING - Failed to download schema: HTTP 404
2025-04-26 14:23:24,919 - arxml_tool - WARNING - Failed to download schema: HTTP 404
2025-04-26 14:23:24,920 - arxml_tool - WARNING - Could not load schema, skipping validation
2025-04-26 14:23:24,920 - arxml_tool - WARNING - Could not load schema, skipping validation
2025-04-26 14:23:24,920 - arxml_tool - WARNING - Could not load schema, skipping validation
2025-04-26 14:23:24,920 - arxml_tool - WARNING - Could not load schema, skipping validation
2025-04-26 14:23:24,921 - arxml_tool - INFO - Successfully loaded ARXML file
2025-04-26 14:23:24,921 - arxml_tool - INFO - Successfully loaded ARXML file
2025-04-26 14:23:24,921 - arxml_tool - INFO - Successfully loaded ARXML file
2025-04-26 14:23:24,921 - arxml_tool - INFO - Successfully loaded ARXML file
2025-04-26 14:23:24,921 - arxml_tool - INFO - Added software component: TestReloadComponent
2025-04-26 14:23:24,921 - arxml_tool - INFO - Added software component: TestReloadComponent
2025-04-26 14:23:24,921 - arxml_tool - INFO - Added software component: TestReloadComponent
2025-04-26 14:23:24,921 - arxml_tool - INFO - Added software component: TestReloadComponent
2025-04-26 14:23:24,922 - arxml_tool - INFO - Added software component: TestReloadComponent
2025-04-26 14:23:24,922 - arxml_tool - INFO - Added software component: TestReloadComponent
2025-04-26 14:23:24,922 - arxml_tool - INFO - Added software component: TestReloadComponent
2025-04-26 14:23:24,922 - arxml_tool - INFO - Added software component: TestReloadComponent
2025-04-26 14:23:24,923 - arxml_tool - INFO - Created backup: /tmp/.arxml_backups/tmp6a9_i45z.arxml.20250426_142324.bak
2025-04-26 14:23:24,923 - arxml_tool - INFO - Created backup: /tmp/.arxml_backups/tmp6a9_i45z.arxml.20250426_142324.bak
2025-04-26 14:23:24,923 - arxml_tool - INFO - Created backup: /tmp/.arxml_backups/tmp6a9_i45z.arxml.20250426_142324.bak
2025-04-26 14:23:24,923 - arxml_tool - INFO - Created backup: /tmp/.arxml_backups/tmp6a9_i45z.arxml.20250426_142324.bak
2025-04-26 14:23:24,924 - arxml_tool - INFO - Saved ARXML file to: /tmp/tmp6a9_i45z.arxml
2025-04-26 14:23:24,924 - arxml_tool - INFO - Saved ARXML file to: /tmp/tmp6a9_i45z.arxml
2025-04-26 14:23:24,924 - arxml_tool - INFO - Saved ARXML file to: /tmp/tmp6a9_i45z.arxml
2025-04-26 14:23:24,924 - arxml_tool - INFO - Saved ARXML file to: /tmp/tmp6a9_i45z.arxml
2025-04-26 14:23:24,925 - arxml_tool - ERROR - Error initializing packages: Invalid role name: SystemDesign
2025-04-26 14:23:24,925 - arxml_tool - ERROR - Error initializing packages: Invalid role name: SystemDesign
2025-04-26 14:23:24,925 - arxml_tool - ERROR - Error initializing packages: Invalid role name: SystemDesign
2025-04-26 14:23:24,925 - arxml_tool - ERROR - Error initializing packages: Invalid role name: SystemDesign
2025-04-26 14:23:24,925 - arxml_tool - ERROR - Error initializing packages: Invalid role name: SystemDesign
2025-04-26 14:23:24,926 - arxml_tool - INFO - Loading ARXML file for editing: /tmp/tmp6a9_i45z.arxml
2025-04-26 14:23:24,926 - arxml_tool - INFO - Loading ARXML file for editing: /tmp/tmp6a9_i45z.arxml
2025-04-26 14:23:24,926 - arxml_tool - INFO - Loading ARXML file for editing: /tmp/tmp6a9_i45z.arxml
2025-04-26 14:23:24,926 - arxml_tool - INFO - Loading ARXML file for editing: /tmp/tmp6a9_i45z.arxml
2025-04-26 14:23:24,926 - arxml_tool - INFO - Loading ARXML file for editing: /tmp/tmp6a9_i45z.arxml
2025-04-26 14:23:24,926 - arxml_tool - INFO - Loading ARXML file for editing: /tmp/tmp6a9_i45z.arxml
2025-04-26 14:23:24,927 - arxml_tool - INFO - Loading ARXML file: /tmp/tmp6a9_i45z.arxml
2025-04-26 14:23:24,927 - arxml_tool - INFO - Loading ARXML file: /tmp/tmp6a9_i45z.arxml
2025-04-26 14:23:24,927 - arxml_tool - INFO - Loading ARXML file: /tmp/tmp6a9_i45z.arxml
2025-04-26 14:23:24,927 - arxml_tool - INFO - Loading ARXML file: /tmp/tmp6a9_i45z.arxml
2025-04-26 14:23:24,927 - arxml_tool - INFO - Loading ARXML file: /tmp/tmp6a9_i45z.arxml
2025-04-26 14:23:24,927 - arxml_tool - INFO - Loading ARXML file: /tmp/tmp6a9_i45z.arxml
2025-04-26 14:23:25,118 - arxml_tool - WARNING - Failed to download schema: HTTP 404
2025-04-26 14:23:25,118 - arxml_tool - WARNING - Failed to download schema: HTTP 404
2025-04-26 14:23:25,118 - arxml_tool - WARNING - Failed to download schema: HTTP 404
2025-04-26 14:23:25,118 - arxml_tool - WARNING - Failed to download schema: HTTP 404
2025-04-26 14:23:25,118 - arxml_tool - WARNING - Failed to download schema: HTTP 404
2025-04-26 14:23:25,118 - arxml_tool - WARNING - Failed to download schema: HTTP 404
2025-04-26 14:23:25,119 - arxml_tool - WARNING - Could not load schema, skipping validation
2025-04-26 14:23:25,119 - arxml_tool - WARNING - Could not load schema, skipping validation
2025-04-26 14:23:25,119 - arxml_tool - WARNING - Could not load schema, skipping validation
2025-04-26 14:23:25,119 - arxml_tool - WARNING - Could not load schema, skipping validation
2025-04-26 14:23:25,119 - arxml_tool - WARNING - Could not load schema, skipping validation
2025-04-26 14:23:25,119 - arxml_tool - WARNING - Could not load schema, skipping validation
2025-04-26 14:23:25,119 - arxml_tool - INFO - Successfully loaded ARXML file
2025-04-26 14:23:25,119 - arxml_tool - INFO - Successfully loaded ARXML file
2025-04-26 14:23:25,119 - arxml_tool - INFO - Successfully loaded ARXML file
2025-04-26 14:23:25,119 - arxml_tool - INFO - Successfully loaded ARXML file
2025-04-26 14:23:25,119 - arxml_tool - INFO - Successfully loaded ARXML file
2025-04-26 14:23:25,119 - arxml_tool - INFO - Successfully loaded ARXML file
2025-04-26 14:23:25,120 - arxml_tool - ERROR - Error initializing packages: Invalid role name: SystemDesign
2025-04-26 14:23:25,120 - arxml_tool - ERROR - Error initializing packages: Invalid role name: SystemDesign
2025-04-26 14:23:25,120 - arxml_tool - ERROR - Error initializing packages: Invalid role name: SystemDesign
2025-04-26 14:23:25,120 - arxml_tool - ERROR - Error initializing packages: Invalid role name: SystemDesign
2025-04-26 14:23:25,120 - arxml_tool - ERROR - Error initializing packages: Invalid role name: SystemDesign
2025-04-26 14:23:25,120 - arxml_tool - ERROR - Error initializing packages: Invalid role name: SystemDesign
2025-04-26 14:23:25,121 - arxml_tool - INFO - Loading ARXML file for editing: /home/adarsh/autosar_arxml-parser_editor/tests/../examples/sample.arxml
2025-04-26 14:23:25,121 - arxml_tool - INFO - Loading ARXML file for editing: /home/adarsh/autosar_arxml-parser_editor/tests/../examples/sample.arxml
2025-04-26 14:23:25,121 - arxml_tool - INFO - Loading ARXML file for editing: /home/adarsh/autosar_arxml-parser_editor/tests/../examples/sample.arxml
2025-04-26 14:23:25,121 - arxml_tool - INFO - Loading ARXML file for editing: /home/adarsh/autosar_arxml-parser_editor/tests/../examples/sample.arxml
2025-04-26 14:23:25,121 - arxml_tool - INFO - Loading ARXML file for editing: /home/adarsh/autosar_arxml-parser_editor/tests/../examples/sample.arxml
2025-04-26 14:23:25,121 - arxml_tool - INFO - Loading ARXML file for editing: /home/adarsh/autosar_arxml-parser_editor/tests/../examples/sample.arxml
2025-04-26 14:23:25,122 - arxml_tool - INFO - Loading ARXML file: /home/adarsh/autosar_arxml-parser_editor/tests/../examples/sample.arxml
2025-04-26 14:23:25,122 - arxml_tool - INFO - Loading ARXML file: /home/adarsh/autosar_arxml-parser_editor/tests/../examples/sample.arxml
2025-04-26 14:23:25,122 - arxml_tool - INFO - Loading ARXML file: /home/adarsh/autosar_arxml-parser_editor/tests/../examples/sample.arxml
2025-04-26 14:23:25,122 - arxml_tool - INFO - Loading ARXML file: /home/adarsh/autosar_arxml-parser_editor/tests/../examples/sample.arxml
2025-04-26 14:23:25,122 - arxml_tool - INFO - Loading ARXML file: /home/adarsh/autosar_arxml-parser_editor/tests/../examples/sample.arxml
2025-04-26 14:23:25,122 - arxml_tool - INFO - Loading ARXML file: /home/adarsh/autosar_arxml-parser_editor/tests/../examples/sample.arxml
2025-04-26 14:23:25,316 - arxml_tool - WARNING - Failed to download schema: HTTP 404
2025-04-26 14:23:25,316 - arxml_tool - WARNING - Failed to download schema: HTTP 404
2025-04-26 14:23:25,316 - arxml_tool - WARNING - Failed to download schema: HTTP 404
2025-04-26 14:23:25,316 - arxml_tool - WARNING - Failed to download schema: HTTP 404
2025-04-26 14:23:25,316 - arxml_tool - WARNING - Failed to download schema: HTTP 404
2025-04-26 14:23:25,316 - arxml_tool - WARNING - Failed to download schema: HTTP 404
2025-04-26 14:23:25,317 - arxml_tool - WARNING - Could not load schema, skipping validation
2025-04-26 14:23:25,317 - arxml_tool - WARNING - Could not load schema, skipping validation
2025-04-26 14:23:25,317 - arxml_tool - WARNING - Could not load schema, skipping validation
2025-04-26 14:23:25,317 - arxml_tool - WARNING - Could not load schema, skipping validation
2025-04-26 14:23:25,317 - arxml_tool - WARNING - Could not load schema, skipping validation
2025-04-26 14:23:25,317 - arxml_tool - WARNING - Could not load schema, skipping validation
2025-04-26 14:23:25,318 - arxml_tool - INFO - Successfully loaded ARXML file
2025-04-26 14:23:25,318 - arxml_tool - INFO - Successfully loaded ARXML file
2025-04-26 14:23:25,318 - arxml_tool - INFO - Successfully loaded ARXML file
2025-04-26 14:23:25,318 - arxml_tool - INFO - Successfully loaded ARXML file
2025-04-26 14:23:25,318 - arxml_tool - INFO - Successfully loaded ARXML file
2025-04-26 14:23:25,318 - arxml_tool - INFO - Successfully loaded ARXML file
2025-04-26 14:23:25,319 - arxml_tool - INFO - Created backup: /tmp/.arxml_backups/tmp1n6gulcj.arxml.20250426_142325.bak
2025-04-26 14:23:25,319 - arxml_tool - INFO - Created backup: /tmp/.arxml_backups/tmp1n6gulcj.arxml.20250426_142325.bak
2025-04-26 14:23:25,319 - arxml_tool - INFO - Created backup: /tmp/.arxml_backups/tmp1n6gulcj.arxml.20250426_142325.bak
2025-04-26 14:23:25,319 - arxml_tool - INFO - Created backup: /tmp/.arxml_backups/tmp1n6gulcj.arxml.20250426_142325.bak
2025-04-26 14:23:25,319 - arxml_tool - INFO - Created backup: /tmp/.arxml_backups/tmp1n6gulcj.arxml.20250426_142325.bak
2025-04-26 14:23:25,319 - arxml_tool - INFO - Created backup: /tmp/.arxml_backups/tmp1n6gulcj.arxml.20250426_142325.bak
2025-04-26 14:23:25,321 - arxml_tool - INFO - Saved ARXML file to: /tmp/tmp1n6gulcj.arxml
2025-04-26 14:23:25,321 - arxml_tool - INFO - Saved ARXML file to: /tmp/tmp1n6gulcj.arxml
2025-04-26 14:23:25,321 - arxml_tool - INFO - Saved ARXML file to: /tmp/tmp1n6gulcj.arxml
2025-04-26 14:23:25,321 - arxml_tool - INFO - Saved ARXML file to: /tmp/tmp1n6gulcj.arxml
2025-04-26 14:23:25,321 - arxml_tool - INFO - Saved ARXML file to: /tmp/tmp1n6gulcj.arxml
2025-04-26 14:23:25,321 - arxml_tool - INFO - Saved ARXML file to: /tmp/tmp1n6gulcj.arxml
2025-04-26 14:23:25,323 - arxml_tool - ERROR - Error initializing packages: Invalid role name: SystemDesign
2025-04-26 14:23:25,323 - arxml_tool - ERROR - Error initializing packages: Invalid role name: SystemDesign
2025-04-26 14:23:25,323 - arxml_tool - ERROR - Error initializing packages: Invalid role name: SystemDesign
2025-04-26 14:23:25,323 - arxml_tool - ERROR - Error initializing packages: Invalid role name: SystemDesign
2025-04-26 14:23:25,323 - arxml_tool - ERROR - Error initializing packages: Invalid role name: SystemDesign
2025-04-26 14:23:25,323 - arxml_tool - ERROR - Error initializing packages: Invalid role name: SystemDesign
2025-04-26 14:23:25,326 - arxml_tool - INFO - Loading ARXML file: /home/adarsh/autosar_arxml-parser_editor/tests/../examples/sample.arxml
2025-04-26 14:23:25,326 - arxml_tool - INFO - Loading ARXML file: /home/adarsh/autosar_arxml-parser_editor/tests/../examples/sample.arxml
2025-04-26 14:23:25,326 - arxml_tool - INFO - Loading ARXML file: /home/adarsh/autosar_arxml-parser_editor/tests/../examples/sample.arxml
2025-04-26 14:23:25,326 - arxml_tool - INFO - Loading ARXML file: /home/adarsh/autosar_arxml-parser_editor/tests/../examples/sample.arxml
2025-04-26 14:23:25,326 - arxml_tool - INFO - Loading ARXML file: /home/adarsh/autosar_arxml-parser_editor/tests/../examples/sample.arxml
2025-04-26 14:23:25,326 - arxml_tool - INFO - Loading ARXML file: /home/adarsh/autosar_arxml-parser_editor/tests/../examples/sample.arxml
2025-04-26 14:23:25,538 - arxml_tool - WARNING - Failed to download schema: HTTP 404
2025-04-26 14:23:25,538 - arxml_tool - WARNING - Failed to download schema: HTTP 404
2025-04-26 14:23:25,538 - arxml_tool - WARNING - Failed to download schema: HTTP 404
2025-04-26 14:23:25,538 - arxml_tool - WARNING - Failed to download schema: HTTP 404
2025-04-26 14:23:25,538 - arxml_tool - WARNING - Failed to download schema: HTTP 404
2025-04-26 14:23:25,538 - arxml_tool - WARNING - Failed to download schema: HTTP 404
2025-04-26 14:23:25,538 - arxml_tool - WARNING - Could not load schema, skipping validation
2025-04-26 14:23:25,538 - arxml_tool - WARNING - Could not load schema, skipping validation
2025-04-26 14:23:25,538 - arxml_tool - WARNING - Could not load schema, skipping validation
2025-04-26 14:23:25,538 - arxml_tool - WARNING - Could not load schema, skipping validation
2025-04-26 14:23:25,538 - arxml_tool - WARNING - Could not load schema, skipping validation
2025-04-26 14:23:25,538 - arxml_tool - WARNING - Could not load schema, skipping validation
2025-04-26 14:23:25,539 - arxml_tool - INFO - Successfully loaded ARXML file
2025-04-26 14:23:25,539 - arxml_tool - INFO - Successfully loaded ARXML file
2025-04-26 14:23:25,539 - arxml_tool - INFO - Successfully loaded ARXML file
2025-04-26 14:23:25,539 - arxml_tool - INFO - Successfully loaded ARXML file
2025-04-26 14:23:25,539 - arxml_tool - INFO - Successfully loaded ARXML file
2025-04-26 14:23:25,539 - arxml_tool - INFO - Successfully loaded ARXML file
2025-04-26 14:23:25,540 - arxml_tool - ERROR - Error initializing packages: Invalid role name: SystemDesign
2025-04-26 14:23:25,540 - arxml_tool - ERROR - Error initializing packages: Invalid role name: SystemDesign
2025-04-26 14:23:25,540 - arxml_tool - ERROR - Error initializing packages: Invalid role name: SystemDesign
2025-04-26 14:23:25,540 - arxml_tool - ERROR - Error initializing packages: Invalid role name: SystemDesign
2025-04-26 14:23:25,540 - arxml_tool - ERROR - Error initializing packages: Invalid role name: SystemDesign
2025-04-26 14:23:25,540 - arxml_tool - ERROR - Error initializing packages: Invalid role name: SystemDesign
2025-04-26 14:23:25,541 - arxml_tool - INFO - Loading ARXML file: /home/adarsh/autosar_arxml-parser_editor/tests/../examples/sample.arxml
2025-04-26 14:23:25,541 - arxml_tool - INFO - Loading ARXML file: /home/adarsh/autosar_arxml-parser_editor/tests/../examples/sample.arxml
2025-04-26 14:23:25,541 - arxml_tool - INFO - Loading ARXML file: /home/adarsh/autosar_arxml-parser_editor/tests/../examples/sample.arxml
2025-04-26 14:23:25,541 - arxml_tool - INFO - Loading ARXML file: /home/adarsh/autosar_arxml-parser_editor/tests/../examples/sample.arxml
2025-04-26 14:23:25,541 - arxml_tool - INFO - Loading ARXML file: /home/adarsh/autosar_arxml-parser_editor/tests/../examples/sample.arxml
2025-04-26 14:23:25,541 - arxml_tool - INFO - Loading ARXML file: /home/adarsh/autosar_arxml-parser_editor/tests/../examples/sample.arxml
2025-04-26 14:23:25,749 - arxml_tool - WARNING - Failed to download schema: HTTP 404
2025-04-26 14:23:25,749 - arxml_tool - WARNING - Failed to download schema: HTTP 404
2025-04-26 14:23:25,749 - arxml_tool - WARNING - Failed to download schema: HTTP 404
2025-04-26 14:23:25,749 - arxml_tool - WARNING - Failed to download schema: HTTP 404
2025-04-26 14:23:25,749 - arxml_tool - WARNING - Failed to download schema: HTTP 404
2025-04-26 14:23:25,749 - arxml_tool - WARNING - Failed to download schema: HTTP 404
2025-04-26 14:23:25,751 - arxml_tool - WARNING - Could not load schema, skipping validation
2025-04-26 14:23:25,751 - arxml_tool - WARNING - Could not load schema, skipping validation
2025-04-26 14:23:25,751 - arxml_tool - WARNING - Could not load schema, skipping validation
2025-04-26 14:23:25,751 - arxml_tool - WARNING - Could not load schema, skipping validation
2025-04-26 14:23:25,751 - arxml_tool - WARNING - Could not load schema, skipping validation
2025-04-26 14:23:25,751 - arxml_tool - WARNING - Could not load schema, skipping validation
2025-04-26 14:23:25,752 - arxml_tool - INFO - Successfully loaded ARXML file
2025-04-26 14:23:25,752 - arxml_tool - INFO - Successfully loaded ARXML file
2025-04-26 14:23:25,752 - arxml_tool - INFO - Successfully loaded ARXML file
2025-04-26 14:23:25,752 - arxml_tool - INFO - Successfully loaded ARXML file
2025-04-26 14:23:25,752 - arxml_tool - INFO - Successfully loaded ARXML file
2025-04-26 14:23:25,752 - arxml_tool - INFO - Successfully loaded ARXML file
2025-04-26 14:23:25,754 - arxml_tool - ERROR - Error initializing packages: Invalid role name: SystemDesign
2025-04-26 14:23:25,754 - arxml_tool - ERROR - Error initializing packages: Invalid role name: SystemDesign
2025-04-26 14:23:25,754 - arxml_tool - ERROR - Error initializing packages: Invalid role name: SystemDesign
2025-04-26 14:23:25,754 - arxml_tool - ERROR - Error initializing packages: Invalid role name: SystemDesign
2025-04-26 14:23:25,754 - arxml_tool - ERROR - Error initializing packages: Invalid role name: SystemDesign
2025-04-26 14:23:25,754 - arxml_tool - ERROR - Error initializing packages: Invalid role name: SystemDesign
2025-04-26 14:23:25,756 - arxml_tool - ERROR - ARXML file not found: non_existent_file.arxml
2025-04-26 14:23:25,756 - arxml_tool - ERROR - ARXML file not found: non_existent_file.arxml
2025-04-26 14:23:25,756 - arxml_tool - ERROR - ARXML file not found: non_existent_file.arxml
2025-04-26 14:23:25,756 - arxml_tool - ERROR - ARXML file not found: non_existent_file.arxml
2025-04-26 14:23:25,756 - arxml_tool - ERROR - ARXML file not found: non_existent_file.arxml
2025-04-26 14:23:25,756 - arxml_tool - ERROR - ARXML file not found: non_existent_file.arxml
2025-04-26 14:23:25,758 - arxml_tool - ERROR - Error initializing packages: Invalid role name: SystemDesign
2025-04-26 14:23:25,758 - arxml_tool - ERROR - Error initializing packages: Invalid role name: SystemDesign
2025-04-26 14:23:25,758 - arxml_tool - ERROR - Error initializing packages: Invalid role name: SystemDesign
2025-04-26 14:23:25,758 - arxml_tool - ERROR - Error initializing packages: Invalid role name: SystemDesign
2025-04-26 14:23:25,758 - arxml_tool - ERROR - Error initializing packages: Invalid role name: SystemDesign
2025-04-26 14:23:25,758 - arxml_tool - ERROR - Error initializing packages: Invalid role name: SystemDesign
2025-04-26 14:23:25,761 - arxml_tool - INFO - Loading ARXML file: /home/adarsh/autosar_arxml-parser_editor/tests/../examples/sample.arxml
2025-04-26 14:23:25,761 - arxml_tool - INFO - Loading ARXML file: /home/adarsh/autosar_arxml-parser_editor/tests/../examples/sample.arxml
2025-04-26 14:23:25,761 - arxml_tool - INFO - Loading ARXML file: /home/adarsh/autosar_arxml-parser_editor/tests/../examples/sample.arxml
2025-04-26 14:23:25,761 - arxml_tool - INFO - Loading ARXML file: /home/adarsh/autosar_arxml-parser_editor/tests/../examples/sample.arxml
2025-04-26 14:23:25,761 - arxml_tool - INFO - Loading ARXML file: /home/adarsh/autosar_arxml-parser_editor/tests/../examples/sample.arxml
2025-04-26 14:23:25,761 - arxml_tool - INFO - Loading ARXML file: /home/adarsh/autosar_arxml-parser_editor/tests/../examples/sample.arxml
2025-04-26 14:23:27,801 - arxml_tool - WARNING - Failed to download schema: HTTP 404
2025-04-26 14:23:27,801 - arxml_tool - WARNING - Failed to download schema: HTTP 404
2025-04-26 14:23:27,801 - arxml_tool - WARNING - Failed to download schema: HTTP 404
2025-04-26 14:23:27,801 - arxml_tool - WARNING - Failed to download schema: HTTP 404
2025-04-26 14:23:27,801 - arxml_tool - WARNING - Failed to download schema: HTTP 404
2025-04-26 14:23:27,801 - arxml_tool - WARNING - Failed to download schema: HTTP 404
2025-04-26 14:23:27,802 - arxml_tool - WARNING - Could not load schema, skipping validation
2025-04-26 14:23:27,802 - arxml_tool - WARNING - Could not load schema, skipping validation
2025-04-26 14:23:27,802 - arxml_tool - WARNING - Could not load schema, skipping validation
2025-04-26 14:23:27,802 - arxml_tool - WARNING - Could not load schema, skipping validation
2025-04-26 14:23:27,802 - arxml_tool - WARNING - Could not load schema, skipping validation
2025-04-26 14:23:27,802 - arxml_tool - WARNING - Could not load schema, skipping validation
2025-04-26 14:23:27,803 - arxml_tool - INFO - Successfully loaded ARXML file
2025-04-26 14:23:27,803 - arxml_tool - INFO - Successfully loaded ARXML file
2025-04-26 14:23:27,803 - arxml_tool - INFO - Successfully loaded ARXML file
2025-04-26 14:23:27,803 - arxml_tool - INFO - Successfully loaded ARXML file
2025-04-26 14:23:27,803 - arxml_tool - INFO - Successfully loaded ARXML file
2025-04-26 14:23:27,803 - arxml_tool - INFO - Successfully loaded ARXML file
2025-04-26 14:23:27,805 - arxml_tool - ERROR - Error initializing packages: Invalid role name: SystemDesign
2025-04-26 14:23:27,805 - arxml_tool - ERROR - Error initializing packages: Invalid role name: SystemDesign
2025-04-26 14:23:27,805 - arxml_tool - ERROR - Error initializing packages: Invalid role name: SystemDesign
2025-04-26 14:23:27,805 - arxml_tool - ERROR - Error initializing packages: Invalid role name: SystemDesign
2025-04-26 14:23:27,805 - arxml_tool - ERROR - Error initializing packages: Invalid role name: SystemDesign
2025-04-26 14:23:27,805 - arxml_tool - ERROR - Error initializing packages: Invalid role name: SystemDesign
2025-04-26 14:23:27,806 - arxml_tool - INFO - Loading ARXML file: /tmp/tmp6uafs0uo.arxml
2025-04-26 14:23:27,806 - arxml_tool - INFO - Loading ARXML file: /tmp/tmp6uafs0uo.arxml
2025-04-26 14:23:27,806 - arxml_tool - INFO - Loading ARXML file: /tmp/tmp6uafs0uo.arxml
2025-04-26 14:23:27,806 - arxml_tool - INFO - Loading ARXML file: /tmp/tmp6uafs0uo.arxml
2025-04-26 14:23:27,806 - arxml_tool - INFO - Loading ARXML file: /tmp/tmp6uafs0uo.arxml
2025-04-26 14:23:27,806 - arxml_tool - INFO - Loading ARXML file: /tmp/tmp6uafs0uo.arxml
2025-04-26 14:23:27,808 - arxml_tool - ERROR - Error loading XML content: 
2025-04-26 14:23:27,808 - arxml_tool - ERROR - Error loading XML content: 
2025-04-26 14:23:27,808 - arxml_tool - ERROR - Error loading XML content: 
2025-04-26 14:23:27,808 - arxml_tool - ERROR - Error loading XML content: 
2025-04-26 14:23:27,808 - arxml_tool - ERROR - Error loading XML content: 
2025-04-26 14:23:27,808 - arxml_tool - ERROR - Error loading XML content: 
2025-04-26 14:23:27,810 - arxml_tool - ERROR - Error initializing packages: Invalid role name: SystemDesign
2025-04-26 14:23:27,810 - arxml_tool - ERROR - Error initializing packages: Invalid role name: SystemDesign
2025-04-26 14:23:27,810 - arxml_tool - ERROR - Error initializing packages: Invalid role name: SystemDesign
2025-04-26 14:23:27,810 - arxml_tool - ERROR - Error initializing packages: Invalid role name: SystemDesign
2025-04-26 14:23:27,810 - arxml_tool - ERROR - Error initializing packages: Invalid role name: SystemDesign
2025-04-26 14:23:27,810 - arxml_tool - ERROR - Error initializing packages: Invalid role name: SystemDesign
2025-04-26 14:23:27,812 - arxml_tool - INFO - Loading ARXML file: /home/adarsh/autosar_arxml-parser_editor/tests/../examples/sample.arxml
2025-04-26 14:23:27,812 - arxml_tool - INFO - Loading ARXML file: /home/adarsh/autosar_arxml-parser_editor/tests/../examples/sample.arxml
2025-04-26 14:23:27,812 - arxml_tool - INFO - Loading ARXML file: /home/adarsh/autosar_arxml-parser_editor/tests/../examples/sample.arxml
2025-04-26 14:23:27,812 - arxml_tool - INFO - Loading ARXML file: /home/adarsh/autosar_arxml-parser_editor/tests/../examples/sample.arxml
2025-04-26 14:23:27,812 - arxml_tool - INFO - Loading ARXML file: /home/adarsh/autosar_arxml-parser_editor/tests/../examples/sample.arxml
2025-04-26 14:23:27,812 - arxml_tool - INFO - Loading ARXML file: /home/adarsh/autosar_arxml-parser_editor/tests/../examples/sample.arxml
2025-04-26 14:23:28,026 - arxml_tool - WARNING - Failed to download schema: HTTP 404
2025-04-26 14:23:28,026 - arxml_tool - WARNING - Failed to download schema: HTTP 404
2025-04-26 14:23:28,026 - arxml_tool - WARNING - Failed to download schema: HTTP 404
2025-04-26 14:23:28,026 - arxml_tool - WARNING - Failed to download schema: HTTP 404
2025-04-26 14:23:28,026 - arxml_tool - WARNING - Failed to download schema: HTTP 404
2025-04-26 14:23:28,026 - arxml_tool - WARNING - Failed to download schema: HTTP 404
2025-04-26 14:23:28,028 - arxml_tool - WARNING - Could not load schema, skipping validation
2025-04-26 14:23:28,028 - arxml_tool - WARNING - Could not load schema, skipping validation
2025-04-26 14:23:28,028 - arxml_tool - WARNING - Could not load schema, skipping validation
2025-04-26 14:23:28,028 - arxml_tool - WARNING - Could not load schema, skipping validation
2025-04-26 14:23:28,028 - arxml_tool - WARNING - Could not load schema, skipping validation
2025-04-26 14:23:28,028 - arxml_tool - WARNING - Could not load schema, skipping validation
2025-04-26 14:23:28,029 - arxml_tool - INFO - Successfully loaded ARXML file
2025-04-26 14:23:28,029 - arxml_tool - INFO - Successfully loaded ARXML file
2025-04-26 14:23:28,029 - arxml_tool - INFO - Successfully loaded ARXML file
2025-04-26 14:23:28,029 - arxml_tool - INFO - Successfully loaded ARXML file
2025-04-26 14:23:28,029 - arxml_tool - INFO - Successfully loaded ARXML file
2025-04-26 14:23:28,029 - arxml_tool - INFO - Successfully loaded ARXML file
