2025-04-26 14:26:44,201 - arxml_tool - ERROR - Error initializing packages: Invalid role name: SystemDesign
2025-04-26 14:26:44,202 - arxml_tool - ERROR - ARXML file not found: non_existent_file.arxml
2025-04-26 14:26:44,204 - arxml_tool - ERROR - Error initializing packages: Invalid role name: SystemDesign
2025-04-26 14:26:44,204 - arxml_tool - ERROR - Error initializing packages: Invalid role name: SystemDesign
2025-04-26 14:26:44,205 - arxml_tool - INFO - Loading ARXML file: /home/adarsh/autosar_arxml-parser_editor/tests/../examples/sample.arxml
2025-04-26 14:26:44,205 - arxml_tool - INFO - Loading ARXML file: /home/adarsh/autosar_arxml-parser_editor/tests/../examples/sample.arxml
2025-04-26 14:26:44,423 - arxml_tool - WARNING - Failed to download schema: HTTP 404
2025-04-26 14:26:44,423 - arxml_tool - WARNING - Failed to download schema: HTTP 404
2025-04-26 14:26:44,425 - arxml_tool - WARNING - Could not load schema, skipping validation
2025-04-26 14:26:44,425 - arxml_tool - WARNING - Could not load schema, skipping validation
2025-04-26 14:26:44,426 - arxml_tool - INFO - Successfully loaded ARXML file
2025-04-26 14:26:44,426 - arxml_tool - INFO - Successfully loaded ARXML file
2025-04-26 14:26:44,428 - arxml_tool - ERROR - Error initializing packages: Invalid role name: SystemDesign
2025-04-26 14:26:44,428 - arxml_tool - ERROR - Error initializing packages: Invalid role name: SystemDesign
2025-04-26 14:26:44,428 - arxml_tool - ERROR - Error initializing packages: Invalid role name: SystemDesign
2025-04-26 14:26:44,429 - arxml_tool - INFO - Loading ARXML file: /tmp/tmpv0uw8x12.arxml
2025-04-26 14:26:44,429 - arxml_tool - INFO - Loading ARXML file: /tmp/tmpv0uw8x12.arxml
2025-04-26 14:26:44,429 - arxml_tool - INFO - Loading ARXML file: /tmp/tmpv0uw8x12.arxml
2025-04-26 14:26:44,430 - arxml_tool - ERROR - Error loading XML content: 
2025-04-26 14:26:44,430 - arxml_tool - ERROR - Error loading XML content: 
2025-04-26 14:26:44,430 - arxml_tool - ERROR - Error loading XML content: 
2025-04-26 14:26:44,431 - arxml_tool - ERROR - Error initializing packages: Invalid role name: SystemDesign
2025-04-26 14:26:44,431 - arxml_tool - ERROR - Error initializing packages: Invalid role name: SystemDesign
2025-04-26 14:26:44,431 - arxml_tool - ERROR - Error initializing packages: Invalid role name: SystemDesign
2025-04-26 14:26:44,431 - arxml_tool - ERROR - Error initializing packages: Invalid role name: SystemDesign
2025-04-26 14:26:44,432 - arxml_tool - INFO - Loading ARXML file: /home/adarsh/autosar_arxml-parser_editor/tests/../examples/sample.arxml
2025-04-26 14:26:44,432 - arxml_tool - INFO - Loading ARXML file: /home/adarsh/autosar_arxml-parser_editor/tests/../examples/sample.arxml
2025-04-26 14:26:44,432 - arxml_tool - INFO - Loading ARXML file: /home/adarsh/autosar_arxml-parser_editor/tests/../examples/sample.arxml
2025-04-26 14:26:44,432 - arxml_tool - INFO - Loading ARXML file: /home/adarsh/autosar_arxml-parser_editor/tests/../examples/sample.arxml
2025-04-26 14:26:44,631 - arxml_tool - WARNING - Failed to download schema: HTTP 404
2025-04-26 14:26:44,631 - arxml_tool - WARNING - Failed to download schema: HTTP 404
2025-04-26 14:26:44,631 - arxml_tool - WARNING - Failed to download schema: HTTP 404
2025-04-26 14:26:44,631 - arxml_tool - WARNING - Failed to download schema: HTTP 404
2025-04-26 14:26:44,632 - arxml_tool - WARNING - Could not load schema, skipping validation
2025-04-26 14:26:44,632 - arxml_tool - WARNING - Could not load schema, skipping validation
2025-04-26 14:26:44,632 - arxml_tool - WARNING - Could not load schema, skipping validation
2025-04-26 14:26:44,632 - arxml_tool - WARNING - Could not load schema, skipping validation
2025-04-26 14:26:44,633 - arxml_tool - INFO - Successfully loaded ARXML file
2025-04-26 14:26:44,633 - arxml_tool - INFO - Successfully loaded ARXML file
2025-04-26 14:26:44,633 - arxml_tool - INFO - Successfully loaded ARXML file
2025-04-26 14:26:44,633 - arxml_tool - INFO - Successfully loaded ARXML file
