2025-05-01 14:59:11,986 - arxml_tool - ERROR - Error initializing packages: Invalid role name: SystemDesign
2025-05-01 14:59:11,988 - arxml_tool - INFO - Loading ARXML file for editing: /home/adarsh/autosar_arxml-parser_editor/tests/../examples/sample.arxml
2025-05-01 14:59:11,988 - arxml_tool - INFO - Loading ARXML file for editing: /home/adarsh/autosar_arxml-parser_editor/tests/../examples/sample.arxml
2025-05-01 14:59:11,989 - arxml_tool - INFO - Loading ARXML file: /home/adarsh/autosar_arxml-parser_editor/tests/../examples/sample.arxml
2025-05-01 14:59:11,989 - arxml_tool - INFO - Loading ARXML file: /home/adarsh/autosar_arxml-parser_editor/tests/../examples/sample.arxml
2025-05-01 14:59:12,191 - arxml_tool - WARNING - Failed to download schema: HTTP 404
2025-05-01 14:59:12,191 - arxml_tool - WARNING - Failed to download schema: HTTP 404
2025-05-01 14:59:12,192 - arxml_tool - WARNING - Could not load schema, skipping validation
2025-05-01 14:59:12,192 - arxml_tool - WARNING - Could not load schema, skipping validation
2025-05-01 14:59:12,194 - arxml_tool - INFO - Successfully loaded ARXML file
2025-05-01 14:59:12,194 - arxml_tool - INFO - Successfully loaded ARXML file
2025-05-01 14:59:12,194 - arxml_tool - INFO - Added software component: BackupTest
2025-05-01 14:59:12,194 - arxml_tool - INFO - Added software component: BackupTest
2025-05-01 14:59:12,195 - arxml_tool - INFO - Added software component: BackupTest
2025-05-01 14:59:12,195 - arxml_tool - INFO - Added software component: BackupTest
2025-05-01 14:59:12,195 - arxml_tool - INFO - Created backup: /tmp/.arxml_backups/tmpvdrlrbd0.arxml.20250501_145912.bak
2025-05-01 14:59:12,195 - arxml_tool - INFO - Created backup: /tmp/.arxml_backups/tmpvdrlrbd0.arxml.20250501_145912.bak
2025-05-01 14:59:12,197 - arxml_tool - INFO - Saved ARXML file to: /tmp/tmpvdrlrbd0.arxml
2025-05-01 14:59:12,197 - arxml_tool - INFO - Saved ARXML file to: /tmp/tmpvdrlrbd0.arxml
2025-05-01 14:59:12,198 - arxml_tool - ERROR - Error initializing packages: Invalid role name: SystemDesign
2025-05-01 14:59:12,198 - arxml_tool - ERROR - Error initializing packages: Invalid role name: SystemDesign
2025-05-01 14:59:12,200 - arxml_tool - INFO - Loading ARXML file for editing: /home/adarsh/autosar_arxml-parser_editor/tests/../examples/sample.arxml
2025-05-01 14:59:12,200 - arxml_tool - INFO - Loading ARXML file for editing: /home/adarsh/autosar_arxml-parser_editor/tests/../examples/sample.arxml
2025-05-01 14:59:12,200 - arxml_tool - INFO - Loading ARXML file: /home/adarsh/autosar_arxml-parser_editor/tests/../examples/sample.arxml
2025-05-01 14:59:12,200 - arxml_tool - INFO - Loading ARXML file: /home/adarsh/autosar_arxml-parser_editor/tests/../examples/sample.arxml
2025-05-01 14:59:12,403 - arxml_tool - WARNING - Failed to download schema: HTTP 404
2025-05-01 14:59:12,403 - arxml_tool - WARNING - Failed to download schema: HTTP 404
2025-05-01 14:59:12,404 - arxml_tool - WARNING - Could not load schema, skipping validation
2025-05-01 14:59:12,404 - arxml_tool - WARNING - Could not load schema, skipping validation
2025-05-01 14:59:12,404 - arxml_tool - INFO - Successfully loaded ARXML file
2025-05-01 14:59:12,404 - arxml_tool - INFO - Successfully loaded ARXML file
2025-05-01 14:59:12,405 - arxml_tool - INFO - Loading ARXML file for editing: /home/adarsh/autosar_arxml-parser_editor/tests/../examples/sample.arxml
2025-05-01 14:59:12,405 - arxml_tool - INFO - Loading ARXML file for editing: /home/adarsh/autosar_arxml-parser_editor/tests/../examples/sample.arxml
2025-05-01 14:59:12,406 - arxml_tool - INFO - Loading ARXML file: /home/adarsh/autosar_arxml-parser_editor/tests/../examples/sample.arxml
2025-05-01 14:59:12,406 - arxml_tool - INFO - Loading ARXML file: /home/adarsh/autosar_arxml-parser_editor/tests/../examples/sample.arxml
2025-05-01 14:59:12,600 - arxml_tool - WARNING - Failed to download schema: HTTP 404
2025-05-01 14:59:12,600 - arxml_tool - WARNING - Failed to download schema: HTTP 404
2025-05-01 14:59:12,601 - arxml_tool - WARNING - Could not load schema, skipping validation
2025-05-01 14:59:12,601 - arxml_tool - WARNING - Could not load schema, skipping validation
2025-05-01 14:59:12,602 - arxml_tool - INFO - Successfully loaded ARXML file
2025-05-01 14:59:12,602 - arxml_tool - INFO - Successfully loaded ARXML file
2025-05-01 14:59:12,602 - arxml_tool - INFO - Added software component: OriginalComponent
2025-05-01 14:59:12,602 - arxml_tool - INFO - Added software component: OriginalComponent
2025-05-01 14:59:12,603 - arxml_tool - INFO - Added software component: OriginalComponent
2025-05-01 14:59:12,603 - arxml_tool - INFO - Added software component: OriginalComponent
2025-05-01 14:59:12,604 - arxml_tool - INFO - Created backup: /tmp/.arxml_backups/tmpryfkew2d.arxml.20250501_145912.bak
2025-05-01 14:59:12,604 - arxml_tool - INFO - Created backup: /tmp/.arxml_backups/tmpryfkew2d.arxml.20250501_145912.bak
2025-05-01 14:59:12,605 - arxml_tool - INFO - Saved ARXML file to: /tmp/tmpryfkew2d.arxml
2025-05-01 14:59:12,605 - arxml_tool - INFO - Saved ARXML file to: /tmp/tmpryfkew2d.arxml
2025-05-01 14:59:12,606 - arxml_tool - INFO - Added software component: NewComponent
2025-05-01 14:59:12,606 - arxml_tool - INFO - Added software component: NewComponent
2025-05-01 14:59:12,606 - arxml_tool - INFO - Added software component: NewComponent
2025-05-01 14:59:12,606 - arxml_tool - INFO - Added software component: NewComponent
2025-05-01 14:59:12,607 - arxml_tool - INFO - Created backup: /tmp/.arxml_backups/tmpryfkew2d.arxml.20250501_145912.bak
2025-05-01 14:59:12,607 - arxml_tool - INFO - Created backup: /tmp/.arxml_backups/tmpryfkew2d.arxml.20250501_145912.bak
2025-05-01 14:59:12,608 - arxml_tool - INFO - Saved ARXML file to: /tmp/tmpryfkew2d.arxml
2025-05-01 14:59:12,608 - arxml_tool - INFO - Saved ARXML file to: /tmp/tmpryfkew2d.arxml
2025-05-01 14:59:12,609 - arxml_tool - ERROR - Error initializing packages: Invalid role name: SystemDesign
2025-05-01 14:59:12,609 - arxml_tool - ERROR - Error initializing packages: Invalid role name: SystemDesign
2025-05-01 14:59:12,610 - arxml_tool - INFO - Loading ARXML file for editing: /tmp/tmpryfkew2d.arxml
2025-05-01 14:59:12,610 - arxml_tool - INFO - Loading ARXML file for editing: /tmp/tmpryfkew2d.arxml
2025-05-01 14:59:12,611 - arxml_tool - INFO - Loading ARXML file: /tmp/tmpryfkew2d.arxml
2025-05-01 14:59:12,611 - arxml_tool - INFO - Loading ARXML file: /tmp/tmpryfkew2d.arxml
2025-05-01 14:59:12,796 - arxml_tool - WARNING - Failed to download schema: HTTP 404
2025-05-01 14:59:12,796 - arxml_tool - WARNING - Failed to download schema: HTTP 404
2025-05-01 14:59:12,797 - arxml_tool - WARNING - Could not load schema, skipping validation
2025-05-01 14:59:12,797 - arxml_tool - WARNING - Could not load schema, skipping validation
2025-05-01 14:59:12,798 - arxml_tool - INFO - Successfully loaded ARXML file
2025-05-01 14:59:12,798 - arxml_tool - INFO - Successfully loaded ARXML file
2025-05-01 14:59:12,802 - arxml_tool - ERROR - Error initializing packages: Invalid role name: SystemDesign
2025-05-01 14:59:12,802 - arxml_tool - ERROR - Error initializing packages: Invalid role name: SystemDesign
2025-05-01 14:59:12,803 - arxml_tool - INFO - Loading ARXML file for editing: /home/adarsh/autosar_arxml-parser_editor/tests/../examples/sample.arxml
2025-05-01 14:59:12,803 - arxml_tool - INFO - Loading ARXML file for editing: /home/adarsh/autosar_arxml-parser_editor/tests/../examples/sample.arxml
2025-05-01 14:59:12,805 - arxml_tool - INFO - Loading ARXML file: /home/adarsh/autosar_arxml-parser_editor/tests/../examples/sample.arxml
2025-05-01 14:59:12,805 - arxml_tool - INFO - Loading ARXML file: /home/adarsh/autosar_arxml-parser_editor/tests/../examples/sample.arxml
2025-05-01 14:59:13,009 - arxml_tool - WARNING - Failed to download schema: HTTP 404
2025-05-01 14:59:13,009 - arxml_tool - WARNING - Failed to download schema: HTTP 404
2025-05-01 14:59:13,013 - arxml_tool - WARNING - Could not load schema, skipping validation
2025-05-01 14:59:13,013 - arxml_tool - WARNING - Could not load schema, skipping validation
2025-05-01 14:59:13,017 - arxml_tool - INFO - Successfully loaded ARXML file
2025-05-01 14:59:13,017 - arxml_tool - INFO - Successfully loaded ARXML file
2025-05-01 14:59:13,021 - arxml_tool - INFO - Added software component: TestReloadComponent
2025-05-01 14:59:13,021 - arxml_tool - INFO - Added software component: TestReloadComponent
2025-05-01 14:59:13,023 - arxml_tool - INFO - Added software component: TestReloadComponent
2025-05-01 14:59:13,023 - arxml_tool - INFO - Added software component: TestReloadComponent
2025-05-01 14:59:13,025 - arxml_tool - INFO - Created backup: /tmp/.arxml_backups/tmpg_4l5s0u.arxml.20250501_145913.bak
2025-05-01 14:59:13,025 - arxml_tool - INFO - Created backup: /tmp/.arxml_backups/tmpg_4l5s0u.arxml.20250501_145913.bak
2025-05-01 14:59:13,029 - arxml_tool - INFO - Saved ARXML file to: /tmp/tmpg_4l5s0u.arxml
2025-05-01 14:59:13,029 - arxml_tool - INFO - Saved ARXML file to: /tmp/tmpg_4l5s0u.arxml
2025-05-01 14:59:13,031 - arxml_tool - ERROR - Error initializing packages: Invalid role name: SystemDesign
2025-05-01 14:59:13,031 - arxml_tool - ERROR - Error initializing packages: Invalid role name: SystemDesign
2025-05-01 14:59:13,033 - arxml_tool - INFO - Loading ARXML file for editing: /tmp/tmpg_4l5s0u.arxml
2025-05-01 14:59:13,033 - arxml_tool - INFO - Loading ARXML file for editing: /tmp/tmpg_4l5s0u.arxml
2025-05-01 14:59:13,034 - arxml_tool - INFO - Loading ARXML file: /tmp/tmpg_4l5s0u.arxml
2025-05-01 14:59:13,034 - arxml_tool - INFO - Loading ARXML file: /tmp/tmpg_4l5s0u.arxml
2025-05-01 14:59:13,277 - arxml_tool - WARNING - Failed to download schema: HTTP 404
2025-05-01 14:59:13,277 - arxml_tool - WARNING - Failed to download schema: HTTP 404
2025-05-01 14:59:13,278 - arxml_tool - WARNING - Could not load schema, skipping validation
2025-05-01 14:59:13,278 - arxml_tool - WARNING - Could not load schema, skipping validation
2025-05-01 14:59:13,279 - arxml_tool - INFO - Successfully loaded ARXML file
2025-05-01 14:59:13,279 - arxml_tool - INFO - Successfully loaded ARXML file
2025-05-01 14:59:13,279 - arxml_tool - ERROR - Error initializing packages: Invalid role name: SystemDesign
2025-05-01 14:59:13,279 - arxml_tool - ERROR - Error initializing packages: Invalid role name: SystemDesign
2025-05-01 14:59:13,280 - arxml_tool - INFO - Loading ARXML file for editing: /home/adarsh/autosar_arxml-parser_editor/tests/../examples/sample.arxml
2025-05-01 14:59:13,280 - arxml_tool - INFO - Loading ARXML file for editing: /home/adarsh/autosar_arxml-parser_editor/tests/../examples/sample.arxml
2025-05-01 14:59:13,281 - arxml_tool - INFO - Loading ARXML file: /home/adarsh/autosar_arxml-parser_editor/tests/../examples/sample.arxml
2025-05-01 14:59:13,281 - arxml_tool - INFO - Loading ARXML file: /home/adarsh/autosar_arxml-parser_editor/tests/../examples/sample.arxml
2025-05-01 14:59:13,509 - arxml_tool - WARNING - Failed to download schema: HTTP 404
2025-05-01 14:59:13,509 - arxml_tool - WARNING - Failed to download schema: HTTP 404
2025-05-01 14:59:13,514 - arxml_tool - WARNING - Could not load schema, skipping validation
2025-05-01 14:59:13,514 - arxml_tool - WARNING - Could not load schema, skipping validation
2025-05-01 14:59:13,517 - arxml_tool - INFO - Successfully loaded ARXML file
2025-05-01 14:59:13,517 - arxml_tool - INFO - Successfully loaded ARXML file
2025-05-01 14:59:13,523 - arxml_tool - INFO - Created backup: /tmp/.arxml_backups/tmp7w19mrvy.arxml.20250501_145913.bak
2025-05-01 14:59:13,523 - arxml_tool - INFO - Created backup: /tmp/.arxml_backups/tmp7w19mrvy.arxml.20250501_145913.bak
2025-05-01 14:59:13,527 - arxml_tool - INFO - Saved ARXML file to: /tmp/tmp7w19mrvy.arxml
2025-05-01 14:59:13,527 - arxml_tool - INFO - Saved ARXML file to: /tmp/tmp7w19mrvy.arxml
2025-05-01 14:59:13,532 - arxml_tool - ERROR - Error initializing packages: Invalid role name: SystemDesign
2025-05-01 14:59:13,532 - arxml_tool - ERROR - Error initializing packages: Invalid role name: SystemDesign
2025-05-01 14:59:13,534 - arxml_tool - INFO - Loading ARXML file: /home/adarsh/autosar_arxml-parser_editor/tests/../examples/sample.arxml
2025-05-01 14:59:13,534 - arxml_tool - INFO - Loading ARXML file: /home/adarsh/autosar_arxml-parser_editor/tests/../examples/sample.arxml
2025-05-01 14:59:13,748 - arxml_tool - WARNING - Failed to download schema: HTTP 404
2025-05-01 14:59:13,748 - arxml_tool - WARNING - Failed to download schema: HTTP 404
2025-05-01 14:59:13,752 - arxml_tool - WARNING - Could not load schema, skipping validation
2025-05-01 14:59:13,752 - arxml_tool - WARNING - Could not load schema, skipping validation
2025-05-01 14:59:13,756 - arxml_tool - INFO - Successfully loaded ARXML file
2025-05-01 14:59:13,756 - arxml_tool - INFO - Successfully loaded ARXML file
2025-05-01 14:59:13,760 - arxml_tool - ERROR - Error initializing packages: Invalid role name: SystemDesign
2025-05-01 14:59:13,760 - arxml_tool - ERROR - Error initializing packages: Invalid role name: SystemDesign
2025-05-01 14:59:13,762 - arxml_tool - INFO - Loading ARXML file: /home/adarsh/autosar_arxml-parser_editor/tests/../examples/sample.arxml
2025-05-01 14:59:13,762 - arxml_tool - INFO - Loading ARXML file: /home/adarsh/autosar_arxml-parser_editor/tests/../examples/sample.arxml
2025-05-01 14:59:13,957 - arxml_tool - WARNING - Failed to download schema: HTTP 404
2025-05-01 14:59:13,957 - arxml_tool - WARNING - Failed to download schema: HTTP 404
2025-05-01 14:59:13,958 - arxml_tool - WARNING - Could not load schema, skipping validation
2025-05-01 14:59:13,958 - arxml_tool - WARNING - Could not load schema, skipping validation
2025-05-01 14:59:13,960 - arxml_tool - INFO - Successfully loaded ARXML file
2025-05-01 14:59:13,960 - arxml_tool - INFO - Successfully loaded ARXML file
2025-05-01 14:59:13,962 - arxml_tool - ERROR - Error initializing packages: Invalid role name: SystemDesign
2025-05-01 14:59:13,962 - arxml_tool - ERROR - Error initializing packages: Invalid role name: SystemDesign
2025-05-01 14:59:13,964 - arxml_tool - ERROR - ARXML file not found: non_existent_file.arxml
2025-05-01 14:59:13,964 - arxml_tool - ERROR - ARXML file not found: non_existent_file.arxml
2025-05-01 14:59:13,966 - arxml_tool - ERROR - Error initializing packages: Invalid role name: SystemDesign
2025-05-01 14:59:13,966 - arxml_tool - ERROR - Error initializing packages: Invalid role name: SystemDesign
2025-05-01 14:59:13,968 - arxml_tool - INFO - Loading ARXML file: /home/adarsh/autosar_arxml-parser_editor/tests/../examples/sample.arxml
2025-05-01 14:59:13,968 - arxml_tool - INFO - Loading ARXML file: /home/adarsh/autosar_arxml-parser_editor/tests/../examples/sample.arxml
2025-05-01 14:59:14,168 - arxml_tool - WARNING - Failed to download schema: HTTP 404
2025-05-01 14:59:14,168 - arxml_tool - WARNING - Failed to download schema: HTTP 404
2025-05-01 14:59:14,172 - arxml_tool - WARNING - Could not load schema, skipping validation
2025-05-01 14:59:14,172 - arxml_tool - WARNING - Could not load schema, skipping validation
2025-05-01 14:59:14,175 - arxml_tool - INFO - Successfully loaded ARXML file
2025-05-01 14:59:14,175 - arxml_tool - INFO - Successfully loaded ARXML file
2025-05-01 14:59:14,180 - arxml_tool - ERROR - Error initializing packages: Invalid role name: SystemDesign
2025-05-01 14:59:14,180 - arxml_tool - ERROR - Error initializing packages: Invalid role name: SystemDesign
2025-05-01 14:59:14,183 - arxml_tool - INFO - Loading ARXML file: /tmp/tmp3txxadut.arxml
2025-05-01 14:59:14,183 - arxml_tool - INFO - Loading ARXML file: /tmp/tmp3txxadut.arxml
2025-05-01 14:59:14,186 - arxml_tool - ERROR - Error loading XML content: 
2025-05-01 14:59:14,186 - arxml_tool - ERROR - Error loading XML content: 
2025-05-01 14:59:14,188 - arxml_tool - ERROR - Error initializing packages: Invalid role name: SystemDesign
2025-05-01 14:59:14,188 - arxml_tool - ERROR - Error initializing packages: Invalid role name: SystemDesign
2025-05-01 14:59:14,190 - arxml_tool - INFO - Loading ARXML file: /home/adarsh/autosar_arxml-parser_editor/tests/../examples/sample.arxml
2025-05-01 14:59:14,190 - arxml_tool - INFO - Loading ARXML file: /home/adarsh/autosar_arxml-parser_editor/tests/../examples/sample.arxml
2025-05-01 14:59:14,374 - arxml_tool - WARNING - Failed to download schema: HTTP 404
2025-05-01 14:59:14,374 - arxml_tool - WARNING - Failed to download schema: HTTP 404
2025-05-01 14:59:14,376 - arxml_tool - WARNING - Could not load schema, skipping validation
2025-05-01 14:59:14,376 - arxml_tool - WARNING - Could not load schema, skipping validation
2025-05-01 14:59:14,377 - arxml_tool - INFO - Successfully loaded ARXML file
2025-05-01 14:59:14,377 - arxml_tool - INFO - Successfully loaded ARXML file
