2025-04-26 14:08:40,018 - arxml_tool - INFO - Loading ARXML file: /home/adarsh/autosar_arxml-parser_editor/tests/../examples/sample.arxml
2025-04-26 14:08:40,229 - arxml_tool - WARNING - Failed to download schema: HTTP 404
2025-04-26 14:08:40,232 - arxml_tool - WARNING - Could not load schema, skipping validation
2025-04-26 14:08:40,233 - arxml_tool - INFO - Successfully loaded ARXML file
2025-04-26 14:08:40,236 - arxml_tool - INFO - Loading ARXML file: /home/adarsh/autosar_arxml-parser_editor/tests/../examples/sample.arxml
2025-04-26 14:08:40,236 - arxml_tool - INFO - Loading ARXML file: /home/adarsh/autosar_arxml-parser_editor/tests/../examples/sample.arxml
2025-04-26 14:08:40,449 - arxml_tool - WARNING - Failed to download schema: HTTP 404
2025-04-26 14:08:40,449 - arxml_tool - WARNING - Failed to download schema: HTTP 404
2025-04-26 14:08:40,450 - arxml_tool - WARNING - Could not load schema, skipping validation
2025-04-26 14:08:40,450 - arxml_tool - WARNING - Could not load schema, skipping validation
2025-04-26 14:08:40,451 - arxml_tool - INFO - Successfully loaded ARXML file
2025-04-26 14:08:40,451 - arxml_tool - INFO - Successfully loaded ARXML file
2025-04-26 14:08:40,452 - arxml_tool - ERROR - ARXML file not found: non_existent_file.arxml
2025-04-26 14:08:40,452 - arxml_tool - ERROR - ARXML file not found: non_existent_file.arxml
2025-04-26 14:08:40,452 - arxml_tool - ERROR - ARXML file not found: non_existent_file.arxml
2025-04-26 14:08:40,453 - arxml_tool - INFO - Loading ARXML file: /home/adarsh/autosar_arxml-parser_editor/tests/../examples/sample.arxml
2025-04-26 14:08:40,453 - arxml_tool - INFO - Loading ARXML file: /home/adarsh/autosar_arxml-parser_editor/tests/../examples/sample.arxml
2025-04-26 14:08:40,453 - arxml_tool - INFO - Loading ARXML file: /home/adarsh/autosar_arxml-parser_editor/tests/../examples/sample.arxml
2025-04-26 14:08:40,453 - arxml_tool - INFO - Loading ARXML file: /home/adarsh/autosar_arxml-parser_editor/tests/../examples/sample.arxml
2025-04-26 14:08:40,674 - arxml_tool - WARNING - Failed to download schema: HTTP 404
2025-04-26 14:08:40,674 - arxml_tool - WARNING - Failed to download schema: HTTP 404
2025-04-26 14:08:40,674 - arxml_tool - WARNING - Failed to download schema: HTTP 404
2025-04-26 14:08:40,674 - arxml_tool - WARNING - Failed to download schema: HTTP 404
2025-04-26 14:08:40,676 - arxml_tool - WARNING - Could not load schema, skipping validation
2025-04-26 14:08:40,676 - arxml_tool - WARNING - Could not load schema, skipping validation
2025-04-26 14:08:40,676 - arxml_tool - WARNING - Could not load schema, skipping validation
2025-04-26 14:08:40,676 - arxml_tool - WARNING - Could not load schema, skipping validation
2025-04-26 14:08:40,677 - arxml_tool - INFO - Successfully loaded ARXML file
2025-04-26 14:08:40,677 - arxml_tool - INFO - Successfully loaded ARXML file
2025-04-26 14:08:40,677 - arxml_tool - INFO - Successfully loaded ARXML file
2025-04-26 14:08:40,677 - arxml_tool - INFO - Successfully loaded ARXML file
2025-04-26 14:08:40,679 - arxml_tool - INFO - Loading ARXML file: /tmp/tmpoisz9ilt.arxml
2025-04-26 14:08:40,679 - arxml_tool - INFO - Loading ARXML file: /tmp/tmpoisz9ilt.arxml
2025-04-26 14:08:40,679 - arxml_tool - INFO - Loading ARXML file: /tmp/tmpoisz9ilt.arxml
2025-04-26 14:08:40,679 - arxml_tool - INFO - Loading ARXML file: /tmp/tmpoisz9ilt.arxml
2025-04-26 14:08:40,679 - arxml_tool - INFO - Loading ARXML file: /tmp/tmpoisz9ilt.arxml
2025-04-26 14:08:40,680 - arxml_tool - ERROR - Error parsing ARXML file: 
2025-04-26 14:08:40,680 - arxml_tool - ERROR - Error parsing ARXML file: 
2025-04-26 14:08:40,680 - arxml_tool - ERROR - Error parsing ARXML file: 
2025-04-26 14:08:40,680 - arxml_tool - ERROR - Error parsing ARXML file: 
2025-04-26 14:08:40,680 - arxml_tool - ERROR - Error parsing ARXML file: 
2025-04-26 14:08:40,682 - arxml_tool - INFO - Loading ARXML file: /home/adarsh/autosar_arxml-parser_editor/tests/../examples/sample.arxml
2025-04-26 14:08:40,682 - arxml_tool - INFO - Loading ARXML file: /home/adarsh/autosar_arxml-parser_editor/tests/../examples/sample.arxml
2025-04-26 14:08:40,682 - arxml_tool - INFO - Loading ARXML file: /home/adarsh/autosar_arxml-parser_editor/tests/../examples/sample.arxml
2025-04-26 14:08:40,682 - arxml_tool - INFO - Loading ARXML file: /home/adarsh/autosar_arxml-parser_editor/tests/../examples/sample.arxml
2025-04-26 14:08:40,682 - arxml_tool - INFO - Loading ARXML file: /home/adarsh/autosar_arxml-parser_editor/tests/../examples/sample.arxml
2025-04-26 14:08:40,682 - arxml_tool - INFO - Loading ARXML file: /home/adarsh/autosar_arxml-parser_editor/tests/../examples/sample.arxml
2025-04-26 14:08:40,873 - arxml_tool - WARNING - Failed to download schema: HTTP 404
2025-04-26 14:08:40,873 - arxml_tool - WARNING - Failed to download schema: HTTP 404
2025-04-26 14:08:40,873 - arxml_tool - WARNING - Failed to download schema: HTTP 404
2025-04-26 14:08:40,873 - arxml_tool - WARNING - Failed to download schema: HTTP 404
2025-04-26 14:08:40,873 - arxml_tool - WARNING - Failed to download schema: HTTP 404
2025-04-26 14:08:40,873 - arxml_tool - WARNING - Failed to download schema: HTTP 404
2025-04-26 14:08:40,879 - arxml_tool - WARNING - Could not load schema, skipping validation
2025-04-26 14:08:40,879 - arxml_tool - WARNING - Could not load schema, skipping validation
2025-04-26 14:08:40,879 - arxml_tool - WARNING - Could not load schema, skipping validation
2025-04-26 14:08:40,879 - arxml_tool - WARNING - Could not load schema, skipping validation
2025-04-26 14:08:40,879 - arxml_tool - WARNING - Could not load schema, skipping validation
2025-04-26 14:08:40,879 - arxml_tool - WARNING - Could not load schema, skipping validation
2025-04-26 14:08:40,886 - arxml_tool - INFO - Successfully loaded ARXML file
2025-04-26 14:08:40,886 - arxml_tool - INFO - Successfully loaded ARXML file
2025-04-26 14:08:40,886 - arxml_tool - INFO - Successfully loaded ARXML file
2025-04-26 14:08:40,886 - arxml_tool - INFO - Successfully loaded ARXML file
2025-04-26 14:08:40,886 - arxml_tool - INFO - Successfully loaded ARXML file
2025-04-26 14:08:40,886 - arxml_tool - INFO - Successfully loaded ARXML file
