2025-05-01 15:00:43,131 - arxml_tool - ERROR - Error initializing packages: Invalid role name: SystemDesign
2025-05-01 15:00:43,133 - arxml_tool - ERROR - ARXML file not found: non_existent_file.arxml
2025-05-01 15:00:43,135 - arxml_tool - ERROR - Error initializing packages: Invalid role name: SystemDesign
2025-05-01 15:00:43,135 - arxml_tool - ERROR - Error initializing packages: Invalid role name: SystemDesign
2025-05-01 15:00:43,135 - arxml_tool - INFO - Loading ARXML file: /home/adarsh/autosar_arxml-parser_editor/tests/../examples/sample.arxml
2025-05-01 15:00:43,135 - arxml_tool - INFO - Loading ARXML file: /home/adarsh/autosar_arxml-parser_editor/tests/../examples/sample.arxml
2025-05-01 15:00:43,321 - arxml_tool - WARNING - Failed to download schema: HTTP 404
2025-05-01 15:00:43,321 - arxml_tool - WARNING - Failed to download schema: HTTP 404
2025-05-01 15:00:43,323 - arxml_tool - WARNING - Could not load schema, skipping validation
2025-05-01 15:00:43,323 - arxml_tool - WARNING - Could not load schema, skipping validation
2025-05-01 15:00:43,325 - arxml_tool - INFO - Successfully loaded ARXML file
2025-05-01 15:00:43,325 - arxml_tool - INFO - Successfully loaded ARXML file
2025-05-01 15:00:43,327 - arxml_tool - ERROR - Error initializing packages: Invalid role name: SystemDesign
2025-05-01 15:00:43,327 - arxml_tool - ERROR - Error initializing packages: Invalid role name: SystemDesign
2025-05-01 15:00:43,327 - arxml_tool - ERROR - Error initializing packages: Invalid role name: SystemDesign
2025-05-01 15:00:43,328 - arxml_tool - INFO - Loading ARXML file: /tmp/tmpce0bmxye.arxml
2025-05-01 15:00:43,328 - arxml_tool - INFO - Loading ARXML file: /tmp/tmpce0bmxye.arxml
2025-05-01 15:00:43,328 - arxml_tool - INFO - Loading ARXML file: /tmp/tmpce0bmxye.arxml
2025-05-01 15:00:43,330 - arxml_tool - ERROR - Error loading XML content: 
2025-05-01 15:00:43,330 - arxml_tool - ERROR - Error loading XML content: 
2025-05-01 15:00:43,330 - arxml_tool - ERROR - Error loading XML content: 
2025-05-01 15:00:43,332 - arxml_tool - ERROR - Error initializing packages: Invalid role name: SystemDesign
2025-05-01 15:00:43,332 - arxml_tool - ERROR - Error initializing packages: Invalid role name: SystemDesign
2025-05-01 15:00:43,332 - arxml_tool - ERROR - Error initializing packages: Invalid role name: SystemDesign
2025-05-01 15:00:43,332 - arxml_tool - ERROR - Error initializing packages: Invalid role name: SystemDesign
2025-05-01 15:00:43,334 - arxml_tool - INFO - Loading ARXML file: /home/adarsh/autosar_arxml-parser_editor/tests/../examples/sample.arxml
2025-05-01 15:00:43,334 - arxml_tool - INFO - Loading ARXML file: /home/adarsh/autosar_arxml-parser_editor/tests/../examples/sample.arxml
2025-05-01 15:00:43,334 - arxml_tool - INFO - Loading ARXML file: /home/adarsh/autosar_arxml-parser_editor/tests/../examples/sample.arxml
2025-05-01 15:00:43,334 - arxml_tool - INFO - Loading ARXML file: /home/adarsh/autosar_arxml-parser_editor/tests/../examples/sample.arxml
2025-05-01 15:00:43,530 - arxml_tool - WARNING - Failed to download schema: HTTP 404
2025-05-01 15:00:43,530 - arxml_tool - WARNING - Failed to download schema: HTTP 404
2025-05-01 15:00:43,530 - arxml_tool - WARNING - Failed to download schema: HTTP 404
2025-05-01 15:00:43,530 - arxml_tool - WARNING - Failed to download schema: HTTP 404
2025-05-01 15:00:43,534 - arxml_tool - WARNING - Could not load schema, skipping validation
2025-05-01 15:00:43,534 - arxml_tool - WARNING - Could not load schema, skipping validation
2025-05-01 15:00:43,534 - arxml_tool - WARNING - Could not load schema, skipping validation
2025-05-01 15:00:43,534 - arxml_tool - WARNING - Could not load schema, skipping validation
2025-05-01 15:00:43,535 - arxml_tool - INFO - Successfully loaded ARXML file
2025-05-01 15:00:43,535 - arxml_tool - INFO - Successfully loaded ARXML file
2025-05-01 15:00:43,535 - arxml_tool - INFO - Successfully loaded ARXML file
2025-05-01 15:00:43,535 - arxml_tool - INFO - Successfully loaded ARXML file
