2025-04-26 14:09:45,136 - arxml_tool - INFO - Loading ARXML file: /home/adarsh/autosar_arxml-parser_editor/tests/../examples/sample.arxml
2025-04-26 14:09:45,340 - arxml_tool - WARNING - Failed to download schema: HTTP 404
2025-04-26 14:09:45,341 - arxml_tool - WARNING - Could not load schema, skipping validation
2025-04-26 14:09:45,341 - arxml_tool - INFO - Successfully loaded ARXML file
2025-04-26 14:09:45,342 - arxml_tool - INFO - Loading ARXML file: /home/adarsh/autosar_arxml-parser_editor/tests/../examples/sample.arxml
2025-04-26 14:09:45,342 - arxml_tool - INFO - Loading ARXML file: /home/adarsh/autosar_arxml-parser_editor/tests/../examples/sample.arxml
2025-04-26 14:09:45,528 - arxml_tool - WARNING - Failed to download schema: HTTP 404
2025-04-26 14:09:45,528 - arxml_tool - WARNING - Failed to download schema: HTTP 404
2025-04-26 14:09:45,529 - arxml_tool - WARNING - Could not load schema, skipping validation
2025-04-26 14:09:45,529 - arxml_tool - WARNING - Could not load schema, skipping validation
2025-04-26 14:09:45,530 - arxml_tool - INFO - Successfully loaded ARXML file
2025-04-26 14:09:45,530 - arxml_tool - INFO - Successfully loaded ARXML file
2025-04-26 14:09:45,531 - arxml_tool - ERROR - ARXML file not found: non_existent_file.arxml
2025-04-26 14:09:45,531 - arxml_tool - ERROR - ARXML file not found: non_existent_file.arxml
2025-04-26 14:09:45,531 - arxml_tool - ERROR - ARXML file not found: non_existent_file.arxml
2025-04-26 14:09:45,532 - arxml_tool - INFO - Loading ARXML file: /home/adarsh/autosar_arxml-parser_editor/tests/../examples/sample.arxml
2025-04-26 14:09:45,532 - arxml_tool - INFO - Loading ARXML file: /home/adarsh/autosar_arxml-parser_editor/tests/../examples/sample.arxml
2025-04-26 14:09:45,532 - arxml_tool - INFO - Loading ARXML file: /home/adarsh/autosar_arxml-parser_editor/tests/../examples/sample.arxml
2025-04-26 14:09:45,532 - arxml_tool - INFO - Loading ARXML file: /home/adarsh/autosar_arxml-parser_editor/tests/../examples/sample.arxml
2025-04-26 14:09:45,728 - arxml_tool - WARNING - Failed to download schema: HTTP 404
2025-04-26 14:09:45,728 - arxml_tool - WARNING - Failed to download schema: HTTP 404
2025-04-26 14:09:45,728 - arxml_tool - WARNING - Failed to download schema: HTTP 404
2025-04-26 14:09:45,728 - arxml_tool - WARNING - Failed to download schema: HTTP 404
2025-04-26 14:09:45,730 - arxml_tool - WARNING - Could not load schema, skipping validation
2025-04-26 14:09:45,730 - arxml_tool - WARNING - Could not load schema, skipping validation
2025-04-26 14:09:45,730 - arxml_tool - WARNING - Could not load schema, skipping validation
2025-04-26 14:09:45,730 - arxml_tool - WARNING - Could not load schema, skipping validation
2025-04-26 14:09:45,731 - arxml_tool - INFO - Successfully loaded ARXML file
2025-04-26 14:09:45,731 - arxml_tool - INFO - Successfully loaded ARXML file
2025-04-26 14:09:45,731 - arxml_tool - INFO - Successfully loaded ARXML file
2025-04-26 14:09:45,731 - arxml_tool - INFO - Successfully loaded ARXML file
2025-04-26 14:09:45,733 - arxml_tool - INFO - Loading ARXML file: /tmp/tmpfhnoe9wh.arxml
2025-04-26 14:09:45,733 - arxml_tool - INFO - Loading ARXML file: /tmp/tmpfhnoe9wh.arxml
2025-04-26 14:09:45,733 - arxml_tool - INFO - Loading ARXML file: /tmp/tmpfhnoe9wh.arxml
2025-04-26 14:09:45,733 - arxml_tool - INFO - Loading ARXML file: /tmp/tmpfhnoe9wh.arxml
2025-04-26 14:09:45,733 - arxml_tool - INFO - Loading ARXML file: /tmp/tmpfhnoe9wh.arxml
2025-04-26 14:09:45,734 - arxml_tool - ERROR - Error parsing ARXML file: 
2025-04-26 14:09:45,734 - arxml_tool - ERROR - Error parsing ARXML file: 
2025-04-26 14:09:45,734 - arxml_tool - ERROR - Error parsing ARXML file: 
2025-04-26 14:09:45,734 - arxml_tool - ERROR - Error parsing ARXML file: 
2025-04-26 14:09:45,734 - arxml_tool - ERROR - Error parsing ARXML file: 
2025-04-26 14:09:45,736 - arxml_tool - INFO - Loading ARXML file: /home/adarsh/autosar_arxml-parser_editor/tests/../examples/sample.arxml
2025-04-26 14:09:45,736 - arxml_tool - INFO - Loading ARXML file: /home/adarsh/autosar_arxml-parser_editor/tests/../examples/sample.arxml
2025-04-26 14:09:45,736 - arxml_tool - INFO - Loading ARXML file: /home/adarsh/autosar_arxml-parser_editor/tests/../examples/sample.arxml
2025-04-26 14:09:45,736 - arxml_tool - INFO - Loading ARXML file: /home/adarsh/autosar_arxml-parser_editor/tests/../examples/sample.arxml
2025-04-26 14:09:45,736 - arxml_tool - INFO - Loading ARXML file: /home/adarsh/autosar_arxml-parser_editor/tests/../examples/sample.arxml
2025-04-26 14:09:45,736 - arxml_tool - INFO - Loading ARXML file: /home/adarsh/autosar_arxml-parser_editor/tests/../examples/sample.arxml
2025-04-26 14:09:45,926 - arxml_tool - WARNING - Failed to download schema: HTTP 404
2025-04-26 14:09:45,926 - arxml_tool - WARNING - Failed to download schema: HTTP 404
2025-04-26 14:09:45,926 - arxml_tool - WARNING - Failed to download schema: HTTP 404
2025-04-26 14:09:45,926 - arxml_tool - WARNING - Failed to download schema: HTTP 404
2025-04-26 14:09:45,926 - arxml_tool - WARNING - Failed to download schema: HTTP 404
2025-04-26 14:09:45,926 - arxml_tool - WARNING - Failed to download schema: HTTP 404
2025-04-26 14:09:45,927 - arxml_tool - WARNING - Could not load schema, skipping validation
2025-04-26 14:09:45,927 - arxml_tool - WARNING - Could not load schema, skipping validation
2025-04-26 14:09:45,927 - arxml_tool - WARNING - Could not load schema, skipping validation
2025-04-26 14:09:45,927 - arxml_tool - WARNING - Could not load schema, skipping validation
2025-04-26 14:09:45,927 - arxml_tool - WARNING - Could not load schema, skipping validation
2025-04-26 14:09:45,927 - arxml_tool - WARNING - Could not load schema, skipping validation
2025-04-26 14:09:45,928 - arxml_tool - INFO - Successfully loaded ARXML file
2025-04-26 14:09:45,928 - arxml_tool - INFO - Successfully loaded ARXML file
2025-04-26 14:09:45,928 - arxml_tool - INFO - Successfully loaded ARXML file
2025-04-26 14:09:45,928 - arxml_tool - INFO - Successfully loaded ARXML file
2025-04-26 14:09:45,928 - arxml_tool - INFO - Successfully loaded ARXML file
2025-04-26 14:09:45,928 - arxml_tool - INFO - Successfully loaded ARXML file
