2025-04-26 14:15:40,894 - arxml_tool - ERROR - Error initializing packages: Invalid role name: System
2025-04-26 14:15:40,895 - arxml_tool - INFO - Loading ARXML file for editing: /home/adarsh/autosar_arxml-parser_editor/tests/../examples/sample.arxml
2025-04-26 14:15:40,895 - arxml_tool - INFO - Loading ARXML file for editing: /home/adarsh/autosar_arxml-parser_editor/tests/../examples/sample.arxml
2025-04-26 14:15:40,895 - arxml_tool - INFO - Loading ARXML file: /home/adarsh/autosar_arxml-parser_editor/tests/../examples/sample.arxml
2025-04-26 14:15:40,895 - arxml_tool - INFO - Loading ARXML file: /home/adarsh/autosar_arxml-parser_editor/tests/../examples/sample.arxml
2025-04-26 14:15:40,895 - arxml_tool - ERROR - Error initializing packages: Invalid role name: System
2025-04-26 14:15:40,895 - arxml_tool - ERROR - Error initializing packages: Invalid role name: System
2025-04-26 14:15:40,898 - arxml_tool - ERROR - Error parsing ARXML file: 'ARXMLParser' object has no attribute '_validate_schema'
2025-04-26 14:15:40,898 - arxml_tool - ERROR - Error parsing ARXML file: 'ARXMLParser' object has no attribute '_validate_schema'
2025-04-26 14:15:40,898 - arxml_tool - ERROR - Error creating/finding package Ports: 'ApplicationSoftwareComponent' object has no attribute 'createPackage'
2025-04-26 14:15:40,898 - arxml_tool - ERROR - Error creating/finding package Ports: 'ApplicationSoftwareComponent' object has no attribute 'createPackage'
2025-04-26 14:15:40,899 - arxml_tool - INFO - Added software component: TestComponent
2025-04-26 14:15:40,899 - arxml_tool - INFO - Added software component: TestComponent
2025-04-26 14:15:40,899 - arxml_tool - ERROR - Error initializing packages: Invalid role name: System
2025-04-26 14:15:40,899 - arxml_tool - ERROR - Error initializing packages: Invalid role name: System
2025-04-26 14:15:40,899 - arxml_tool - ERROR - Error initializing packages: Invalid role name: System
2025-04-26 14:15:40,899 - arxml_tool - INFO - Loading ARXML file for editing: /home/adarsh/autosar_arxml-parser_editor/tests/../examples/sample.arxml
2025-04-26 14:15:40,899 - arxml_tool - INFO - Loading ARXML file for editing: /home/adarsh/autosar_arxml-parser_editor/tests/../examples/sample.arxml
2025-04-26 14:15:40,899 - arxml_tool - INFO - Loading ARXML file for editing: /home/adarsh/autosar_arxml-parser_editor/tests/../examples/sample.arxml
2025-04-26 14:15:40,899 - arxml_tool - INFO - Loading ARXML file for editing: /home/adarsh/autosar_arxml-parser_editor/tests/../examples/sample.arxml
2025-04-26 14:15:40,900 - arxml_tool - INFO - Loading ARXML file: /home/adarsh/autosar_arxml-parser_editor/tests/../examples/sample.arxml
2025-04-26 14:15:40,900 - arxml_tool - INFO - Loading ARXML file: /home/adarsh/autosar_arxml-parser_editor/tests/../examples/sample.arxml
2025-04-26 14:15:40,900 - arxml_tool - INFO - Loading ARXML file: /home/adarsh/autosar_arxml-parser_editor/tests/../examples/sample.arxml
2025-04-26 14:15:40,900 - arxml_tool - INFO - Loading ARXML file: /home/adarsh/autosar_arxml-parser_editor/tests/../examples/sample.arxml
2025-04-26 14:15:40,900 - arxml_tool - ERROR - Error initializing packages: Invalid role name: System
2025-04-26 14:15:40,900 - arxml_tool - ERROR - Error initializing packages: Invalid role name: System
2025-04-26 14:15:40,900 - arxml_tool - ERROR - Error initializing packages: Invalid role name: System
2025-04-26 14:15:40,900 - arxml_tool - ERROR - Error initializing packages: Invalid role name: System
2025-04-26 14:15:40,902 - arxml_tool - ERROR - Error parsing ARXML file: 'ARXMLParser' object has no attribute '_validate_schema'
2025-04-26 14:15:40,902 - arxml_tool - ERROR - Error parsing ARXML file: 'ARXMLParser' object has no attribute '_validate_schema'
2025-04-26 14:15:40,902 - arxml_tool - ERROR - Error parsing ARXML file: 'ARXMLParser' object has no attribute '_validate_schema'
2025-04-26 14:15:40,902 - arxml_tool - ERROR - Error parsing ARXML file: 'ARXMLParser' object has no attribute '_validate_schema'
2025-04-26 14:15:40,902 - arxml_tool - ERROR - Error creating/finding package Ports: 'ApplicationSoftwareComponent' object has no attribute 'createPackage'
2025-04-26 14:15:40,902 - arxml_tool - ERROR - Error creating/finding package Ports: 'ApplicationSoftwareComponent' object has no attribute 'createPackage'
2025-04-26 14:15:40,902 - arxml_tool - ERROR - Error creating/finding package Ports: 'ApplicationSoftwareComponent' object has no attribute 'createPackage'
2025-04-26 14:15:40,902 - arxml_tool - ERROR - Error creating/finding package Ports: 'ApplicationSoftwareComponent' object has no attribute 'createPackage'
2025-04-26 14:15:40,903 - arxml_tool - INFO - Added software component: BackupTest
2025-04-26 14:15:40,903 - arxml_tool - INFO - Added software component: BackupTest
2025-04-26 14:15:40,903 - arxml_tool - INFO - Added software component: BackupTest
2025-04-26 14:15:40,903 - arxml_tool - INFO - Added software component: BackupTest
2025-04-26 14:15:40,903 - arxml_tool - INFO - Created backup: /tmp/.arxml_backups/tmpdfbxg5vg.arxml.20250426_141540.bak
2025-04-26 14:15:40,903 - arxml_tool - INFO - Created backup: /tmp/.arxml_backups/tmpdfbxg5vg.arxml.20250426_141540.bak
2025-04-26 14:15:40,903 - arxml_tool - INFO - Created backup: /tmp/.arxml_backups/tmpdfbxg5vg.arxml.20250426_141540.bak
2025-04-26 14:15:40,903 - arxml_tool - INFO - Created backup: /tmp/.arxml_backups/tmpdfbxg5vg.arxml.20250426_141540.bak
2025-04-26 14:15:40,904 - arxml_tool - ERROR - Error saving ARXML file: Invalid reference: /ComponentTypes/EngineManagement
2025-04-26 14:15:40,904 - arxml_tool - ERROR - Error saving ARXML file: Invalid reference: /ComponentTypes/EngineManagement
2025-04-26 14:15:40,904 - arxml_tool - ERROR - Error saving ARXML file: Invalid reference: /ComponentTypes/EngineManagement
2025-04-26 14:15:40,904 - arxml_tool - ERROR - Error saving ARXML file: Invalid reference: /ComponentTypes/EngineManagement
2025-04-26 14:15:40,906 - arxml_tool - ERROR - Error initializing packages: Invalid role name: System
2025-04-26 14:15:40,906 - arxml_tool - ERROR - Error initializing packages: Invalid role name: System
2025-04-26 14:15:40,906 - arxml_tool - ERROR - Error initializing packages: Invalid role name: System
2025-04-26 14:15:40,906 - arxml_tool - ERROR - Error initializing packages: Invalid role name: System
2025-04-26 14:15:40,906 - arxml_tool - ERROR - Error initializing packages: Invalid role name: System
2025-04-26 14:15:40,906 - arxml_tool - INFO - Loading ARXML file for editing: /home/adarsh/autosar_arxml-parser_editor/tests/../examples/sample.arxml
2025-04-26 14:15:40,906 - arxml_tool - INFO - Loading ARXML file for editing: /home/adarsh/autosar_arxml-parser_editor/tests/../examples/sample.arxml
2025-04-26 14:15:40,906 - arxml_tool - INFO - Loading ARXML file for editing: /home/adarsh/autosar_arxml-parser_editor/tests/../examples/sample.arxml
2025-04-26 14:15:40,906 - arxml_tool - INFO - Loading ARXML file for editing: /home/adarsh/autosar_arxml-parser_editor/tests/../examples/sample.arxml
2025-04-26 14:15:40,906 - arxml_tool - INFO - Loading ARXML file for editing: /home/adarsh/autosar_arxml-parser_editor/tests/../examples/sample.arxml
2025-04-26 14:15:40,906 - arxml_tool - INFO - Loading ARXML file for editing: /home/adarsh/autosar_arxml-parser_editor/tests/../examples/sample.arxml
2025-04-26 14:15:40,907 - arxml_tool - INFO - Loading ARXML file: /home/adarsh/autosar_arxml-parser_editor/tests/../examples/sample.arxml
2025-04-26 14:15:40,907 - arxml_tool - INFO - Loading ARXML file: /home/adarsh/autosar_arxml-parser_editor/tests/../examples/sample.arxml
2025-04-26 14:15:40,907 - arxml_tool - INFO - Loading ARXML file: /home/adarsh/autosar_arxml-parser_editor/tests/../examples/sample.arxml
2025-04-26 14:15:40,907 - arxml_tool - INFO - Loading ARXML file: /home/adarsh/autosar_arxml-parser_editor/tests/../examples/sample.arxml
2025-04-26 14:15:40,907 - arxml_tool - INFO - Loading ARXML file: /home/adarsh/autosar_arxml-parser_editor/tests/../examples/sample.arxml
2025-04-26 14:15:40,907 - arxml_tool - INFO - Loading ARXML file: /home/adarsh/autosar_arxml-parser_editor/tests/../examples/sample.arxml
2025-04-26 14:15:40,907 - arxml_tool - ERROR - Error initializing packages: Invalid role name: System
2025-04-26 14:15:40,907 - arxml_tool - ERROR - Error initializing packages: Invalid role name: System
2025-04-26 14:15:40,907 - arxml_tool - ERROR - Error initializing packages: Invalid role name: System
2025-04-26 14:15:40,907 - arxml_tool - ERROR - Error initializing packages: Invalid role name: System
2025-04-26 14:15:40,907 - arxml_tool - ERROR - Error initializing packages: Invalid role name: System
2025-04-26 14:15:40,907 - arxml_tool - ERROR - Error initializing packages: Invalid role name: System
2025-04-26 14:15:40,910 - arxml_tool - ERROR - Error parsing ARXML file: 'ARXMLParser' object has no attribute '_validate_schema'
2025-04-26 14:15:40,910 - arxml_tool - ERROR - Error parsing ARXML file: 'ARXMLParser' object has no attribute '_validate_schema'
2025-04-26 14:15:40,910 - arxml_tool - ERROR - Error parsing ARXML file: 'ARXMLParser' object has no attribute '_validate_schema'
2025-04-26 14:15:40,910 - arxml_tool - ERROR - Error parsing ARXML file: 'ARXMLParser' object has no attribute '_validate_schema'
2025-04-26 14:15:40,910 - arxml_tool - ERROR - Error parsing ARXML file: 'ARXMLParser' object has no attribute '_validate_schema'
2025-04-26 14:15:40,910 - arxml_tool - ERROR - Error parsing ARXML file: 'ARXMLParser' object has no attribute '_validate_schema'
2025-04-26 14:15:40,911 - arxml_tool - ERROR - Error creating/finding package Ports: 'ApplicationSoftwareComponent' object has no attribute 'createPackage'
2025-04-26 14:15:40,911 - arxml_tool - ERROR - Error creating/finding package Ports: 'ApplicationSoftwareComponent' object has no attribute 'createPackage'
2025-04-26 14:15:40,911 - arxml_tool - ERROR - Error creating/finding package Ports: 'ApplicationSoftwareComponent' object has no attribute 'createPackage'
2025-04-26 14:15:40,911 - arxml_tool - ERROR - Error creating/finding package Ports: 'ApplicationSoftwareComponent' object has no attribute 'createPackage'
2025-04-26 14:15:40,911 - arxml_tool - ERROR - Error creating/finding package Ports: 'ApplicationSoftwareComponent' object has no attribute 'createPackage'
2025-04-26 14:15:40,911 - arxml_tool - ERROR - Error creating/finding package Ports: 'ApplicationSoftwareComponent' object has no attribute 'createPackage'
2025-04-26 14:15:40,912 - arxml_tool - INFO - Added software component: OriginalComponent
2025-04-26 14:15:40,912 - arxml_tool - INFO - Added software component: OriginalComponent
2025-04-26 14:15:40,912 - arxml_tool - INFO - Added software component: OriginalComponent
2025-04-26 14:15:40,912 - arxml_tool - INFO - Added software component: OriginalComponent
2025-04-26 14:15:40,912 - arxml_tool - INFO - Added software component: OriginalComponent
2025-04-26 14:15:40,912 - arxml_tool - INFO - Added software component: OriginalComponent
2025-04-26 14:15:40,912 - arxml_tool - INFO - Created backup: /tmp/.arxml_backups/tmp1s_9jmyi.arxml.20250426_141540.bak
2025-04-26 14:15:40,912 - arxml_tool - INFO - Created backup: /tmp/.arxml_backups/tmp1s_9jmyi.arxml.20250426_141540.bak
2025-04-26 14:15:40,912 - arxml_tool - INFO - Created backup: /tmp/.arxml_backups/tmp1s_9jmyi.arxml.20250426_141540.bak
2025-04-26 14:15:40,912 - arxml_tool - INFO - Created backup: /tmp/.arxml_backups/tmp1s_9jmyi.arxml.20250426_141540.bak
2025-04-26 14:15:40,912 - arxml_tool - INFO - Created backup: /tmp/.arxml_backups/tmp1s_9jmyi.arxml.20250426_141540.bak
2025-04-26 14:15:40,912 - arxml_tool - INFO - Created backup: /tmp/.arxml_backups/tmp1s_9jmyi.arxml.20250426_141540.bak
2025-04-26 14:15:40,914 - arxml_tool - ERROR - Error saving ARXML file: Invalid reference: /ComponentTypes/EngineManagement
2025-04-26 14:15:40,914 - arxml_tool - ERROR - Error saving ARXML file: Invalid reference: /ComponentTypes/EngineManagement
2025-04-26 14:15:40,914 - arxml_tool - ERROR - Error saving ARXML file: Invalid reference: /ComponentTypes/EngineManagement
2025-04-26 14:15:40,914 - arxml_tool - ERROR - Error saving ARXML file: Invalid reference: /ComponentTypes/EngineManagement
2025-04-26 14:15:40,914 - arxml_tool - ERROR - Error saving ARXML file: Invalid reference: /ComponentTypes/EngineManagement
2025-04-26 14:15:40,914 - arxml_tool - ERROR - Error saving ARXML file: Invalid reference: /ComponentTypes/EngineManagement
2025-04-26 14:15:40,915 - arxml_tool - ERROR - Error creating/finding package Ports: 'ApplicationSoftwareComponent' object has no attribute 'createPackage'
2025-04-26 14:15:40,915 - arxml_tool - ERROR - Error creating/finding package Ports: 'ApplicationSoftwareComponent' object has no attribute 'createPackage'
2025-04-26 14:15:40,915 - arxml_tool - ERROR - Error creating/finding package Ports: 'ApplicationSoftwareComponent' object has no attribute 'createPackage'
2025-04-26 14:15:40,915 - arxml_tool - ERROR - Error creating/finding package Ports: 'ApplicationSoftwareComponent' object has no attribute 'createPackage'
2025-04-26 14:15:40,915 - arxml_tool - ERROR - Error creating/finding package Ports: 'ApplicationSoftwareComponent' object has no attribute 'createPackage'
2025-04-26 14:15:40,915 - arxml_tool - ERROR - Error creating/finding package Ports: 'ApplicationSoftwareComponent' object has no attribute 'createPackage'
2025-04-26 14:15:40,916 - arxml_tool - INFO - Added software component: NewComponent
2025-04-26 14:15:40,916 - arxml_tool - INFO - Added software component: NewComponent
2025-04-26 14:15:40,916 - arxml_tool - INFO - Added software component: NewComponent
2025-04-26 14:15:40,916 - arxml_tool - INFO - Added software component: NewComponent
2025-04-26 14:15:40,916 - arxml_tool - INFO - Added software component: NewComponent
2025-04-26 14:15:40,916 - arxml_tool - INFO - Added software component: NewComponent
2025-04-26 14:15:40,916 - arxml_tool - INFO - Created backup: /tmp/.arxml_backups/tmp1s_9jmyi.arxml.20250426_141540.bak
2025-04-26 14:15:40,916 - arxml_tool - INFO - Created backup: /tmp/.arxml_backups/tmp1s_9jmyi.arxml.20250426_141540.bak
2025-04-26 14:15:40,916 - arxml_tool - INFO - Created backup: /tmp/.arxml_backups/tmp1s_9jmyi.arxml.20250426_141540.bak
2025-04-26 14:15:40,916 - arxml_tool - INFO - Created backup: /tmp/.arxml_backups/tmp1s_9jmyi.arxml.20250426_141540.bak
2025-04-26 14:15:40,916 - arxml_tool - INFO - Created backup: /tmp/.arxml_backups/tmp1s_9jmyi.arxml.20250426_141540.bak
2025-04-26 14:15:40,916 - arxml_tool - INFO - Created backup: /tmp/.arxml_backups/tmp1s_9jmyi.arxml.20250426_141540.bak
2025-04-26 14:15:40,918 - arxml_tool - ERROR - Error saving ARXML file: Invalid reference: /ComponentTypes/EngineManagement
2025-04-26 14:15:40,918 - arxml_tool - ERROR - Error saving ARXML file: Invalid reference: /ComponentTypes/EngineManagement
2025-04-26 14:15:40,918 - arxml_tool - ERROR - Error saving ARXML file: Invalid reference: /ComponentTypes/EngineManagement
2025-04-26 14:15:40,918 - arxml_tool - ERROR - Error saving ARXML file: Invalid reference: /ComponentTypes/EngineManagement
2025-04-26 14:15:40,918 - arxml_tool - ERROR - Error saving ARXML file: Invalid reference: /ComponentTypes/EngineManagement
2025-04-26 14:15:40,918 - arxml_tool - ERROR - Error saving ARXML file: Invalid reference: /ComponentTypes/EngineManagement
2025-04-26 14:15:40,919 - arxml_tool - ERROR - Error initializing packages: Invalid role name: System
2025-04-26 14:15:40,919 - arxml_tool - ERROR - Error initializing packages: Invalid role name: System
2025-04-26 14:15:40,919 - arxml_tool - ERROR - Error initializing packages: Invalid role name: System
2025-04-26 14:15:40,919 - arxml_tool - ERROR - Error initializing packages: Invalid role name: System
2025-04-26 14:15:40,919 - arxml_tool - ERROR - Error initializing packages: Invalid role name: System
2025-04-26 14:15:40,919 - arxml_tool - ERROR - Error initializing packages: Invalid role name: System
2025-04-26 14:15:40,919 - arxml_tool - ERROR - Error initializing packages: Invalid role name: System
2025-04-26 14:15:40,920 - arxml_tool - INFO - Loading ARXML file for editing: /home/adarsh/autosar_arxml-parser_editor/tests/../examples/sample.arxml
2025-04-26 14:15:40,920 - arxml_tool - INFO - Loading ARXML file for editing: /home/adarsh/autosar_arxml-parser_editor/tests/../examples/sample.arxml
2025-04-26 14:15:40,920 - arxml_tool - INFO - Loading ARXML file for editing: /home/adarsh/autosar_arxml-parser_editor/tests/../examples/sample.arxml
2025-04-26 14:15:40,920 - arxml_tool - INFO - Loading ARXML file for editing: /home/adarsh/autosar_arxml-parser_editor/tests/../examples/sample.arxml
2025-04-26 14:15:40,920 - arxml_tool - INFO - Loading ARXML file for editing: /home/adarsh/autosar_arxml-parser_editor/tests/../examples/sample.arxml
2025-04-26 14:15:40,920 - arxml_tool - INFO - Loading ARXML file for editing: /home/adarsh/autosar_arxml-parser_editor/tests/../examples/sample.arxml
2025-04-26 14:15:40,920 - arxml_tool - INFO - Loading ARXML file for editing: /home/adarsh/autosar_arxml-parser_editor/tests/../examples/sample.arxml
2025-04-26 14:15:40,920 - arxml_tool - INFO - Loading ARXML file for editing: /home/adarsh/autosar_arxml-parser_editor/tests/../examples/sample.arxml
2025-04-26 14:15:40,920 - arxml_tool - INFO - Loading ARXML file: /home/adarsh/autosar_arxml-parser_editor/tests/../examples/sample.arxml
2025-04-26 14:15:40,920 - arxml_tool - INFO - Loading ARXML file: /home/adarsh/autosar_arxml-parser_editor/tests/../examples/sample.arxml
2025-04-26 14:15:40,920 - arxml_tool - INFO - Loading ARXML file: /home/adarsh/autosar_arxml-parser_editor/tests/../examples/sample.arxml
2025-04-26 14:15:40,920 - arxml_tool - INFO - Loading ARXML file: /home/adarsh/autosar_arxml-parser_editor/tests/../examples/sample.arxml
2025-04-26 14:15:40,920 - arxml_tool - INFO - Loading ARXML file: /home/adarsh/autosar_arxml-parser_editor/tests/../examples/sample.arxml
2025-04-26 14:15:40,920 - arxml_tool - INFO - Loading ARXML file: /home/adarsh/autosar_arxml-parser_editor/tests/../examples/sample.arxml
2025-04-26 14:15:40,920 - arxml_tool - INFO - Loading ARXML file: /home/adarsh/autosar_arxml-parser_editor/tests/../examples/sample.arxml
2025-04-26 14:15:40,920 - arxml_tool - INFO - Loading ARXML file: /home/adarsh/autosar_arxml-parser_editor/tests/../examples/sample.arxml
2025-04-26 14:15:40,922 - arxml_tool - ERROR - Error initializing packages: Invalid role name: System
2025-04-26 14:15:40,922 - arxml_tool - ERROR - Error initializing packages: Invalid role name: System
2025-04-26 14:15:40,922 - arxml_tool - ERROR - Error initializing packages: Invalid role name: System
2025-04-26 14:15:40,922 - arxml_tool - ERROR - Error initializing packages: Invalid role name: System
2025-04-26 14:15:40,922 - arxml_tool - ERROR - Error initializing packages: Invalid role name: System
2025-04-26 14:15:40,922 - arxml_tool - ERROR - Error initializing packages: Invalid role name: System
2025-04-26 14:15:40,922 - arxml_tool - ERROR - Error initializing packages: Invalid role name: System
2025-04-26 14:15:40,922 - arxml_tool - ERROR - Error initializing packages: Invalid role name: System
2025-04-26 14:15:40,926 - arxml_tool - ERROR - Error parsing ARXML file: 'ARXMLParser' object has no attribute '_validate_schema'
2025-04-26 14:15:40,926 - arxml_tool - ERROR - Error parsing ARXML file: 'ARXMLParser' object has no attribute '_validate_schema'
2025-04-26 14:15:40,926 - arxml_tool - ERROR - Error parsing ARXML file: 'ARXMLParser' object has no attribute '_validate_schema'
2025-04-26 14:15:40,926 - arxml_tool - ERROR - Error parsing ARXML file: 'ARXMLParser' object has no attribute '_validate_schema'
2025-04-26 14:15:40,926 - arxml_tool - ERROR - Error parsing ARXML file: 'ARXMLParser' object has no attribute '_validate_schema'
2025-04-26 14:15:40,926 - arxml_tool - ERROR - Error parsing ARXML file: 'ARXMLParser' object has no attribute '_validate_schema'
2025-04-26 14:15:40,926 - arxml_tool - ERROR - Error parsing ARXML file: 'ARXMLParser' object has no attribute '_validate_schema'
2025-04-26 14:15:40,926 - arxml_tool - ERROR - Error parsing ARXML file: 'ARXMLParser' object has no attribute '_validate_schema'
2025-04-26 14:15:40,926 - arxml_tool - ERROR - Error creating/finding package Ports: 'ApplicationSoftwareComponent' object has no attribute 'createPackage'
2025-04-26 14:15:40,926 - arxml_tool - ERROR - Error creating/finding package Ports: 'ApplicationSoftwareComponent' object has no attribute 'createPackage'
2025-04-26 14:15:40,926 - arxml_tool - ERROR - Error creating/finding package Ports: 'ApplicationSoftwareComponent' object has no attribute 'createPackage'
2025-04-26 14:15:40,926 - arxml_tool - ERROR - Error creating/finding package Ports: 'ApplicationSoftwareComponent' object has no attribute 'createPackage'
2025-04-26 14:15:40,926 - arxml_tool - ERROR - Error creating/finding package Ports: 'ApplicationSoftwareComponent' object has no attribute 'createPackage'
2025-04-26 14:15:40,926 - arxml_tool - ERROR - Error creating/finding package Ports: 'ApplicationSoftwareComponent' object has no attribute 'createPackage'
2025-04-26 14:15:40,926 - arxml_tool - ERROR - Error creating/finding package Ports: 'ApplicationSoftwareComponent' object has no attribute 'createPackage'
2025-04-26 14:15:40,926 - arxml_tool - ERROR - Error creating/finding package Ports: 'ApplicationSoftwareComponent' object has no attribute 'createPackage'
2025-04-26 14:15:40,927 - arxml_tool - INFO - Added software component: TestReloadComponent
2025-04-26 14:15:40,927 - arxml_tool - INFO - Added software component: TestReloadComponent
2025-04-26 14:15:40,927 - arxml_tool - INFO - Added software component: TestReloadComponent
2025-04-26 14:15:40,927 - arxml_tool - INFO - Added software component: TestReloadComponent
2025-04-26 14:15:40,927 - arxml_tool - INFO - Added software component: TestReloadComponent
2025-04-26 14:15:40,927 - arxml_tool - INFO - Added software component: TestReloadComponent
2025-04-26 14:15:40,927 - arxml_tool - INFO - Added software component: TestReloadComponent
2025-04-26 14:15:40,927 - arxml_tool - INFO - Added software component: TestReloadComponent
2025-04-26 14:15:40,928 - arxml_tool - INFO - Created backup: /tmp/.arxml_backups/tmpm5nt7o6k.arxml.20250426_141540.bak
2025-04-26 14:15:40,928 - arxml_tool - INFO - Created backup: /tmp/.arxml_backups/tmpm5nt7o6k.arxml.20250426_141540.bak
2025-04-26 14:15:40,928 - arxml_tool - INFO - Created backup: /tmp/.arxml_backups/tmpm5nt7o6k.arxml.20250426_141540.bak
2025-04-26 14:15:40,928 - arxml_tool - INFO - Created backup: /tmp/.arxml_backups/tmpm5nt7o6k.arxml.20250426_141540.bak
2025-04-26 14:15:40,928 - arxml_tool - INFO - Created backup: /tmp/.arxml_backups/tmpm5nt7o6k.arxml.20250426_141540.bak
2025-04-26 14:15:40,928 - arxml_tool - INFO - Created backup: /tmp/.arxml_backups/tmpm5nt7o6k.arxml.20250426_141540.bak
2025-04-26 14:15:40,928 - arxml_tool - INFO - Created backup: /tmp/.arxml_backups/tmpm5nt7o6k.arxml.20250426_141540.bak
2025-04-26 14:15:40,928 - arxml_tool - INFO - Created backup: /tmp/.arxml_backups/tmpm5nt7o6k.arxml.20250426_141540.bak
2025-04-26 14:15:40,930 - arxml_tool - ERROR - Error saving ARXML file: Invalid reference: /ComponentTypes/EngineManagement
2025-04-26 14:15:40,930 - arxml_tool - ERROR - Error saving ARXML file: Invalid reference: /ComponentTypes/EngineManagement
2025-04-26 14:15:40,930 - arxml_tool - ERROR - Error saving ARXML file: Invalid reference: /ComponentTypes/EngineManagement
2025-04-26 14:15:40,930 - arxml_tool - ERROR - Error saving ARXML file: Invalid reference: /ComponentTypes/EngineManagement
2025-04-26 14:15:40,930 - arxml_tool - ERROR - Error saving ARXML file: Invalid reference: /ComponentTypes/EngineManagement
2025-04-26 14:15:40,930 - arxml_tool - ERROR - Error saving ARXML file: Invalid reference: /ComponentTypes/EngineManagement
2025-04-26 14:15:40,930 - arxml_tool - ERROR - Error saving ARXML file: Invalid reference: /ComponentTypes/EngineManagement
2025-04-26 14:15:40,930 - arxml_tool - ERROR - Error saving ARXML file: Invalid reference: /ComponentTypes/EngineManagement
2025-04-26 14:15:40,932 - arxml_tool - ERROR - Error initializing packages: Invalid role name: System
2025-04-26 14:15:40,932 - arxml_tool - ERROR - Error initializing packages: Invalid role name: System
2025-04-26 14:15:40,932 - arxml_tool - ERROR - Error initializing packages: Invalid role name: System
2025-04-26 14:15:40,932 - arxml_tool - ERROR - Error initializing packages: Invalid role name: System
2025-04-26 14:15:40,932 - arxml_tool - ERROR - Error initializing packages: Invalid role name: System
2025-04-26 14:15:40,932 - arxml_tool - ERROR - Error initializing packages: Invalid role name: System
2025-04-26 14:15:40,932 - arxml_tool - ERROR - Error initializing packages: Invalid role name: System
2025-04-26 14:15:40,932 - arxml_tool - ERROR - Error initializing packages: Invalid role name: System
2025-04-26 14:15:40,932 - arxml_tool - ERROR - Error initializing packages: Invalid role name: System
2025-04-26 14:15:40,933 - arxml_tool - INFO - Loading ARXML file for editing: /tmp/tmpm5nt7o6k.arxml
2025-04-26 14:15:40,933 - arxml_tool - INFO - Loading ARXML file for editing: /tmp/tmpm5nt7o6k.arxml
2025-04-26 14:15:40,933 - arxml_tool - INFO - Loading ARXML file for editing: /tmp/tmpm5nt7o6k.arxml
2025-04-26 14:15:40,933 - arxml_tool - INFO - Loading ARXML file for editing: /tmp/tmpm5nt7o6k.arxml
2025-04-26 14:15:40,933 - arxml_tool - INFO - Loading ARXML file for editing: /tmp/tmpm5nt7o6k.arxml
2025-04-26 14:15:40,933 - arxml_tool - INFO - Loading ARXML file for editing: /tmp/tmpm5nt7o6k.arxml
2025-04-26 14:15:40,933 - arxml_tool - INFO - Loading ARXML file for editing: /tmp/tmpm5nt7o6k.arxml
2025-04-26 14:15:40,933 - arxml_tool - INFO - Loading ARXML file for editing: /tmp/tmpm5nt7o6k.arxml
2025-04-26 14:15:40,933 - arxml_tool - INFO - Loading ARXML file for editing: /tmp/tmpm5nt7o6k.arxml
2025-04-26 14:15:40,933 - arxml_tool - INFO - Loading ARXML file for editing: /tmp/tmpm5nt7o6k.arxml
2025-04-26 14:15:40,933 - arxml_tool - INFO - Loading ARXML file: /tmp/tmpm5nt7o6k.arxml
2025-04-26 14:15:40,933 - arxml_tool - INFO - Loading ARXML file: /tmp/tmpm5nt7o6k.arxml
2025-04-26 14:15:40,933 - arxml_tool - INFO - Loading ARXML file: /tmp/tmpm5nt7o6k.arxml
2025-04-26 14:15:40,933 - arxml_tool - INFO - Loading ARXML file: /tmp/tmpm5nt7o6k.arxml
2025-04-26 14:15:40,933 - arxml_tool - INFO - Loading ARXML file: /tmp/tmpm5nt7o6k.arxml
2025-04-26 14:15:40,933 - arxml_tool - INFO - Loading ARXML file: /tmp/tmpm5nt7o6k.arxml
2025-04-26 14:15:40,933 - arxml_tool - INFO - Loading ARXML file: /tmp/tmpm5nt7o6k.arxml
2025-04-26 14:15:40,933 - arxml_tool - INFO - Loading ARXML file: /tmp/tmpm5nt7o6k.arxml
2025-04-26 14:15:40,933 - arxml_tool - INFO - Loading ARXML file: /tmp/tmpm5nt7o6k.arxml
2025-04-26 14:15:40,933 - arxml_tool - INFO - Loading ARXML file: /tmp/tmpm5nt7o6k.arxml
2025-04-26 14:15:40,935 - arxml_tool - ERROR - Error initializing packages: Invalid role name: System
2025-04-26 14:15:40,935 - arxml_tool - ERROR - Error initializing packages: Invalid role name: System
2025-04-26 14:15:40,935 - arxml_tool - ERROR - Error initializing packages: Invalid role name: System
2025-04-26 14:15:40,935 - arxml_tool - ERROR - Error initializing packages: Invalid role name: System
2025-04-26 14:15:40,935 - arxml_tool - ERROR - Error initializing packages: Invalid role name: System
2025-04-26 14:15:40,935 - arxml_tool - ERROR - Error initializing packages: Invalid role name: System
2025-04-26 14:15:40,935 - arxml_tool - ERROR - Error initializing packages: Invalid role name: System
2025-04-26 14:15:40,935 - arxml_tool - ERROR - Error initializing packages: Invalid role name: System
2025-04-26 14:15:40,935 - arxml_tool - ERROR - Error initializing packages: Invalid role name: System
2025-04-26 14:15:40,935 - arxml_tool - ERROR - Error initializing packages: Invalid role name: System
2025-04-26 14:15:40,936 - arxml_tool - ERROR - Error parsing ARXML file: no element found: line 1, column 0
2025-04-26 14:15:40,936 - arxml_tool - ERROR - Error parsing ARXML file: no element found: line 1, column 0
2025-04-26 14:15:40,936 - arxml_tool - ERROR - Error parsing ARXML file: no element found: line 1, column 0
2025-04-26 14:15:40,936 - arxml_tool - ERROR - Error parsing ARXML file: no element found: line 1, column 0
2025-04-26 14:15:40,936 - arxml_tool - ERROR - Error parsing ARXML file: no element found: line 1, column 0
2025-04-26 14:15:40,936 - arxml_tool - ERROR - Error parsing ARXML file: no element found: line 1, column 0
2025-04-26 14:15:40,936 - arxml_tool - ERROR - Error parsing ARXML file: no element found: line 1, column 0
2025-04-26 14:15:40,936 - arxml_tool - ERROR - Error parsing ARXML file: no element found: line 1, column 0
2025-04-26 14:15:40,936 - arxml_tool - ERROR - Error parsing ARXML file: no element found: line 1, column 0
2025-04-26 14:15:40,936 - arxml_tool - ERROR - Error parsing ARXML file: no element found: line 1, column 0
2025-04-26 14:15:40,937 - arxml_tool - ERROR - Error initializing packages: Invalid role name: System
2025-04-26 14:15:40,937 - arxml_tool - ERROR - Error initializing packages: Invalid role name: System
2025-04-26 14:15:40,937 - arxml_tool - ERROR - Error initializing packages: Invalid role name: System
2025-04-26 14:15:40,937 - arxml_tool - ERROR - Error initializing packages: Invalid role name: System
2025-04-26 14:15:40,937 - arxml_tool - ERROR - Error initializing packages: Invalid role name: System
2025-04-26 14:15:40,937 - arxml_tool - ERROR - Error initializing packages: Invalid role name: System
2025-04-26 14:15:40,937 - arxml_tool - ERROR - Error initializing packages: Invalid role name: System
2025-04-26 14:15:40,937 - arxml_tool - ERROR - Error initializing packages: Invalid role name: System
2025-04-26 14:15:40,937 - arxml_tool - ERROR - Error initializing packages: Invalid role name: System
2025-04-26 14:15:40,937 - arxml_tool - ERROR - Error initializing packages: Invalid role name: System
2025-04-26 14:15:40,937 - arxml_tool - ERROR - Error initializing packages: Invalid role name: System
2025-04-26 14:15:40,939 - arxml_tool - INFO - Loading ARXML file for editing: /home/adarsh/autosar_arxml-parser_editor/tests/../examples/sample.arxml
2025-04-26 14:15:40,939 - arxml_tool - INFO - Loading ARXML file for editing: /home/adarsh/autosar_arxml-parser_editor/tests/../examples/sample.arxml
2025-04-26 14:15:40,939 - arxml_tool - INFO - Loading ARXML file for editing: /home/adarsh/autosar_arxml-parser_editor/tests/../examples/sample.arxml
2025-04-26 14:15:40,939 - arxml_tool - INFO - Loading ARXML file for editing: /home/adarsh/autosar_arxml-parser_editor/tests/../examples/sample.arxml
2025-04-26 14:15:40,939 - arxml_tool - INFO - Loading ARXML file for editing: /home/adarsh/autosar_arxml-parser_editor/tests/../examples/sample.arxml
2025-04-26 14:15:40,939 - arxml_tool - INFO - Loading ARXML file for editing: /home/adarsh/autosar_arxml-parser_editor/tests/../examples/sample.arxml
2025-04-26 14:15:40,939 - arxml_tool - INFO - Loading ARXML file for editing: /home/adarsh/autosar_arxml-parser_editor/tests/../examples/sample.arxml
2025-04-26 14:15:40,939 - arxml_tool - INFO - Loading ARXML file for editing: /home/adarsh/autosar_arxml-parser_editor/tests/../examples/sample.arxml
2025-04-26 14:15:40,939 - arxml_tool - INFO - Loading ARXML file for editing: /home/adarsh/autosar_arxml-parser_editor/tests/../examples/sample.arxml
2025-04-26 14:15:40,939 - arxml_tool - INFO - Loading ARXML file for editing: /home/adarsh/autosar_arxml-parser_editor/tests/../examples/sample.arxml
2025-04-26 14:15:40,939 - arxml_tool - INFO - Loading ARXML file for editing: /home/adarsh/autosar_arxml-parser_editor/tests/../examples/sample.arxml
2025-04-26 14:15:40,939 - arxml_tool - INFO - Loading ARXML file for editing: /home/adarsh/autosar_arxml-parser_editor/tests/../examples/sample.arxml
2025-04-26 14:15:40,940 - arxml_tool - INFO - Loading ARXML file: /home/adarsh/autosar_arxml-parser_editor/tests/../examples/sample.arxml
2025-04-26 14:15:40,940 - arxml_tool - INFO - Loading ARXML file: /home/adarsh/autosar_arxml-parser_editor/tests/../examples/sample.arxml
2025-04-26 14:15:40,940 - arxml_tool - INFO - Loading ARXML file: /home/adarsh/autosar_arxml-parser_editor/tests/../examples/sample.arxml
2025-04-26 14:15:40,940 - arxml_tool - INFO - Loading ARXML file: /home/adarsh/autosar_arxml-parser_editor/tests/../examples/sample.arxml
2025-04-26 14:15:40,940 - arxml_tool - INFO - Loading ARXML file: /home/adarsh/autosar_arxml-parser_editor/tests/../examples/sample.arxml
2025-04-26 14:15:40,940 - arxml_tool - INFO - Loading ARXML file: /home/adarsh/autosar_arxml-parser_editor/tests/../examples/sample.arxml
2025-04-26 14:15:40,940 - arxml_tool - INFO - Loading ARXML file: /home/adarsh/autosar_arxml-parser_editor/tests/../examples/sample.arxml
2025-04-26 14:15:40,940 - arxml_tool - INFO - Loading ARXML file: /home/adarsh/autosar_arxml-parser_editor/tests/../examples/sample.arxml
2025-04-26 14:15:40,940 - arxml_tool - INFO - Loading ARXML file: /home/adarsh/autosar_arxml-parser_editor/tests/../examples/sample.arxml
2025-04-26 14:15:40,940 - arxml_tool - INFO - Loading ARXML file: /home/adarsh/autosar_arxml-parser_editor/tests/../examples/sample.arxml
2025-04-26 14:15:40,940 - arxml_tool - INFO - Loading ARXML file: /home/adarsh/autosar_arxml-parser_editor/tests/../examples/sample.arxml
2025-04-26 14:15:40,940 - arxml_tool - INFO - Loading ARXML file: /home/adarsh/autosar_arxml-parser_editor/tests/../examples/sample.arxml
2025-04-26 14:15:40,942 - arxml_tool - ERROR - Error initializing packages: Invalid role name: System
2025-04-26 14:15:40,942 - arxml_tool - ERROR - Error initializing packages: Invalid role name: System
2025-04-26 14:15:40,942 - arxml_tool - ERROR - Error initializing packages: Invalid role name: System
2025-04-26 14:15:40,942 - arxml_tool - ERROR - Error initializing packages: Invalid role name: System
2025-04-26 14:15:40,942 - arxml_tool - ERROR - Error initializing packages: Invalid role name: System
2025-04-26 14:15:40,942 - arxml_tool - ERROR - Error initializing packages: Invalid role name: System
2025-04-26 14:15:40,942 - arxml_tool - ERROR - Error initializing packages: Invalid role name: System
2025-04-26 14:15:40,942 - arxml_tool - ERROR - Error initializing packages: Invalid role name: System
2025-04-26 14:15:40,942 - arxml_tool - ERROR - Error initializing packages: Invalid role name: System
2025-04-26 14:15:40,942 - arxml_tool - ERROR - Error initializing packages: Invalid role name: System
2025-04-26 14:15:40,942 - arxml_tool - ERROR - Error initializing packages: Invalid role name: System
2025-04-26 14:15:40,942 - arxml_tool - ERROR - Error initializing packages: Invalid role name: System
2025-04-26 14:15:40,947 - arxml_tool - ERROR - Error parsing ARXML file: 'ARXMLParser' object has no attribute '_validate_schema'
2025-04-26 14:15:40,947 - arxml_tool - ERROR - Error parsing ARXML file: 'ARXMLParser' object has no attribute '_validate_schema'
2025-04-26 14:15:40,947 - arxml_tool - ERROR - Error parsing ARXML file: 'ARXMLParser' object has no attribute '_validate_schema'
2025-04-26 14:15:40,947 - arxml_tool - ERROR - Error parsing ARXML file: 'ARXMLParser' object has no attribute '_validate_schema'
2025-04-26 14:15:40,947 - arxml_tool - ERROR - Error parsing ARXML file: 'ARXMLParser' object has no attribute '_validate_schema'
2025-04-26 14:15:40,947 - arxml_tool - ERROR - Error parsing ARXML file: 'ARXMLParser' object has no attribute '_validate_schema'
2025-04-26 14:15:40,947 - arxml_tool - ERROR - Error parsing ARXML file: 'ARXMLParser' object has no attribute '_validate_schema'
2025-04-26 14:15:40,947 - arxml_tool - ERROR - Error parsing ARXML file: 'ARXMLParser' object has no attribute '_validate_schema'
2025-04-26 14:15:40,947 - arxml_tool - ERROR - Error parsing ARXML file: 'ARXMLParser' object has no attribute '_validate_schema'
2025-04-26 14:15:40,947 - arxml_tool - ERROR - Error parsing ARXML file: 'ARXMLParser' object has no attribute '_validate_schema'
2025-04-26 14:15:40,947 - arxml_tool - ERROR - Error parsing ARXML file: 'ARXMLParser' object has no attribute '_validate_schema'
2025-04-26 14:15:40,947 - arxml_tool - ERROR - Error parsing ARXML file: 'ARXMLParser' object has no attribute '_validate_schema'
2025-04-26 14:15:40,949 - arxml_tool - INFO - Created backup: /tmp/.arxml_backups/tmpn02g_b05.arxml.20250426_141540.bak
2025-04-26 14:15:40,949 - arxml_tool - INFO - Created backup: /tmp/.arxml_backups/tmpn02g_b05.arxml.20250426_141540.bak
2025-04-26 14:15:40,949 - arxml_tool - INFO - Created backup: /tmp/.arxml_backups/tmpn02g_b05.arxml.20250426_141540.bak
2025-04-26 14:15:40,949 - arxml_tool - INFO - Created backup: /tmp/.arxml_backups/tmpn02g_b05.arxml.20250426_141540.bak
2025-04-26 14:15:40,949 - arxml_tool - INFO - Created backup: /tmp/.arxml_backups/tmpn02g_b05.arxml.20250426_141540.bak
2025-04-26 14:15:40,949 - arxml_tool - INFO - Created backup: /tmp/.arxml_backups/tmpn02g_b05.arxml.20250426_141540.bak
2025-04-26 14:15:40,949 - arxml_tool - INFO - Created backup: /tmp/.arxml_backups/tmpn02g_b05.arxml.20250426_141540.bak
2025-04-26 14:15:40,949 - arxml_tool - INFO - Created backup: /tmp/.arxml_backups/tmpn02g_b05.arxml.20250426_141540.bak
2025-04-26 14:15:40,949 - arxml_tool - INFO - Created backup: /tmp/.arxml_backups/tmpn02g_b05.arxml.20250426_141540.bak
2025-04-26 14:15:40,949 - arxml_tool - INFO - Created backup: /tmp/.arxml_backups/tmpn02g_b05.arxml.20250426_141540.bak
2025-04-26 14:15:40,949 - arxml_tool - INFO - Created backup: /tmp/.arxml_backups/tmpn02g_b05.arxml.20250426_141540.bak
2025-04-26 14:15:40,949 - arxml_tool - INFO - Created backup: /tmp/.arxml_backups/tmpn02g_b05.arxml.20250426_141540.bak
2025-04-26 14:15:40,951 - arxml_tool - ERROR - Error saving ARXML file: Invalid reference: /ComponentTypes/EngineManagement
2025-04-26 14:15:40,951 - arxml_tool - ERROR - Error saving ARXML file: Invalid reference: /ComponentTypes/EngineManagement
2025-04-26 14:15:40,951 - arxml_tool - ERROR - Error saving ARXML file: Invalid reference: /ComponentTypes/EngineManagement
2025-04-26 14:15:40,951 - arxml_tool - ERROR - Error saving ARXML file: Invalid reference: /ComponentTypes/EngineManagement
2025-04-26 14:15:40,951 - arxml_tool - ERROR - Error saving ARXML file: Invalid reference: /ComponentTypes/EngineManagement
2025-04-26 14:15:40,951 - arxml_tool - ERROR - Error saving ARXML file: Invalid reference: /ComponentTypes/EngineManagement
2025-04-26 14:15:40,951 - arxml_tool - ERROR - Error saving ARXML file: Invalid reference: /ComponentTypes/EngineManagement
2025-04-26 14:15:40,951 - arxml_tool - ERROR - Error saving ARXML file: Invalid reference: /ComponentTypes/EngineManagement
2025-04-26 14:15:40,951 - arxml_tool - ERROR - Error saving ARXML file: Invalid reference: /ComponentTypes/EngineManagement
2025-04-26 14:15:40,951 - arxml_tool - ERROR - Error saving ARXML file: Invalid reference: /ComponentTypes/EngineManagement
2025-04-26 14:15:40,951 - arxml_tool - ERROR - Error saving ARXML file: Invalid reference: /ComponentTypes/EngineManagement
2025-04-26 14:15:40,951 - arxml_tool - ERROR - Error saving ARXML file: Invalid reference: /ComponentTypes/EngineManagement
2025-04-26 14:15:40,953 - arxml_tool - ERROR - Error initializing packages: Invalid role name: System
2025-04-26 14:15:40,953 - arxml_tool - ERROR - Error initializing packages: Invalid role name: System
2025-04-26 14:15:40,953 - arxml_tool - ERROR - Error initializing packages: Invalid role name: System
2025-04-26 14:15:40,953 - arxml_tool - ERROR - Error initializing packages: Invalid role name: System
2025-04-26 14:15:40,953 - arxml_tool - ERROR - Error initializing packages: Invalid role name: System
2025-04-26 14:15:40,953 - arxml_tool - ERROR - Error initializing packages: Invalid role name: System
2025-04-26 14:15:40,953 - arxml_tool - ERROR - Error initializing packages: Invalid role name: System
2025-04-26 14:15:40,953 - arxml_tool - ERROR - Error initializing packages: Invalid role name: System
2025-04-26 14:15:40,953 - arxml_tool - ERROR - Error initializing packages: Invalid role name: System
2025-04-26 14:15:40,953 - arxml_tool - ERROR - Error initializing packages: Invalid role name: System
2025-04-26 14:15:40,953 - arxml_tool - ERROR - Error initializing packages: Invalid role name: System
2025-04-26 14:15:40,953 - arxml_tool - ERROR - Error initializing packages: Invalid role name: System
2025-04-26 14:15:40,953 - arxml_tool - ERROR - Error initializing packages: Invalid role name: System
2025-04-26 14:15:40,954 - arxml_tool - INFO - Loading ARXML file: /home/adarsh/autosar_arxml-parser_editor/tests/../examples/sample.arxml
2025-04-26 14:15:40,954 - arxml_tool - INFO - Loading ARXML file: /home/adarsh/autosar_arxml-parser_editor/tests/../examples/sample.arxml
2025-04-26 14:15:40,954 - arxml_tool - INFO - Loading ARXML file: /home/adarsh/autosar_arxml-parser_editor/tests/../examples/sample.arxml
2025-04-26 14:15:40,954 - arxml_tool - INFO - Loading ARXML file: /home/adarsh/autosar_arxml-parser_editor/tests/../examples/sample.arxml
2025-04-26 14:15:40,954 - arxml_tool - INFO - Loading ARXML file: /home/adarsh/autosar_arxml-parser_editor/tests/../examples/sample.arxml
2025-04-26 14:15:40,954 - arxml_tool - INFO - Loading ARXML file: /home/adarsh/autosar_arxml-parser_editor/tests/../examples/sample.arxml
2025-04-26 14:15:40,954 - arxml_tool - INFO - Loading ARXML file: /home/adarsh/autosar_arxml-parser_editor/tests/../examples/sample.arxml
2025-04-26 14:15:40,954 - arxml_tool - INFO - Loading ARXML file: /home/adarsh/autosar_arxml-parser_editor/tests/../examples/sample.arxml
2025-04-26 14:15:40,954 - arxml_tool - INFO - Loading ARXML file: /home/adarsh/autosar_arxml-parser_editor/tests/../examples/sample.arxml
2025-04-26 14:15:40,954 - arxml_tool - INFO - Loading ARXML file: /home/adarsh/autosar_arxml-parser_editor/tests/../examples/sample.arxml
2025-04-26 14:15:40,954 - arxml_tool - INFO - Loading ARXML file: /home/adarsh/autosar_arxml-parser_editor/tests/../examples/sample.arxml
2025-04-26 14:15:40,954 - arxml_tool - INFO - Loading ARXML file: /home/adarsh/autosar_arxml-parser_editor/tests/../examples/sample.arxml
2025-04-26 14:15:40,954 - arxml_tool - INFO - Loading ARXML file: /home/adarsh/autosar_arxml-parser_editor/tests/../examples/sample.arxml
2025-04-26 14:15:40,957 - arxml_tool - ERROR - Error initializing packages: Invalid role name: System
2025-04-26 14:15:40,957 - arxml_tool - ERROR - Error initializing packages: Invalid role name: System
2025-04-26 14:15:40,957 - arxml_tool - ERROR - Error initializing packages: Invalid role name: System
2025-04-26 14:15:40,957 - arxml_tool - ERROR - Error initializing packages: Invalid role name: System
2025-04-26 14:15:40,957 - arxml_tool - ERROR - Error initializing packages: Invalid role name: System
2025-04-26 14:15:40,957 - arxml_tool - ERROR - Error initializing packages: Invalid role name: System
2025-04-26 14:15:40,957 - arxml_tool - ERROR - Error initializing packages: Invalid role name: System
2025-04-26 14:15:40,957 - arxml_tool - ERROR - Error initializing packages: Invalid role name: System
2025-04-26 14:15:40,957 - arxml_tool - ERROR - Error initializing packages: Invalid role name: System
2025-04-26 14:15:40,957 - arxml_tool - ERROR - Error initializing packages: Invalid role name: System
2025-04-26 14:15:40,957 - arxml_tool - ERROR - Error initializing packages: Invalid role name: System
2025-04-26 14:15:40,957 - arxml_tool - ERROR - Error initializing packages: Invalid role name: System
2025-04-26 14:15:40,957 - arxml_tool - ERROR - Error initializing packages: Invalid role name: System
2025-04-26 14:15:40,961 - arxml_tool - ERROR - Error parsing ARXML file: 'ARXMLParser' object has no attribute '_validate_schema'
2025-04-26 14:15:40,961 - arxml_tool - ERROR - Error parsing ARXML file: 'ARXMLParser' object has no attribute '_validate_schema'
2025-04-26 14:15:40,961 - arxml_tool - ERROR - Error parsing ARXML file: 'ARXMLParser' object has no attribute '_validate_schema'
2025-04-26 14:15:40,961 - arxml_tool - ERROR - Error parsing ARXML file: 'ARXMLParser' object has no attribute '_validate_schema'
2025-04-26 14:15:40,961 - arxml_tool - ERROR - Error parsing ARXML file: 'ARXMLParser' object has no attribute '_validate_schema'
2025-04-26 14:15:40,961 - arxml_tool - ERROR - Error parsing ARXML file: 'ARXMLParser' object has no attribute '_validate_schema'
2025-04-26 14:15:40,961 - arxml_tool - ERROR - Error parsing ARXML file: 'ARXMLParser' object has no attribute '_validate_schema'
2025-04-26 14:15:40,961 - arxml_tool - ERROR - Error parsing ARXML file: 'ARXMLParser' object has no attribute '_validate_schema'
2025-04-26 14:15:40,961 - arxml_tool - ERROR - Error parsing ARXML file: 'ARXMLParser' object has no attribute '_validate_schema'
2025-04-26 14:15:40,961 - arxml_tool - ERROR - Error parsing ARXML file: 'ARXMLParser' object has no attribute '_validate_schema'
2025-04-26 14:15:40,961 - arxml_tool - ERROR - Error parsing ARXML file: 'ARXMLParser' object has no attribute '_validate_schema'
2025-04-26 14:15:40,961 - arxml_tool - ERROR - Error parsing ARXML file: 'ARXMLParser' object has no attribute '_validate_schema'
2025-04-26 14:15:40,961 - arxml_tool - ERROR - Error parsing ARXML file: 'ARXMLParser' object has no attribute '_validate_schema'
2025-04-26 14:15:40,963 - arxml_tool - ERROR - Error initializing packages: Invalid role name: System
2025-04-26 14:15:40,963 - arxml_tool - ERROR - Error initializing packages: Invalid role name: System
2025-04-26 14:15:40,963 - arxml_tool - ERROR - Error initializing packages: Invalid role name: System
2025-04-26 14:15:40,963 - arxml_tool - ERROR - Error initializing packages: Invalid role name: System
2025-04-26 14:15:40,963 - arxml_tool - ERROR - Error initializing packages: Invalid role name: System
2025-04-26 14:15:40,963 - arxml_tool - ERROR - Error initializing packages: Invalid role name: System
2025-04-26 14:15:40,963 - arxml_tool - ERROR - Error initializing packages: Invalid role name: System
2025-04-26 14:15:40,963 - arxml_tool - ERROR - Error initializing packages: Invalid role name: System
2025-04-26 14:15:40,963 - arxml_tool - ERROR - Error initializing packages: Invalid role name: System
2025-04-26 14:15:40,963 - arxml_tool - ERROR - Error initializing packages: Invalid role name: System
2025-04-26 14:15:40,963 - arxml_tool - ERROR - Error initializing packages: Invalid role name: System
2025-04-26 14:15:40,963 - arxml_tool - ERROR - Error initializing packages: Invalid role name: System
2025-04-26 14:15:40,963 - arxml_tool - ERROR - Error initializing packages: Invalid role name: System
2025-04-26 14:15:40,963 - arxml_tool - ERROR - Error initializing packages: Invalid role name: System
2025-04-26 14:15:40,965 - arxml_tool - INFO - Loading ARXML file: /home/adarsh/autosar_arxml-parser_editor/tests/../examples/sample.arxml
2025-04-26 14:15:40,965 - arxml_tool - INFO - Loading ARXML file: /home/adarsh/autosar_arxml-parser_editor/tests/../examples/sample.arxml
2025-04-26 14:15:40,965 - arxml_tool - INFO - Loading ARXML file: /home/adarsh/autosar_arxml-parser_editor/tests/../examples/sample.arxml
2025-04-26 14:15:40,965 - arxml_tool - INFO - Loading ARXML file: /home/adarsh/autosar_arxml-parser_editor/tests/../examples/sample.arxml
2025-04-26 14:15:40,965 - arxml_tool - INFO - Loading ARXML file: /home/adarsh/autosar_arxml-parser_editor/tests/../examples/sample.arxml
2025-04-26 14:15:40,965 - arxml_tool - INFO - Loading ARXML file: /home/adarsh/autosar_arxml-parser_editor/tests/../examples/sample.arxml
2025-04-26 14:15:40,965 - arxml_tool - INFO - Loading ARXML file: /home/adarsh/autosar_arxml-parser_editor/tests/../examples/sample.arxml
2025-04-26 14:15:40,965 - arxml_tool - INFO - Loading ARXML file: /home/adarsh/autosar_arxml-parser_editor/tests/../examples/sample.arxml
2025-04-26 14:15:40,965 - arxml_tool - INFO - Loading ARXML file: /home/adarsh/autosar_arxml-parser_editor/tests/../examples/sample.arxml
2025-04-26 14:15:40,965 - arxml_tool - INFO - Loading ARXML file: /home/adarsh/autosar_arxml-parser_editor/tests/../examples/sample.arxml
2025-04-26 14:15:40,965 - arxml_tool - INFO - Loading ARXML file: /home/adarsh/autosar_arxml-parser_editor/tests/../examples/sample.arxml
2025-04-26 14:15:40,965 - arxml_tool - INFO - Loading ARXML file: /home/adarsh/autosar_arxml-parser_editor/tests/../examples/sample.arxml
2025-04-26 14:15:40,965 - arxml_tool - INFO - Loading ARXML file: /home/adarsh/autosar_arxml-parser_editor/tests/../examples/sample.arxml
2025-04-26 14:15:40,965 - arxml_tool - INFO - Loading ARXML file: /home/adarsh/autosar_arxml-parser_editor/tests/../examples/sample.arxml
2025-04-26 14:15:40,966 - arxml_tool - ERROR - Error initializing packages: Invalid role name: System
2025-04-26 14:15:40,966 - arxml_tool - ERROR - Error initializing packages: Invalid role name: System
2025-04-26 14:15:40,966 - arxml_tool - ERROR - Error initializing packages: Invalid role name: System
2025-04-26 14:15:40,966 - arxml_tool - ERROR - Error initializing packages: Invalid role name: System
2025-04-26 14:15:40,966 - arxml_tool - ERROR - Error initializing packages: Invalid role name: System
2025-04-26 14:15:40,966 - arxml_tool - ERROR - Error initializing packages: Invalid role name: System
2025-04-26 14:15:40,966 - arxml_tool - ERROR - Error initializing packages: Invalid role name: System
2025-04-26 14:15:40,966 - arxml_tool - ERROR - Error initializing packages: Invalid role name: System
2025-04-26 14:15:40,966 - arxml_tool - ERROR - Error initializing packages: Invalid role name: System
2025-04-26 14:15:40,966 - arxml_tool - ERROR - Error initializing packages: Invalid role name: System
2025-04-26 14:15:40,966 - arxml_tool - ERROR - Error initializing packages: Invalid role name: System
2025-04-26 14:15:40,966 - arxml_tool - ERROR - Error initializing packages: Invalid role name: System
2025-04-26 14:15:40,966 - arxml_tool - ERROR - Error initializing packages: Invalid role name: System
2025-04-26 14:15:40,966 - arxml_tool - ERROR - Error initializing packages: Invalid role name: System
2025-04-26 14:15:40,970 - arxml_tool - ERROR - Error parsing ARXML file: 'ARXMLParser' object has no attribute '_validate_schema'
2025-04-26 14:15:40,970 - arxml_tool - ERROR - Error parsing ARXML file: 'ARXMLParser' object has no attribute '_validate_schema'
2025-04-26 14:15:40,970 - arxml_tool - ERROR - Error parsing ARXML file: 'ARXMLParser' object has no attribute '_validate_schema'
2025-04-26 14:15:40,970 - arxml_tool - ERROR - Error parsing ARXML file: 'ARXMLParser' object has no attribute '_validate_schema'
2025-04-26 14:15:40,970 - arxml_tool - ERROR - Error parsing ARXML file: 'ARXMLParser' object has no attribute '_validate_schema'
2025-04-26 14:15:40,970 - arxml_tool - ERROR - Error parsing ARXML file: 'ARXMLParser' object has no attribute '_validate_schema'
2025-04-26 14:15:40,970 - arxml_tool - ERROR - Error parsing ARXML file: 'ARXMLParser' object has no attribute '_validate_schema'
2025-04-26 14:15:40,970 - arxml_tool - ERROR - Error parsing ARXML file: 'ARXMLParser' object has no attribute '_validate_schema'
2025-04-26 14:15:40,970 - arxml_tool - ERROR - Error parsing ARXML file: 'ARXMLParser' object has no attribute '_validate_schema'
2025-04-26 14:15:40,970 - arxml_tool - ERROR - Error parsing ARXML file: 'ARXMLParser' object has no attribute '_validate_schema'
2025-04-26 14:15:40,970 - arxml_tool - ERROR - Error parsing ARXML file: 'ARXMLParser' object has no attribute '_validate_schema'
2025-04-26 14:15:40,970 - arxml_tool - ERROR - Error parsing ARXML file: 'ARXMLParser' object has no attribute '_validate_schema'
2025-04-26 14:15:40,970 - arxml_tool - ERROR - Error parsing ARXML file: 'ARXMLParser' object has no attribute '_validate_schema'
2025-04-26 14:15:40,970 - arxml_tool - ERROR - Error parsing ARXML file: 'ARXMLParser' object has no attribute '_validate_schema'
2025-04-26 14:15:40,973 - arxml_tool - ERROR - Error initializing packages: Invalid role name: System
2025-04-26 14:15:40,973 - arxml_tool - ERROR - Error initializing packages: Invalid role name: System
2025-04-26 14:15:40,973 - arxml_tool - ERROR - Error initializing packages: Invalid role name: System
2025-04-26 14:15:40,973 - arxml_tool - ERROR - Error initializing packages: Invalid role name: System
2025-04-26 14:15:40,973 - arxml_tool - ERROR - Error initializing packages: Invalid role name: System
2025-04-26 14:15:40,973 - arxml_tool - ERROR - Error initializing packages: Invalid role name: System
2025-04-26 14:15:40,973 - arxml_tool - ERROR - Error initializing packages: Invalid role name: System
2025-04-26 14:15:40,973 - arxml_tool - ERROR - Error initializing packages: Invalid role name: System
2025-04-26 14:15:40,973 - arxml_tool - ERROR - Error initializing packages: Invalid role name: System
2025-04-26 14:15:40,973 - arxml_tool - ERROR - Error initializing packages: Invalid role name: System
2025-04-26 14:15:40,973 - arxml_tool - ERROR - Error initializing packages: Invalid role name: System
2025-04-26 14:15:40,973 - arxml_tool - ERROR - Error initializing packages: Invalid role name: System
2025-04-26 14:15:40,973 - arxml_tool - ERROR - Error initializing packages: Invalid role name: System
2025-04-26 14:15:40,973 - arxml_tool - ERROR - Error initializing packages: Invalid role name: System
2025-04-26 14:15:40,973 - arxml_tool - ERROR - Error initializing packages: Invalid role name: System
2025-04-26 14:15:40,974 - arxml_tool - ERROR - ARXML file not found: non_existent_file.arxml
2025-04-26 14:15:40,974 - arxml_tool - ERROR - ARXML file not found: non_existent_file.arxml
2025-04-26 14:15:40,974 - arxml_tool - ERROR - ARXML file not found: non_existent_file.arxml
2025-04-26 14:15:40,974 - arxml_tool - ERROR - ARXML file not found: non_existent_file.arxml
2025-04-26 14:15:40,974 - arxml_tool - ERROR - ARXML file not found: non_existent_file.arxml
2025-04-26 14:15:40,974 - arxml_tool - ERROR - ARXML file not found: non_existent_file.arxml
2025-04-26 14:15:40,974 - arxml_tool - ERROR - ARXML file not found: non_existent_file.arxml
2025-04-26 14:15:40,974 - arxml_tool - ERROR - ARXML file not found: non_existent_file.arxml
2025-04-26 14:15:40,974 - arxml_tool - ERROR - ARXML file not found: non_existent_file.arxml
2025-04-26 14:15:40,974 - arxml_tool - ERROR - ARXML file not found: non_existent_file.arxml
2025-04-26 14:15:40,974 - arxml_tool - ERROR - ARXML file not found: non_existent_file.arxml
2025-04-26 14:15:40,974 - arxml_tool - ERROR - ARXML file not found: non_existent_file.arxml
2025-04-26 14:15:40,974 - arxml_tool - ERROR - ARXML file not found: non_existent_file.arxml
2025-04-26 14:15:40,974 - arxml_tool - ERROR - ARXML file not found: non_existent_file.arxml
2025-04-26 14:15:40,974 - arxml_tool - ERROR - ARXML file not found: non_existent_file.arxml
2025-04-26 14:15:40,977 - arxml_tool - ERROR - Error initializing packages: Invalid role name: System
2025-04-26 14:15:40,977 - arxml_tool - ERROR - Error initializing packages: Invalid role name: System
2025-04-26 14:15:40,977 - arxml_tool - ERROR - Error initializing packages: Invalid role name: System
2025-04-26 14:15:40,977 - arxml_tool - ERROR - Error initializing packages: Invalid role name: System
2025-04-26 14:15:40,977 - arxml_tool - ERROR - Error initializing packages: Invalid role name: System
2025-04-26 14:15:40,977 - arxml_tool - ERROR - Error initializing packages: Invalid role name: System
2025-04-26 14:15:40,977 - arxml_tool - ERROR - Error initializing packages: Invalid role name: System
2025-04-26 14:15:40,977 - arxml_tool - ERROR - Error initializing packages: Invalid role name: System
2025-04-26 14:15:40,977 - arxml_tool - ERROR - Error initializing packages: Invalid role name: System
2025-04-26 14:15:40,977 - arxml_tool - ERROR - Error initializing packages: Invalid role name: System
2025-04-26 14:15:40,977 - arxml_tool - ERROR - Error initializing packages: Invalid role name: System
2025-04-26 14:15:40,977 - arxml_tool - ERROR - Error initializing packages: Invalid role name: System
2025-04-26 14:15:40,977 - arxml_tool - ERROR - Error initializing packages: Invalid role name: System
2025-04-26 14:15:40,977 - arxml_tool - ERROR - Error initializing packages: Invalid role name: System
2025-04-26 14:15:40,977 - arxml_tool - ERROR - Error initializing packages: Invalid role name: System
2025-04-26 14:15:40,977 - arxml_tool - ERROR - Error initializing packages: Invalid role name: System
2025-04-26 14:15:40,979 - arxml_tool - INFO - Loading ARXML file: /home/adarsh/autosar_arxml-parser_editor/tests/../examples/sample.arxml
2025-04-26 14:15:40,979 - arxml_tool - INFO - Loading ARXML file: /home/adarsh/autosar_arxml-parser_editor/tests/../examples/sample.arxml
2025-04-26 14:15:40,979 - arxml_tool - INFO - Loading ARXML file: /home/adarsh/autosar_arxml-parser_editor/tests/../examples/sample.arxml
2025-04-26 14:15:40,979 - arxml_tool - INFO - Loading ARXML file: /home/adarsh/autosar_arxml-parser_editor/tests/../examples/sample.arxml
2025-04-26 14:15:40,979 - arxml_tool - INFO - Loading ARXML file: /home/adarsh/autosar_arxml-parser_editor/tests/../examples/sample.arxml
2025-04-26 14:15:40,979 - arxml_tool - INFO - Loading ARXML file: /home/adarsh/autosar_arxml-parser_editor/tests/../examples/sample.arxml
2025-04-26 14:15:40,979 - arxml_tool - INFO - Loading ARXML file: /home/adarsh/autosar_arxml-parser_editor/tests/../examples/sample.arxml
2025-04-26 14:15:40,979 - arxml_tool - INFO - Loading ARXML file: /home/adarsh/autosar_arxml-parser_editor/tests/../examples/sample.arxml
2025-04-26 14:15:40,979 - arxml_tool - INFO - Loading ARXML file: /home/adarsh/autosar_arxml-parser_editor/tests/../examples/sample.arxml
2025-04-26 14:15:40,979 - arxml_tool - INFO - Loading ARXML file: /home/adarsh/autosar_arxml-parser_editor/tests/../examples/sample.arxml
2025-04-26 14:15:40,979 - arxml_tool - INFO - Loading ARXML file: /home/adarsh/autosar_arxml-parser_editor/tests/../examples/sample.arxml
2025-04-26 14:15:40,979 - arxml_tool - INFO - Loading ARXML file: /home/adarsh/autosar_arxml-parser_editor/tests/../examples/sample.arxml
2025-04-26 14:15:40,979 - arxml_tool - INFO - Loading ARXML file: /home/adarsh/autosar_arxml-parser_editor/tests/../examples/sample.arxml
2025-04-26 14:15:40,979 - arxml_tool - INFO - Loading ARXML file: /home/adarsh/autosar_arxml-parser_editor/tests/../examples/sample.arxml
2025-04-26 14:15:40,979 - arxml_tool - INFO - Loading ARXML file: /home/adarsh/autosar_arxml-parser_editor/tests/../examples/sample.arxml
2025-04-26 14:15:40,979 - arxml_tool - INFO - Loading ARXML file: /home/adarsh/autosar_arxml-parser_editor/tests/../examples/sample.arxml
2025-04-26 14:15:40,982 - arxml_tool - ERROR - Error initializing packages: Invalid role name: System
2025-04-26 14:15:40,982 - arxml_tool - ERROR - Error initializing packages: Invalid role name: System
2025-04-26 14:15:40,982 - arxml_tool - ERROR - Error initializing packages: Invalid role name: System
2025-04-26 14:15:40,982 - arxml_tool - ERROR - Error initializing packages: Invalid role name: System
2025-04-26 14:15:40,982 - arxml_tool - ERROR - Error initializing packages: Invalid role name: System
2025-04-26 14:15:40,982 - arxml_tool - ERROR - Error initializing packages: Invalid role name: System
2025-04-26 14:15:40,982 - arxml_tool - ERROR - Error initializing packages: Invalid role name: System
2025-04-26 14:15:40,982 - arxml_tool - ERROR - Error initializing packages: Invalid role name: System
2025-04-26 14:15:40,982 - arxml_tool - ERROR - Error initializing packages: Invalid role name: System
2025-04-26 14:15:40,982 - arxml_tool - ERROR - Error initializing packages: Invalid role name: System
2025-04-26 14:15:40,982 - arxml_tool - ERROR - Error initializing packages: Invalid role name: System
2025-04-26 14:15:40,982 - arxml_tool - ERROR - Error initializing packages: Invalid role name: System
2025-04-26 14:15:40,982 - arxml_tool - ERROR - Error initializing packages: Invalid role name: System
2025-04-26 14:15:40,982 - arxml_tool - ERROR - Error initializing packages: Invalid role name: System
2025-04-26 14:15:40,982 - arxml_tool - ERROR - Error initializing packages: Invalid role name: System
2025-04-26 14:15:40,982 - arxml_tool - ERROR - Error initializing packages: Invalid role name: System
2025-04-26 14:15:40,986 - arxml_tool - ERROR - Error parsing ARXML file: 'ARXMLParser' object has no attribute '_validate_schema'
2025-04-26 14:15:40,986 - arxml_tool - ERROR - Error parsing ARXML file: 'ARXMLParser' object has no attribute '_validate_schema'
2025-04-26 14:15:40,986 - arxml_tool - ERROR - Error parsing ARXML file: 'ARXMLParser' object has no attribute '_validate_schema'
2025-04-26 14:15:40,986 - arxml_tool - ERROR - Error parsing ARXML file: 'ARXMLParser' object has no attribute '_validate_schema'
2025-04-26 14:15:40,986 - arxml_tool - ERROR - Error parsing ARXML file: 'ARXMLParser' object has no attribute '_validate_schema'
2025-04-26 14:15:40,986 - arxml_tool - ERROR - Error parsing ARXML file: 'ARXMLParser' object has no attribute '_validate_schema'
2025-04-26 14:15:40,986 - arxml_tool - ERROR - Error parsing ARXML file: 'ARXMLParser' object has no attribute '_validate_schema'
2025-04-26 14:15:40,986 - arxml_tool - ERROR - Error parsing ARXML file: 'ARXMLParser' object has no attribute '_validate_schema'
2025-04-26 14:15:40,986 - arxml_tool - ERROR - Error parsing ARXML file: 'ARXMLParser' object has no attribute '_validate_schema'
2025-04-26 14:15:40,986 - arxml_tool - ERROR - Error parsing ARXML file: 'ARXMLParser' object has no attribute '_validate_schema'
2025-04-26 14:15:40,986 - arxml_tool - ERROR - Error parsing ARXML file: 'ARXMLParser' object has no attribute '_validate_schema'
2025-04-26 14:15:40,986 - arxml_tool - ERROR - Error parsing ARXML file: 'ARXMLParser' object has no attribute '_validate_schema'
2025-04-26 14:15:40,986 - arxml_tool - ERROR - Error parsing ARXML file: 'ARXMLParser' object has no attribute '_validate_schema'
2025-04-26 14:15:40,986 - arxml_tool - ERROR - Error parsing ARXML file: 'ARXMLParser' object has no attribute '_validate_schema'
2025-04-26 14:15:40,986 - arxml_tool - ERROR - Error parsing ARXML file: 'ARXMLParser' object has no attribute '_validate_schema'
2025-04-26 14:15:40,986 - arxml_tool - ERROR - Error parsing ARXML file: 'ARXMLParser' object has no attribute '_validate_schema'
2025-04-26 14:15:40,989 - arxml_tool - ERROR - Error initializing packages: Invalid role name: System
2025-04-26 14:15:40,989 - arxml_tool - ERROR - Error initializing packages: Invalid role name: System
2025-04-26 14:15:40,989 - arxml_tool - ERROR - Error initializing packages: Invalid role name: System
2025-04-26 14:15:40,989 - arxml_tool - ERROR - Error initializing packages: Invalid role name: System
2025-04-26 14:15:40,989 - arxml_tool - ERROR - Error initializing packages: Invalid role name: System
2025-04-26 14:15:40,989 - arxml_tool - ERROR - Error initializing packages: Invalid role name: System
2025-04-26 14:15:40,989 - arxml_tool - ERROR - Error initializing packages: Invalid role name: System
2025-04-26 14:15:40,989 - arxml_tool - ERROR - Error initializing packages: Invalid role name: System
2025-04-26 14:15:40,989 - arxml_tool - ERROR - Error initializing packages: Invalid role name: System
2025-04-26 14:15:40,989 - arxml_tool - ERROR - Error initializing packages: Invalid role name: System
2025-04-26 14:15:40,989 - arxml_tool - ERROR - Error initializing packages: Invalid role name: System
2025-04-26 14:15:40,989 - arxml_tool - ERROR - Error initializing packages: Invalid role name: System
2025-04-26 14:15:40,989 - arxml_tool - ERROR - Error initializing packages: Invalid role name: System
2025-04-26 14:15:40,989 - arxml_tool - ERROR - Error initializing packages: Invalid role name: System
2025-04-26 14:15:40,989 - arxml_tool - ERROR - Error initializing packages: Invalid role name: System
2025-04-26 14:15:40,989 - arxml_tool - ERROR - Error initializing packages: Invalid role name: System
2025-04-26 14:15:40,989 - arxml_tool - ERROR - Error initializing packages: Invalid role name: System
2025-04-26 14:15:40,990 - arxml_tool - INFO - Loading ARXML file: /tmp/tmpshefngh6.arxml
2025-04-26 14:15:40,990 - arxml_tool - INFO - Loading ARXML file: /tmp/tmpshefngh6.arxml
2025-04-26 14:15:40,990 - arxml_tool - INFO - Loading ARXML file: /tmp/tmpshefngh6.arxml
2025-04-26 14:15:40,990 - arxml_tool - INFO - Loading ARXML file: /tmp/tmpshefngh6.arxml
2025-04-26 14:15:40,990 - arxml_tool - INFO - Loading ARXML file: /tmp/tmpshefngh6.arxml
2025-04-26 14:15:40,990 - arxml_tool - INFO - Loading ARXML file: /tmp/tmpshefngh6.arxml
2025-04-26 14:15:40,990 - arxml_tool - INFO - Loading ARXML file: /tmp/tmpshefngh6.arxml
2025-04-26 14:15:40,990 - arxml_tool - INFO - Loading ARXML file: /tmp/tmpshefngh6.arxml
2025-04-26 14:15:40,990 - arxml_tool - INFO - Loading ARXML file: /tmp/tmpshefngh6.arxml
2025-04-26 14:15:40,990 - arxml_tool - INFO - Loading ARXML file: /tmp/tmpshefngh6.arxml
2025-04-26 14:15:40,990 - arxml_tool - INFO - Loading ARXML file: /tmp/tmpshefngh6.arxml
2025-04-26 14:15:40,990 - arxml_tool - INFO - Loading ARXML file: /tmp/tmpshefngh6.arxml
2025-04-26 14:15:40,990 - arxml_tool - INFO - Loading ARXML file: /tmp/tmpshefngh6.arxml
2025-04-26 14:15:40,990 - arxml_tool - INFO - Loading ARXML file: /tmp/tmpshefngh6.arxml
2025-04-26 14:15:40,990 - arxml_tool - INFO - Loading ARXML file: /tmp/tmpshefngh6.arxml
2025-04-26 14:15:40,990 - arxml_tool - INFO - Loading ARXML file: /tmp/tmpshefngh6.arxml
2025-04-26 14:15:40,990 - arxml_tool - INFO - Loading ARXML file: /tmp/tmpshefngh6.arxml
2025-04-26 14:15:40,992 - arxml_tool - ERROR - Error initializing packages: Invalid role name: System
2025-04-26 14:15:40,992 - arxml_tool - ERROR - Error initializing packages: Invalid role name: System
2025-04-26 14:15:40,992 - arxml_tool - ERROR - Error initializing packages: Invalid role name: System
2025-04-26 14:15:40,992 - arxml_tool - ERROR - Error initializing packages: Invalid role name: System
2025-04-26 14:15:40,992 - arxml_tool - ERROR - Error initializing packages: Invalid role name: System
2025-04-26 14:15:40,992 - arxml_tool - ERROR - Error initializing packages: Invalid role name: System
2025-04-26 14:15:40,992 - arxml_tool - ERROR - Error initializing packages: Invalid role name: System
2025-04-26 14:15:40,992 - arxml_tool - ERROR - Error initializing packages: Invalid role name: System
2025-04-26 14:15:40,992 - arxml_tool - ERROR - Error initializing packages: Invalid role name: System
2025-04-26 14:15:40,992 - arxml_tool - ERROR - Error initializing packages: Invalid role name: System
2025-04-26 14:15:40,992 - arxml_tool - ERROR - Error initializing packages: Invalid role name: System
2025-04-26 14:15:40,992 - arxml_tool - ERROR - Error initializing packages: Invalid role name: System
2025-04-26 14:15:40,992 - arxml_tool - ERROR - Error initializing packages: Invalid role name: System
2025-04-26 14:15:40,992 - arxml_tool - ERROR - Error initializing packages: Invalid role name: System
2025-04-26 14:15:40,992 - arxml_tool - ERROR - Error initializing packages: Invalid role name: System
2025-04-26 14:15:40,992 - arxml_tool - ERROR - Error initializing packages: Invalid role name: System
2025-04-26 14:15:40,992 - arxml_tool - ERROR - Error initializing packages: Invalid role name: System
2025-04-26 14:15:40,993 - arxml_tool - ERROR - Error parsing ARXML file: 
2025-04-26 14:15:40,993 - arxml_tool - ERROR - Error parsing ARXML file: 
2025-04-26 14:15:40,993 - arxml_tool - ERROR - Error parsing ARXML file: 
2025-04-26 14:15:40,993 - arxml_tool - ERROR - Error parsing ARXML file: 
2025-04-26 14:15:40,993 - arxml_tool - ERROR - Error parsing ARXML file: 
2025-04-26 14:15:40,993 - arxml_tool - ERROR - Error parsing ARXML file: 
2025-04-26 14:15:40,993 - arxml_tool - ERROR - Error parsing ARXML file: 
2025-04-26 14:15:40,993 - arxml_tool - ERROR - Error parsing ARXML file: 
2025-04-26 14:15:40,993 - arxml_tool - ERROR - Error parsing ARXML file: 
2025-04-26 14:15:40,993 - arxml_tool - ERROR - Error parsing ARXML file: 
2025-04-26 14:15:40,993 - arxml_tool - ERROR - Error parsing ARXML file: 
2025-04-26 14:15:40,993 - arxml_tool - ERROR - Error parsing ARXML file: 
2025-04-26 14:15:40,993 - arxml_tool - ERROR - Error parsing ARXML file: 
2025-04-26 14:15:40,993 - arxml_tool - ERROR - Error parsing ARXML file: 
2025-04-26 14:15:40,993 - arxml_tool - ERROR - Error parsing ARXML file: 
2025-04-26 14:15:40,993 - arxml_tool - ERROR - Error parsing ARXML file: 
2025-04-26 14:15:40,993 - arxml_tool - ERROR - Error parsing ARXML file: 
2025-04-26 14:15:40,997 - arxml_tool - ERROR - Error initializing packages: Invalid role name: System
2025-04-26 14:15:40,997 - arxml_tool - ERROR - Error initializing packages: Invalid role name: System
2025-04-26 14:15:40,997 - arxml_tool - ERROR - Error initializing packages: Invalid role name: System
2025-04-26 14:15:40,997 - arxml_tool - ERROR - Error initializing packages: Invalid role name: System
2025-04-26 14:15:40,997 - arxml_tool - ERROR - Error initializing packages: Invalid role name: System
2025-04-26 14:15:40,997 - arxml_tool - ERROR - Error initializing packages: Invalid role name: System
2025-04-26 14:15:40,997 - arxml_tool - ERROR - Error initializing packages: Invalid role name: System
2025-04-26 14:15:40,997 - arxml_tool - ERROR - Error initializing packages: Invalid role name: System
2025-04-26 14:15:40,997 - arxml_tool - ERROR - Error initializing packages: Invalid role name: System
2025-04-26 14:15:40,997 - arxml_tool - ERROR - Error initializing packages: Invalid role name: System
2025-04-26 14:15:40,997 - arxml_tool - ERROR - Error initializing packages: Invalid role name: System
2025-04-26 14:15:40,997 - arxml_tool - ERROR - Error initializing packages: Invalid role name: System
2025-04-26 14:15:40,997 - arxml_tool - ERROR - Error initializing packages: Invalid role name: System
2025-04-26 14:15:40,997 - arxml_tool - ERROR - Error initializing packages: Invalid role name: System
2025-04-26 14:15:40,997 - arxml_tool - ERROR - Error initializing packages: Invalid role name: System
2025-04-26 14:15:40,997 - arxml_tool - ERROR - Error initializing packages: Invalid role name: System
2025-04-26 14:15:40,997 - arxml_tool - ERROR - Error initializing packages: Invalid role name: System
2025-04-26 14:15:40,997 - arxml_tool - ERROR - Error initializing packages: Invalid role name: System
2025-04-26 14:15:41,000 - arxml_tool - INFO - Loading ARXML file: /home/adarsh/autosar_arxml-parser_editor/tests/../examples/sample.arxml
2025-04-26 14:15:41,000 - arxml_tool - INFO - Loading ARXML file: /home/adarsh/autosar_arxml-parser_editor/tests/../examples/sample.arxml
2025-04-26 14:15:41,000 - arxml_tool - INFO - Loading ARXML file: /home/adarsh/autosar_arxml-parser_editor/tests/../examples/sample.arxml
2025-04-26 14:15:41,000 - arxml_tool - INFO - Loading ARXML file: /home/adarsh/autosar_arxml-parser_editor/tests/../examples/sample.arxml
2025-04-26 14:15:41,000 - arxml_tool - INFO - Loading ARXML file: /home/adarsh/autosar_arxml-parser_editor/tests/../examples/sample.arxml
2025-04-26 14:15:41,000 - arxml_tool - INFO - Loading ARXML file: /home/adarsh/autosar_arxml-parser_editor/tests/../examples/sample.arxml
2025-04-26 14:15:41,000 - arxml_tool - INFO - Loading ARXML file: /home/adarsh/autosar_arxml-parser_editor/tests/../examples/sample.arxml
2025-04-26 14:15:41,000 - arxml_tool - INFO - Loading ARXML file: /home/adarsh/autosar_arxml-parser_editor/tests/../examples/sample.arxml
2025-04-26 14:15:41,000 - arxml_tool - INFO - Loading ARXML file: /home/adarsh/autosar_arxml-parser_editor/tests/../examples/sample.arxml
2025-04-26 14:15:41,000 - arxml_tool - INFO - Loading ARXML file: /home/adarsh/autosar_arxml-parser_editor/tests/../examples/sample.arxml
2025-04-26 14:15:41,000 - arxml_tool - INFO - Loading ARXML file: /home/adarsh/autosar_arxml-parser_editor/tests/../examples/sample.arxml
2025-04-26 14:15:41,000 - arxml_tool - INFO - Loading ARXML file: /home/adarsh/autosar_arxml-parser_editor/tests/../examples/sample.arxml
2025-04-26 14:15:41,000 - arxml_tool - INFO - Loading ARXML file: /home/adarsh/autosar_arxml-parser_editor/tests/../examples/sample.arxml
2025-04-26 14:15:41,000 - arxml_tool - INFO - Loading ARXML file: /home/adarsh/autosar_arxml-parser_editor/tests/../examples/sample.arxml
2025-04-26 14:15:41,000 - arxml_tool - INFO - Loading ARXML file: /home/adarsh/autosar_arxml-parser_editor/tests/../examples/sample.arxml
2025-04-26 14:15:41,000 - arxml_tool - INFO - Loading ARXML file: /home/adarsh/autosar_arxml-parser_editor/tests/../examples/sample.arxml
2025-04-26 14:15:41,000 - arxml_tool - INFO - Loading ARXML file: /home/adarsh/autosar_arxml-parser_editor/tests/../examples/sample.arxml
2025-04-26 14:15:41,000 - arxml_tool - INFO - Loading ARXML file: /home/adarsh/autosar_arxml-parser_editor/tests/../examples/sample.arxml
2025-04-26 14:15:41,002 - arxml_tool - ERROR - Error initializing packages: Invalid role name: System
2025-04-26 14:15:41,002 - arxml_tool - ERROR - Error initializing packages: Invalid role name: System
2025-04-26 14:15:41,002 - arxml_tool - ERROR - Error initializing packages: Invalid role name: System
2025-04-26 14:15:41,002 - arxml_tool - ERROR - Error initializing packages: Invalid role name: System
2025-04-26 14:15:41,002 - arxml_tool - ERROR - Error initializing packages: Invalid role name: System
2025-04-26 14:15:41,002 - arxml_tool - ERROR - Error initializing packages: Invalid role name: System
2025-04-26 14:15:41,002 - arxml_tool - ERROR - Error initializing packages: Invalid role name: System
2025-04-26 14:15:41,002 - arxml_tool - ERROR - Error initializing packages: Invalid role name: System
2025-04-26 14:15:41,002 - arxml_tool - ERROR - Error initializing packages: Invalid role name: System
2025-04-26 14:15:41,002 - arxml_tool - ERROR - Error initializing packages: Invalid role name: System
2025-04-26 14:15:41,002 - arxml_tool - ERROR - Error initializing packages: Invalid role name: System
2025-04-26 14:15:41,002 - arxml_tool - ERROR - Error initializing packages: Invalid role name: System
2025-04-26 14:15:41,002 - arxml_tool - ERROR - Error initializing packages: Invalid role name: System
2025-04-26 14:15:41,002 - arxml_tool - ERROR - Error initializing packages: Invalid role name: System
2025-04-26 14:15:41,002 - arxml_tool - ERROR - Error initializing packages: Invalid role name: System
2025-04-26 14:15:41,002 - arxml_tool - ERROR - Error initializing packages: Invalid role name: System
2025-04-26 14:15:41,002 - arxml_tool - ERROR - Error initializing packages: Invalid role name: System
2025-04-26 14:15:41,002 - arxml_tool - ERROR - Error initializing packages: Invalid role name: System
2025-04-26 14:15:41,008 - arxml_tool - ERROR - Error parsing ARXML file: 'ARXMLParser' object has no attribute '_validate_schema'
2025-04-26 14:15:41,008 - arxml_tool - ERROR - Error parsing ARXML file: 'ARXMLParser' object has no attribute '_validate_schema'
2025-04-26 14:15:41,008 - arxml_tool - ERROR - Error parsing ARXML file: 'ARXMLParser' object has no attribute '_validate_schema'
2025-04-26 14:15:41,008 - arxml_tool - ERROR - Error parsing ARXML file: 'ARXMLParser' object has no attribute '_validate_schema'
2025-04-26 14:15:41,008 - arxml_tool - ERROR - Error parsing ARXML file: 'ARXMLParser' object has no attribute '_validate_schema'
2025-04-26 14:15:41,008 - arxml_tool - ERROR - Error parsing ARXML file: 'ARXMLParser' object has no attribute '_validate_schema'
2025-04-26 14:15:41,008 - arxml_tool - ERROR - Error parsing ARXML file: 'ARXMLParser' object has no attribute '_validate_schema'
2025-04-26 14:15:41,008 - arxml_tool - ERROR - Error parsing ARXML file: 'ARXMLParser' object has no attribute '_validate_schema'
2025-04-26 14:15:41,008 - arxml_tool - ERROR - Error parsing ARXML file: 'ARXMLParser' object has no attribute '_validate_schema'
2025-04-26 14:15:41,008 - arxml_tool - ERROR - Error parsing ARXML file: 'ARXMLParser' object has no attribute '_validate_schema'
2025-04-26 14:15:41,008 - arxml_tool - ERROR - Error parsing ARXML file: 'ARXMLParser' object has no attribute '_validate_schema'
2025-04-26 14:15:41,008 - arxml_tool - ERROR - Error parsing ARXML file: 'ARXMLParser' object has no attribute '_validate_schema'
2025-04-26 14:15:41,008 - arxml_tool - ERROR - Error parsing ARXML file: 'ARXMLParser' object has no attribute '_validate_schema'
2025-04-26 14:15:41,008 - arxml_tool - ERROR - Error parsing ARXML file: 'ARXMLParser' object has no attribute '_validate_schema'
2025-04-26 14:15:41,008 - arxml_tool - ERROR - Error parsing ARXML file: 'ARXMLParser' object has no attribute '_validate_schema'
2025-04-26 14:15:41,008 - arxml_tool - ERROR - Error parsing ARXML file: 'ARXMLParser' object has no attribute '_validate_schema'
2025-04-26 14:15:41,008 - arxml_tool - ERROR - Error parsing ARXML file: 'ARXMLParser' object has no attribute '_validate_schema'
2025-04-26 14:15:41,008 - arxml_tool - ERROR - Error parsing ARXML file: 'ARXMLParser' object has no attribute '_validate_schema'
