2025-05-01 15:00:41,108 - arxml_tool - ERROR - Error initializing packages: Invalid role name: SystemDesign
2025-05-01 15:00:41,108 - arxml_tool - INFO - Loading ARXML file for editing: /home/adarsh/autosar_arxml-parser_editor/tests/../examples/sample.arxml
2025-05-01 15:00:41,108 - arxml_tool - INFO - Loading ARXML file for editing: /home/adarsh/autosar_arxml-parser_editor/tests/../examples/sample.arxml
2025-05-01 15:00:41,109 - arxml_tool - INFO - Loading ARXML file: /home/adarsh/autosar_arxml-parser_editor/tests/../examples/sample.arxml
2025-05-01 15:00:41,109 - arxml_tool - INFO - Loading ARXML file: /home/adarsh/autosar_arxml-parser_editor/tests/../examples/sample.arxml
2025-05-01 15:00:41,339 - arxml_tool - WARNING - Failed to download schema: HTTP 404
2025-05-01 15:00:41,339 - arxml_tool - WARNING - Failed to download schema: HTTP 404
2025-05-01 15:00:41,341 - arxml_tool - WARNING - Could not load schema, skipping validation
2025-05-01 15:00:41,341 - arxml_tool - WARNING - Could not load schema, skipping validation
2025-05-01 15:00:41,343 - arxml_tool - INFO - Successfully loaded ARXML file
2025-05-01 15:00:41,343 - arxml_tool - INFO - Successfully loaded ARXML file
2025-05-01 15:00:41,345 - arxml_tool - INFO - Added software component: BackupTest
2025-05-01 15:00:41,345 - arxml_tool - INFO - Added software component: BackupTest
2025-05-01 15:00:41,347 - arxml_tool - INFO - Added software component: BackupTest
2025-05-01 15:00:41,347 - arxml_tool - INFO - Added software component: BackupTest
2025-05-01 15:00:41,349 - arxml_tool - INFO - Created backup: /tmp/.arxml_backups/tmpnmjnkinr.arxml.20250501_150041.bak
2025-05-01 15:00:41,349 - arxml_tool - INFO - Created backup: /tmp/.arxml_backups/tmpnmjnkinr.arxml.20250501_150041.bak
2025-05-01 15:00:41,352 - arxml_tool - INFO - Saved ARXML file to: /tmp/tmpnmjnkinr.arxml
2025-05-01 15:00:41,352 - arxml_tool - INFO - Saved ARXML file to: /tmp/tmpnmjnkinr.arxml
2025-05-01 15:00:41,356 - arxml_tool - ERROR - Error initializing packages: Invalid role name: SystemDesign
2025-05-01 15:00:41,356 - arxml_tool - ERROR - Error initializing packages: Invalid role name: SystemDesign
2025-05-01 15:00:41,356 - arxml_tool - ERROR - Error initializing packages: Invalid role name: SystemDesign
2025-05-01 15:00:41,357 - arxml_tool - INFO - Loading ARXML file for editing: /home/adarsh/autosar_arxml-parser_editor/tests/../examples/sample.arxml
2025-05-01 15:00:41,357 - arxml_tool - INFO - Loading ARXML file for editing: /home/adarsh/autosar_arxml-parser_editor/tests/../examples/sample.arxml
2025-05-01 15:00:41,357 - arxml_tool - INFO - Loading ARXML file for editing: /home/adarsh/autosar_arxml-parser_editor/tests/../examples/sample.arxml
2025-05-01 15:00:41,357 - arxml_tool - INFO - Loading ARXML file for editing: /home/adarsh/autosar_arxml-parser_editor/tests/../examples/sample.arxml
2025-05-01 15:00:41,358 - arxml_tool - INFO - Loading ARXML file: /home/adarsh/autosar_arxml-parser_editor/tests/../examples/sample.arxml
2025-05-01 15:00:41,358 - arxml_tool - INFO - Loading ARXML file: /home/adarsh/autosar_arxml-parser_editor/tests/../examples/sample.arxml
2025-05-01 15:00:41,358 - arxml_tool - INFO - Loading ARXML file: /home/adarsh/autosar_arxml-parser_editor/tests/../examples/sample.arxml
2025-05-01 15:00:41,358 - arxml_tool - INFO - Loading ARXML file: /home/adarsh/autosar_arxml-parser_editor/tests/../examples/sample.arxml
2025-05-01 15:00:41,569 - arxml_tool - WARNING - Failed to download schema: HTTP 404
2025-05-01 15:00:41,569 - arxml_tool - WARNING - Failed to download schema: HTTP 404
2025-05-01 15:00:41,569 - arxml_tool - WARNING - Failed to download schema: HTTP 404
2025-05-01 15:00:41,569 - arxml_tool - WARNING - Failed to download schema: HTTP 404
2025-05-01 15:00:41,571 - arxml_tool - WARNING - Could not load schema, skipping validation
2025-05-01 15:00:41,571 - arxml_tool - WARNING - Could not load schema, skipping validation
2025-05-01 15:00:41,571 - arxml_tool - WARNING - Could not load schema, skipping validation
2025-05-01 15:00:41,571 - arxml_tool - WARNING - Could not load schema, skipping validation
2025-05-01 15:00:41,574 - arxml_tool - INFO - Successfully loaded ARXML file
2025-05-01 15:00:41,574 - arxml_tool - INFO - Successfully loaded ARXML file
2025-05-01 15:00:41,574 - arxml_tool - INFO - Successfully loaded ARXML file
2025-05-01 15:00:41,574 - arxml_tool - INFO - Successfully loaded ARXML file
2025-05-01 15:00:41,576 - arxml_tool - INFO - Loading ARXML file for editing: /home/adarsh/autosar_arxml-parser_editor/tests/../examples/sample.arxml
2025-05-01 15:00:41,576 - arxml_tool - INFO - Loading ARXML file for editing: /home/adarsh/autosar_arxml-parser_editor/tests/../examples/sample.arxml
2025-05-01 15:00:41,576 - arxml_tool - INFO - Loading ARXML file for editing: /home/adarsh/autosar_arxml-parser_editor/tests/../examples/sample.arxml
2025-05-01 15:00:41,576 - arxml_tool - INFO - Loading ARXML file for editing: /home/adarsh/autosar_arxml-parser_editor/tests/../examples/sample.arxml
2025-05-01 15:00:41,578 - arxml_tool - INFO - Loading ARXML file: /home/adarsh/autosar_arxml-parser_editor/tests/../examples/sample.arxml
2025-05-01 15:00:41,578 - arxml_tool - INFO - Loading ARXML file: /home/adarsh/autosar_arxml-parser_editor/tests/../examples/sample.arxml
2025-05-01 15:00:41,578 - arxml_tool - INFO - Loading ARXML file: /home/adarsh/autosar_arxml-parser_editor/tests/../examples/sample.arxml
2025-05-01 15:00:41,578 - arxml_tool - INFO - Loading ARXML file: /home/adarsh/autosar_arxml-parser_editor/tests/../examples/sample.arxml
2025-05-01 15:00:41,795 - arxml_tool - WARNING - Failed to download schema: HTTP 404
2025-05-01 15:00:41,795 - arxml_tool - WARNING - Failed to download schema: HTTP 404
2025-05-01 15:00:41,795 - arxml_tool - WARNING - Failed to download schema: HTTP 404
2025-05-01 15:00:41,795 - arxml_tool - WARNING - Failed to download schema: HTTP 404
2025-05-01 15:00:41,796 - arxml_tool - WARNING - Could not load schema, skipping validation
2025-05-01 15:00:41,796 - arxml_tool - WARNING - Could not load schema, skipping validation
2025-05-01 15:00:41,796 - arxml_tool - WARNING - Could not load schema, skipping validation
2025-05-01 15:00:41,796 - arxml_tool - WARNING - Could not load schema, skipping validation
2025-05-01 15:00:41,798 - arxml_tool - INFO - Successfully loaded ARXML file
2025-05-01 15:00:41,798 - arxml_tool - INFO - Successfully loaded ARXML file
2025-05-01 15:00:41,798 - arxml_tool - INFO - Successfully loaded ARXML file
2025-05-01 15:00:41,798 - arxml_tool - INFO - Successfully loaded ARXML file
2025-05-01 15:00:41,799 - arxml_tool - INFO - Added software component: OriginalComponent
2025-05-01 15:00:41,799 - arxml_tool - INFO - Added software component: OriginalComponent
2025-05-01 15:00:41,799 - arxml_tool - INFO - Added software component: OriginalComponent
2025-05-01 15:00:41,799 - arxml_tool - INFO - Added software component: OriginalComponent
2025-05-01 15:00:41,799 - arxml_tool - INFO - Added software component: OriginalComponent
2025-05-01 15:00:41,799 - arxml_tool - INFO - Added software component: OriginalComponent
2025-05-01 15:00:41,799 - arxml_tool - INFO - Added software component: OriginalComponent
2025-05-01 15:00:41,799 - arxml_tool - INFO - Added software component: OriginalComponent
2025-05-01 15:00:41,801 - arxml_tool - INFO - Created backup: /tmp/.arxml_backups/tmpikmdtq2e.arxml.20250501_150041.bak
2025-05-01 15:00:41,801 - arxml_tool - INFO - Created backup: /tmp/.arxml_backups/tmpikmdtq2e.arxml.20250501_150041.bak
2025-05-01 15:00:41,801 - arxml_tool - INFO - Created backup: /tmp/.arxml_backups/tmpikmdtq2e.arxml.20250501_150041.bak
2025-05-01 15:00:41,801 - arxml_tool - INFO - Created backup: /tmp/.arxml_backups/tmpikmdtq2e.arxml.20250501_150041.bak
2025-05-01 15:00:41,805 - arxml_tool - INFO - Saved ARXML file to: /tmp/tmpikmdtq2e.arxml
2025-05-01 15:00:41,805 - arxml_tool - INFO - Saved ARXML file to: /tmp/tmpikmdtq2e.arxml
2025-05-01 15:00:41,805 - arxml_tool - INFO - Saved ARXML file to: /tmp/tmpikmdtq2e.arxml
2025-05-01 15:00:41,805 - arxml_tool - INFO - Saved ARXML file to: /tmp/tmpikmdtq2e.arxml
2025-05-01 15:00:41,807 - arxml_tool - INFO - Added software component: NewComponent
2025-05-01 15:00:41,807 - arxml_tool - INFO - Added software component: NewComponent
2025-05-01 15:00:41,807 - arxml_tool - INFO - Added software component: NewComponent
2025-05-01 15:00:41,807 - arxml_tool - INFO - Added software component: NewComponent
2025-05-01 15:00:41,808 - arxml_tool - INFO - Added software component: NewComponent
2025-05-01 15:00:41,808 - arxml_tool - INFO - Added software component: NewComponent
2025-05-01 15:00:41,808 - arxml_tool - INFO - Added software component: NewComponent
2025-05-01 15:00:41,808 - arxml_tool - INFO - Added software component: NewComponent
2025-05-01 15:00:41,809 - arxml_tool - INFO - Created backup: /tmp/.arxml_backups/tmpikmdtq2e.arxml.20250501_150041.bak
2025-05-01 15:00:41,809 - arxml_tool - INFO - Created backup: /tmp/.arxml_backups/tmpikmdtq2e.arxml.20250501_150041.bak
2025-05-01 15:00:41,809 - arxml_tool - INFO - Created backup: /tmp/.arxml_backups/tmpikmdtq2e.arxml.20250501_150041.bak
2025-05-01 15:00:41,809 - arxml_tool - INFO - Created backup: /tmp/.arxml_backups/tmpikmdtq2e.arxml.20250501_150041.bak
2025-05-01 15:00:41,811 - arxml_tool - INFO - Saved ARXML file to: /tmp/tmpikmdtq2e.arxml
2025-05-01 15:00:41,811 - arxml_tool - INFO - Saved ARXML file to: /tmp/tmpikmdtq2e.arxml
2025-05-01 15:00:41,811 - arxml_tool - INFO - Saved ARXML file to: /tmp/tmpikmdtq2e.arxml
2025-05-01 15:00:41,811 - arxml_tool - INFO - Saved ARXML file to: /tmp/tmpikmdtq2e.arxml
2025-05-01 15:00:41,813 - arxml_tool - ERROR - Error initializing packages: Invalid role name: SystemDesign
2025-05-01 15:00:41,813 - arxml_tool - ERROR - Error initializing packages: Invalid role name: SystemDesign
2025-05-01 15:00:41,813 - arxml_tool - ERROR - Error initializing packages: Invalid role name: SystemDesign
2025-05-01 15:00:41,813 - arxml_tool - ERROR - Error initializing packages: Invalid role name: SystemDesign
2025-05-01 15:00:41,813 - arxml_tool - ERROR - Error initializing packages: Invalid role name: SystemDesign
2025-05-01 15:00:41,814 - arxml_tool - INFO - Loading ARXML file for editing: /tmp/tmpikmdtq2e.arxml
2025-05-01 15:00:41,814 - arxml_tool - INFO - Loading ARXML file for editing: /tmp/tmpikmdtq2e.arxml
2025-05-01 15:00:41,814 - arxml_tool - INFO - Loading ARXML file for editing: /tmp/tmpikmdtq2e.arxml
2025-05-01 15:00:41,814 - arxml_tool - INFO - Loading ARXML file for editing: /tmp/tmpikmdtq2e.arxml
2025-05-01 15:00:41,814 - arxml_tool - INFO - Loading ARXML file for editing: /tmp/tmpikmdtq2e.arxml
2025-05-01 15:00:41,815 - arxml_tool - INFO - Loading ARXML file: /tmp/tmpikmdtq2e.arxml
2025-05-01 15:00:41,815 - arxml_tool - INFO - Loading ARXML file: /tmp/tmpikmdtq2e.arxml
2025-05-01 15:00:41,815 - arxml_tool - INFO - Loading ARXML file: /tmp/tmpikmdtq2e.arxml
2025-05-01 15:00:41,815 - arxml_tool - INFO - Loading ARXML file: /tmp/tmpikmdtq2e.arxml
2025-05-01 15:00:41,815 - arxml_tool - INFO - Loading ARXML file: /tmp/tmpikmdtq2e.arxml
2025-05-01 15:00:42,020 - arxml_tool - WARNING - Failed to download schema: HTTP 404
2025-05-01 15:00:42,020 - arxml_tool - WARNING - Failed to download schema: HTTP 404
2025-05-01 15:00:42,020 - arxml_tool - WARNING - Failed to download schema: HTTP 404
2025-05-01 15:00:42,020 - arxml_tool - WARNING - Failed to download schema: HTTP 404
2025-05-01 15:00:42,020 - arxml_tool - WARNING - Failed to download schema: HTTP 404
2025-05-01 15:00:42,023 - arxml_tool - WARNING - Could not load schema, skipping validation
2025-05-01 15:00:42,023 - arxml_tool - WARNING - Could not load schema, skipping validation
2025-05-01 15:00:42,023 - arxml_tool - WARNING - Could not load schema, skipping validation
2025-05-01 15:00:42,023 - arxml_tool - WARNING - Could not load schema, skipping validation
2025-05-01 15:00:42,023 - arxml_tool - WARNING - Could not load schema, skipping validation
2025-05-01 15:00:42,024 - arxml_tool - INFO - Successfully loaded ARXML file
2025-05-01 15:00:42,024 - arxml_tool - INFO - Successfully loaded ARXML file
2025-05-01 15:00:42,024 - arxml_tool - INFO - Successfully loaded ARXML file
2025-05-01 15:00:42,024 - arxml_tool - INFO - Successfully loaded ARXML file
2025-05-01 15:00:42,024 - arxml_tool - INFO - Successfully loaded ARXML file
2025-05-01 15:00:42,025 - arxml_tool - ERROR - Error initializing packages: Invalid role name: SystemDesign
2025-05-01 15:00:42,025 - arxml_tool - ERROR - Error initializing packages: Invalid role name: SystemDesign
2025-05-01 15:00:42,025 - arxml_tool - ERROR - Error initializing packages: Invalid role name: SystemDesign
2025-05-01 15:00:42,025 - arxml_tool - ERROR - Error initializing packages: Invalid role name: SystemDesign
2025-05-01 15:00:42,025 - arxml_tool - ERROR - Error initializing packages: Invalid role name: SystemDesign
2025-05-01 15:00:42,025 - arxml_tool - INFO - Loading ARXML file for editing: /home/adarsh/autosar_arxml-parser_editor/tests/../examples/sample.arxml
2025-05-01 15:00:42,025 - arxml_tool - INFO - Loading ARXML file for editing: /home/adarsh/autosar_arxml-parser_editor/tests/../examples/sample.arxml
2025-05-01 15:00:42,025 - arxml_tool - INFO - Loading ARXML file for editing: /home/adarsh/autosar_arxml-parser_editor/tests/../examples/sample.arxml
2025-05-01 15:00:42,025 - arxml_tool - INFO - Loading ARXML file for editing: /home/adarsh/autosar_arxml-parser_editor/tests/../examples/sample.arxml
2025-05-01 15:00:42,025 - arxml_tool - INFO - Loading ARXML file for editing: /home/adarsh/autosar_arxml-parser_editor/tests/../examples/sample.arxml
2025-05-01 15:00:42,026 - arxml_tool - INFO - Loading ARXML file: /home/adarsh/autosar_arxml-parser_editor/tests/../examples/sample.arxml
2025-05-01 15:00:42,026 - arxml_tool - INFO - Loading ARXML file: /home/adarsh/autosar_arxml-parser_editor/tests/../examples/sample.arxml
2025-05-01 15:00:42,026 - arxml_tool - INFO - Loading ARXML file: /home/adarsh/autosar_arxml-parser_editor/tests/../examples/sample.arxml
2025-05-01 15:00:42,026 - arxml_tool - INFO - Loading ARXML file: /home/adarsh/autosar_arxml-parser_editor/tests/../examples/sample.arxml
2025-05-01 15:00:42,026 - arxml_tool - INFO - Loading ARXML file: /home/adarsh/autosar_arxml-parser_editor/tests/../examples/sample.arxml
2025-05-01 15:00:42,234 - arxml_tool - WARNING - Failed to download schema: HTTP 404
2025-05-01 15:00:42,234 - arxml_tool - WARNING - Failed to download schema: HTTP 404
2025-05-01 15:00:42,234 - arxml_tool - WARNING - Failed to download schema: HTTP 404
2025-05-01 15:00:42,234 - arxml_tool - WARNING - Failed to download schema: HTTP 404
2025-05-01 15:00:42,234 - arxml_tool - WARNING - Failed to download schema: HTTP 404
2025-05-01 15:00:42,236 - arxml_tool - WARNING - Could not load schema, skipping validation
2025-05-01 15:00:42,236 - arxml_tool - WARNING - Could not load schema, skipping validation
2025-05-01 15:00:42,236 - arxml_tool - WARNING - Could not load schema, skipping validation
2025-05-01 15:00:42,236 - arxml_tool - WARNING - Could not load schema, skipping validation
2025-05-01 15:00:42,236 - arxml_tool - WARNING - Could not load schema, skipping validation
2025-05-01 15:00:42,239 - arxml_tool - INFO - Successfully loaded ARXML file
2025-05-01 15:00:42,239 - arxml_tool - INFO - Successfully loaded ARXML file
2025-05-01 15:00:42,239 - arxml_tool - INFO - Successfully loaded ARXML file
2025-05-01 15:00:42,239 - arxml_tool - INFO - Successfully loaded ARXML file
2025-05-01 15:00:42,239 - arxml_tool - INFO - Successfully loaded ARXML file
2025-05-01 15:00:42,242 - arxml_tool - INFO - Added software component: TestReloadComponent
2025-05-01 15:00:42,242 - arxml_tool - INFO - Added software component: TestReloadComponent
2025-05-01 15:00:42,242 - arxml_tool - INFO - Added software component: TestReloadComponent
2025-05-01 15:00:42,242 - arxml_tool - INFO - Added software component: TestReloadComponent
2025-05-01 15:00:42,242 - arxml_tool - INFO - Added software component: TestReloadComponent
2025-05-01 15:00:42,245 - arxml_tool - INFO - Added software component: TestReloadComponent
2025-05-01 15:00:42,245 - arxml_tool - INFO - Added software component: TestReloadComponent
2025-05-01 15:00:42,245 - arxml_tool - INFO - Added software component: TestReloadComponent
2025-05-01 15:00:42,245 - arxml_tool - INFO - Added software component: TestReloadComponent
2025-05-01 15:00:42,245 - arxml_tool - INFO - Added software component: TestReloadComponent
2025-05-01 15:00:42,248 - arxml_tool - INFO - Created backup: /tmp/.arxml_backups/tmp79rr6yrr.arxml.20250501_150042.bak
2025-05-01 15:00:42,248 - arxml_tool - INFO - Created backup: /tmp/.arxml_backups/tmp79rr6yrr.arxml.20250501_150042.bak
2025-05-01 15:00:42,248 - arxml_tool - INFO - Created backup: /tmp/.arxml_backups/tmp79rr6yrr.arxml.20250501_150042.bak
2025-05-01 15:00:42,248 - arxml_tool - INFO - Created backup: /tmp/.arxml_backups/tmp79rr6yrr.arxml.20250501_150042.bak
2025-05-01 15:00:42,248 - arxml_tool - INFO - Created backup: /tmp/.arxml_backups/tmp79rr6yrr.arxml.20250501_150042.bak
2025-05-01 15:00:42,250 - arxml_tool - INFO - Saved ARXML file to: /tmp/tmp79rr6yrr.arxml
2025-05-01 15:00:42,250 - arxml_tool - INFO - Saved ARXML file to: /tmp/tmp79rr6yrr.arxml
2025-05-01 15:00:42,250 - arxml_tool - INFO - Saved ARXML file to: /tmp/tmp79rr6yrr.arxml
2025-05-01 15:00:42,250 - arxml_tool - INFO - Saved ARXML file to: /tmp/tmp79rr6yrr.arxml
2025-05-01 15:00:42,250 - arxml_tool - INFO - Saved ARXML file to: /tmp/tmp79rr6yrr.arxml
2025-05-01 15:00:42,252 - arxml_tool - ERROR - Error initializing packages: Invalid role name: SystemDesign
2025-05-01 15:00:42,252 - arxml_tool - ERROR - Error initializing packages: Invalid role name: SystemDesign
2025-05-01 15:00:42,252 - arxml_tool - ERROR - Error initializing packages: Invalid role name: SystemDesign
2025-05-01 15:00:42,252 - arxml_tool - ERROR - Error initializing packages: Invalid role name: SystemDesign
2025-05-01 15:00:42,252 - arxml_tool - ERROR - Error initializing packages: Invalid role name: SystemDesign
2025-05-01 15:00:42,253 - arxml_tool - INFO - Loading ARXML file for editing: /tmp/tmp79rr6yrr.arxml
2025-05-01 15:00:42,253 - arxml_tool - INFO - Loading ARXML file for editing: /tmp/tmp79rr6yrr.arxml
2025-05-01 15:00:42,253 - arxml_tool - INFO - Loading ARXML file for editing: /tmp/tmp79rr6yrr.arxml
2025-05-01 15:00:42,253 - arxml_tool - INFO - Loading ARXML file for editing: /tmp/tmp79rr6yrr.arxml
2025-05-01 15:00:42,253 - arxml_tool - INFO - Loading ARXML file for editing: /tmp/tmp79rr6yrr.arxml
2025-05-01 15:00:42,254 - arxml_tool - INFO - Loading ARXML file: /tmp/tmp79rr6yrr.arxml
2025-05-01 15:00:42,254 - arxml_tool - INFO - Loading ARXML file: /tmp/tmp79rr6yrr.arxml
2025-05-01 15:00:42,254 - arxml_tool - INFO - Loading ARXML file: /tmp/tmp79rr6yrr.arxml
2025-05-01 15:00:42,254 - arxml_tool - INFO - Loading ARXML file: /tmp/tmp79rr6yrr.arxml
2025-05-01 15:00:42,254 - arxml_tool - INFO - Loading ARXML file: /tmp/tmp79rr6yrr.arxml
2025-05-01 15:00:42,473 - arxml_tool - WARNING - Failed to download schema: HTTP 404
2025-05-01 15:00:42,473 - arxml_tool - WARNING - Failed to download schema: HTTP 404
2025-05-01 15:00:42,473 - arxml_tool - WARNING - Failed to download schema: HTTP 404
2025-05-01 15:00:42,473 - arxml_tool - WARNING - Failed to download schema: HTTP 404
2025-05-01 15:00:42,473 - arxml_tool - WARNING - Failed to download schema: HTTP 404
2025-05-01 15:00:42,477 - arxml_tool - WARNING - Could not load schema, skipping validation
2025-05-01 15:00:42,477 - arxml_tool - WARNING - Could not load schema, skipping validation
2025-05-01 15:00:42,477 - arxml_tool - WARNING - Could not load schema, skipping validation
2025-05-01 15:00:42,477 - arxml_tool - WARNING - Could not load schema, skipping validation
2025-05-01 15:00:42,477 - arxml_tool - WARNING - Could not load schema, skipping validation
2025-05-01 15:00:42,480 - arxml_tool - INFO - Successfully loaded ARXML file
2025-05-01 15:00:42,480 - arxml_tool - INFO - Successfully loaded ARXML file
2025-05-01 15:00:42,480 - arxml_tool - INFO - Successfully loaded ARXML file
2025-05-01 15:00:42,480 - arxml_tool - INFO - Successfully loaded ARXML file
2025-05-01 15:00:42,480 - arxml_tool - INFO - Successfully loaded ARXML file
2025-05-01 15:00:42,486 - arxml_tool - ERROR - Error initializing packages: Invalid role name: SystemDesign
2025-05-01 15:00:42,486 - arxml_tool - ERROR - Error initializing packages: Invalid role name: SystemDesign
2025-05-01 15:00:42,486 - arxml_tool - ERROR - Error initializing packages: Invalid role name: SystemDesign
2025-05-01 15:00:42,486 - arxml_tool - ERROR - Error initializing packages: Invalid role name: SystemDesign
2025-05-01 15:00:42,486 - arxml_tool - ERROR - Error initializing packages: Invalid role name: SystemDesign
2025-05-01 15:00:42,490 - arxml_tool - INFO - Loading ARXML file for editing: /home/adarsh/autosar_arxml-parser_editor/tests/../examples/sample.arxml
2025-05-01 15:00:42,490 - arxml_tool - INFO - Loading ARXML file for editing: /home/adarsh/autosar_arxml-parser_editor/tests/../examples/sample.arxml
2025-05-01 15:00:42,490 - arxml_tool - INFO - Loading ARXML file for editing: /home/adarsh/autosar_arxml-parser_editor/tests/../examples/sample.arxml
2025-05-01 15:00:42,490 - arxml_tool - INFO - Loading ARXML file for editing: /home/adarsh/autosar_arxml-parser_editor/tests/../examples/sample.arxml
2025-05-01 15:00:42,490 - arxml_tool - INFO - Loading ARXML file for editing: /home/adarsh/autosar_arxml-parser_editor/tests/../examples/sample.arxml
2025-05-01 15:00:42,493 - arxml_tool - INFO - Loading ARXML file: /home/adarsh/autosar_arxml-parser_editor/tests/../examples/sample.arxml
2025-05-01 15:00:42,493 - arxml_tool - INFO - Loading ARXML file: /home/adarsh/autosar_arxml-parser_editor/tests/../examples/sample.arxml
2025-05-01 15:00:42,493 - arxml_tool - INFO - Loading ARXML file: /home/adarsh/autosar_arxml-parser_editor/tests/../examples/sample.arxml
2025-05-01 15:00:42,493 - arxml_tool - INFO - Loading ARXML file: /home/adarsh/autosar_arxml-parser_editor/tests/../examples/sample.arxml
2025-05-01 15:00:42,493 - arxml_tool - INFO - Loading ARXML file: /home/adarsh/autosar_arxml-parser_editor/tests/../examples/sample.arxml
2025-05-01 15:00:42,702 - arxml_tool - WARNING - Failed to download schema: HTTP 404
2025-05-01 15:00:42,702 - arxml_tool - WARNING - Failed to download schema: HTTP 404
2025-05-01 15:00:42,702 - arxml_tool - WARNING - Failed to download schema: HTTP 404
2025-05-01 15:00:42,702 - arxml_tool - WARNING - Failed to download schema: HTTP 404
2025-05-01 15:00:42,702 - arxml_tool - WARNING - Failed to download schema: HTTP 404
2025-05-01 15:00:42,706 - arxml_tool - WARNING - Could not load schema, skipping validation
2025-05-01 15:00:42,706 - arxml_tool - WARNING - Could not load schema, skipping validation
2025-05-01 15:00:42,706 - arxml_tool - WARNING - Could not load schema, skipping validation
2025-05-01 15:00:42,706 - arxml_tool - WARNING - Could not load schema, skipping validation
2025-05-01 15:00:42,706 - arxml_tool - WARNING - Could not load schema, skipping validation
2025-05-01 15:00:42,708 - arxml_tool - INFO - Successfully loaded ARXML file
2025-05-01 15:00:42,708 - arxml_tool - INFO - Successfully loaded ARXML file
2025-05-01 15:00:42,708 - arxml_tool - INFO - Successfully loaded ARXML file
2025-05-01 15:00:42,708 - arxml_tool - INFO - Successfully loaded ARXML file
2025-05-01 15:00:42,708 - arxml_tool - INFO - Successfully loaded ARXML file
2025-05-01 15:00:42,711 - arxml_tool - INFO - Created backup: /tmp/.arxml_backups/tmp3rsuoq9c.arxml.20250501_150042.bak
2025-05-01 15:00:42,711 - arxml_tool - INFO - Created backup: /tmp/.arxml_backups/tmp3rsuoq9c.arxml.20250501_150042.bak
2025-05-01 15:00:42,711 - arxml_tool - INFO - Created backup: /tmp/.arxml_backups/tmp3rsuoq9c.arxml.20250501_150042.bak
2025-05-01 15:00:42,711 - arxml_tool - INFO - Created backup: /tmp/.arxml_backups/tmp3rsuoq9c.arxml.20250501_150042.bak
2025-05-01 15:00:42,711 - arxml_tool - INFO - Created backup: /tmp/.arxml_backups/tmp3rsuoq9c.arxml.20250501_150042.bak
2025-05-01 15:00:42,713 - arxml_tool - INFO - Saved ARXML file to: /tmp/tmp3rsuoq9c.arxml
2025-05-01 15:00:42,713 - arxml_tool - INFO - Saved ARXML file to: /tmp/tmp3rsuoq9c.arxml
2025-05-01 15:00:42,713 - arxml_tool - INFO - Saved ARXML file to: /tmp/tmp3rsuoq9c.arxml
2025-05-01 15:00:42,713 - arxml_tool - INFO - Saved ARXML file to: /tmp/tmp3rsuoq9c.arxml
2025-05-01 15:00:42,713 - arxml_tool - INFO - Saved ARXML file to: /tmp/tmp3rsuoq9c.arxml
2025-05-01 15:00:42,715 - arxml_tool - ERROR - Error initializing packages: Invalid role name: SystemDesign
2025-05-01 15:00:42,715 - arxml_tool - ERROR - Error initializing packages: Invalid role name: SystemDesign
2025-05-01 15:00:42,715 - arxml_tool - ERROR - Error initializing packages: Invalid role name: SystemDesign
2025-05-01 15:00:42,715 - arxml_tool - ERROR - Error initializing packages: Invalid role name: SystemDesign
2025-05-01 15:00:42,715 - arxml_tool - ERROR - Error initializing packages: Invalid role name: SystemDesign
2025-05-01 15:00:42,717 - arxml_tool - INFO - Loading ARXML file: /home/adarsh/autosar_arxml-parser_editor/tests/../examples/sample.arxml
2025-05-01 15:00:42,717 - arxml_tool - INFO - Loading ARXML file: /home/adarsh/autosar_arxml-parser_editor/tests/../examples/sample.arxml
2025-05-01 15:00:42,717 - arxml_tool - INFO - Loading ARXML file: /home/adarsh/autosar_arxml-parser_editor/tests/../examples/sample.arxml
2025-05-01 15:00:42,717 - arxml_tool - INFO - Loading ARXML file: /home/adarsh/autosar_arxml-parser_editor/tests/../examples/sample.arxml
2025-05-01 15:00:42,717 - arxml_tool - INFO - Loading ARXML file: /home/adarsh/autosar_arxml-parser_editor/tests/../examples/sample.arxml
2025-05-01 15:00:42,915 - arxml_tool - WARNING - Failed to download schema: HTTP 404
2025-05-01 15:00:42,915 - arxml_tool - WARNING - Failed to download schema: HTTP 404
2025-05-01 15:00:42,915 - arxml_tool - WARNING - Failed to download schema: HTTP 404
2025-05-01 15:00:42,915 - arxml_tool - WARNING - Failed to download schema: HTTP 404
2025-05-01 15:00:42,915 - arxml_tool - WARNING - Failed to download schema: HTTP 404
2025-05-01 15:00:42,920 - arxml_tool - WARNING - Could not load schema, skipping validation
2025-05-01 15:00:42,920 - arxml_tool - WARNING - Could not load schema, skipping validation
2025-05-01 15:00:42,920 - arxml_tool - WARNING - Could not load schema, skipping validation
2025-05-01 15:00:42,920 - arxml_tool - WARNING - Could not load schema, skipping validation
2025-05-01 15:00:42,920 - arxml_tool - WARNING - Could not load schema, skipping validation
2025-05-01 15:00:42,925 - arxml_tool - INFO - Successfully loaded ARXML file
2025-05-01 15:00:42,925 - arxml_tool - INFO - Successfully loaded ARXML file
2025-05-01 15:00:42,925 - arxml_tool - INFO - Successfully loaded ARXML file
2025-05-01 15:00:42,925 - arxml_tool - INFO - Successfully loaded ARXML file
2025-05-01 15:00:42,925 - arxml_tool - INFO - Successfully loaded ARXML file
2025-05-01 15:00:42,931 - arxml_tool - ERROR - Error initializing packages: Invalid role name: SystemDesign
2025-05-01 15:00:42,931 - arxml_tool - ERROR - Error initializing packages: Invalid role name: SystemDesign
2025-05-01 15:00:42,931 - arxml_tool - ERROR - Error initializing packages: Invalid role name: SystemDesign
2025-05-01 15:00:42,931 - arxml_tool - ERROR - Error initializing packages: Invalid role name: SystemDesign
2025-05-01 15:00:42,931 - arxml_tool - ERROR - Error initializing packages: Invalid role name: SystemDesign
2025-05-01 15:00:42,935 - arxml_tool - INFO - Loading ARXML file: /home/adarsh/autosar_arxml-parser_editor/tests/../examples/sample.arxml
2025-05-01 15:00:42,935 - arxml_tool - INFO - Loading ARXML file: /home/adarsh/autosar_arxml-parser_editor/tests/../examples/sample.arxml
2025-05-01 15:00:42,935 - arxml_tool - INFO - Loading ARXML file: /home/adarsh/autosar_arxml-parser_editor/tests/../examples/sample.arxml
2025-05-01 15:00:42,935 - arxml_tool - INFO - Loading ARXML file: /home/adarsh/autosar_arxml-parser_editor/tests/../examples/sample.arxml
2025-05-01 15:00:42,935 - arxml_tool - INFO - Loading ARXML file: /home/adarsh/autosar_arxml-parser_editor/tests/../examples/sample.arxml
2025-05-01 15:00:43,126 - arxml_tool - WARNING - Failed to download schema: HTTP 404
2025-05-01 15:00:43,126 - arxml_tool - WARNING - Failed to download schema: HTTP 404
2025-05-01 15:00:43,126 - arxml_tool - WARNING - Failed to download schema: HTTP 404
2025-05-01 15:00:43,126 - arxml_tool - WARNING - Failed to download schema: HTTP 404
2025-05-01 15:00:43,126 - arxml_tool - WARNING - Failed to download schema: HTTP 404
2025-05-01 15:00:43,128 - arxml_tool - WARNING - Could not load schema, skipping validation
2025-05-01 15:00:43,128 - arxml_tool - WARNING - Could not load schema, skipping validation
2025-05-01 15:00:43,128 - arxml_tool - WARNING - Could not load schema, skipping validation
2025-05-01 15:00:43,128 - arxml_tool - WARNING - Could not load schema, skipping validation
2025-05-01 15:00:43,128 - arxml_tool - WARNING - Could not load schema, skipping validation
2025-05-01 15:00:43,130 - arxml_tool - INFO - Successfully loaded ARXML file
2025-05-01 15:00:43,130 - arxml_tool - INFO - Successfully loaded ARXML file
2025-05-01 15:00:43,130 - arxml_tool - INFO - Successfully loaded ARXML file
2025-05-01 15:00:43,130 - arxml_tool - INFO - Successfully loaded ARXML file
2025-05-01 15:00:43,130 - arxml_tool - INFO - Successfully loaded ARXML file
2025-05-01 15:00:43,131 - arxml_tool - ERROR - Error initializing packages: Invalid role name: SystemDesign
2025-05-01 15:00:43,131 - arxml_tool - ERROR - Error initializing packages: Invalid role name: SystemDesign
2025-05-01 15:00:43,131 - arxml_tool - ERROR - Error initializing packages: Invalid role name: SystemDesign
2025-05-01 15:00:43,131 - arxml_tool - ERROR - Error initializing packages: Invalid role name: SystemDesign
2025-05-01 15:00:43,131 - arxml_tool - ERROR - Error initializing packages: Invalid role name: SystemDesign
2025-05-01 15:00:43,133 - arxml_tool - ERROR - ARXML file not found: non_existent_file.arxml
2025-05-01 15:00:43,133 - arxml_tool - ERROR - ARXML file not found: non_existent_file.arxml
2025-05-01 15:00:43,133 - arxml_tool - ERROR - ARXML file not found: non_existent_file.arxml
2025-05-01 15:00:43,133 - arxml_tool - ERROR - ARXML file not found: non_existent_file.arxml
2025-05-01 15:00:43,133 - arxml_tool - ERROR - ARXML file not found: non_existent_file.arxml
2025-05-01 15:00:43,135 - arxml_tool - ERROR - Error initializing packages: Invalid role name: SystemDesign
2025-05-01 15:00:43,135 - arxml_tool - ERROR - Error initializing packages: Invalid role name: SystemDesign
2025-05-01 15:00:43,135 - arxml_tool - ERROR - Error initializing packages: Invalid role name: SystemDesign
2025-05-01 15:00:43,135 - arxml_tool - ERROR - Error initializing packages: Invalid role name: SystemDesign
2025-05-01 15:00:43,135 - arxml_tool - ERROR - Error initializing packages: Invalid role name: SystemDesign
2025-05-01 15:00:43,135 - arxml_tool - INFO - Loading ARXML file: /home/adarsh/autosar_arxml-parser_editor/tests/../examples/sample.arxml
2025-05-01 15:00:43,135 - arxml_tool - INFO - Loading ARXML file: /home/adarsh/autosar_arxml-parser_editor/tests/../examples/sample.arxml
2025-05-01 15:00:43,135 - arxml_tool - INFO - Loading ARXML file: /home/adarsh/autosar_arxml-parser_editor/tests/../examples/sample.arxml
2025-05-01 15:00:43,135 - arxml_tool - INFO - Loading ARXML file: /home/adarsh/autosar_arxml-parser_editor/tests/../examples/sample.arxml
2025-05-01 15:00:43,135 - arxml_tool - INFO - Loading ARXML file: /home/adarsh/autosar_arxml-parser_editor/tests/../examples/sample.arxml
2025-05-01 15:00:43,321 - arxml_tool - WARNING - Failed to download schema: HTTP 404
2025-05-01 15:00:43,321 - arxml_tool - WARNING - Failed to download schema: HTTP 404
2025-05-01 15:00:43,321 - arxml_tool - WARNING - Failed to download schema: HTTP 404
2025-05-01 15:00:43,321 - arxml_tool - WARNING - Failed to download schema: HTTP 404
2025-05-01 15:00:43,321 - arxml_tool - WARNING - Failed to download schema: HTTP 404
2025-05-01 15:00:43,323 - arxml_tool - WARNING - Could not load schema, skipping validation
2025-05-01 15:00:43,323 - arxml_tool - WARNING - Could not load schema, skipping validation
2025-05-01 15:00:43,323 - arxml_tool - WARNING - Could not load schema, skipping validation
2025-05-01 15:00:43,323 - arxml_tool - WARNING - Could not load schema, skipping validation
2025-05-01 15:00:43,323 - arxml_tool - WARNING - Could not load schema, skipping validation
2025-05-01 15:00:43,325 - arxml_tool - INFO - Successfully loaded ARXML file
2025-05-01 15:00:43,325 - arxml_tool - INFO - Successfully loaded ARXML file
2025-05-01 15:00:43,325 - arxml_tool - INFO - Successfully loaded ARXML file
2025-05-01 15:00:43,325 - arxml_tool - INFO - Successfully loaded ARXML file
2025-05-01 15:00:43,325 - arxml_tool - INFO - Successfully loaded ARXML file
2025-05-01 15:00:43,327 - arxml_tool - ERROR - Error initializing packages: Invalid role name: SystemDesign
2025-05-01 15:00:43,327 - arxml_tool - ERROR - Error initializing packages: Invalid role name: SystemDesign
2025-05-01 15:00:43,327 - arxml_tool - ERROR - Error initializing packages: Invalid role name: SystemDesign
2025-05-01 15:00:43,327 - arxml_tool - ERROR - Error initializing packages: Invalid role name: SystemDesign
2025-05-01 15:00:43,327 - arxml_tool - ERROR - Error initializing packages: Invalid role name: SystemDesign
2025-05-01 15:00:43,328 - arxml_tool - INFO - Loading ARXML file: /tmp/tmpce0bmxye.arxml
2025-05-01 15:00:43,328 - arxml_tool - INFO - Loading ARXML file: /tmp/tmpce0bmxye.arxml
2025-05-01 15:00:43,328 - arxml_tool - INFO - Loading ARXML file: /tmp/tmpce0bmxye.arxml
2025-05-01 15:00:43,328 - arxml_tool - INFO - Loading ARXML file: /tmp/tmpce0bmxye.arxml
2025-05-01 15:00:43,328 - arxml_tool - INFO - Loading ARXML file: /tmp/tmpce0bmxye.arxml
2025-05-01 15:00:43,330 - arxml_tool - ERROR - Error loading XML content: 
2025-05-01 15:00:43,330 - arxml_tool - ERROR - Error loading XML content: 
2025-05-01 15:00:43,330 - arxml_tool - ERROR - Error loading XML content: 
2025-05-01 15:00:43,330 - arxml_tool - ERROR - Error loading XML content: 
2025-05-01 15:00:43,330 - arxml_tool - ERROR - Error loading XML content: 
2025-05-01 15:00:43,332 - arxml_tool - ERROR - Error initializing packages: Invalid role name: SystemDesign
2025-05-01 15:00:43,332 - arxml_tool - ERROR - Error initializing packages: Invalid role name: SystemDesign
2025-05-01 15:00:43,332 - arxml_tool - ERROR - Error initializing packages: Invalid role name: SystemDesign
2025-05-01 15:00:43,332 - arxml_tool - ERROR - Error initializing packages: Invalid role name: SystemDesign
2025-05-01 15:00:43,332 - arxml_tool - ERROR - Error initializing packages: Invalid role name: SystemDesign
2025-05-01 15:00:43,334 - arxml_tool - INFO - Loading ARXML file: /home/adarsh/autosar_arxml-parser_editor/tests/../examples/sample.arxml
2025-05-01 15:00:43,334 - arxml_tool - INFO - Loading ARXML file: /home/adarsh/autosar_arxml-parser_editor/tests/../examples/sample.arxml
2025-05-01 15:00:43,334 - arxml_tool - INFO - Loading ARXML file: /home/adarsh/autosar_arxml-parser_editor/tests/../examples/sample.arxml
2025-05-01 15:00:43,334 - arxml_tool - INFO - Loading ARXML file: /home/adarsh/autosar_arxml-parser_editor/tests/../examples/sample.arxml
2025-05-01 15:00:43,334 - arxml_tool - INFO - Loading ARXML file: /home/adarsh/autosar_arxml-parser_editor/tests/../examples/sample.arxml
2025-05-01 15:00:43,530 - arxml_tool - WARNING - Failed to download schema: HTTP 404
2025-05-01 15:00:43,530 - arxml_tool - WARNING - Failed to download schema: HTTP 404
2025-05-01 15:00:43,530 - arxml_tool - WARNING - Failed to download schema: HTTP 404
2025-05-01 15:00:43,530 - arxml_tool - WARNING - Failed to download schema: HTTP 404
2025-05-01 15:00:43,530 - arxml_tool - WARNING - Failed to download schema: HTTP 404
2025-05-01 15:00:43,534 - arxml_tool - WARNING - Could not load schema, skipping validation
2025-05-01 15:00:43,534 - arxml_tool - WARNING - Could not load schema, skipping validation
2025-05-01 15:00:43,534 - arxml_tool - WARNING - Could not load schema, skipping validation
2025-05-01 15:00:43,534 - arxml_tool - WARNING - Could not load schema, skipping validation
2025-05-01 15:00:43,534 - arxml_tool - WARNING - Could not load schema, skipping validation
2025-05-01 15:00:43,535 - arxml_tool - INFO - Successfully loaded ARXML file
2025-05-01 15:00:43,535 - arxml_tool - INFO - Successfully loaded ARXML file
2025-05-01 15:00:43,535 - arxml_tool - INFO - Successfully loaded ARXML file
2025-05-01 15:00:43,535 - arxml_tool - INFO - Successfully loaded ARXML file
2025-05-01 15:00:43,535 - arxml_tool - INFO - Successfully loaded ARXML file
