2025-04-26 14:35:03,102 - arxml_tool - ERROR - Error initializing packages: Invalid role name: SystemDesign
2025-04-26 14:35:03,102 - arxml_tool - INFO - Loading ARXML file for editing: /home/adarsh/autosar_arxml-parser_editor/tests/../examples/sample.arxml
2025-04-26 14:35:03,102 - arxml_tool - INFO - Loading ARXML file: /home/adarsh/autosar_arxml-parser_editor/tests/../examples/sample.arxml
2025-04-26 14:35:03,300 - arxml_tool - WARNING - Failed to download schema: HTTP 404
2025-04-26 14:35:03,301 - arxml_tool - WARNING - Could not load schema, skipping validation
2025-04-26 14:35:03,302 - arxml_tool - INFO - Successfully loaded ARXML file
2025-04-26 14:35:03,305 - arxml_tool - INFO - Added software component: TestComponent
2025-04-26 14:35:03,305 - arxml_tool - INFO - Added software component: TestComponent
2025-04-26 14:35:03,307 - arxml_tool - ERROR - Error initializing packages: Invalid role name: SystemDesign
2025-04-26 14:35:03,308 - arxml_tool - INFO - Loading ARXML file for editing: /home/adarsh/autosar_arxml-parser_editor/tests/../examples/sample.arxml
2025-04-26 14:35:03,310 - arxml_tool - INFO - Loading ARXML file: /home/adarsh/autosar_arxml-parser_editor/tests/../examples/sample.arxml
2025-04-26 14:35:03,513 - arxml_tool - WARNING - Failed to download schema: HTTP 404
2025-04-26 14:35:03,514 - arxml_tool - WARNING - Could not load schema, skipping validation
2025-04-26 14:35:03,515 - arxml_tool - INFO - Successfully loaded ARXML file
2025-04-26 14:35:03,516 - arxml_tool - INFO - Added software component: BackupTest
2025-04-26 14:35:03,517 - arxml_tool - INFO - Added software component: BackupTest
2025-04-26 14:35:03,518 - arxml_tool - INFO - Created backup: /tmp/.arxml_backups/tmpwrdyzf45.arxml.20250426_143503.bak
2025-04-26 14:35:03,520 - arxml_tool - INFO - Saved ARXML file to: /tmp/tmpwrdyzf45.arxml
2025-04-26 14:35:03,523 - arxml_tool - ERROR - Error initializing packages: Invalid role name: SystemDesign
2025-04-26 14:35:03,524 - arxml_tool - INFO - Loading ARXML file for editing: /home/adarsh/autosar_arxml-parser_editor/tests/../examples/sample.arxml
2025-04-26 14:35:03,525 - arxml_tool - INFO - Loading ARXML file: /home/adarsh/autosar_arxml-parser_editor/tests/../examples/sample.arxml
2025-04-26 14:35:03,746 - arxml_tool - WARNING - Failed to download schema: HTTP 404
2025-04-26 14:35:03,747 - arxml_tool - WARNING - Could not load schema, skipping validation
2025-04-26 14:35:03,747 - arxml_tool - INFO - Successfully loaded ARXML file
2025-04-26 14:35:03,748 - arxml_tool - INFO - Loading ARXML file for editing: /home/adarsh/autosar_arxml-parser_editor/tests/../examples/sample.arxml
2025-04-26 14:35:03,749 - arxml_tool - INFO - Loading ARXML file: /home/adarsh/autosar_arxml-parser_editor/tests/../examples/sample.arxml
2025-04-26 14:35:03,940 - arxml_tool - WARNING - Failed to download schema: HTTP 404
2025-04-26 14:35:03,941 - arxml_tool - WARNING - Could not load schema, skipping validation
2025-04-26 14:35:03,942 - arxml_tool - INFO - Successfully loaded ARXML file
2025-04-26 14:35:03,942 - arxml_tool - INFO - Added software component: OriginalComponent
2025-04-26 14:35:03,943 - arxml_tool - INFO - Added software component: OriginalComponent
2025-04-26 14:35:03,945 - arxml_tool - INFO - Created backup: /tmp/.arxml_backups/tmppdyidgtj.arxml.20250426_143503.bak
2025-04-26 14:35:03,946 - arxml_tool - INFO - Saved ARXML file to: /tmp/tmppdyidgtj.arxml
2025-04-26 14:35:03,946 - arxml_tool - INFO - Added software component: NewComponent
2025-04-26 14:35:03,947 - arxml_tool - INFO - Added software component: NewComponent
2025-04-26 14:35:03,947 - arxml_tool - INFO - Created backup: /tmp/.arxml_backups/tmppdyidgtj.arxml.20250426_143503.bak
2025-04-26 14:35:03,948 - arxml_tool - INFO - Saved ARXML file to: /tmp/tmppdyidgtj.arxml
2025-04-26 14:35:03,949 - arxml_tool - ERROR - Error initializing packages: Invalid role name: SystemDesign
2025-04-26 14:35:03,950 - arxml_tool - INFO - Loading ARXML file for editing: /tmp/tmppdyidgtj.arxml
2025-04-26 14:35:03,950 - arxml_tool - INFO - Loading ARXML file: /tmp/tmppdyidgtj.arxml
2025-04-26 14:35:04,135 - arxml_tool - WARNING - Failed to download schema: HTTP 404
2025-04-26 14:35:04,136 - arxml_tool - WARNING - Could not load schema, skipping validation
2025-04-26 14:35:04,136 - arxml_tool - INFO - Successfully loaded ARXML file
2025-04-26 14:35:04,137 - arxml_tool - ERROR - Error initializing packages: Invalid role name: SystemDesign
2025-04-26 14:35:04,138 - arxml_tool - INFO - Loading ARXML file for editing: /home/adarsh/autosar_arxml-parser_editor/tests/../examples/sample.arxml
2025-04-26 14:35:04,138 - arxml_tool - INFO - Loading ARXML file: /home/adarsh/autosar_arxml-parser_editor/tests/../examples/sample.arxml
2025-04-26 14:35:04,334 - arxml_tool - WARNING - Failed to download schema: HTTP 404
2025-04-26 14:35:04,335 - arxml_tool - WARNING - Could not load schema, skipping validation
2025-04-26 14:35:04,336 - arxml_tool - INFO - Successfully loaded ARXML file
2025-04-26 14:35:04,337 - arxml_tool - INFO - Added software component: TestReloadComponent
2025-04-26 14:35:04,337 - arxml_tool - INFO - Added software component: TestReloadComponent
2025-04-26 14:35:04,338 - arxml_tool - INFO - Created backup: /tmp/.arxml_backups/tmpk_fy3kuk.arxml.20250426_143504.bak
2025-04-26 14:35:04,339 - arxml_tool - INFO - Saved ARXML file to: /tmp/tmpk_fy3kuk.arxml
2025-04-26 14:35:04,340 - arxml_tool - ERROR - Error initializing packages: Invalid role name: SystemDesign
2025-04-26 14:35:04,341 - arxml_tool - INFO - Loading ARXML file for editing: /tmp/tmpk_fy3kuk.arxml
2025-04-26 14:35:04,341 - arxml_tool - INFO - Loading ARXML file: /tmp/tmpk_fy3kuk.arxml
2025-04-26 14:35:04,522 - arxml_tool - WARNING - Failed to download schema: HTTP 404
2025-04-26 14:35:04,523 - arxml_tool - WARNING - Could not load schema, skipping validation
2025-04-26 14:35:04,523 - arxml_tool - INFO - Successfully loaded ARXML file
2025-04-26 14:35:04,524 - arxml_tool - ERROR - Error initializing packages: Invalid role name: SystemDesign
2025-04-26 14:35:04,525 - arxml_tool - INFO - Loading ARXML file for editing: /home/adarsh/autosar_arxml-parser_editor/tests/../examples/sample.arxml
2025-04-26 14:35:04,525 - arxml_tool - INFO - Loading ARXML file: /home/adarsh/autosar_arxml-parser_editor/tests/../examples/sample.arxml
2025-04-26 14:35:04,724 - arxml_tool - WARNING - Failed to download schema: HTTP 404
2025-04-26 14:35:04,725 - arxml_tool - WARNING - Could not load schema, skipping validation
2025-04-26 14:35:04,726 - arxml_tool - INFO - Successfully loaded ARXML file
2025-04-26 14:35:04,728 - arxml_tool - INFO - Created backup: /tmp/.arxml_backups/tmplangu9l9.arxml.20250426_143504.bak
2025-04-26 14:35:04,729 - arxml_tool - INFO - Saved ARXML file to: /tmp/tmplangu9l9.arxml
2025-04-26 14:35:04,739 - arxml_tool - ERROR - Error initializing packages: Invalid role name: SystemDesign
2025-04-26 14:35:04,740 - arxml_tool - INFO - Loading ARXML file: /home/adarsh/autosar_arxml-parser_editor/tests/../examples/sample.arxml
2025-04-26 14:35:04,926 - arxml_tool - WARNING - Failed to download schema: HTTP 404
2025-04-26 14:35:04,928 - arxml_tool - WARNING - Could not load schema, skipping validation
2025-04-26 14:35:04,928 - arxml_tool - INFO - Successfully loaded ARXML file
2025-04-26 14:35:04,929 - arxml_tool - ERROR - Error initializing packages: Invalid role name: SystemDesign
2025-04-26 14:35:04,930 - arxml_tool - INFO - Loading ARXML file: /home/adarsh/autosar_arxml-parser_editor/tests/../examples/sample.arxml
2025-04-26 14:35:05,121 - arxml_tool - WARNING - Failed to download schema: HTTP 404
2025-04-26 14:35:05,125 - arxml_tool - WARNING - Could not load schema, skipping validation
2025-04-26 14:35:05,127 - arxml_tool - INFO - Successfully loaded ARXML file
2025-04-26 14:35:05,134 - arxml_tool - ERROR - Error initializing packages: Invalid role name: SystemDesign
2025-04-26 14:35:05,136 - arxml_tool - ERROR - ARXML file not found: non_existent_file.arxml
2025-04-26 14:35:05,138 - arxml_tool - ERROR - Error initializing packages: Invalid role name: SystemDesign
2025-04-26 14:35:05,139 - arxml_tool - INFO - Loading ARXML file: /home/adarsh/autosar_arxml-parser_editor/tests/../examples/sample.arxml
2025-04-26 14:35:05,317 - arxml_tool - WARNING - Failed to download schema: HTTP 404
2025-04-26 14:35:05,318 - arxml_tool - WARNING - Could not load schema, skipping validation
2025-04-26 14:35:05,319 - arxml_tool - INFO - Successfully loaded ARXML file
2025-04-26 14:35:05,320 - arxml_tool - ERROR - Error initializing packages: Invalid role name: SystemDesign
2025-04-26 14:35:05,322 - arxml_tool - INFO - Loading ARXML file: /tmp/tmp0cffv20w.arxml
2025-04-26 14:35:05,324 - arxml_tool - ERROR - Error loading XML content: 
2025-04-26 14:35:05,326 - arxml_tool - ERROR - Error initializing packages: Invalid role name: SystemDesign
2025-04-26 14:35:05,327 - arxml_tool - INFO - Loading ARXML file: /home/adarsh/autosar_arxml-parser_editor/tests/../examples/sample.arxml
2025-04-26 14:35:05,512 - arxml_tool - WARNING - Failed to download schema: HTTP 404
2025-04-26 14:35:05,513 - arxml_tool - WARNING - Could not load schema, skipping validation
2025-04-26 14:35:05,514 - arxml_tool - INFO - Successfully loaded ARXML file
