2025-04-26 14:11:30,367 - arxml_tool - INFO - Loading ARXML file for editing: /home/adarsh/autosar_arxml-parser_editor/tests/../examples/sample.arxml
2025-04-26 14:11:30,367 - arxml_tool - INFO - Loading ARXML file for editing: /home/adarsh/autosar_arxml-parser_editor/tests/../examples/sample.arxml
2025-04-26 14:11:30,367 - arxml_tool - INFO - Loading ARXML file: /home/adarsh/autosar_arxml-parser_editor/tests/../examples/sample.arxml
2025-04-26 14:11:30,367 - arxml_tool - INFO - Loading ARXML file: /home/adarsh/autosar_arxml-parser_editor/tests/../examples/sample.arxml
2025-04-26 14:11:30,565 - arxml_tool - WARNING - Failed to download schema: HTTP 404
2025-04-26 14:11:30,565 - arxml_tool - WARNING - Failed to download schema: HTTP 404
2025-04-26 14:11:30,566 - arxml_tool - WARNING - Could not load schema, skipping validation
2025-04-26 14:11:30,566 - arxml_tool - WARNING - Could not load schema, skipping validation
2025-04-26 14:11:30,566 - arxml_tool - INFO - Successfully loaded ARXML file
2025-04-26 14:11:30,566 - arxml_tool - INFO - Successfully loaded ARXML file
2025-04-26 14:11:30,566 - arxml_tool - INFO - Added software component: TestComponent
2025-04-26 14:11:30,566 - arxml_tool - INFO - Added software component: TestComponent
2025-04-26 14:11:30,567 - arxml_tool - INFO - Loading ARXML file for editing: /home/adarsh/autosar_arxml-parser_editor/tests/../examples/sample.arxml
2025-04-26 14:11:30,567 - arxml_tool - INFO - Loading ARXML file for editing: /home/adarsh/autosar_arxml-parser_editor/tests/../examples/sample.arxml
2025-04-26 14:11:30,567 - arxml_tool - INFO - Loading ARXML file for editing: /home/adarsh/autosar_arxml-parser_editor/tests/../examples/sample.arxml
2025-04-26 14:11:30,567 - arxml_tool - INFO - Loading ARXML file for editing: /home/adarsh/autosar_arxml-parser_editor/tests/../examples/sample.arxml
2025-04-26 14:11:30,567 - arxml_tool - INFO - Loading ARXML file: /home/adarsh/autosar_arxml-parser_editor/tests/../examples/sample.arxml
2025-04-26 14:11:30,567 - arxml_tool - INFO - Loading ARXML file: /home/adarsh/autosar_arxml-parser_editor/tests/../examples/sample.arxml
2025-04-26 14:11:30,567 - arxml_tool - INFO - Loading ARXML file: /home/adarsh/autosar_arxml-parser_editor/tests/../examples/sample.arxml
2025-04-26 14:11:30,567 - arxml_tool - INFO - Loading ARXML file: /home/adarsh/autosar_arxml-parser_editor/tests/../examples/sample.arxml
2025-04-26 14:11:30,800 - arxml_tool - WARNING - Failed to download schema: HTTP 404
2025-04-26 14:11:30,800 - arxml_tool - WARNING - Failed to download schema: HTTP 404
2025-04-26 14:11:30,800 - arxml_tool - WARNING - Failed to download schema: HTTP 404
2025-04-26 14:11:30,800 - arxml_tool - WARNING - Failed to download schema: HTTP 404
2025-04-26 14:11:30,800 - arxml_tool - WARNING - Could not load schema, skipping validation
2025-04-26 14:11:30,800 - arxml_tool - WARNING - Could not load schema, skipping validation
2025-04-26 14:11:30,800 - arxml_tool - WARNING - Could not load schema, skipping validation
2025-04-26 14:11:30,800 - arxml_tool - WARNING - Could not load schema, skipping validation
2025-04-26 14:11:30,801 - arxml_tool - INFO - Successfully loaded ARXML file
2025-04-26 14:11:30,801 - arxml_tool - INFO - Successfully loaded ARXML file
2025-04-26 14:11:30,801 - arxml_tool - INFO - Successfully loaded ARXML file
2025-04-26 14:11:30,801 - arxml_tool - INFO - Successfully loaded ARXML file
2025-04-26 14:11:30,801 - arxml_tool - INFO - Added software component: BackupTest
2025-04-26 14:11:30,801 - arxml_tool - INFO - Added software component: BackupTest
2025-04-26 14:11:30,801 - arxml_tool - INFO - Added software component: BackupTest
2025-04-26 14:11:30,801 - arxml_tool - INFO - Added software component: BackupTest
2025-04-26 14:11:30,801 - arxml_tool - INFO - Created backup: /tmp/.arxml_backups/tmpm6wziskb.arxml.20250426_141130.bak
2025-04-26 14:11:30,801 - arxml_tool - INFO - Created backup: /tmp/.arxml_backups/tmpm6wziskb.arxml.20250426_141130.bak
2025-04-26 14:11:30,801 - arxml_tool - INFO - Created backup: /tmp/.arxml_backups/tmpm6wziskb.arxml.20250426_141130.bak
2025-04-26 14:11:30,801 - arxml_tool - INFO - Created backup: /tmp/.arxml_backups/tmpm6wziskb.arxml.20250426_141130.bak
2025-04-26 14:11:30,803 - arxml_tool - ERROR - Error saving ARXML file: Invalid reference: /ComponentTypes/EngineManagement
2025-04-26 14:11:30,803 - arxml_tool - ERROR - Error saving ARXML file: Invalid reference: /ComponentTypes/EngineManagement
2025-04-26 14:11:30,803 - arxml_tool - ERROR - Error saving ARXML file: Invalid reference: /ComponentTypes/EngineManagement
2025-04-26 14:11:30,803 - arxml_tool - ERROR - Error saving ARXML file: Invalid reference: /ComponentTypes/EngineManagement
2025-04-26 14:11:30,808 - arxml_tool - INFO - Loading ARXML file for editing: /home/adarsh/autosar_arxml-parser_editor/tests/../examples/sample.arxml
2025-04-26 14:11:30,808 - arxml_tool - INFO - Loading ARXML file for editing: /home/adarsh/autosar_arxml-parser_editor/tests/../examples/sample.arxml
2025-04-26 14:11:30,808 - arxml_tool - INFO - Loading ARXML file for editing: /home/adarsh/autosar_arxml-parser_editor/tests/../examples/sample.arxml
2025-04-26 14:11:30,808 - arxml_tool - INFO - Loading ARXML file for editing: /home/adarsh/autosar_arxml-parser_editor/tests/../examples/sample.arxml
2025-04-26 14:11:30,808 - arxml_tool - INFO - Loading ARXML file for editing: /home/adarsh/autosar_arxml-parser_editor/tests/../examples/sample.arxml
2025-04-26 14:11:30,808 - arxml_tool - INFO - Loading ARXML file for editing: /home/adarsh/autosar_arxml-parser_editor/tests/../examples/sample.arxml
2025-04-26 14:11:30,808 - arxml_tool - INFO - Loading ARXML file: /home/adarsh/autosar_arxml-parser_editor/tests/../examples/sample.arxml
2025-04-26 14:11:30,808 - arxml_tool - INFO - Loading ARXML file: /home/adarsh/autosar_arxml-parser_editor/tests/../examples/sample.arxml
2025-04-26 14:11:30,808 - arxml_tool - INFO - Loading ARXML file: /home/adarsh/autosar_arxml-parser_editor/tests/../examples/sample.arxml
2025-04-26 14:11:30,808 - arxml_tool - INFO - Loading ARXML file: /home/adarsh/autosar_arxml-parser_editor/tests/../examples/sample.arxml
2025-04-26 14:11:30,808 - arxml_tool - INFO - Loading ARXML file: /home/adarsh/autosar_arxml-parser_editor/tests/../examples/sample.arxml
2025-04-26 14:11:30,808 - arxml_tool - INFO - Loading ARXML file: /home/adarsh/autosar_arxml-parser_editor/tests/../examples/sample.arxml
2025-04-26 14:11:31,000 - arxml_tool - WARNING - Failed to download schema: HTTP 404
2025-04-26 14:11:31,000 - arxml_tool - WARNING - Failed to download schema: HTTP 404
2025-04-26 14:11:31,000 - arxml_tool - WARNING - Failed to download schema: HTTP 404
2025-04-26 14:11:31,000 - arxml_tool - WARNING - Failed to download schema: HTTP 404
2025-04-26 14:11:31,000 - arxml_tool - WARNING - Failed to download schema: HTTP 404
2025-04-26 14:11:31,000 - arxml_tool - WARNING - Failed to download schema: HTTP 404
2025-04-26 14:11:31,001 - arxml_tool - WARNING - Could not load schema, skipping validation
2025-04-26 14:11:31,001 - arxml_tool - WARNING - Could not load schema, skipping validation
2025-04-26 14:11:31,001 - arxml_tool - WARNING - Could not load schema, skipping validation
2025-04-26 14:11:31,001 - arxml_tool - WARNING - Could not load schema, skipping validation
2025-04-26 14:11:31,001 - arxml_tool - WARNING - Could not load schema, skipping validation
2025-04-26 14:11:31,001 - arxml_tool - WARNING - Could not load schema, skipping validation
2025-04-26 14:11:31,002 - arxml_tool - INFO - Successfully loaded ARXML file
2025-04-26 14:11:31,002 - arxml_tool - INFO - Successfully loaded ARXML file
2025-04-26 14:11:31,002 - arxml_tool - INFO - Successfully loaded ARXML file
2025-04-26 14:11:31,002 - arxml_tool - INFO - Successfully loaded ARXML file
2025-04-26 14:11:31,002 - arxml_tool - INFO - Successfully loaded ARXML file
2025-04-26 14:11:31,002 - arxml_tool - INFO - Successfully loaded ARXML file
2025-04-26 14:11:31,003 - arxml_tool - INFO - Added software component: OriginalComponent
2025-04-26 14:11:31,003 - arxml_tool - INFO - Added software component: OriginalComponent
2025-04-26 14:11:31,003 - arxml_tool - INFO - Added software component: OriginalComponent
2025-04-26 14:11:31,003 - arxml_tool - INFO - Added software component: OriginalComponent
2025-04-26 14:11:31,003 - arxml_tool - INFO - Added software component: OriginalComponent
2025-04-26 14:11:31,003 - arxml_tool - INFO - Added software component: OriginalComponent
2025-04-26 14:11:31,003 - arxml_tool - INFO - Created backup: /tmp/.arxml_backups/tmpsja18vwd.arxml.20250426_141131.bak
2025-04-26 14:11:31,003 - arxml_tool - INFO - Created backup: /tmp/.arxml_backups/tmpsja18vwd.arxml.20250426_141131.bak
2025-04-26 14:11:31,003 - arxml_tool - INFO - Created backup: /tmp/.arxml_backups/tmpsja18vwd.arxml.20250426_141131.bak
2025-04-26 14:11:31,003 - arxml_tool - INFO - Created backup: /tmp/.arxml_backups/tmpsja18vwd.arxml.20250426_141131.bak
2025-04-26 14:11:31,003 - arxml_tool - INFO - Created backup: /tmp/.arxml_backups/tmpsja18vwd.arxml.20250426_141131.bak
2025-04-26 14:11:31,003 - arxml_tool - INFO - Created backup: /tmp/.arxml_backups/tmpsja18vwd.arxml.20250426_141131.bak
2025-04-26 14:11:31,004 - arxml_tool - ERROR - Error saving ARXML file: Invalid reference: /ComponentTypes/EngineManagement
2025-04-26 14:11:31,004 - arxml_tool - ERROR - Error saving ARXML file: Invalid reference: /ComponentTypes/EngineManagement
2025-04-26 14:11:31,004 - arxml_tool - ERROR - Error saving ARXML file: Invalid reference: /ComponentTypes/EngineManagement
2025-04-26 14:11:31,004 - arxml_tool - ERROR - Error saving ARXML file: Invalid reference: /ComponentTypes/EngineManagement
2025-04-26 14:11:31,004 - arxml_tool - ERROR - Error saving ARXML file: Invalid reference: /ComponentTypes/EngineManagement
2025-04-26 14:11:31,004 - arxml_tool - ERROR - Error saving ARXML file: Invalid reference: /ComponentTypes/EngineManagement
2025-04-26 14:11:31,004 - arxml_tool - INFO - Added software component: NewComponent
2025-04-26 14:11:31,004 - arxml_tool - INFO - Added software component: NewComponent
2025-04-26 14:11:31,004 - arxml_tool - INFO - Added software component: NewComponent
2025-04-26 14:11:31,004 - arxml_tool - INFO - Added software component: NewComponent
2025-04-26 14:11:31,004 - arxml_tool - INFO - Added software component: NewComponent
2025-04-26 14:11:31,004 - arxml_tool - INFO - Added software component: NewComponent
2025-04-26 14:11:31,005 - arxml_tool - INFO - Created backup: /tmp/.arxml_backups/tmpsja18vwd.arxml.20250426_141131.bak
2025-04-26 14:11:31,005 - arxml_tool - INFO - Created backup: /tmp/.arxml_backups/tmpsja18vwd.arxml.20250426_141131.bak
2025-04-26 14:11:31,005 - arxml_tool - INFO - Created backup: /tmp/.arxml_backups/tmpsja18vwd.arxml.20250426_141131.bak
2025-04-26 14:11:31,005 - arxml_tool - INFO - Created backup: /tmp/.arxml_backups/tmpsja18vwd.arxml.20250426_141131.bak
2025-04-26 14:11:31,005 - arxml_tool - INFO - Created backup: /tmp/.arxml_backups/tmpsja18vwd.arxml.20250426_141131.bak
2025-04-26 14:11:31,005 - arxml_tool - INFO - Created backup: /tmp/.arxml_backups/tmpsja18vwd.arxml.20250426_141131.bak
2025-04-26 14:11:31,006 - arxml_tool - ERROR - Error saving ARXML file: Invalid reference: /ComponentTypes/EngineManagement
2025-04-26 14:11:31,006 - arxml_tool - ERROR - Error saving ARXML file: Invalid reference: /ComponentTypes/EngineManagement
2025-04-26 14:11:31,006 - arxml_tool - ERROR - Error saving ARXML file: Invalid reference: /ComponentTypes/EngineManagement
2025-04-26 14:11:31,006 - arxml_tool - ERROR - Error saving ARXML file: Invalid reference: /ComponentTypes/EngineManagement
2025-04-26 14:11:31,006 - arxml_tool - ERROR - Error saving ARXML file: Invalid reference: /ComponentTypes/EngineManagement
2025-04-26 14:11:31,006 - arxml_tool - ERROR - Error saving ARXML file: Invalid reference: /ComponentTypes/EngineManagement
2025-04-26 14:11:31,007 - arxml_tool - INFO - Loading ARXML file for editing: /home/adarsh/autosar_arxml-parser_editor/tests/../examples/sample.arxml
2025-04-26 14:11:31,007 - arxml_tool - INFO - Loading ARXML file for editing: /home/adarsh/autosar_arxml-parser_editor/tests/../examples/sample.arxml
2025-04-26 14:11:31,007 - arxml_tool - INFO - Loading ARXML file for editing: /home/adarsh/autosar_arxml-parser_editor/tests/../examples/sample.arxml
2025-04-26 14:11:31,007 - arxml_tool - INFO - Loading ARXML file for editing: /home/adarsh/autosar_arxml-parser_editor/tests/../examples/sample.arxml
2025-04-26 14:11:31,007 - arxml_tool - INFO - Loading ARXML file for editing: /home/adarsh/autosar_arxml-parser_editor/tests/../examples/sample.arxml
2025-04-26 14:11:31,007 - arxml_tool - INFO - Loading ARXML file for editing: /home/adarsh/autosar_arxml-parser_editor/tests/../examples/sample.arxml
2025-04-26 14:11:31,007 - arxml_tool - INFO - Loading ARXML file: /home/adarsh/autosar_arxml-parser_editor/tests/../examples/sample.arxml
2025-04-26 14:11:31,007 - arxml_tool - INFO - Loading ARXML file: /home/adarsh/autosar_arxml-parser_editor/tests/../examples/sample.arxml
2025-04-26 14:11:31,007 - arxml_tool - INFO - Loading ARXML file: /home/adarsh/autosar_arxml-parser_editor/tests/../examples/sample.arxml
2025-04-26 14:11:31,007 - arxml_tool - INFO - Loading ARXML file: /home/adarsh/autosar_arxml-parser_editor/tests/../examples/sample.arxml
2025-04-26 14:11:31,007 - arxml_tool - INFO - Loading ARXML file: /home/adarsh/autosar_arxml-parser_editor/tests/../examples/sample.arxml
2025-04-26 14:11:31,007 - arxml_tool - INFO - Loading ARXML file: /home/adarsh/autosar_arxml-parser_editor/tests/../examples/sample.arxml
2025-04-26 14:11:31,188 - arxml_tool - WARNING - Failed to download schema: HTTP 404
2025-04-26 14:11:31,188 - arxml_tool - WARNING - Failed to download schema: HTTP 404
2025-04-26 14:11:31,188 - arxml_tool - WARNING - Failed to download schema: HTTP 404
2025-04-26 14:11:31,188 - arxml_tool - WARNING - Failed to download schema: HTTP 404
2025-04-26 14:11:31,188 - arxml_tool - WARNING - Failed to download schema: HTTP 404
2025-04-26 14:11:31,188 - arxml_tool - WARNING - Failed to download schema: HTTP 404
2025-04-26 14:11:31,189 - arxml_tool - WARNING - Could not load schema, skipping validation
2025-04-26 14:11:31,189 - arxml_tool - WARNING - Could not load schema, skipping validation
2025-04-26 14:11:31,189 - arxml_tool - WARNING - Could not load schema, skipping validation
2025-04-26 14:11:31,189 - arxml_tool - WARNING - Could not load schema, skipping validation
2025-04-26 14:11:31,189 - arxml_tool - WARNING - Could not load schema, skipping validation
2025-04-26 14:11:31,189 - arxml_tool - WARNING - Could not load schema, skipping validation
2025-04-26 14:11:31,189 - arxml_tool - INFO - Successfully loaded ARXML file
2025-04-26 14:11:31,189 - arxml_tool - INFO - Successfully loaded ARXML file
2025-04-26 14:11:31,189 - arxml_tool - INFO - Successfully loaded ARXML file
2025-04-26 14:11:31,189 - arxml_tool - INFO - Successfully loaded ARXML file
2025-04-26 14:11:31,189 - arxml_tool - INFO - Successfully loaded ARXML file
2025-04-26 14:11:31,189 - arxml_tool - INFO - Successfully loaded ARXML file
2025-04-26 14:11:31,190 - arxml_tool - INFO - Added software component: TestReloadComponent
2025-04-26 14:11:31,190 - arxml_tool - INFO - Added software component: TestReloadComponent
2025-04-26 14:11:31,190 - arxml_tool - INFO - Added software component: TestReloadComponent
2025-04-26 14:11:31,190 - arxml_tool - INFO - Added software component: TestReloadComponent
2025-04-26 14:11:31,190 - arxml_tool - INFO - Added software component: TestReloadComponent
2025-04-26 14:11:31,190 - arxml_tool - INFO - Added software component: TestReloadComponent
2025-04-26 14:11:31,190 - arxml_tool - INFO - Created backup: /tmp/.arxml_backups/tmpu3xsxm0p.arxml.20250426_141131.bak
2025-04-26 14:11:31,190 - arxml_tool - INFO - Created backup: /tmp/.arxml_backups/tmpu3xsxm0p.arxml.20250426_141131.bak
2025-04-26 14:11:31,190 - arxml_tool - INFO - Created backup: /tmp/.arxml_backups/tmpu3xsxm0p.arxml.20250426_141131.bak
2025-04-26 14:11:31,190 - arxml_tool - INFO - Created backup: /tmp/.arxml_backups/tmpu3xsxm0p.arxml.20250426_141131.bak
2025-04-26 14:11:31,190 - arxml_tool - INFO - Created backup: /tmp/.arxml_backups/tmpu3xsxm0p.arxml.20250426_141131.bak
2025-04-26 14:11:31,190 - arxml_tool - INFO - Created backup: /tmp/.arxml_backups/tmpu3xsxm0p.arxml.20250426_141131.bak
2025-04-26 14:11:31,191 - arxml_tool - ERROR - Error saving ARXML file: Invalid reference: /ComponentTypes/EngineManagement
2025-04-26 14:11:31,191 - arxml_tool - ERROR - Error saving ARXML file: Invalid reference: /ComponentTypes/EngineManagement
2025-04-26 14:11:31,191 - arxml_tool - ERROR - Error saving ARXML file: Invalid reference: /ComponentTypes/EngineManagement
2025-04-26 14:11:31,191 - arxml_tool - ERROR - Error saving ARXML file: Invalid reference: /ComponentTypes/EngineManagement
2025-04-26 14:11:31,191 - arxml_tool - ERROR - Error saving ARXML file: Invalid reference: /ComponentTypes/EngineManagement
2025-04-26 14:11:31,191 - arxml_tool - ERROR - Error saving ARXML file: Invalid reference: /ComponentTypes/EngineManagement
2025-04-26 14:11:31,192 - arxml_tool - INFO - Loading ARXML file for editing: /tmp/tmpu3xsxm0p.arxml
2025-04-26 14:11:31,192 - arxml_tool - INFO - Loading ARXML file for editing: /tmp/tmpu3xsxm0p.arxml
2025-04-26 14:11:31,192 - arxml_tool - INFO - Loading ARXML file for editing: /tmp/tmpu3xsxm0p.arxml
2025-04-26 14:11:31,192 - arxml_tool - INFO - Loading ARXML file for editing: /tmp/tmpu3xsxm0p.arxml
2025-04-26 14:11:31,192 - arxml_tool - INFO - Loading ARXML file for editing: /tmp/tmpu3xsxm0p.arxml
2025-04-26 14:11:31,192 - arxml_tool - INFO - Loading ARXML file for editing: /tmp/tmpu3xsxm0p.arxml
2025-04-26 14:11:31,193 - arxml_tool - INFO - Loading ARXML file: /tmp/tmpu3xsxm0p.arxml
2025-04-26 14:11:31,193 - arxml_tool - INFO - Loading ARXML file: /tmp/tmpu3xsxm0p.arxml
2025-04-26 14:11:31,193 - arxml_tool - INFO - Loading ARXML file: /tmp/tmpu3xsxm0p.arxml
2025-04-26 14:11:31,193 - arxml_tool - INFO - Loading ARXML file: /tmp/tmpu3xsxm0p.arxml
2025-04-26 14:11:31,193 - arxml_tool - INFO - Loading ARXML file: /tmp/tmpu3xsxm0p.arxml
2025-04-26 14:11:31,193 - arxml_tool - INFO - Loading ARXML file: /tmp/tmpu3xsxm0p.arxml
2025-04-26 14:11:31,193 - arxml_tool - ERROR - Error parsing ARXML file: no element found: line 1, column 0
2025-04-26 14:11:31,193 - arxml_tool - ERROR - Error parsing ARXML file: no element found: line 1, column 0
2025-04-26 14:11:31,193 - arxml_tool - ERROR - Error parsing ARXML file: no element found: line 1, column 0
2025-04-26 14:11:31,193 - arxml_tool - ERROR - Error parsing ARXML file: no element found: line 1, column 0
2025-04-26 14:11:31,193 - arxml_tool - ERROR - Error parsing ARXML file: no element found: line 1, column 0
2025-04-26 14:11:31,193 - arxml_tool - ERROR - Error parsing ARXML file: no element found: line 1, column 0
2025-04-26 14:11:31,194 - arxml_tool - INFO - Loading ARXML file for editing: /home/adarsh/autosar_arxml-parser_editor/tests/../examples/sample.arxml
2025-04-26 14:11:31,194 - arxml_tool - INFO - Loading ARXML file for editing: /home/adarsh/autosar_arxml-parser_editor/tests/../examples/sample.arxml
2025-04-26 14:11:31,194 - arxml_tool - INFO - Loading ARXML file for editing: /home/adarsh/autosar_arxml-parser_editor/tests/../examples/sample.arxml
2025-04-26 14:11:31,194 - arxml_tool - INFO - Loading ARXML file for editing: /home/adarsh/autosar_arxml-parser_editor/tests/../examples/sample.arxml
2025-04-26 14:11:31,194 - arxml_tool - INFO - Loading ARXML file for editing: /home/adarsh/autosar_arxml-parser_editor/tests/../examples/sample.arxml
2025-04-26 14:11:31,194 - arxml_tool - INFO - Loading ARXML file for editing: /home/adarsh/autosar_arxml-parser_editor/tests/../examples/sample.arxml
2025-04-26 14:11:31,194 - arxml_tool - INFO - Loading ARXML file: /home/adarsh/autosar_arxml-parser_editor/tests/../examples/sample.arxml
2025-04-26 14:11:31,194 - arxml_tool - INFO - Loading ARXML file: /home/adarsh/autosar_arxml-parser_editor/tests/../examples/sample.arxml
2025-04-26 14:11:31,194 - arxml_tool - INFO - Loading ARXML file: /home/adarsh/autosar_arxml-parser_editor/tests/../examples/sample.arxml
2025-04-26 14:11:31,194 - arxml_tool - INFO - Loading ARXML file: /home/adarsh/autosar_arxml-parser_editor/tests/../examples/sample.arxml
2025-04-26 14:11:31,194 - arxml_tool - INFO - Loading ARXML file: /home/adarsh/autosar_arxml-parser_editor/tests/../examples/sample.arxml
2025-04-26 14:11:31,194 - arxml_tool - INFO - Loading ARXML file: /home/adarsh/autosar_arxml-parser_editor/tests/../examples/sample.arxml
2025-04-26 14:11:31,395 - arxml_tool - WARNING - Failed to download schema: HTTP 404
2025-04-26 14:11:31,395 - arxml_tool - WARNING - Failed to download schema: HTTP 404
2025-04-26 14:11:31,395 - arxml_tool - WARNING - Failed to download schema: HTTP 404
2025-04-26 14:11:31,395 - arxml_tool - WARNING - Failed to download schema: HTTP 404
2025-04-26 14:11:31,395 - arxml_tool - WARNING - Failed to download schema: HTTP 404
2025-04-26 14:11:31,395 - arxml_tool - WARNING - Failed to download schema: HTTP 404
2025-04-26 14:11:31,397 - arxml_tool - WARNING - Could not load schema, skipping validation
2025-04-26 14:11:31,397 - arxml_tool - WARNING - Could not load schema, skipping validation
2025-04-26 14:11:31,397 - arxml_tool - WARNING - Could not load schema, skipping validation
2025-04-26 14:11:31,397 - arxml_tool - WARNING - Could not load schema, skipping validation
2025-04-26 14:11:31,397 - arxml_tool - WARNING - Could not load schema, skipping validation
2025-04-26 14:11:31,397 - arxml_tool - WARNING - Could not load schema, skipping validation
2025-04-26 14:11:31,399 - arxml_tool - INFO - Successfully loaded ARXML file
2025-04-26 14:11:31,399 - arxml_tool - INFO - Successfully loaded ARXML file
2025-04-26 14:11:31,399 - arxml_tool - INFO - Successfully loaded ARXML file
2025-04-26 14:11:31,399 - arxml_tool - INFO - Successfully loaded ARXML file
2025-04-26 14:11:31,399 - arxml_tool - INFO - Successfully loaded ARXML file
2025-04-26 14:11:31,399 - arxml_tool - INFO - Successfully loaded ARXML file
2025-04-26 14:11:31,401 - arxml_tool - INFO - Created backup: /tmp/.arxml_backups/tmp39uei9s1.arxml.20250426_141131.bak
2025-04-26 14:11:31,401 - arxml_tool - INFO - Created backup: /tmp/.arxml_backups/tmp39uei9s1.arxml.20250426_141131.bak
2025-04-26 14:11:31,401 - arxml_tool - INFO - Created backup: /tmp/.arxml_backups/tmp39uei9s1.arxml.20250426_141131.bak
2025-04-26 14:11:31,401 - arxml_tool - INFO - Created backup: /tmp/.arxml_backups/tmp39uei9s1.arxml.20250426_141131.bak
2025-04-26 14:11:31,401 - arxml_tool - INFO - Created backup: /tmp/.arxml_backups/tmp39uei9s1.arxml.20250426_141131.bak
2025-04-26 14:11:31,401 - arxml_tool - INFO - Created backup: /tmp/.arxml_backups/tmp39uei9s1.arxml.20250426_141131.bak
2025-04-26 14:11:31,405 - arxml_tool - ERROR - Error saving ARXML file: Invalid reference: /ComponentTypes/EngineManagement
2025-04-26 14:11:31,405 - arxml_tool - ERROR - Error saving ARXML file: Invalid reference: /ComponentTypes/EngineManagement
2025-04-26 14:11:31,405 - arxml_tool - ERROR - Error saving ARXML file: Invalid reference: /ComponentTypes/EngineManagement
2025-04-26 14:11:31,405 - arxml_tool - ERROR - Error saving ARXML file: Invalid reference: /ComponentTypes/EngineManagement
2025-04-26 14:11:31,405 - arxml_tool - ERROR - Error saving ARXML file: Invalid reference: /ComponentTypes/EngineManagement
2025-04-26 14:11:31,405 - arxml_tool - ERROR - Error saving ARXML file: Invalid reference: /ComponentTypes/EngineManagement
2025-04-26 14:11:31,410 - arxml_tool - INFO - Loading ARXML file: /home/adarsh/autosar_arxml-parser_editor/tests/../examples/sample.arxml
2025-04-26 14:11:31,410 - arxml_tool - INFO - Loading ARXML file: /home/adarsh/autosar_arxml-parser_editor/tests/../examples/sample.arxml
2025-04-26 14:11:31,410 - arxml_tool - INFO - Loading ARXML file: /home/adarsh/autosar_arxml-parser_editor/tests/../examples/sample.arxml
2025-04-26 14:11:31,410 - arxml_tool - INFO - Loading ARXML file: /home/adarsh/autosar_arxml-parser_editor/tests/../examples/sample.arxml
2025-04-26 14:11:31,410 - arxml_tool - INFO - Loading ARXML file: /home/adarsh/autosar_arxml-parser_editor/tests/../examples/sample.arxml
2025-04-26 14:11:31,410 - arxml_tool - INFO - Loading ARXML file: /home/adarsh/autosar_arxml-parser_editor/tests/../examples/sample.arxml
2025-04-26 14:11:31,663 - arxml_tool - WARNING - Failed to download schema: HTTP 404
2025-04-26 14:11:31,663 - arxml_tool - WARNING - Failed to download schema: HTTP 404
2025-04-26 14:11:31,663 - arxml_tool - WARNING - Failed to download schema: HTTP 404
2025-04-26 14:11:31,663 - arxml_tool - WARNING - Failed to download schema: HTTP 404
2025-04-26 14:11:31,663 - arxml_tool - WARNING - Failed to download schema: HTTP 404
2025-04-26 14:11:31,663 - arxml_tool - WARNING - Failed to download schema: HTTP 404
2025-04-26 14:11:31,667 - arxml_tool - WARNING - Could not load schema, skipping validation
2025-04-26 14:11:31,667 - arxml_tool - WARNING - Could not load schema, skipping validation
2025-04-26 14:11:31,667 - arxml_tool - WARNING - Could not load schema, skipping validation
2025-04-26 14:11:31,667 - arxml_tool - WARNING - Could not load schema, skipping validation
2025-04-26 14:11:31,667 - arxml_tool - WARNING - Could not load schema, skipping validation
2025-04-26 14:11:31,667 - arxml_tool - WARNING - Could not load schema, skipping validation
2025-04-26 14:11:31,673 - arxml_tool - INFO - Successfully loaded ARXML file
2025-04-26 14:11:31,673 - arxml_tool - INFO - Successfully loaded ARXML file
2025-04-26 14:11:31,673 - arxml_tool - INFO - Successfully loaded ARXML file
2025-04-26 14:11:31,673 - arxml_tool - INFO - Successfully loaded ARXML file
2025-04-26 14:11:31,673 - arxml_tool - INFO - Successfully loaded ARXML file
2025-04-26 14:11:31,673 - arxml_tool - INFO - Successfully loaded ARXML file
2025-04-26 14:11:31,681 - arxml_tool - INFO - Loading ARXML file: /home/adarsh/autosar_arxml-parser_editor/tests/../examples/sample.arxml
2025-04-26 14:11:31,681 - arxml_tool - INFO - Loading ARXML file: /home/adarsh/autosar_arxml-parser_editor/tests/../examples/sample.arxml
2025-04-26 14:11:31,681 - arxml_tool - INFO - Loading ARXML file: /home/adarsh/autosar_arxml-parser_editor/tests/../examples/sample.arxml
2025-04-26 14:11:31,681 - arxml_tool - INFO - Loading ARXML file: /home/adarsh/autosar_arxml-parser_editor/tests/../examples/sample.arxml
2025-04-26 14:11:31,681 - arxml_tool - INFO - Loading ARXML file: /home/adarsh/autosar_arxml-parser_editor/tests/../examples/sample.arxml
2025-04-26 14:11:31,681 - arxml_tool - INFO - Loading ARXML file: /home/adarsh/autosar_arxml-parser_editor/tests/../examples/sample.arxml
2025-04-26 14:11:31,879 - arxml_tool - WARNING - Failed to download schema: HTTP 404
2025-04-26 14:11:31,879 - arxml_tool - WARNING - Failed to download schema: HTTP 404
2025-04-26 14:11:31,879 - arxml_tool - WARNING - Failed to download schema: HTTP 404
2025-04-26 14:11:31,879 - arxml_tool - WARNING - Failed to download schema: HTTP 404
2025-04-26 14:11:31,879 - arxml_tool - WARNING - Failed to download schema: HTTP 404
2025-04-26 14:11:31,879 - arxml_tool - WARNING - Failed to download schema: HTTP 404
2025-04-26 14:11:31,883 - arxml_tool - WARNING - Could not load schema, skipping validation
2025-04-26 14:11:31,883 - arxml_tool - WARNING - Could not load schema, skipping validation
2025-04-26 14:11:31,883 - arxml_tool - WARNING - Could not load schema, skipping validation
2025-04-26 14:11:31,883 - arxml_tool - WARNING - Could not load schema, skipping validation
2025-04-26 14:11:31,883 - arxml_tool - WARNING - Could not load schema, skipping validation
2025-04-26 14:11:31,883 - arxml_tool - WARNING - Could not load schema, skipping validation
2025-04-26 14:11:31,889 - arxml_tool - INFO - Successfully loaded ARXML file
2025-04-26 14:11:31,889 - arxml_tool - INFO - Successfully loaded ARXML file
2025-04-26 14:11:31,889 - arxml_tool - INFO - Successfully loaded ARXML file
2025-04-26 14:11:31,889 - arxml_tool - INFO - Successfully loaded ARXML file
2025-04-26 14:11:31,889 - arxml_tool - INFO - Successfully loaded ARXML file
2025-04-26 14:11:31,889 - arxml_tool - INFO - Successfully loaded ARXML file
2025-04-26 14:11:31,897 - arxml_tool - ERROR - ARXML file not found: non_existent_file.arxml
2025-04-26 14:11:31,897 - arxml_tool - ERROR - ARXML file not found: non_existent_file.arxml
2025-04-26 14:11:31,897 - arxml_tool - ERROR - ARXML file not found: non_existent_file.arxml
2025-04-26 14:11:31,897 - arxml_tool - ERROR - ARXML file not found: non_existent_file.arxml
2025-04-26 14:11:31,897 - arxml_tool - ERROR - ARXML file not found: non_existent_file.arxml
2025-04-26 14:11:31,897 - arxml_tool - ERROR - ARXML file not found: non_existent_file.arxml
2025-04-26 14:11:31,901 - arxml_tool - INFO - Loading ARXML file: /home/adarsh/autosar_arxml-parser_editor/tests/../examples/sample.arxml
2025-04-26 14:11:31,901 - arxml_tool - INFO - Loading ARXML file: /home/adarsh/autosar_arxml-parser_editor/tests/../examples/sample.arxml
2025-04-26 14:11:31,901 - arxml_tool - INFO - Loading ARXML file: /home/adarsh/autosar_arxml-parser_editor/tests/../examples/sample.arxml
2025-04-26 14:11:31,901 - arxml_tool - INFO - Loading ARXML file: /home/adarsh/autosar_arxml-parser_editor/tests/../examples/sample.arxml
2025-04-26 14:11:31,901 - arxml_tool - INFO - Loading ARXML file: /home/adarsh/autosar_arxml-parser_editor/tests/../examples/sample.arxml
2025-04-26 14:11:31,901 - arxml_tool - INFO - Loading ARXML file: /home/adarsh/autosar_arxml-parser_editor/tests/../examples/sample.arxml
2025-04-26 14:11:32,129 - arxml_tool - WARNING - Failed to download schema: HTTP 404
2025-04-26 14:11:32,129 - arxml_tool - WARNING - Failed to download schema: HTTP 404
2025-04-26 14:11:32,129 - arxml_tool - WARNING - Failed to download schema: HTTP 404
2025-04-26 14:11:32,129 - arxml_tool - WARNING - Failed to download schema: HTTP 404
2025-04-26 14:11:32,129 - arxml_tool - WARNING - Failed to download schema: HTTP 404
2025-04-26 14:11:32,129 - arxml_tool - WARNING - Failed to download schema: HTTP 404
2025-04-26 14:11:32,133 - arxml_tool - WARNING - Could not load schema, skipping validation
2025-04-26 14:11:32,133 - arxml_tool - WARNING - Could not load schema, skipping validation
2025-04-26 14:11:32,133 - arxml_tool - WARNING - Could not load schema, skipping validation
2025-04-26 14:11:32,133 - arxml_tool - WARNING - Could not load schema, skipping validation
2025-04-26 14:11:32,133 - arxml_tool - WARNING - Could not load schema, skipping validation
2025-04-26 14:11:32,133 - arxml_tool - WARNING - Could not load schema, skipping validation
2025-04-26 14:11:32,138 - arxml_tool - INFO - Successfully loaded ARXML file
2025-04-26 14:11:32,138 - arxml_tool - INFO - Successfully loaded ARXML file
2025-04-26 14:11:32,138 - arxml_tool - INFO - Successfully loaded ARXML file
2025-04-26 14:11:32,138 - arxml_tool - INFO - Successfully loaded ARXML file
2025-04-26 14:11:32,138 - arxml_tool - INFO - Successfully loaded ARXML file
2025-04-26 14:11:32,138 - arxml_tool - INFO - Successfully loaded ARXML file
2025-04-26 14:11:32,144 - arxml_tool - INFO - Loading ARXML file: /tmp/tmpi1k32oro.arxml
2025-04-26 14:11:32,144 - arxml_tool - INFO - Loading ARXML file: /tmp/tmpi1k32oro.arxml
2025-04-26 14:11:32,144 - arxml_tool - INFO - Loading ARXML file: /tmp/tmpi1k32oro.arxml
2025-04-26 14:11:32,144 - arxml_tool - INFO - Loading ARXML file: /tmp/tmpi1k32oro.arxml
2025-04-26 14:11:32,144 - arxml_tool - INFO - Loading ARXML file: /tmp/tmpi1k32oro.arxml
2025-04-26 14:11:32,144 - arxml_tool - INFO - Loading ARXML file: /tmp/tmpi1k32oro.arxml
2025-04-26 14:11:32,146 - arxml_tool - ERROR - Error parsing ARXML file: 
2025-04-26 14:11:32,146 - arxml_tool - ERROR - Error parsing ARXML file: 
2025-04-26 14:11:32,146 - arxml_tool - ERROR - Error parsing ARXML file: 
2025-04-26 14:11:32,146 - arxml_tool - ERROR - Error parsing ARXML file: 
2025-04-26 14:11:32,146 - arxml_tool - ERROR - Error parsing ARXML file: 
2025-04-26 14:11:32,146 - arxml_tool - ERROR - Error parsing ARXML file: 
2025-04-26 14:11:32,149 - arxml_tool - INFO - Loading ARXML file: /home/adarsh/autosar_arxml-parser_editor/tests/../examples/sample.arxml
2025-04-26 14:11:32,149 - arxml_tool - INFO - Loading ARXML file: /home/adarsh/autosar_arxml-parser_editor/tests/../examples/sample.arxml
2025-04-26 14:11:32,149 - arxml_tool - INFO - Loading ARXML file: /home/adarsh/autosar_arxml-parser_editor/tests/../examples/sample.arxml
2025-04-26 14:11:32,149 - arxml_tool - INFO - Loading ARXML file: /home/adarsh/autosar_arxml-parser_editor/tests/../examples/sample.arxml
2025-04-26 14:11:32,149 - arxml_tool - INFO - Loading ARXML file: /home/adarsh/autosar_arxml-parser_editor/tests/../examples/sample.arxml
2025-04-26 14:11:32,149 - arxml_tool - INFO - Loading ARXML file: /home/adarsh/autosar_arxml-parser_editor/tests/../examples/sample.arxml
2025-04-26 14:11:32,371 - arxml_tool - WARNING - Failed to download schema: HTTP 404
2025-04-26 14:11:32,371 - arxml_tool - WARNING - Failed to download schema: HTTP 404
2025-04-26 14:11:32,371 - arxml_tool - WARNING - Failed to download schema: HTTP 404
2025-04-26 14:11:32,371 - arxml_tool - WARNING - Failed to download schema: HTTP 404
2025-04-26 14:11:32,371 - arxml_tool - WARNING - Failed to download schema: HTTP 404
2025-04-26 14:11:32,371 - arxml_tool - WARNING - Failed to download schema: HTTP 404
2025-04-26 14:11:32,376 - arxml_tool - WARNING - Could not load schema, skipping validation
2025-04-26 14:11:32,376 - arxml_tool - WARNING - Could not load schema, skipping validation
2025-04-26 14:11:32,376 - arxml_tool - WARNING - Could not load schema, skipping validation
2025-04-26 14:11:32,376 - arxml_tool - WARNING - Could not load schema, skipping validation
2025-04-26 14:11:32,376 - arxml_tool - WARNING - Could not load schema, skipping validation
2025-04-26 14:11:32,376 - arxml_tool - WARNING - Could not load schema, skipping validation
2025-04-26 14:11:32,382 - arxml_tool - INFO - Successfully loaded ARXML file
2025-04-26 14:11:32,382 - arxml_tool - INFO - Successfully loaded ARXML file
2025-04-26 14:11:32,382 - arxml_tool - INFO - Successfully loaded ARXML file
2025-04-26 14:11:32,382 - arxml_tool - INFO - Successfully loaded ARXML file
2025-04-26 14:11:32,382 - arxml_tool - INFO - Successfully loaded ARXML file
2025-04-26 14:11:32,382 - arxml_tool - INFO - Successfully loaded ARXML file
